2026-01-16 21:29:10,865 - task-CVE-2022-41672-8373870784 - INFO - Running multi-agent for CVE-2022-41672 in container multi_agent_eval_cve-2022-41672_tmp_92bb8377
2026-01-16 21:29:10,939 - src.tools.registry - DEBUG - Registered tool: ReadFile
2026-01-16 21:29:10,939 - src.tools.registry - DEBUG - Registered tool: FindClass
2026-01-16 21:29:10,939 - src.tools.registry - DEBUG - Registered tool: EditCode
2026-01-16 21:29:10,939 - src.tools.registry - DEBUG - Registered tool: RunTest
2026-01-16 21:29:10,939 - src.tools.registry - DEBUG - Registered tool: SymbolVerify
2026-01-16 21:29:10,939 - src.tools.registry - DEBUG - Registered tool: AskAgent
2026-01-16 21:29:10,939 - src.tools.registry - DEBUG - Registered 6 default tools
2026-01-16 21:29:10,940 - src.agents.base - INFO - CoordinatorAgent - LLM call prompt (4002 chars):
## Your Mission

Fix the security vulnerability in this codebase.

## Vulnerability Details

**CVE:** CVE-2022-41672
**CWE:** ['CWE-285', 'CWE-250', 'CWE-269']
**Affected File:** airflow/www/app.py
**Vulnerable Locations:**
Not provided.

### Description
No description provided. You'll need to investigate.

### Vulnerable Code Snippet (may be stale vs line numbers)
```python
def create_app(config=None, testing=False):
    """Create a new instance of Airflow WWW app"""
    flask_app = Flask(__name__)
    flask_app.secret_key = conf.get('webserver', 'SECRET_KEY')

    flask_app.config['PERMANENT_SESSION_LIFETIME'] = timedelta(minutes=settings.get_session_lifetime_config())
    flask_app.config.from_pyfile(settings.WEBSERVER_CONFIG, silent=True)
    flask_app.config['APP_NAME'] = conf.get(section="webserver", key="instance_name", fallback="Airflow")
    flask_app.config['TESTING'] = testing
    flask_app.config['SQLALCHEMY_DATABASE_URI'] = conf.get('database', 'SQL_ALCHEMY_CONN')

    url = make_url(flask_app.config['SQLALCHEMY_DATABASE_URI'])
    if url.drivername == 'sqlite' and url.database and not url.database.startswith('/'):
        raise AirflowConfigException(
            f'Cannot use relative path: `{conf.get("database", "SQL_ALCHEMY_CONN")}` to connect to sqlite. '
            'Please use absolute path such as `sqlite:////tmp/airflow.db`.'
        )

    flask_app.config['SQLALCHEMY_TRACK_MODIFICATIONS'] = False

    flask_app.config['SESSION_COOKIE_HTTPONLY'] = True
    flask_app.config['SESSION_COOKIE_SECURE'] = conf.getboolean('webserver', 'COOKIE_SECURE')

    cookie_samesite_config = conf.get('webserver', 'COOKIE_SAMESITE')
    if cookie_samesite_config == "":
        warnings.warn(
            "Old deprecated value found for `cookie_samesite` option in `[webserver]` section. "
            "Using `Lax` instead. Change the value to `Lax` in airflow.cfg to remove this warning.",
            RemovedInAirflow3Warning,
        )
        cookie_samesite_config = "Lax"
    flask_app.config['SESSION_COOKIE_SAMESITE'] = cookie_samesite_config

    if config:
        flask_app.config.from_mapping(config)

    if 'SQLALCHEMY_ENGINE_OPTIONS' not in flask_app.config:
        flask_app.config['SQLALCHEMY_ENGINE_OPTIONS'] = settings.prepare_engine_args()

    # Configure the JSON encoder used by `|tojson` filter from Flask
    flask_app.json_provider_class = AirflowJsonProvider
    flask_app.json = AirflowJsonProvider(flask_app)

    csrf.init_app(flask_app)

    init_wsgi_middleware(flask_app)

    db = SQLA()
    db.session = settings.Session
    db.init_app(flask_app)

    init_dagbag(flask_app)

    init_api_experimental_auth(flask_app)

    init_robots(flask_app)

    cache_config = {'CACHE_TYPE': 'flask_caching.backends.filesystem', 'CACHE_DIR': gettempdir()}
    Cache(app=flask_app, config=cache_config)

    init_flash_views(flask_app)

    configure_logging()
    configure_manifest_files(flask_app)

    import_all_models()

    with flask_app.app_context():
        init_appbuilder(flask_app)

        init_appbuilder_views(flask_app)
        init_appbuilder_links(flask_app)
        init_plugins(flask_app)
        init_connection_form()
        init_error_handlers(flask_app)
        init_api_connexion(flask_app)
        init_api_experimental(flask_app)

        sync_appbuilder_roles(flask_app)

        init_jinja_globals(flask_app)
        init_xframe_protection(flask_app)
        init_airflow_session_interface(flask_app)
    return flask_app
```

## Get Started

1. First, ask ContextKnowledgeAgent to analyze the vulnerable files/locations and explain the security issue
2. Based on their analysis, formulate YOUR fix strategy
3. Ask PatchAgent to implement your fix
4. Ask VerificationAgent to run tests
5. Iterate if needed

You must account for **all** listed vulnerable locations (multiple hunks/files may be affected).

Remember: YOU are the strategist. You decide what to do. Specialists help you research and execute.

Begin!

2026-01-16 21:29:10,959 - src.agents.base - DEBUG - CoordinatorAgent starting agent run (max_turns=1000000)
2026-01-16 21:29:10,959 - src.agents.base - DEBUG - CoordinatorAgent - System prompt (3914 chars):
You are a Security Patch Coordinator. You lead a team of specialists to fix security vulnerabilities.

## Role

You are both the **strategist** and **orchestrator**. You:
1. Analyze vulnerabilities and formulate fix strategies
2. Delegate research and implementation to specialists
3. Learn from failures and iterate until successful

## Specialists

Use the **AskAgent** tool to consult specialists:

### ContextKnowledgeAgent (Research)
Ask them to:
- Read and analyze code files
- Explain code patterns and security flows
- Provide CWE/CVE remediation guidance
- Investigate test files and expected behaviors

Example: "Read h11/_readers.py and explain how ChunkedReader handles line terminators"

### PatchAgent (Implementation)
Ask them to:
- Apply specific code changes you've designed
- They have EditCode tool access

Example: "In _readers.py, modify the __call__ method to reject bare \n line terminators"

### VerificationAgent (Testing)
Ask them to:
- Run PoC (proof of concept) tests to verify the vulnerability is fixed
- Run regression tests to ensure nothing broke

Example: "Run the PoC and regression tests to verify the patch"

## Tools

You also have direct access to:
- **ReadFile**: Quick file reads (for simple checks)
- **EditCode**: Apply changes directly (if you're confident)
- **RunTest**: Run tests directly

## Strategy

When planning a fix, consider:

1. **Minimal change** - Smallest diff that fixes the vulnerability
2. **Preserve behavior** - Don't break existing functionality
3. **Match conventions** - Follow the repo's existing patterns
4. **Security completeness** - Block all attack vectors, not just the PoC

## Workflow

### Phase 1: Understand
- Ask ContextKnowledgeAgent to analyze the vulnerable code
- Understand what the code does and why it's vulnerable
- Look at related tests to understand expected behavior

### Phase 2: Strategize (YOU DO THIS - no Planner needed)
- Formulate 1-2 fix approaches
- Consider trade-offs
- Choose the best approach
- Be specific about what needs to change

### Phase 3: Implement
- Ask PatchAgent to apply your chosen fix
- Be specific: which file, which function, what change

### Phase 4: Verify
- Ask VerificationAgent to run tests
- If tests fail, analyze why and iterate

### Phase 5: Iterate (if needed)
- If the fix didn't work, DON'T just retry the same thing
- Ask ContextKnowledgeAgent for more context
- Revise your strategy based on what you learned
- Try a different approach

## Communication

Have **natural conversations** with your specialists:

GOOD: "I see the vulnerability is in extract(). Can you show me how 'name' flows through the function?"
BAD: "Analyze constraint_sheet and produce knowledge_packet"

GOOD: "The last patch failed because we didn't handle absolute paths. Let's add that check."
BAD: "Generate strategy for iteration 2"

## Output Format

When you've successfully fixed the vulnerability (tests pass):
```json
{
  "status": "success",
  "vulnerability": "Brief description of what was wrong",
  "fix": "Brief description of the fix applied",
  "iterations": <number>
}
```

If you've exhausted attempts without success:
```json
{
  "status": "failed",
  "vulnerability": "What we understood about the issue",
  "attempts": ["Attempt 1: tried X, failed because Y", "Attempt 2: ..."],
  "blocker": "Why we couldn't fix it"
}
```

## Rules

1. **YOU are the strategist** - Feel free to consult with specialists but you must make the final decisions
2. **Specialists execute** - ContextAgent researches, PatchAgent implements, VerificationAgent tests
3. **Learn from failures** - Each iteration should try something DIFFERENT
4. **Be specific** - Vague instructions lead to vague results
5. **Stay focused** - Only modify the vulnerable file(s), not the whole codebase
6. **Workflow** - Follow the Understand -> Strategize -> Implement -> Verify -> Iterate process for the first patch at least

2026-01-16 21:29:13,103 - src.agents.base - INFO - CoordinatorAgent executing tool: AskAgent
2026-01-16 21:29:13,106 - src.agents.base - INFO - Tool arguments:
{
  "agent_name": "ContextKnowledgeAgent",
  "message": "Please analyze airflow/www/app.py, focusing on the create_app function and any related authentication, authorization, or privilege escalation risks. Explain what security issue might be present that relates to CWE-285 (Improper Authorization), CWE-250 (Execution with Unnecessary Privileges), or CWE-269 (Improper Privilege Management). Also, check for any missing or misconfigured access controls in the app initialization process."
}
2026-01-16 21:29:13,106 - src.agents.base - INFO - ContextKnowledgeAgent - LLM call prompt (4406 chars):
## Message
Please analyze airflow/www/app.py, focusing on the create_app function and any related authentication, authorization, or privilege escalation risks. Explain what security issue might be present that relates to CWE-285 (Improper Authorization), CWE-250 (Execution with Unnecessary Privileges), or CWE-269 (Improper Privilege Management). Also, check for any missing or misconfigured access controls in the app initialization process.

## Context
```json
{
  "sample_id": "CVE-2022-41672",
  "file_path": "airflow/www/app.py",
  "vulnerable_code": "def create_app(config=None, testing=False):\n    \"\"\"Create a new instance of Airflow WWW app\"\"\"\n    flask_app = Flask(__name__)\n    flask_app.secret_key = conf.get('webserver', 'SECRET_KEY')\n\n    flask_app.config['PERMANENT_SESSION_LIFETIME'] = timedelta(minutes=settings.get_session_lifetime_config())\n    flask_app.config.from_pyfile(settings.WEBSERVER_CONFIG, silent=True)\n    flask_app.config['APP_NAME'] = conf.get(section=\"webserver\", key=\"instance_name\", fallback=\"Airflow\")\n    flask_app.config['TESTING'] = testing\n    flask_app.config['SQLALCHEMY_DATABASE_URI'] = conf.get('database', 'SQL_ALCHEMY_CONN')\n\n    url = make_url(flask_app.config['SQLALCHEMY_DATABASE_URI'])\n    if url.drivername == 'sqlite' and url.database and not url.database.startswith('/'):\n        raise AirflowConfigException(\n            f'Cannot use relative path: `{conf.get(\"database\", \"SQL_ALCHEMY_CONN\")}` to connect to sqlite. '\n            'Please use absolute path such as `sqlite:////tmp/airflow.db`.'\n        )\n\n    flask_app.config['SQLALCHEMY_TRACK_MODIFICATIONS'] = False\n\n    flask_app.config['SESSION_COOKIE_HTTPONLY'] = True\n    flask_app.config['SESSION_COOKIE_SECURE'] = conf.getboolean('webserver', 'COOKIE_SECURE')\n\n    cookie_samesite_config = conf.get('webserver', 'COOKIE_SAMESITE')\n    if cookie_samesite_config == \"\":\n        warnings.warn(\n            \"Old deprecated value found for `cookie_samesite` option in `[webserver]` section. \"\n            \"Using `Lax` instead. Change the value to `Lax` in airflow.cfg to remove this warning.\",\n            RemovedInAirflow3Warning,\n        )\n        cookie_samesite_config = \"Lax\"\n    flask_app.config['SESSION_COOKIE_SAMESITE'] = cookie_samesite_config\n\n    if config:\n        flask_app.config.from_mapping(config)\n\n    if 'SQLALCHEMY_ENGINE_OPTIONS' not in flask_app.config:\n        flask_app.config['SQLALCHEMY_ENGINE_OPTIONS'] = settings.prepare_engine_args()\n\n    # Configure the JSON encoder used by `|tojson` filter from Flask\n    flask_app.json_provider_class = AirflowJsonProvider\n    flask_app.json = AirflowJsonProvider(flask_app)\n\n    csrf.init_app(flask_app)\n\n    init_wsgi_middleware(flask_app)\n\n    db = SQLA()\n    db.session = settings.Session\n    db.init_app(flask_app)\n\n    init_dagbag(flask_app)\n\n    init_api_experimental_auth(flask_app)\n\n    init_robots(flask_app)\n\n    cache_config = {'CACHE_TYPE': 'flask_caching.backends.filesystem', 'CACHE_DIR': gettempdir()}\n    Cache(app=flask_app, config=cache_config)\n\n    init_flash_views(flask_app)\n\n    configure_logging()\n    configure_manifest_files(flask_app)\n\n    import_all_models()\n\n    with flask_app.app_context():\n        init_appbuilder(flask_app)\n\n        init_appbuilder_views(flask_app)\n        init_appbuilder_links(flask_app)\n        init_plugins(flask_app)\n        init_connection_form()\n        init_error_handlers(flask_app)\n        init_api_connexion(flask_app)\n        init_api_experimental(flask_app)\n\n        sync_appbuilder_roles(flask_app)\n\n        init_jinja_globals(flask_app)\n        init_xframe_protection(flask_app)\n        init_airflow_session_interface(flask_app)\n    return flask_app",
  "problem_statement": "",
  "programming_language": "Python",
  "cve_id": "CVE-2022-41672",
  "cwe_id": [
    "CWE-285",
    "CWE-250",
    "CWE-269"
  ],
  "vulnerability_locations": [
    {
      "file_path": "airflow/www/app.py",
      "start_line": 72,
      "end_line": 155
    }
  ],
  "test_paths": [],
  "poc_test": null,
  "repo_url": "https://github.com/apache/airflow",
  "work_dir": "",
  "cwe_info": {},
  "patch_description": "In Apache Airflow, prior to version 2.4.1, deactivating a user wouldn't prevent an already authenticated user from being able to continue using the UI or API."
}
```
2026-01-16 21:29:13,136 - src.agents.base - DEBUG - ContextKnowledgeAgent starting agent run (max_turns=1000000)
2026-01-16 21:29:13,136 - src.agents.base - DEBUG - ContextKnowledgeAgent - System prompt (2211 chars):
You are a Repository Expert and Security Knowledge Analyst.

**IMPORTANT**: When invoked via AskAgent, focus on your task and provide a clear, actionable response.

## Role

You are the **go-to expert** for understanding this codebase in the context of the vulnerability. Your role is to:

1. **Build Deep Repository Understanding**: At initialization, thoroughly investigate the repository structure, architecture, and patterns around the vulnerable code. You should become intimately familiar with:
   - How the vulnerable code fits into the broader system
   - Dependencies, imports, and relationships with other components
   - Coding patterns, conventions, and architectural decisions used in this repository
   - Test infrastructure and validation approaches
   - Build system and deployment considerations

2. **Provide Contextual Constraints**: Create a detailed Constraint Sheet that captures:
   - What can and cannot be modified
   - Dependencies that must be preserved
   - API contracts and interfaces that must be maintained
   - Side effects to be aware of
   - Edge cases specific to this repository
   - Remediation strategies appropriate for this codebase architecture
   - Potential pitfalls based on repository patterns

4. **Synthesize Failure Insights**: If prior patch attempts failed, analyze the feedback and provide concrete guidance to avoid repeating mistakes.

**Think of yourself as the repository specialist** who has spent time understanding the codebase deeply. Other agents will rely on your expertise to make informed decisions about how to safely patch the vulnerability without breaking the system.

## Tools
- ReadFile: Read file contents
- FindClass: Find definitions and usages of symbols
- SymbolVerify: Verify symbol definitions and imports

## Output Format
Return a single JSON object:

```json
{
  "constraint_sheet": { ... },
  "knowledge_packet": { ... },
  "failure_insights": {
    "issues": ["summary of observed problems or risks"],
    "suspected_cause": "likely root cause of previous failure (if any)",
    "suggestions": ["concrete guidance to fix or avoid failures"]
  }
}
```

If no prior feedback is provided, set "failure_insights" to an empty object.

2026-01-16 21:29:15,047 - src.agents.base - INFO - ContextKnowledgeAgent executing tool: FindClass
2026-01-16 21:29:15,048 - src.agents.base - INFO - Tool arguments:
{
  "symbol_name": "create_app",
  "search_type": "all",
  "file_pattern": "airflow/www/app.py"
}
2026-01-16 21:29:15,757 - src.agents.base - INFO - Tool FindClass: ✓
2026-01-16 21:29:15,758 - src.agents.base - INFO - ContextKnowledgeAgent executing tool: FindClass
2026-01-16 21:29:15,758 - src.agents.base - INFO - Tool arguments:
{
  "symbol_name": "init_appbuilder",
  "search_type": "all",
  "file_pattern": "*.py"
}
2026-01-16 21:29:16,765 - src.agents.base - INFO - Tool FindClass: ✓
2026-01-16 21:29:16,766 - src.agents.base - INFO - ContextKnowledgeAgent executing tool: FindClass
2026-01-16 21:29:16,766 - src.agents.base - INFO - Tool arguments:
{
  "symbol_name": "init_api_experimental_auth",
  "search_type": "all",
  "file_pattern": "*.py"
}
2026-01-16 21:29:17,474 - src.agents.base - INFO - Tool FindClass: ✓
2026-01-16 21:29:17,474 - src.agents.base - INFO - ContextKnowledgeAgent executing tool: FindClass
2026-01-16 21:29:17,474 - src.agents.base - INFO - Tool arguments:
{
  "symbol_name": "sync_appbuilder_roles",
  "search_type": "all",
  "file_pattern": "*.py"
}
2026-01-16 21:29:18,214 - src.agents.base - INFO - Tool FindClass: ✓
2026-01-16 21:29:18,215 - src.agents.base - INFO - ContextKnowledgeAgent executing tool: FindClass
2026-01-16 21:29:18,215 - src.agents.base - INFO - Tool arguments:
{
  "symbol_name": "init_airflow_session_interface",
  "search_type": "all",
  "file_pattern": "*.py"
}
2026-01-16 21:29:18,944 - src.agents.base - INFO - Tool FindClass: ✓
2026-01-16 21:29:21,189 - src.agents.base - INFO - ContextKnowledgeAgent executing tool: ReadFile
2026-01-16 21:29:21,189 - src.agents.base - INFO - Tool arguments:
{
  "file_path": "airflow/www/app.py",
  "start_line": 1,
  "end_line": 80
}
2026-01-16 21:29:21,334 - src.agents.base - INFO - Tool ReadFile: ✓
2026-01-16 21:29:21,335 - src.agents.base - INFO - ContextKnowledgeAgent executing tool: ReadFile
2026-01-16 21:29:21,335 - src.agents.base - INFO - Tool arguments:
{
  "file_path": "airflow/www/extensions/init_appbuilder.py",
  "start_line": 600,
  "end_line": 650
}
2026-01-16 21:29:21,438 - src.agents.base - INFO - Tool ReadFile: ✓
2026-01-16 21:29:21,439 - src.agents.base - INFO - ContextKnowledgeAgent executing tool: ReadFile
2026-01-16 21:29:21,439 - src.agents.base - INFO - Tool arguments:
{
  "file_path": "airflow/www/extensions/init_security.py",
  "start_line": 40,
  "end_line": 80
}
2026-01-16 21:29:21,545 - src.agents.base - INFO - Tool ReadFile: ✓
2026-01-16 21:29:21,546 - src.agents.base - INFO - ContextKnowledgeAgent executing tool: ReadFile
2026-01-16 21:29:21,546 - src.agents.base - INFO - Tool arguments:
{
  "file_path": "airflow/www/extensions/init_session.py",
  "start_line": 20,
  "end_line": 60
}
2026-01-16 21:29:21,645 - src.agents.base - INFO - Tool ReadFile: ✓
2026-01-16 21:29:22,726 - src.agents.base - INFO - ContextKnowledgeAgent executing tool: ReadFile
2026-01-16 21:29:22,726 - src.agents.base - INFO - Tool arguments:
{
  "file_path": "airflow/www/app.py",
  "start_line": 81,
  "end_line": 160
}
2026-01-16 21:29:22,869 - src.agents.base - INFO - Tool ReadFile: ✓
2026-01-16 21:29:23,955 - src.agents.base - INFO - ContextKnowledgeAgent executing tool: ReadFile
2026-01-16 21:29:23,955 - src.agents.base - INFO - Tool arguments:
{
  "file_path": "airflow/www/security.py",
  "start_line": 1,
  "end_line": 60
}
2026-01-16 21:29:24,106 - src.agents.base - INFO - Tool ReadFile: ✓
2026-01-16 21:29:25,081 - src.agents.base - INFO - ContextKnowledgeAgent executing tool: ReadFile
2026-01-16 21:29:25,082 - src.agents.base - INFO - Tool arguments:
{
  "file_path": "airflow/www/fab_security/sqla/manager.py",
  "start_line": 1,
  "end_line": 60
}
2026-01-16 21:29:25,235 - src.agents.base - INFO - Tool ReadFile: ✓
2026-01-16 21:29:26,207 - src.agents.base - INFO - ContextKnowledgeAgent executing tool: ReadFile
2026-01-16 21:29:26,208 - src.agents.base - INFO - Tool arguments:
{
  "file_path": "airflow/www/fab_security/sqla/models.py",
  "start_line": 1,
  "end_line": 60
}
2026-01-16 21:29:26,350 - src.agents.base - INFO - Tool ReadFile: ✓
2026-01-16 21:29:28,768 - src.agents.base - INFO - ContextKnowledgeAgent executing tool: ReadFile
2026-01-16 21:29:28,768 - src.agents.base - INFO - Tool arguments:
{
  "file_path": "airflow/www/fab_security/sqla/models.py",
  "start_line": 61,
  "end_line": 120
}
2026-01-16 21:29:28,914 - src.agents.base - INFO - Tool ReadFile: ✓
2026-01-16 21:29:29,890 - src.agents.base - INFO - ContextKnowledgeAgent executing tool: ReadFile
2026-01-16 21:29:29,890 - src.agents.base - INFO - Tool arguments:
{
  "file_path": "airflow/www/fab_security/sqla/models.py",
  "start_line": 121,
  "end_line": 180
}
2026-01-16 21:29:30,038 - src.agents.base - INFO - Tool ReadFile: ✓
2026-01-16 21:29:31,017 - src.agents.base - INFO - ContextKnowledgeAgent executing tool: ReadFile
2026-01-16 21:29:31,018 - src.agents.base - INFO - Tool arguments:
{
  "file_path": "airflow/www/fab_security/sqla/models.py",
  "start_line": 180,
  "end_line": 240
}
2026-01-16 21:29:31,141 - src.agents.base - INFO - Tool ReadFile: ✓
2026-01-16 21:29:33,109 - src.agents.base - INFO - ContextKnowledgeAgent executing tool: ReadFile
2026-01-16 21:29:33,109 - src.agents.base - INFO - Tool arguments:
{
  "file_path": "airflow/www/fab_security/manager.py",
  "start_line": 1,
  "end_line": 60
}
2026-01-16 21:29:33,260 - src.agents.base - INFO - Tool ReadFile: ✓
2026-01-16 21:29:34,401 - src.agents.base - INFO - ContextKnowledgeAgent executing tool: ReadFile
2026-01-16 21:29:34,402 - src.agents.base - INFO - Tool arguments:
{
  "file_path": "airflow/www/security.py",
  "start_line": 61,
  "end_line": 120
}
2026-01-16 21:29:34,555 - src.agents.base - INFO - Tool ReadFile: ✓
2026-01-16 21:29:35,527 - src.agents.base - INFO - ContextKnowledgeAgent executing tool: ReadFile
2026-01-16 21:29:35,527 - src.agents.base - INFO - Tool arguments:
{
  "file_path": "airflow/www/security.py",
  "start_line": 120,
  "end_line": 180
}
2026-01-16 21:29:35,686 - src.agents.base - INFO - Tool ReadFile: ✓
2026-01-16 21:29:37,577 - src.agents.base - INFO - ContextKnowledgeAgent executing tool: ReadFile
2026-01-16 21:29:37,578 - src.agents.base - INFO - Tool arguments:
{
  "file_path": "airflow/www/fab_security/sqla/manager.py",
  "start_line": 61,
  "end_line": 120
}
2026-01-16 21:29:37,727 - src.agents.base - INFO - Tool ReadFile: ✓
2026-01-16 21:29:38,701 - src.agents.base - INFO - ContextKnowledgeAgent executing tool: ReadFile
2026-01-16 21:29:38,702 - src.agents.base - INFO - Tool arguments:
{
  "file_path": "airflow/www/fab_security/sqla/manager.py",
  "start_line": 240,
  "end_line": 300
}
2026-01-16 21:29:38,855 - src.agents.base - INFO - Tool ReadFile: ✓
2026-01-16 21:29:41,982 - src.agents.base - INFO - ContextKnowledgeAgent executing tool: ReadFile
2026-01-16 21:29:41,983 - src.agents.base - INFO - Tool arguments:
{
  "file_path": "airflow/www/fab_security/sqla/manager.py",
  "start_line": 300,
  "end_line": 360
}
2026-01-16 21:29:42,132 - src.agents.base - INFO - Tool ReadFile: ✓
2026-01-16 21:29:43,721 - src.agents.base - INFO - ContextKnowledgeAgent executing tool: ReadFile
2026-01-16 21:29:43,721 - src.agents.base - INFO - Tool arguments:
{
  "file_path": "airflow/www/fab_security/sqla/manager.py",
  "start_line": 900,
  "end_line": 960
}
2026-01-16 21:29:43,864 - src.agents.base - INFO - Tool ReadFile: ✓
2026-01-16 21:29:57,343 - src.agents.base - INFO - ContextKnowledgeAgent - LLM response (3627 chars):
```json
{
  "constraint_sheet": {
    "modifiable_components": [
      "Flask app initialization logic in airflow/www/app.py",
      "Session and authentication/authorization hooks",
      "SecurityManager and related user/role/permission checks"
    ],
    "non_modifiable_components": [
      "Core SQLAlchemy models unless absolutely necessary",
      "External authentication backends (should be extended, not modified directly)",
      "API contracts for existing endpoints"
    ],
    "dependencies_to_preserve": [
      "Flask AppBuilder integration",
      "Session management (database or securecookie)",
      "Role/permission model and relationships"
    ],
    "api_contracts": [
      "User authentication and session management must not break existing login/logout flows",
      "API and UI endpoints must continue to enforce role-based access control"
    ],
    "side_effects_to_watch": [
      "Session persistence after user deactivation",
      "Cached permissions or roles in user sessions",
      "Impact on plugins or custom security managers"
    ],
    "edge_cases": [
      "Users deactivated while having an active session",
      "Role/permission changes while users are logged in",
      "Multiple authentication backends in use"
    ],
    "remediation_strategies": [
      "Ensure user 'active' status is checked on every request, not just at login",
      "Invalidate or re-check sessions for deactivated users",
      "Add hooks or middleware to enforce privilege checks post-authentication"
    ],
    "potential_pitfalls": [
      "Relying solely on session data for user status/roles",
      "Not updating session or cache when user/role/permission changes",
      "Missing checks in custom or experimental API endpoints"
    ]
  },
  "knowledge_packet": {
    "app_init_flow": "The create_app function in airflow/www/app.py sets up the Flask app, configures session and security, and initializes Flask AppBuilder (FAB) for RBAC. It loads authentication backends, sets up session interfaces, and registers all views and plugins. The AirflowSecurityManager (extending FAB's SecurityManager) is responsible for enforcing permissions and roles.",
    "authz_and_privilege_management": "User roles and permissions are managed via the AirflowSecurityManager and SQLAlchemy models. The User model has an 'active' field, but the default is_authenticated property always returns True, and is_active simply returns the 'active' field. If the session is not re-validated on each request, a deactivated user may retain access until logout or session expiry.",
    "session_management": "Session backend can be 'securecookie' or 'database'. Session lifetime and security settings are configurable. However, session invalidation on user deactivation is not enforced by default.",
    "CWE relevance": {
      "CWE-285": "Improper Authorization: If user 'active' status is not checked on every request, deactivated users may retain access.",
      "CWE-250": "Execution with Unnecessary Privileges: If session or role changes are not enforced immediately, users may retain privileges they should not have.",
      "CWE-269": "Improper Privilege Management: If user/role/permission changes are not reflected in active sessions, privilege escalation or persistence is possible."
    },
    "missing/misconfigured access controls": "The app initialization does not enforce re-checking user 'active' status or permissions on every request. This allows already-authenticated (but now deactivated) users to continue using the UI/API, matching the CVE-2022-41672 description."
  },
  "failure_insights": {}
}
```

2026-01-16 21:29:57,345 - src.agents.base - INFO - Tool AskAgent: ✓
2026-01-16 21:30:06,563 - src.agents.base - INFO - CoordinatorAgent executing tool: AskAgent
2026-01-16 21:30:06,564 - src.agents.base - INFO - Tool arguments:
{
  "agent_name": "PatchAgent",
  "message": "In airflow/www/app.py, add a Flask before_request handler (or use AppBuilder's equivalent) that, on every request, checks if the current user is authenticated and active. If the user is authenticated but not active (i.e., user.active == False), log them out and redirect to the login page. Ensure this works for both UI and API requests. Place this logic after Flask AppBuilder is initialized, so current_user is available."
}
2026-01-16 21:30:06,564 - src.agents.base - INFO - PatchAgent - LLM call prompt (4125 chars):
## Message
In airflow/www/app.py, add a Flask before_request handler (or use AppBuilder's equivalent) that, on every request, checks if the current user is authenticated and active. If the user is authenticated but not active (i.e., user.active == False), log them out and redirect to the login page. Ensure this works for both UI and API requests. Place this logic after Flask AppBuilder is initialized, so current_user is available.

## Context
```json
{
  "sample_id": "CVE-2022-41672",
  "file_path": "airflow/www/app.py",
  "vulnerable_code": "def create_app(config=None, testing=False):\n    \"\"\"Create a new instance of Airflow WWW app\"\"\"\n    flask_app = Flask(__name__)\n    flask_app.secret_key = conf.get('webserver', 'SECRET_KEY')\n\n    flask_app.config['PERMANENT_SESSION_LIFETIME'] = timedelta(minutes=settings.get_session_lifetime_config())\n    flask_app.config.from_pyfile(settings.WEBSERVER_CONFIG, silent=True)\n    flask_app.config['APP_NAME'] = conf.get(section=\"webserver\", key=\"instance_name\", fallback=\"Airflow\")\n    flask_app.config['TESTING'] = testing\n    flask_app.config['SQLALCHEMY_DATABASE_URI'] = conf.get('database', 'SQL_ALCHEMY_CONN')\n\n    url = make_url(flask_app.config['SQLALCHEMY_DATABASE_URI'])\n    if url.drivername == 'sqlite' and url.database and not url.database.startswith('/'):\n        raise AirflowConfigException(\n            f'Cannot use relative path: `{conf.get(\"database\", \"SQL_ALCHEMY_CONN\")}` to connect to sqlite. '\n            'Please use absolute path such as `sqlite:////tmp/airflow.db`.'\n        )\n\n    flask_app.config['SQLALCHEMY_TRACK_MODIFICATIONS'] = False\n\n    flask_app.config['SESSION_COOKIE_HTTPONLY'] = True\n    flask_app.config['SESSION_COOKIE_SECURE'] = conf.getboolean('webserver', 'COOKIE_SECURE')\n\n    cookie_samesite_config = conf.get('webserver', 'COOKIE_SAMESITE')\n    if cookie_samesite_config == \"\":\n        warnings.warn(\n            \"Old deprecated value found for `cookie_samesite` option in `[webserver]` section. \"\n            \"Using `Lax` instead. Change the value to `Lax` in airflow.cfg to remove this warning.\",\n            RemovedInAirflow3Warning,\n        )\n        cookie_samesite_config = \"Lax\"\n    flask_app.config['SESSION_COOKIE_SAMESITE'] = cookie_samesite_config\n\n    if config:\n        flask_app.config.from_mapping(config)\n\n    if 'SQLALCHEMY_ENGINE_OPTIONS' not in flask_app.config:\n        flask_app.config['SQLALCHEMY_ENGINE_OPTIONS'] = settings.prepare_engine_args()\n\n    # Configure the JSON encoder used by `|tojson` filter from Flask\n    flask_app.json_provider_class = AirflowJsonProvider\n    flask_app.json = AirflowJsonProvider(flask_app)\n\n    csrf.init_app(flask_app)\n\n    init_wsgi_middleware(flask_app)\n\n    db = SQLA()\n    db.session = settings.Session\n    db.init_app(flask_app)\n\n    init_dagbag(flask_app)\n\n    init_api_experimental_auth(flask_app)\n\n    init_robots(flask_app)\n\n    cache_config = {'CACHE_TYPE': 'flask_caching.backends.filesystem', 'CACHE_DIR': gettempdir()}\n    Cache(app=flask_app, config=cache_config)\n\n    init_flash_views(flask_app)\n\n    configure_logging()\n    configure_manifest_files(flask_app)\n\n    import_all_models()\n\n    with flask_app.app_context():\n        init_appbuilder(flask_app)\n\n        init_appbuilder_views(flask_app)\n        init_appbuilder_links(flask_app)\n        init_plugins(flask_app)\n        init_connection_form()\n        init_error_handlers(flask_app)\n        init_api_connexion(flask_app)\n        init_api_experimental(flask_app)\n\n        sync_appbuilder_roles(flask_app)\n\n        init_jinja_globals(flask_app)\n        init_xframe_protection(flask_app)\n        init_airflow_session_interface(flask_app)\n    return flask_app",
  "problem_statement": "",
  "programming_language": "Python",
  "cve_id": "CVE-2022-41672",
  "cwe_id": [
    "CWE-285",
    "CWE-250",
    "CWE-269"
  ],
  "vulnerability_locations": [
    {
      "file_path": "airflow/www/app.py",
      "start_line": 72,
      "end_line": 155
    }
  ],
  "test_paths": [],
  "poc_test": null
}
```
2026-01-16 21:30:06,597 - src.agents.base - DEBUG - PatchAgent starting agent run (max_turns=1000000)
2026-01-16 21:30:06,597 - src.agents.base - DEBUG - PatchAgent - System prompt (1430 chars):
You are a Security Patch Developer responsible for implementing vulnerability fixes.

**IMPORTANT**: When invoked via AskAgent, focus on your task and provide clear, concise feedback about the implementation.

## Role
You receive high-level guidance describing WHAT to fix, not HOW. You must implement the fix with correct, complete code.

## Rules

1. **ONLY edit the vulnerable file(s)**: You may ONLY modify files explicitly listed in the vulnerability location. Do NOT edit any other files.
2. **Complete Code Only**: Every variable, function, regex pattern, or constant you reference MUST be defined
3. **No Placeholders**: Never use placeholder names like `enhanced_pattern`, `new_validator`, `helper_function` without implementing them
4. **No Undefined References**: If you add `foo(x)`, the function `foo` must exist or you must define it
5. **Verify Before Edit**: After reading the file, mentally trace your new code to ensure all symbols resolve
6. **Rigor**: Be thorough, defensive and rigorous in your implementation. If you spot any issues the planner did not account for, fix them and report back in your patch summary.

## Guidelines
- Minimal changes only; preserve behavior.
- Use ReadFile before EditCode.
- Ensure every referenced symbol is defined.

## Output Format
Return a JSON summary with patch_applied and a short change description.
Be precise and careful. Incorrect patches waste verification cycles.
2026-01-16 21:30:07,476 - src.agents.base - INFO - PatchAgent executing tool: ReadFile
2026-01-16 21:30:07,477 - src.agents.base - INFO - Tool arguments:
{
  "file_path": "airflow/www/app.py",
  "start_line": 72,
  "end_line": 155
}
2026-01-16 21:30:07,633 - src.agents.base - INFO - Tool ReadFile: ✓
2026-01-16 21:30:08,502 - src.agents.base - INFO - PatchAgent executing tool: ReadFile
2026-01-16 21:30:08,502 - src.agents.base - INFO - Tool arguments:
{
  "file_path": "airflow/www/app.py",
  "start_line": 1,
  "end_line": 20
}
2026-01-16 21:30:08,639 - src.agents.base - INFO - Tool ReadFile: ✓
2026-01-16 21:30:09,519 - src.agents.base - INFO - PatchAgent executing tool: ReadFile
2026-01-16 21:30:09,519 - src.agents.base - INFO - Tool arguments:
{
  "file_path": "airflow/www/app.py",
  "start_line": 21,
  "end_line": 41
}
2026-01-16 21:30:09,668 - src.agents.base - INFO - Tool ReadFile: ✓
2026-01-16 21:30:10,548 - src.agents.base - INFO - PatchAgent executing tool: ReadFile
2026-01-16 21:30:10,548 - src.agents.base - INFO - Tool arguments:
{
  "file_path": "airflow/www/app.py",
  "start_line": 42,
  "end_line": 62
}
2026-01-16 21:30:10,710 - src.agents.base - INFO - Tool ReadFile: ✓
2026-01-16 21:30:11,778 - src.agents.base - INFO - PatchAgent executing tool: ReadFile
2026-01-16 21:30:11,778 - src.agents.base - INFO - Tool arguments:
{
  "file_path": "airflow/www/app.py",
  "start_line": 155,
  "end_line": 175
}
2026-01-16 21:30:11,925 - src.agents.base - INFO - Tool ReadFile: ✓
2026-01-16 21:30:12,700 - src.agents.base - INFO - PatchAgent executing tool: ReadFile
2026-01-16 21:30:12,700 - src.agents.base - INFO - Tool arguments:
{
  "file_path": "airflow/www/app.py",
  "start_line": 200,
  "end_line": 220
}
2026-01-16 21:30:12,868 - src.agents.base - INFO - Tool ReadFile: ✓
2026-01-16 21:30:13,727 - src.agents.base - INFO - PatchAgent executing tool: ReadFile
2026-01-16 21:30:13,728 - src.agents.base - INFO - Tool arguments:
{
  "file_path": "airflow/www/extensions/init_appbuilder.py",
  "start_line": 1,
  "end_line": 40
}
2026-01-16 21:30:13,940 - src.agents.base - INFO - Tool ReadFile: ✓
2026-01-16 21:30:14,763 - src.agents.base - INFO - PatchAgent executing tool: ReadFile
2026-01-16 21:30:14,763 - src.agents.base - INFO - Tool arguments:
{
  "file_path": "airflow/www/app.py",
  "start_line": 175,
  "end_line": 200
}
2026-01-16 21:30:14,902 - src.agents.base - INFO - Tool ReadFile: ✓
2026-01-16 21:30:15,772 - src.agents.base - INFO - PatchAgent executing tool: ReadFile
2026-01-16 21:30:15,772 - src.agents.base - INFO - Tool arguments:
{
  "file_path": "airflow/www/app.py",
  "start_line": 62,
  "end_line": 72
}
2026-01-16 21:30:15,925 - src.agents.base - INFO - Tool ReadFile: ✓
2026-01-16 21:30:16,792 - src.agents.base - INFO - PatchAgent executing tool: ReadFile
2026-01-16 21:30:16,792 - src.agents.base - INFO - Tool arguments:
{
  "file_path": "airflow/www/app.py",
  "start_line": 41,
  "end_line": 61
}
2026-01-16 21:30:16,920 - src.agents.base - INFO - Tool ReadFile: ✓
2026-01-16 21:30:17,823 - src.agents.base - INFO - PatchAgent executing tool: ReadFile
2026-01-16 21:30:17,824 - src.agents.base - INFO - Tool arguments:
{
  "file_path": "airflow/www/extensions/init_appbuilder.py",
  "start_line": 41,
  "end_line": 61
}
2026-01-16 21:30:17,971 - src.agents.base - INFO - Tool ReadFile: ✓
2026-01-16 21:30:18,848 - src.agents.base - INFO - PatchAgent executing tool: ReadFile
2026-01-16 21:30:18,849 - src.agents.base - INFO - Tool arguments:
{
  "file_path": "airflow/www/extensions/init_appbuilder.py",
  "start_line": 100,
  "end_line": 120
}
2026-01-16 21:30:18,995 - src.agents.base - INFO - Tool ReadFile: ✓
2026-01-16 21:30:19,838 - src.agents.base - INFO - PatchAgent executing tool: ReadFile
2026-01-16 21:30:19,838 - src.agents.base - INFO - Tool arguments:
{
  "file_path": "airflow/www/extensions/init_appbuilder.py",
  "start_line": 61,
  "end_line": 101
}
2026-01-16 21:30:19,983 - src.agents.base - INFO - Tool ReadFile: ✓
2026-01-16 21:30:20,890 - src.agents.base - INFO - PatchAgent executing tool: ReadFile
2026-01-16 21:30:20,890 - src.agents.base - INFO - Tool arguments:
{
  "file_path": "airflow/www/extensions/init_appbuilder.py",
  "start_line": 200,
  "end_line": 220
}
2026-01-16 21:30:21,040 - src.agents.base - INFO - Tool ReadFile: ✓
2026-01-16 21:30:22,322 - src.agents.base - INFO - PatchAgent executing tool: ReadFile
2026-01-16 21:30:22,322 - src.agents.base - INFO - Tool arguments:
{
  "file_path": "airflow/www/extensions/init_appbuilder.py",
  "start_line": 300,
  "end_line": 320
}
2026-01-16 21:30:22,479 - src.agents.base - INFO - Tool ReadFile: ✓
2026-01-16 21:30:23,553 - src.agents.base - INFO - PatchAgent executing tool: ReadFile
2026-01-16 21:30:23,553 - src.agents.base - INFO - Tool arguments:
{
  "file_path": "airflow/www/extensions/init_appbuilder.py",
  "start_line": 220,
  "end_line": 240
}
2026-01-16 21:30:23,706 - src.agents.base - INFO - Tool ReadFile: ✓
2026-01-16 21:30:24,780 - src.agents.base - INFO - PatchAgent executing tool: ReadFile
2026-01-16 21:30:24,781 - src.agents.base - INFO - Tool arguments:
{
  "file_path": "airflow/www/extensions/init_appbuilder.py",
  "start_line": 180,
  "end_line": 200
}
2026-01-16 21:30:24,926 - src.agents.base - INFO - Tool ReadFile: ✓
2026-01-16 21:30:26,622 - src.agents.base - INFO - PatchAgent executing tool: ReadFile
2026-01-16 21:30:26,623 - src.agents.base - INFO - Tool arguments:
{
  "file_path": "airflow/www/extensions/init_appbuilder.py",
  "start_line": 240,
  "end_line": 260
}
2026-01-16 21:30:26,775 - src.agents.base - INFO - Tool ReadFile: ✓
2026-01-16 21:30:27,750 - src.agents.base - INFO - PatchAgent executing tool: ReadFile
2026-01-16 21:30:27,751 - src.agents.base - INFO - Tool arguments:
{
  "file_path": "airflow/www/app.py",
  "start_line": 155,
  "end_line": 157
}
2026-01-16 21:30:27,894 - src.agents.base - INFO - Tool ReadFile: ✓
2026-01-16 21:30:28,876 - src.agents.base - INFO - PatchAgent executing tool: ReadFile
2026-01-16 21:30:28,876 - src.agents.base - INFO - Tool arguments:
{
  "file_path": "airflow/www/extensions/init_appbuilder.py",
  "start_line": 1,
  "end_line": 100
}
2026-01-16 21:30:29,024 - src.agents.base - INFO - Tool ReadFile: ✓
2026-01-16 21:30:30,002 - src.agents.base - INFO - PatchAgent executing tool: ReadFile
2026-01-16 21:30:30,002 - src.agents.base - INFO - Tool arguments:
{
  "file_path": "airflow/www/app.py",
  "start_line": 157,
  "end_line": 158
}
2026-01-16 21:30:30,137 - src.agents.base - INFO - Tool ReadFile: ✓
2026-01-16 21:30:32,463 - src.agents.base - INFO - PatchAgent executing tool: ReadFile
2026-01-16 21:30:32,463 - src.agents.base - INFO - Tool arguments:
{
  "file_path": "airflow/www/app.py",
  "start_line": 20,
  "end_line": 41
}
2026-01-16 21:30:32,614 - src.agents.base - INFO - Tool ReadFile: ✓
2026-01-16 21:30:33,595 - src.agents.base - INFO - PatchAgent executing tool: ReadFile
2026-01-16 21:30:33,596 - src.agents.base - INFO - Tool arguments:
{
  "file_path": "airflow/www/app.py",
  "start_line": 300,
  "end_line": 320
}
2026-01-16 21:30:33,745 - src.agents.base - INFO - Tool ReadFile: ✓
2026-01-16 21:30:34,713 - src.agents.base - INFO - PatchAgent executing tool: ReadFile
2026-01-16 21:30:34,714 - src.agents.base - INFO - Tool arguments:
{
  "file_path": "airflow/www/app.py",
  "start_line": 1,
  "end_line": 300
}
2026-01-16 21:30:34,858 - src.agents.base - INFO - Tool ReadFile: ✓
2026-01-16 21:30:35,842 - src.agents.base - INFO - PatchAgent executing tool: ReadFile
2026-01-16 21:30:35,843 - src.agents.base - INFO - Tool arguments:
{
  "file_path": "airflow/www/app.py",
  "start_line": 300,
  "end_line": 320
}
2026-01-16 21:30:35,986 - src.agents.base - INFO - Tool ReadFile: ✓
2026-01-16 21:30:37,686 - src.agents.base - INFO - PatchAgent executing tool: ReadFile
2026-01-16 21:30:37,686 - src.agents.base - INFO - Tool arguments:
{
  "file_path": "airflow/www/app.py",
  "start_line": 41,
  "end_line": 55
}
2026-01-16 21:30:37,818 - src.agents.base - INFO - Tool ReadFile: ✓
2026-01-16 21:30:38,914 - src.agents.base - INFO - PatchAgent executing tool: ReadFile
2026-01-16 21:30:38,914 - src.agents.base - INFO - Tool arguments:
{
  "file_path": "airflow/www/app.py",
  "start_line": 220,
  "end_line": 240
}
2026-01-16 21:30:39,060 - src.agents.base - INFO - Tool ReadFile: ✓
2026-01-16 21:30:40,244 - src.agents.base - INFO - PatchAgent executing tool: ReadFile
2026-01-16 21:30:40,244 - src.agents.base - INFO - Tool arguments:
{
  "file_path": "airflow/www/app.py",
  "start_line": 140,
  "end_line": 141
}
2026-01-16 21:30:40,392 - src.agents.base - INFO - Tool ReadFile: ✓
2026-01-16 21:30:41,576 - src.agents.base - INFO - PatchAgent executing tool: ReadFile
2026-01-16 21:30:41,577 - src.agents.base - INFO - Tool arguments:
{
  "file_path": "airflow/www/extensions/init_appbuilder.py",
  "start_line": 1,
  "end_line": 20
}
2026-01-16 21:30:41,728 - src.agents.base - INFO - Tool ReadFile: ✓
2026-01-16 21:30:42,907 - src.agents.base - INFO - PatchAgent executing tool: ReadFile
2026-01-16 21:30:42,908 - src.agents.base - INFO - Tool arguments:
{
  "file_path": "airflow/www/app.py",
  "start_line": 155,
  "end_line": 156
}
2026-01-16 21:30:43,060 - src.agents.base - INFO - Tool ReadFile: ✓
2026-01-16 21:30:50,689 - src.agents.base - INFO - PatchAgent executing tool: ReadFile
2026-01-16 21:30:50,689 - src.agents.base - INFO - Tool arguments:
{
  "file_path": "airflow/www/app.py",
  "start_line": 100,
  "end_line": 120
}
2026-01-16 21:30:50,828 - src.agents.base - INFO - Tool ReadFile: ✓
2026-01-16 21:30:52,327 - src.agents.base - INFO - PatchAgent executing tool: ReadFile
2026-01-16 21:30:52,327 - src.agents.base - INFO - Tool arguments:
{
  "file_path": "airflow/www/app.py",
  "start_line": 140,
  "end_line": 142
}
2026-01-16 21:30:52,477 - src.agents.base - INFO - Tool ReadFile: ✓
2026-01-16 21:30:53,663 - src.agents.base - INFO - PatchAgent executing tool: ReadFile
2026-01-16 21:30:53,663 - src.agents.base - INFO - Tool arguments:
{
  "file_path": "airflow/www/extensions/init_appbuilder.py",
  "start_line": 1,
  "end_line": 10
}
2026-01-16 21:30:53,810 - src.agents.base - INFO - Tool ReadFile: ✓
2026-01-16 21:30:54,989 - src.agents.base - INFO - PatchAgent executing tool: ReadFile
2026-01-16 21:30:54,989 - src.agents.base - INFO - Tool arguments:
{
  "file_path": "airflow/www/app.py",
  "start_line": 142,
  "end_line": 143
}
2026-01-16 21:30:55,135 - src.agents.base - INFO - Tool ReadFile: ✓
2026-01-16 21:30:56,423 - src.agents.base - INFO - PatchAgent executing tool: ReadFile
2026-01-16 21:30:56,424 - src.agents.base - INFO - Tool arguments:
{
  "file_path": "airflow/www/app.py",
  "start_line": 139,
  "end_line": 140
}
2026-01-16 21:30:56,575 - src.agents.base - INFO - Tool ReadFile: ✓
2026-01-16 21:30:58,647 - src.agents.base - INFO - PatchAgent executing tool: ReadFile
2026-01-16 21:30:58,648 - src.agents.base - INFO - Tool arguments:
{
  "file_path": "airflow/www/extensions/init_appbuilder.py",
  "start_line": 1,
  "end_line": 5
}
2026-01-16 21:30:58,805 - src.agents.base - INFO - Tool ReadFile: ✓
2026-01-16 21:31:00,106 - src.agents.base - INFO - PatchAgent executing tool: ReadFile
2026-01-16 21:31:00,106 - src.agents.base - INFO - Tool arguments:
{
  "file_path": "airflow/www/app.py",
  "start_line": 143,
  "end_line": 144
}
2026-01-16 21:31:00,255 - src.agents.base - INFO - Tool ReadFile: ✓
2026-01-16 21:31:01,546 - src.agents.base - INFO - PatchAgent executing tool: ReadFile
2026-01-16 21:31:01,546 - src.agents.base - INFO - Tool arguments:
{
  "file_path": "airflow/www/app.py",
  "start_line": 144,
  "end_line": 145
}
2026-01-16 21:31:01,693 - src.agents.base - INFO - Tool ReadFile: ✓
2026-01-16 21:31:02,975 - src.agents.base - INFO - PatchAgent executing tool: ReadFile
2026-01-16 21:31:02,976 - src.agents.base - INFO - Tool arguments:
{
  "file_path": "airflow/www/app.py",
  "start_line": 145,
  "end_line": 146
}
2026-01-16 21:31:03,120 - src.agents.base - INFO - Tool ReadFile: ✓
2026-01-16 21:31:04,304 - src.agents.base - INFO - PatchAgent executing tool: ReadFile
2026-01-16 21:31:04,304 - src.agents.base - INFO - Tool arguments:
{
  "file_path": "airflow/www/app.py",
  "start_line": 146,
  "end_line": 147
}
2026-01-16 21:31:04,437 - src.agents.base - INFO - Tool ReadFile: ✓
2026-01-16 21:31:05,741 - src.agents.base - INFO - PatchAgent executing tool: ReadFile
2026-01-16 21:31:05,742 - src.agents.base - INFO - Tool arguments:
{
  "file_path": "airflow/www/app.py",
  "start_line": 147,
  "end_line": 148
}
2026-01-16 21:31:05,879 - src.agents.base - INFO - Tool ReadFile: ✓
2026-01-16 21:31:07,939 - src.agents.base - INFO - PatchAgent executing tool: ReadFile
2026-01-16 21:31:07,940 - src.agents.base - INFO - Tool arguments:
{
  "file_path": "airflow/www/app.py",
  "start_line": 148,
  "end_line": 149
}
2026-01-16 21:31:08,095 - src.agents.base - INFO - Tool ReadFile: ✓
2026-01-16 21:31:09,177 - src.agents.base - INFO - PatchAgent executing tool: ReadFile
2026-01-16 21:31:09,178 - src.agents.base - INFO - Tool arguments:
{
  "file_path": "airflow/www/app.py",
  "start_line": 140,
  "end_line": 150
}
2026-01-16 21:31:09,330 - src.agents.base - INFO - Tool ReadFile: ✓
2026-01-16 21:31:10,657 - src.agents.base - INFO - PatchAgent executing tool: ReadFile
2026-01-16 21:31:10,658 - src.agents.base - INFO - Tool arguments:
{
  "file_path": "airflow/www/app.py",
  "start_line": 139,
  "end_line": 140
}
2026-01-16 21:31:10,815 - src.agents.base - INFO - Tool ReadFile: ✓
2026-01-16 21:31:12,296 - src.agents.base - INFO - PatchAgent executing tool: ReadFile
2026-01-16 21:31:12,296 - src.agents.base - INFO - Tool arguments:
{
  "file_path": "airflow/www/extensions/init_appbuilder.py",
  "start_line": 1,
  "end_line": 300
}
2026-01-16 21:31:12,441 - src.agents.base - INFO - Tool ReadFile: ✓
2026-01-16 21:31:16,084 - src.agents.base - INFO - PatchAgent executing tool: ReadFile
2026-01-16 21:31:16,085 - src.agents.base - INFO - Tool arguments:
{
  "file_path": "airflow/www/app.py",
  "start_line": 1,
  "end_line": 10
}
2026-01-16 21:31:16,237 - src.agents.base - INFO - Tool ReadFile: ✓
2026-01-16 21:31:17,515 - src.agents.base - INFO - PatchAgent executing tool: ReadFile
2026-01-16 21:31:17,516 - src.agents.base - INFO - Tool arguments:
{
  "file_path": "airflow/www/app.py",
  "start_line": 24,
  "end_line": 25
}
2026-01-16 21:31:17,648 - src.agents.base - INFO - Tool ReadFile: ✓
2026-01-16 21:31:19,052 - src.agents.base - INFO - PatchAgent executing tool: ReadFile
2026-01-16 21:31:19,053 - src.agents.base - INFO - Tool arguments:
{
  "file_path": "airflow/www/app.py",
  "start_line": 24,
  "end_line": 30
}
2026-01-16 21:31:19,199 - src.agents.base - INFO - Tool ReadFile: ✓
2026-01-16 21:31:20,370 - src.agents.base - INFO - PatchAgent executing tool: ReadFile
2026-01-16 21:31:20,370 - src.agents.base - INFO - Tool arguments:
{
  "file_path": "airflow/www/app.py",
  "start_line": 1,
  "end_line": 24
}
2026-01-16 21:31:20,515 - src.agents.base - INFO - Tool ReadFile: ✓
2026-01-16 21:31:26,237 - src.agents.base - INFO - PatchAgent executing tool: EditCode
2026-01-16 21:31:26,238 - src.agents.base - INFO - Tool arguments:
{
  "file_path": "airflow/www/app.py",
  "old_code": "    with flask_app.app_context():\n        init_appbuilder(flask_app)\n\n        init_appbuilder_views(flask_app)\n        init_appbuilder_links(flask_app)\n        init_plugins(flask_app)\n        init_connection_form()\n        init_error_handlers(flask_app)\n        init_api_connexion(flask_app)\n        init_api_experimental(flask_app)\n\n        sync_appbuilder_roles(flask_app)\n\n        init_jinja_globals(flask_app)\n        init_xframe_protection(flask_app)\n        init_airflow_session_interface(flask_app)\n    return flask_app",
  "new_code": "    with flask_app.app_context():\n        init_appbuilder(flask_app)\n\n        # Add before_request handler to check if authenticated user is inactive\n        from flask import redirect, url_for, request\n        from flask_login import current_user, logout_user\n        import logging\n\n        def check_active_user():\n            if hasattr(current_user, 'is_authenticated') and current_user.is_authenticated:\n                # Defensive: Some user objects may not have 'active' attribute\n                if hasattr(current_user, 'active') and not current_user.active:\n                    logging.info(f\"Logging out inactive user: {getattr(current_user, 'username', 'unknown')}\")\n                    logout_user()\n                    # For API requests, return 401 JSON; for UI, redirect to login\n                    if request.path.startswith('/api/') or request.accept_mimetypes.best == 'application/json':\n                        from flask import jsonify\n                        return jsonify({\"message\": \"User inactive. Please contact your administrator.\"}), 401\n                    return redirect(url_for('SecurityView.login') + '?next=' + request.url)\n        flask_app.before_request(check_active_user)\n\n        init_appbuilder_views(flask_app)\n        init_appbuilder_links(flask_app)\n        init_plugins(flask_app)\n        init_connection_form()\n        init_error_handlers(flask_app)\n        init_api_connexion(flask_app)\n        init_api_experimental(flask_app)\n\n        sync_appbuilder_roles(flask_app)\n\n        init_jinja_globals(flask_app)\n        init_xframe_protection(flask_app)\n        init_airflow_session_interface(flask_app)\n    return flask_app",
  "fuzzy_match": true,
  "skip_validation": false
}
2026-01-16 21:31:26,433 - src.tools.edit_code - INFO - EditCodeTool: Writing 7431 chars to airflow/www/app.py (match_type=exact)
2026-01-16 21:31:26,612 - src.agents.base - INFO - Tool EditCode: ✓
2026-01-16 21:31:28,886 - src.agents.base - INFO - PatchAgent - LLM response (388 chars):
{
  "patch_applied": true,
  "change_description": "Added a Flask before_request handler in create_app that checks if the current user is authenticated but inactive. If so, the user is logged out and redirected to the login page for UI requests, or receives a 401 JSON response for API requests. This logic is placed after AppBuilder is initialized to ensure current_user is available."
}
2026-01-16 21:31:28,887 - src.agents.base - INFO - Tool AskAgent: ✓
2026-01-16 21:31:30,525 - src.agents.base - INFO - CoordinatorAgent executing tool: AskAgent
2026-01-16 21:31:30,526 - src.agents.base - INFO - Tool arguments:
{
  "agent_name": "VerificationAgent",
  "message": "Run the PoC and regression tests to verify that deactivated users are now logged out on their next request, and that normal user and API flows are not broken. Confirm that the patch prevents access for deactivated users immediately."
}
2026-01-16 21:31:30,527 - src.agents.base - INFO - VerificationAgent - LLM call prompt (3934 chars):
## Message
Run the PoC and regression tests to verify that deactivated users are now logged out on their next request, and that normal user and API flows are not broken. Confirm that the patch prevents access for deactivated users immediately.

## Context
```json
{
  "sample_id": "CVE-2022-41672",
  "file_path": "airflow/www/app.py",
  "vulnerable_code": "def create_app(config=None, testing=False):\n    \"\"\"Create a new instance of Airflow WWW app\"\"\"\n    flask_app = Flask(__name__)\n    flask_app.secret_key = conf.get('webserver', 'SECRET_KEY')\n\n    flask_app.config['PERMANENT_SESSION_LIFETIME'] = timedelta(minutes=settings.get_session_lifetime_config())\n    flask_app.config.from_pyfile(settings.WEBSERVER_CONFIG, silent=True)\n    flask_app.config['APP_NAME'] = conf.get(section=\"webserver\", key=\"instance_name\", fallback=\"Airflow\")\n    flask_app.config['TESTING'] = testing\n    flask_app.config['SQLALCHEMY_DATABASE_URI'] = conf.get('database', 'SQL_ALCHEMY_CONN')\n\n    url = make_url(flask_app.config['SQLALCHEMY_DATABASE_URI'])\n    if url.drivername == 'sqlite' and url.database and not url.database.startswith('/'):\n        raise AirflowConfigException(\n            f'Cannot use relative path: `{conf.get(\"database\", \"SQL_ALCHEMY_CONN\")}` to connect to sqlite. '\n            'Please use absolute path such as `sqlite:////tmp/airflow.db`.'\n        )\n\n    flask_app.config['SQLALCHEMY_TRACK_MODIFICATIONS'] = False\n\n    flask_app.config['SESSION_COOKIE_HTTPONLY'] = True\n    flask_app.config['SESSION_COOKIE_SECURE'] = conf.getboolean('webserver', 'COOKIE_SECURE')\n\n    cookie_samesite_config = conf.get('webserver', 'COOKIE_SAMESITE')\n    if cookie_samesite_config == \"\":\n        warnings.warn(\n            \"Old deprecated value found for `cookie_samesite` option in `[webserver]` section. \"\n            \"Using `Lax` instead. Change the value to `Lax` in airflow.cfg to remove this warning.\",\n            RemovedInAirflow3Warning,\n        )\n        cookie_samesite_config = \"Lax\"\n    flask_app.config['SESSION_COOKIE_SAMESITE'] = cookie_samesite_config\n\n    if config:\n        flask_app.config.from_mapping(config)\n\n    if 'SQLALCHEMY_ENGINE_OPTIONS' not in flask_app.config:\n        flask_app.config['SQLALCHEMY_ENGINE_OPTIONS'] = settings.prepare_engine_args()\n\n    # Configure the JSON encoder used by `|tojson` filter from Flask\n    flask_app.json_provider_class = AirflowJsonProvider\n    flask_app.json = AirflowJsonProvider(flask_app)\n\n    csrf.init_app(flask_app)\n\n    init_wsgi_middleware(flask_app)\n\n    db = SQLA()\n    db.session = settings.Session\n    db.init_app(flask_app)\n\n    init_dagbag(flask_app)\n\n    init_api_experimental_auth(flask_app)\n\n    init_robots(flask_app)\n\n    cache_config = {'CACHE_TYPE': 'flask_caching.backends.filesystem', 'CACHE_DIR': gettempdir()}\n    Cache(app=flask_app, config=cache_config)\n\n    init_flash_views(flask_app)\n\n    configure_logging()\n    configure_manifest_files(flask_app)\n\n    import_all_models()\n\n    with flask_app.app_context():\n        init_appbuilder(flask_app)\n\n        init_appbuilder_views(flask_app)\n        init_appbuilder_links(flask_app)\n        init_plugins(flask_app)\n        init_connection_form()\n        init_error_handlers(flask_app)\n        init_api_connexion(flask_app)\n        init_api_experimental(flask_app)\n\n        sync_appbuilder_roles(flask_app)\n\n        init_jinja_globals(flask_app)\n        init_xframe_protection(flask_app)\n        init_airflow_session_interface(flask_app)\n    return flask_app",
  "problem_statement": "",
  "programming_language": "Python",
  "cve_id": "CVE-2022-41672",
  "cwe_id": [
    "CWE-285",
    "CWE-250",
    "CWE-269"
  ],
  "vulnerability_locations": [
    {
      "file_path": "airflow/www/app.py",
      "start_line": 72,
      "end_line": 155
    }
  ],
  "test_paths": [],
  "poc_test": null
}
```
2026-01-16 21:31:30,562 - src.agents.base - DEBUG - VerificationAgent starting agent run (max_turns=1000000)
2026-01-16 21:31:30,562 - src.agents.base - DEBUG - VerificationAgent - System prompt (3831 chars):
You are a Security Verification Engineer responsible for validating vulnerability patches.

**IMPORTANT**: When invoked via AskAgent, focus on your task and provide clear test results and feedback.

## Role

After a patch is applied, you verify it using PatchEval's validation scripts:
1. Run the PoC (Proof of Concept) test to verify the vulnerability is fixed
2. Run the unit test suite (if present) to verify no regressions were introduced
3. Produce structured feedback for the Planner if the patch fails

## Tools

### RunTest
Runs PatchEval validation scripts in sequence:
1. **prepare.sh** - Resets the repository to a clean state
2. **fix-run.sh** - Executes the PoC to verify the vulnerability is patched
3. **unit_test.sh** - (if present) Runs unit tests for functional correctness

Parameters:
- `run_prepare`: Whether to run prepare.sh first (default: true)
- `timeout`: Timeout in seconds for each script (default: 120)
 - `include_paths`: Optional list of file paths to limit the diff used to build /workspace/fix.patch. Pass the files you edited (e.g., from EditCode).

The tool automatically:
- Extracts the git diff from your applied changes
- Writes it to /workspace/fix.patch
- Runs the validation scripts
- Returns the raw stdout/stderr output

## Test Output Rules

**YOU must read the stdout/stderr output to determine if tests pass or fail.**

The RunTest tool returns raw output - it does NOT tell you if tests passed. You must analyze:

### For PoC (fix-run.sh):
- **PASS indicators**: "test passed", "vulnerability fixed", "OK", exit code 0 with no errors
- **FAIL indicators**: tracebacks, exceptions, "FAILED", "AssertionError", "vulnerability still present"

### For Unit Tests (unit_test.sh):
- **PASS indicators**: "OK", "passed", "0 failures", all tests green
- **FAIL indicators**: "FAILED", "ERROR", assertion failures, exceptions, non-zero failure count

### Exit Codes:
- Exit code 0 usually means success, but ALWAYS verify by reading the actual output
- Exit code non-zero usually means failure, but check the output for details

## Workflow

1. **Call RunTest**: Simply call the RunTest tool - it handles setup automatically
2. **READ THE OUTPUT CAREFULLY**: The tool returns raw stdout/stderr - analyze it to determine:
   - Did the PoC test pass? (vulnerability fixed?)
   - Did unit tests pass? (no regressions?)
3. **Provide Feedback**: Based on YOUR analysis of the output, provide actionable feedback
 4. When calling RunTest, if `edited_files` are provided in context, pass them via `include_paths` to restrict the patch to only those files.

## Output Format

After running the test and READING THE OUTPUT, provide your analysis:

```json
{
    "poc_result": {
        "passed": true/false, true if and only if the test conclusively shows the vulnerability is fixed
        "vulnerability_fixed": true/false,
        "analysis": "What you observed in the fix-run.sh output that led to this conclusion"
    },
    "regression_result": {
        "passed": true/false, true if and only if all unit tests passed
        "tests_present": true/false,
        "analysis": "What you observed in the unit_test.sh output (if present)"
    },
    "overall_verdict": "PASS" | "FAIL_POC" | "FAIL_REGRESSION",
    "feedback_for_planner": {
        "issues": ["List of specific issues from the test output"],
        "suggestions": ["Concrete suggestions for fixing the issues"],
        "suspected_cause": "Analysis of the root cause of failures",
        "output_excerpt": "Relevant portion of test output showing the failure"
    }
}
```

Be thorough in your analysis. Quote specific lines from the output to support your conclusions. If a test fails, you must mark it as such, there is no room for interpretation in that case. If either poc or unit tests are missing, you may mark them as passed
2026-01-16 21:31:31,649 - src.agents.base - INFO - VerificationAgent executing tool: RunTest
2026-01-16 21:31:31,650 - src.agents.base - INFO - Tool arguments:
{
  "run_prepare": true,
  "timeout": 120,
  "include_paths": [
    "airflow/www/app.py"
  ],
  "run_unittest": true
}
2026-01-16 21:31:31,988 - src.tools.run_test - INFO - Extracted 4 file paths from /workspace/test.patch: ['tests/www/views/test_session.py', 'tests/test_utils/decorators.py', 'tests/www/views/conftest.py', 'tests/www/views/test_views_base.py']
2026-01-16 21:31:31,988 - src.tools.run_test - INFO - Generating git diff for fix.patch
2026-01-16 21:31:31,989 - src.tools.run_test - INFO -   include_paths: ['airflow/www/app.py']
2026-01-16 21:31:31,989 - src.tools.run_test - INFO -   exclude_paths (from test.patch): ['tests/www/views/test_session.py', 'tests/test_utils/decorators.py', 'tests/www/views/conftest.py', 'tests/www/views/test_views_base.py']
2026-01-16 21:31:31,989 - src.tools.run_test - INFO -   git diff command: git diff HEAD -- 'airflow/www/app.py' ':(exclude)tests/www/views/test_session.py' ':(exclude)tests/test_utils/decorators.py' ':(exclude)tests/www/views/conftest.py' ':(exclude)tests/www/views/test_views_base.py'
2026-01-16 21:31:32,146 - src.tools.run_test - INFO -   Generated patch: 1550 bytes, 29 lines
2026-01-16 21:31:32,147 - src.tools.run_test - INFO -   Patch content:
diff --git a/airflow/www/app.py b/airflow/www/app.py
index b67314c..aa5f49b 100644
--- a/airflow/www/app.py
+++ b/airflow/www/app.py
@@ -139,6 +139,24 @@ def create_app(config=None, testing=False):
     with flask_app.app_context():
         init_appbuilder(flask_app)
 
+        # Add before_request handler to check if authenticated user is inactive
+        from flask import redirect, url_for, request
+        from flask_login import current_user, logout_user
+        import logging
+
+        def check_active_user():
+            if hasattr(current_user, 'is_authenticated') and current_user.is_authenticated:
+                # Defensive: Some user objects may not have 'active' attribute
+                if hasattr(current_user, 'active') and not current_user.active:
+                    logging.info(f"Logging out inactive user: {getattr(current_user, 'username', 'unknown')}")
+                    logout_user()
+                    # For API requests, return 401 JSON; for UI, redirect to login
+                    if request.path.startswith('/api/') or request.accept_mimetypes.best == 'application/json':
+                        from flask import jsonify
+                        return jsonify({"message": "User inactive. Please contact your administrator."}), 401
+                    return redirect(url_for('SecurityView.login') + '?next=' + request.url)
+        flask_app.before_request(check_active_user)
+
         init_appbuilder_views(flask_app)
         init_appbuilder_links(flask_app)
         init_plugins(flask_app)

2026-01-16 21:31:32,236 - src.tools.run_test - INFO - Running prepare.sh to reset repository...
2026-01-16 21:31:34,550 - src.tools.run_test - INFO - Running fix-run.sh for PoC validation...
2026-01-16 21:31:34,652 - src.tools.run_test - INFO - Patch being tested:
diff --git a/airflow/www/app.py b/airflow/www/app.py
index b67314c..aa5f49b 100644
--- a/airflow/www/app.py
+++ b/airflow/www/app.py
@@ -139,6 +139,24 @@ def create_app(config=None, testing=False):
     with flask_app.app_context():
         init_appbuilder(flask_app)
 
+        # Add before_request handler to check if authenticated user is inactive
+        from flask import redirect, url_for, request
+        from flask_login import current_user, logout_user
+        import logging
+
+        def check_active_user():
+            if hasattr(current_user, 'is_authenticated') and current_user.is_authenticated:
+                # Defensive: Some user objects may not have 'active' attribute
+                if hasattr(current_user, 'active') and not current_user.active:
+                    logging.info(f"Logging out inactive user: {getattr(current_user, 'username', 'unknown')}")
+                    logout_user()
+                    # For API requests, return 401 JSON; for UI, redirect to login
+                    if request.path.startswith('/api/') or request.accept_mimetypes.best == 'application/json':
+                        from flask import jsonify
+                        return jsonify({"message": "User inactive. Please contact your administrator."}), 401
+                    return redirect(url_for('SecurityView.login') + '?next=' + request.url)
+        flask_app.before_request(check_active_user)
+
         init_appbuilder_views(flask_app)
         init_appbuilder_links(flask_app)
         init_plugins(flask_app)


2026-01-16 21:31:44,606 - src.tools.run_test - INFO - fix-run.sh completed with exit code 1
2026-01-16 21:31:44,608 - src.tools.run_test - INFO - fix-run.sh output:
/workspace/PoC_env/CVE-2022-41672/lib/python3.10/site-packages/pytest_asyncio/plugin.py:217: PytestDeprecationWarning: The configuration option "asyncio_default_fixture_loop_scope" is unset.
The event loop scope for asynchronous fixtures will default to the fixture caching scope. Future versions of pytest-asyncio will default the loop scope for asynchronous fixtures to function scope. Set the default fixture loop scope explicitly in order to avoid unexpected behavior in the future. Valid fixture loop scopes are: "function", "class", "module", "package", "session"

  warnings.warn(PytestDeprecationWarning(_DEFAULT_FIXTURE_LOOP_SCOPE_UNSET))
============================= test session starts ==============================
platform linux -- Python 3.10.16, pytest-8.3.5, pluggy-1.5.0 -- /workspace/PoC_env/CVE-2022-41672/bin/python
cachedir: .pytest_cache
rootdir: /workspace/airflow
configfile: pytest.ini
plugins: mock-3.14.0, xdist-3.6.1, cov-6.1.1, icdiff-0.9, anyio-4.9.0, timeouts-1.2.1, rerunfailures-15.0, custom-exit-code-0.3.0, requests-mock-1.12.1, asyncio-0.26.0, instafail-0.5.0, time-machine-2.16.0
asyncio: mode=strict, asyncio_default_fixture_loop_scope=None, asyncio_default_test_loop_scope=function
setup timeout: 0.0s, execution timeout: 0.0s, teardown timeout: 0.0s
collecting ... collected 52 items / 50 deselected / 2 selected

tests/www/views/test_session.py::test_check_active_user FAILED           [ 50%]
tests/www/views/test_views_base.py::test_index_redirect PASSED           [100%]

=================================== FAILURES ===================================
____________________________ test_check_active_user ____________________________

app = <Flask 'airflow.www.app'>
user_client = <FlaskClient <Flask 'airflow.www.app'>>

    def test_check_active_user(app, user_client):
        user = app.appbuilder.sm.find_user(username="test_user")
        user.active = False
>       resp = user_client.get("/home")

tests/www/views/test_session.py:96: 
_ _ _ _ _ _ _ _ _ _ _ _ _ _ _ _ _ _ _ _ _ _ _ _ _ _ _ _ _ _ _ _ _ _ _ _ _ _ _ _ 
../PoC_env/CVE-2022-41672/lib/python3.10/site-packages/werkzeug/test.py:1141: in get
    return self.open(*args, **kw)
../PoC_env/CVE-2022-41672/lib/python3.10/site-packages/flask/testing.py:238: in open
    response = super().open(
../PoC_env/CVE-2022-41672/lib/python3.10/site-packages/werkzeug/test.py:1095: in open
    response = self.run_wsgi_app(request.environ, buffered=buffered)
../PoC_env/CVE-2022-41672/lib/python3.10/site-packages/werkzeug/test.py:962: in run_wsgi_app
    rv = run_wsgi_app(self.application, environ, buffered=buffered)
../PoC_env/CVE-2022-41672/lib/python3.10/site-packages/werkzeug/test.py:1243: in run_wsgi_app
    app_rv = app(environ, start_response)
../PoC_env/CVE-2022-41672/lib/python3.10/site-packages/flask/app.py:2552: in __call__
    return self.wsgi_app(environ, start_response)
../PoC_env/CVE-2022-41672/lib/python3.10/site-packages/flask/app.py:2532: in wsgi_app
    response = self.handle_exception(e)
../PoC_env/CVE-2022-41672/lib/python3.10/site-packages/flask/app.py:2529: in wsgi_app
    response = self.full_dispatch_request()
../PoC_env/CVE-2022-41672/lib/python3.10/site-packages/flask/app.py:1825: in full_dispatch_request
    rv = self.handle_user_exception(e)
../PoC_env/CVE-2022-41672/lib/python3.10/site-packages/flask/app.py:1821: in full_dispatch_request
    rv = self.preprocess_request()
../PoC_env/CVE-2022-41672/lib/python3.10/site-packages/flask/app.py:2313: in preprocess_request
    rv = self.ensure_sync(before_func)()
airflow/www/app.py:157: in check_active_user
    return redirect(url_for('SecurityView.login') + '?next=' + request.url)
../PoC_env/CVE-2022-41672/lib/python3.10/site-packages/flask/helpers.py:256: in url_for
    return current_app.url_for(
../PoC_env/CVE-2022-41672/lib/python3.10/site-packages/flask/app.py:2034: in url_for
    return self.handle_url_build_error(error, endpoint, values)
../PoC_env/CVE-2022-41672/lib/python3.10/site-packages/flask/app.py:2023: in url_for
    rv = url_adapter.build(  # type: ignore[union-attr]
_ _ _ _ _ _ _ _ _ _ _ _ _ _ _ _ _ _ _ _ _ _ _ _ _ _ _ _ _ _ _ _ _ _ _ _ _ _ _ _ 

self = <werkzeug.routing.map.MapAdapter object at 0x7ffff5bdd570>
endpoint = 'SecurityView.login', values = {}, method = None
force_external = False, append_unknown = True, url_scheme = None

    def build(
        self,
        endpoint: str,
        values: t.Optional[t.Mapping[str, t.Any]] = None,
        method: t.Optional[str] = None,
        force_external: bool = False,
        append_unknown: bool = True,
        url_scheme: t.Optional[str] = None,
    ) -> str:
        """Building URLs works pretty much the other way round.  Instead of
        `match` you call `build` and pass it the endpoint and a dict of
        arguments for the placeholders.
    
        The `build` function also accepts an argument called `force_external`
        which, if you set it to `True` will force external URLs. Per default
        external URLs (include the server name) will only be used if the
        target URL is on a different subdomain.
    
        >>> m = Map([
        ...     Rule('/', endpoint='index'),
        ...     Rule('/downloads/', endpoint='downloads/index'),
        ...     Rule('/downloads/<int:id>', endpoint='downloads/show')
        ... ])
        >>> urls = m.bind("example.com", "/")
        >>> urls.build("index", {})
        '/'
        >>> urls.build("downloads/show", {'id': 42})
        '/downloads/42'
        >>> urls.build("downloads/show", {'id': 42}, force_external=True)
        'http://example.com/downloads/42'
    
        Because URLs cannot contain non ASCII data you will always get
        bytes back.  Non ASCII characters are urlencoded with the
        charset defined on the map instance.
    
        Additional values are converted to strings and appended to the URL as
        URL querystring parameters:
    
        >>> urls.build("index", {'q': 'My Searchstring'})
        '/?q=My+Searchstring'
    
        When processing those additional values, lists are furthermore
        interpreted as multiple values (as per
        :py:class:`werkzeug.datastructures.MultiDict`):
    
        >>> urls.build("index", {'q': ['a', 'b', 'c']})
        '/?q=a&q=b&q=c'
    
        Passing a ``MultiDict`` will also add multiple values:
    
        >>> urls.build("index", MultiDict((('p', 'z'), ('q', 'a'), ('q', 'b'))))
        '/?p=z&q=a&q=b'
    
        If a rule does not exist when building a `BuildError` exception is
        raised.
    
        The build method accepts an argument called `method` which allows you
        to specify the method you want to have an URL built for if you have
        different methods for the same endpoint specified.
    
        :param endpoint: the endpoint of the URL to build.
        :param values: the values for the URL to build.  Unhandled values are
                       appended to the URL as query parameters.
        :param method: the HTTP method for the rule if there are different
                       URLs for different methods on the same endpoint.
        :param force_external: enforce full canonical external URLs. If the URL
                               scheme is not provided, this will generate
                               a protocol-relative URL.
        :param append_unknown: unknown parameters are appended to the generated
                               URL as query string argument.  Disable this
                               if you want the builder to ignore those.
        :param url_scheme: Scheme to use in place of the bound
            :attr:`url_scheme`.
    
        .. versionchanged:: 2.0
            Added the ``url_scheme`` parameter.
    
        .. versionadded:: 0.6
           Added the ``append_unknown`` parameter.
        """
        self.map.update()
    
        if values:
            if isinstance(values, MultiDict):
                values = {
                    k: (v[0] if len(v) == 1 else v)
                    for k, v in dict.items(values)
                    if len(v) != 0
                }
            else:  # plain dict
                values = {k: v for k, v in values.items() if v is not None}
        else:
            values = {}
    
        rv = self._partial_build(endpoint, values, method, append_unknown)
        if rv is None:
>           raise BuildError(endpoint, values, method, self)
E           werkzeug.routing.exceptions.BuildError: Could not build url for endpoint 'SecurityView.login'. Did you mean 'AuthDBView.login' instead?

../PoC_env/CVE-2022-41672/lib/python3.10/site-packages/werkzeug/routing/map.py:917: BuildError
---------------------------- Captured stdout setup -----------------------------
========================= AIRFLOW ==========================
Home of the user: /root
Airflow home /root/airflow
Initializing the DB - forced with --with-db-init switch.
[[34m2026-01-17 02:31:36,869[0m] {[34mdb.py:[0m1543} INFO[0m - Dropping tables that exist[0m
[[34m2026-01-17 02:31:37,079[0m] {[34mmigration.py:[0m207} INFO[0m - Context impl SQLiteImpl.[0m
[[34m2026-01-17 02:31:37,080[0m] {[34mmigration.py:[0m210} INFO[0m - Will assume non-transactional DDL.[0m
[[34m2026-01-17 02:31:37,086[0m] {[34mmigration.py:[0m207} INFO[0m - Context impl SQLiteImpl.[0m
[[34m2026-01-17 02:31:37,086[0m] {[34mmigration.py:[0m210} INFO[0m - Will assume non-transactional DDL.[0m
Please make sure to build the frontend in static/ directory and restart the server
[[34m2026-01-17 02:31:40,372[0m] {[34mmanager.py:[0m824} WARNING[0m - No user yet created, use flask fab command to do it.[0m
[[34m2026-01-17 02:31:40,674[0m] {[34mmanager.py:[0m508} INFO[0m - Created Permission View: clear on Task Instances[0m
[[34m2026-01-17 02:31:40,676[0m] {[34mmanager.py:[0m568} INFO[0m - Added Permission clear on Task Instances to role Admin[0m
[[34m2026-01-17 02:31:40,680[0m] {[34mmanager.py:[0m508} INFO[0m - Created Permission View: set failed on Task Instances[0m
[[34m2026-01-17 02:31:40,682[0m] {[34mmanager.py:[0m568} INFO[0m - Added Permission set failed on Task Instances to role Admin[0m
[[34m2026-01-17 02:31:40,686[0m] {[34mmanager.py:[0m508} INFO[0m - Created Permission View: set retry on Task Instances[0m
[[34m2026-01-17 02:31:40,688[0m] {[34mmanager.py:[0m568} INFO[0m - Added Permission set retry on Task Instances to role Admin[0m
[[34m2026-01-17 02:31:40,692[0m] {[34mmanager.py:[0m508} INFO[0m - Created Permission View: set running on Task Instances[0m
[[34m2026-01-17 02:31:40,694[0m] {[34mmanager.py:[0m568} INFO[0m - Added Permission set running on Task Instances to role Admin[0m
[[34m2026-01-17 02:31:40,697[0m] {[34mmanager.py:[0m508} INFO[0m - Created Permission View: set skipped on Task Instances[0m
[[34m2026-01-17 02:31:40,699[0m] {[34mmanager.py:[0m568} INFO[0m - Added Permission set skipped on Task Instances to role Admin[0m
[[34m2026-01-17 02:31:40,703[0m] {[34mmanager.py:[0m508} INFO[0m - Created Permission View: set success on Task Instances[0m
[[34m2026-01-17 02:31:40,705[0m] {[34mmanager.py:[0m568} INFO[0m - Added Permission set success on Task Instances to role Admin[0m
[[34m2026-01-17 02:31:40,784[0m] {[34mmanager.py:[0m508} INFO[0m - Created Permission View: menu access on Providers[0m
[[34m2026-01-17 02:31:40,786[0m] {[34mmanager.py:[0m568} INFO[0m - Added Permission menu access on Providers to role Admin[0m
[[34m2026-01-17 02:31:40,822[0m] {[34mmanager.py:[0m508} INFO[0m - Created Permission View: can create on XComs[0m
[[34m2026-01-17 02:31:40,825[0m] {[34mmanager.py:[0m568} INFO[0m - Added Permission can create on XComs to role Admin[0m
[[34m2026-01-17 02:31:40,878[0m] {[34mmanager.py:[0m508} INFO[0m - Created Permission View: menu access on Test View[0m
[[34m2026-01-17 02:31:40,882[0m] {[34mmanager.py:[0m568} INFO[0m - Added Permission menu access on Test View to role Admin[0m
[[34m2026-01-17 02:31:40,888[0m] {[34mmanager.py:[0m508} INFO[0m - Created Permission View: menu access on Test Plugin[0m
[[34m2026-01-17 02:31:40,891[0m] {[34mmanager.py:[0m568} INFO[0m - Added Permission menu access on Test Plugin to role Admin[0m
[[34m2026-01-17 02:31:40,897[0m] {[34mmanager.py:[0m508} INFO[0m - Created Permission View: menu access on Google[0m
[[34m2026-01-17 02:31:40,900[0m] {[34mmanager.py:[0m568} INFO[0m - Added Permission menu access on Google to role Admin[0m
[[34m2026-01-17 02:31:40,905[0m] {[34mmanager.py:[0m508} INFO[0m - Created Permission View: menu access on Search[0m
[[34m2026-01-17 02:31:40,909[0m] {[34mmanager.py:[0m568} INFO[0m - Added Permission menu access on Search to role Admin[0m
[[34m2026-01-17 02:31:40,915[0m] {[34mmanager.py:[0m508} INFO[0m - Created Permission View: menu access on apache[0m
[[34m2026-01-17 02:31:40,918[0m] {[34mmanager.py:[0m568} INFO[0m - Added Permission menu access on apache to role Admin[0m
[[34m2026-01-17 02:31:41,784[0m] {[34mmanager.py:[0m213} INFO[0m - Added user test_admin[0m
[[34m2026-01-17 02:31:41,941[0m] {[34mmanager.py:[0m213} INFO[0m - Added user test_user[0m
[[34m2026-01-17 02:31:42,090[0m] {[34mmanager.py:[0m213} INFO[0m - Added user test_viewer[0m
[[34m2026-01-17 02:31:42,104[0m] {[34mmanager.py:[0m227} INFO[0m - Updated user test_user_first_name test_user_last_name[0m
[[34m2026-01-17 02:31:42,105[0m] {[34mbase.py:[0m39} WARNING[0m - Invalid redirect detected, falling back to index[0m
[[34m2026-01-17 02:31:42,105[0m] {[34mbase.py:[0m39} WARNING[0m - Invalid redirect detected, falling back to index[0m
---------------------------- Captured stderr setup -----------------------------
INFO  [alembic.runtime.migration] Context impl SQLiteImpl.
INFO  [alembic.runtime.migration] Will assume non-transactional DDL.
INFO  [alembic.runtime.migration] Running stamp_revision  -> ecb43d2a1842
WARNI [unusual_prefix_28887b4ca9479f15654af6de6e90aa9a791215f6_tutorial_taskflow_api_virtualenv] The tutorial_taskflow_api_virtualenv example DAG requires virtualenv, please install it.
WARNI [unusual_prefix_983d34cd950984e29df306e3c225fa840cd04f7d_example_python_operator] The virtalenv_python example task requires virtualenv, please install it.
WARNI [airflow.www.fab_security.manager] No user yet created, use flask fab command to do it.
WARNI [unusual_prefix_28887b4ca9479f15654af6de6e90aa9a791215f6_tutorial_taskflow_api_virtualenv] The tutorial_taskflow_api_virtualenv example DAG requires virtualenv, please install it.
WARNI [unusual_prefix_983d34cd950984e29df306e3c225fa840cd04f7d_example_python_operator] The virtalenv_python example task requires virtualenv, please install it.
------------------------------ Captured log setup ------------------------------
INFO     airflow.utils.db:db.py:1543 Dropping tables that exist
INFO     alembic.runtime.migration:migration.py:207 Context impl SQLiteImpl.
INFO     alembic.runtime.migration:migration.py:210 Will assume non-transactional DDL.
INFO     alembic.runtime.migration:migration.py:207 Context impl SQLiteImpl.
INFO     alembic.runtime.migration:migration.py:210 Will assume non-transactional DDL.
----------------------------- Captured stdout call -----------------------------
[[34m2026-01-17 02:31:42,119[0m] {[34mapp.py:[0m151} INFO[0m - Logging out inactive user: test_user[0m
------------------------------ Captured log call -------------------------------
INFO     root:app.py:151 Logging out inactive user: test_user
=============================== warnings summary ===============================
tests/www/views/test_session.py::test_check_active_user
  /workspace/airflow/airflow/compat/sqlalchemy.py:36: SADeprecationWarning: The Table.exists() method is deprecated and will be removed in a future release.  Please refer to Inspector.has_table(). (deprecated since: 1.4)
    return table.exists(conn)

tests/www/views/test_session.py::test_check_active_user
tests/www/views/test_session.py::test_check_active_user
tests/www/views/test_views_base.py::test_index_redirect
  /workspace/airflow/airflow/example_dags/example_subdag_operator.py:43: RemovedInAirflow3Warning: This class is deprecated. Please use `airflow.utils.task_group.TaskGroup`.
    section_1 = SubDagOperator(

tests/www/views/test_session.py::test_check_active_user
tests/www/views/test_session.py::test_check_active_user
tests/www/views/test_views_base.py::test_index_redirect
  /workspace/airflow/airflow/example_dags/example_subdag_operator.py:52: RemovedInAirflow3Warning: This class is deprecated. Please use `airflow.utils.task_group.TaskGroup`.
    section_2 = SubDagOperator(

tests/www/views/test_session.py::test_check_active_user
tests/www/views/test_views_base.py::test_index_redirect
  /workspace/PoC_env/CVE-2022-41672/lib/python3.10/site-packages/connexion/apps/flask_app.py:36: DeprecationWarning: 'app.json_encoder' is deprecated and will be removed in Flask 2.3. Customize 'app.json_provider_class' or 'app.json' instead.
    app.json_encoder = FlaskJSONEncoder

tests/www/views/test_session.py: 14 warnings
tests/www/views/test_views_base.py: 14 warnings
  /workspace/PoC_env/CVE-2022-41672/lib/python3.10/site-packages/connexion/spec.py:50: DeprecationWarning: Passing a schema to Validator.iter_errors is deprecated and will be removed in a future release. Call validator.evolve(schema=new_schema).iter_errors(...) instead.
    for error in instance_validator.iter_errors(instance['default'], instance):

tests/www/views/test_session.py::test_check_active_user
  /workspace/airflow/airflow/api_connexion/schemas/task_schema.py:48: ChangedInMarshmallow4Warning: `Number` field should not be instantiated. Use `Integer`, `Float`, or `Decimal` instead.
    retries = fields.Number(dump_only=True)

tests/www/views/test_session.py::test_check_active_user
  /workspace/airflow/airflow/api_connexion/schemas/task_schema.py:51: ChangedInMarshmallow4Warning: `Number` field should not be instantiated. Use `Integer`, `Float`, or `Decimal` instead.
    pool_slots = fields.Number(dump_only=True)

tests/www/views/test_session.py::test_check_active_user
  /workspace/airflow/airflow/api_connexion/schemas/task_schema.py:55: ChangedInMarshmallow4Warning: `Number` field should not be instantiated. Use `Integer`, `Float`, or `Decimal` instead.
    priority_weight = fields.Number(dump_only=True)

tests/www/views/test_session.py: 3 warnings
tests/www/views/test_views_base.py: 11 warnings
  /workspace/PoC_env/CVE-2022-41672/lib/python3.10/site-packages/flask_sqlalchemy/__init__.py:302: DeprecationWarning: '_app_ctx_stack' is deprecated and will be removed in Flask 2.3. Use 'g' to store data, or 'app_ctx' to access the current context.
    queries = _app_ctx_stack.top.sqlalchemy_queries

tests/www/views/test_session.py::test_check_active_user
tests/www/views/test_session.py::test_check_active_user
tests/www/views/test_views_base.py::test_index_redirect
tests/www/views/test_views_base.py::test_index_redirect
tests/www/views/test_views_base.py::test_index_redirect
tests/www/views/test_views_base.py::test_index_redirect
  /workspace/PoC_env/CVE-2022-41672/lib/python3.10/site-packages/flask_sqlalchemy/__init__.py:304: DeprecationWarning: '_app_ctx_stack' is deprecated and will be removed in Flask 2.3. Use 'g' to store data, or 'app_ctx' to access the current context.
    queries = _app_ctx_stack.top.sqlalchemy_queries = []

-- Docs: https://docs.pytest.org/en/stable/how-to/capture-warnings.html
=========================== short test summary info ============================
FAILED tests/www/views/test_session.py::test_check_active_user - werkzeug.routing.exceptions.BuildError: Could not build url for endpoint 'SecurityView.login'. Did you mean 'AuthDBView.login' instead?
=========== 1 failed, 1 passed, 50 deselected, 60 warnings in 7.40s ============

2026-01-16 21:31:44,730 - src.tools.run_test - INFO - Running prepare.sh to reset repository...
2026-01-16 21:31:45,419 - src.tools.run_test - INFO - Running unit_test.sh for regression testing...
2026-01-16 21:31:57,789 - src.tools.run_test - INFO - unit_test.sh completed with exit code 0
2026-01-16 21:31:57,790 - src.tools.run_test - INFO - unit_test.sh output:
/workspace/PoC_env/CVE-2022-41672/lib/python3.10/site-packages/pytest_asyncio/plugin.py:217: PytestDeprecationWarning: The configuration option "asyncio_default_fixture_loop_scope" is unset.
The event loop scope for asynchronous fixtures will default to the fixture caching scope. Future versions of pytest-asyncio will default the loop scope for asynchronous fixtures to function scope. Set the default fixture loop scope explicitly in order to avoid unexpected behavior in the future. Valid fixture loop scopes are: "function", "class", "module", "package", "session"

  warnings.warn(PytestDeprecationWarning(_DEFAULT_FIXTURE_LOOP_SCOPE_UNSET))
============================= test session starts ==============================
platform linux -- Python 3.10.16, pytest-8.3.5, pluggy-1.5.0 -- /workspace/PoC_env/CVE-2022-41672/bin/python
cachedir: .pytest_cache
rootdir: /workspace/airflow
configfile: pytest.ini
plugins: mock-3.14.0, xdist-3.6.1, cov-6.1.1, icdiff-0.9, anyio-4.9.0, timeouts-1.2.1, rerunfailures-15.0, custom-exit-code-0.3.0, requests-mock-1.12.1, asyncio-0.26.0, instafail-0.5.0, time-machine-2.16.0
asyncio: mode=strict, asyncio_default_fixture_loop_scope=None, asyncio_default_test_loop_scope=function
setup timeout: 0.0s, execution timeout: 0.0s, teardown timeout: 0.0s
collecting ... collected 50 items / 1 deselected / 49 selected

tests/www/views/test_session.py::test_session_cookie_created_on_login PASSED [  2%]
tests/www/views/test_session.py::test_session_inaccessible_after_logout PASSED [  4%]
tests/www/views/test_session.py::test_invalid_session_backend_option PASSED [  6%]
tests/www/views/test_session.py::test_session_id_rotates PASSED          [  8%]
tests/www/views/test_views_base.py::test_doc_urls PASSED                 [ 10%]
tests/www/views/test_views_base.py::test_health[heartbeat_healthy] PASSED [ 12%]
tests/www/views/test_views_base.py::test_health[heartbeat_too_slow] PASSED [ 14%]
tests/www/views/test_views_base.py::test_health[heartbeat_not_running] PASSED [ 16%]
tests/www/views/test_views_base.py::test_users_list PASSED               [ 18%]
tests/www/views/test_views_base.py::test_roles_read[roles/list-List Roles] PASSED [ 20%]
tests/www/views/test_views_base.py::test_roles_read[roles/show/1-Show Role] PASSED [ 22%]
tests/www/views/test_views_base.py::test_roles_read_unauthorized PASSED  [ 24%]
tests/www/views/test_views_base.py::test_roles_create PASSED             [ 26%]
tests/www/views/test_views_base.py::test_roles_create_unauthorized PASSED [ 28%]
tests/www/views/test_views_base.py::test_roles_edit PASSED               [ 30%]
tests/www/views/test_views_base.py::test_roles_edit_unauthorized PASSED  [ 32%]
tests/www/views/test_views_base.py::test_roles_delete PASSED             [ 34%]
tests/www/views/test_views_base.py::test_roles_delete_unauthorized PASSED [ 36%]
tests/www/views/test_views_base.py::test_views_get[userstatschertview-admin] PASSED [ 38%]
tests/www/views/test_views_base.py::test_views_get[userstatschertview-viewer] PASSED [ 40%]
tests/www/views/test_views_base.py::test_views_get[actions-admin] PASSED [ 42%]
tests/www/views/test_views_base.py::test_views_get[actions-viewer] PASSED [ 44%]
tests/www/views/test_views_base.py::test_views_get[resources-admin] PASSED [ 46%]
tests/www/views/test_views_base.py::test_views_get[resources-viewer] PASSED [ 48%]
tests/www/views/test_views_base.py::test_views_get[permissions-admin] PASSED [ 51%]
tests/www/views/test_views_base.py::test_views_get[permissions-viewer] PASSED [ 53%]
tests/www/views/test_views_base.py::test_views_get[resetpassword-admin] PASSED [ 55%]
tests/www/views/test_views_base.py::test_views_get[resetpassword-viewer] PASSED [ 57%]
tests/www/views/test_views_base.py::test_views_get[users-admin] PASSED   [ 59%]
tests/www/views/test_views_base.py::test_views_get[users-viewer] PASSED  [ 61%]
tests/www/views/test_views_base.py::test_views_post[blocked-None] PASSED [ 63%]
tests/www/views/test_views_base.py::test_views_post[dag_stats-None] PASSED [ 65%]
tests/www/views/test_views_base.py::test_views_post[task_stats-_check_task_stats_json] PASSED [ 67%]
tests/www/views/test_views_base.py::test_resetmypasswordview_edit[my-viewer] PASSED [ 69%]
tests/www/views/test_views_base.py::test_resetmypasswordview_edit[pk-admin] PASSED [ 71%]
tests/www/views/test_views_base.py::test_resetmypasswordview_edit[pk-viewer] PASSED [ 73%]
tests/www/views/test_views_base.py::test_resetmypasswordview_read PASSED [ 75%]
tests/www/views/test_views_base.py::test_get_myuserinfo PASSED           [ 77%]
tests/www/views/test_views_base.py::test_edit_myuserinfo PASSED          [ 79%]
tests/www/views/test_views_base.py::test_views_post_access_denied[add-user] PASSED [ 81%]
tests/www/views/test_views_base.py::test_views_post_access_denied[edit-user] PASSED [ 83%]
tests/www/views/test_views_base.py::test_views_post_access_denied[delete-user] PASSED [ 85%]
tests/www/views/test_views_base.py::test_create_user PASSED              [ 87%]
tests/www/views/test_views_base.py::test_edit_user PASSED                [ 89%]
tests/www/views/test_views_base.py::test_delete_user PASSED              [ 91%]
tests/www/views/test_views_base.py::test_task_stats_only_noncompleted PASSED [ 93%]
tests/www/views/test_views_base.py::test_page_instance_name PASSED       [ 95%]
tests/www/views/test_views_base.py::test_page_instance_name_xss_prevention PASSED [ 97%]
tests/www/views/test_views_base.py::test_page_instance_name_with_markup PASSED [100%]

=============================== warnings summary ===============================
tests/www/views/test_session.py::test_session_cookie_created_on_login
  /workspace/airflow/airflow/compat/sqlalchemy.py:36: SADeprecationWarning: The Table.exists() method is deprecated and will be removed in a future release.  Please refer to Inspector.has_table(). (deprecated since: 1.4)
    return table.exists(conn)

tests/www/views/test_session.py::test_session_cookie_created_on_login
tests/www/views/test_session.py::test_session_cookie_created_on_login
tests/www/views/test_views_base.py::test_doc_urls
  /workspace/airflow/airflow/example_dags/example_subdag_operator.py:43: RemovedInAirflow3Warning: This class is deprecated. Please use `airflow.utils.task_group.TaskGroup`.
    section_1 = SubDagOperator(

tests/www/views/test_session.py::test_session_cookie_created_on_login
tests/www/views/test_session.py::test_session_cookie_created_on_login
tests/www/views/test_views_base.py::test_doc_urls
  /workspace/airflow/airflow/example_dags/example_subdag_operator.py:52: RemovedInAirflow3Warning: This class is deprecated. Please use `airflow.utils.task_group.TaskGroup`.
    section_2 = SubDagOperator(

tests/www/views/test_session.py::test_session_cookie_created_on_login
tests/www/views/test_session.py::test_invalid_session_backend_option
tests/www/views/test_views_base.py::test_doc_urls
  /workspace/PoC_env/CVE-2022-41672/lib/python3.10/site-packages/connexion/apps/flask_app.py:36: DeprecationWarning: 'app.json_encoder' is deprecated and will be removed in Flask 2.3. Customize 'app.json_provider_class' or 'app.json' instead.
    app.json_encoder = FlaskJSONEncoder

tests/www/views/test_session.py: 28 warnings
tests/www/views/test_views_base.py: 14 warnings
  /workspace/PoC_env/CVE-2022-41672/lib/python3.10/site-packages/connexion/spec.py:50: DeprecationWarning: Passing a schema to Validator.iter_errors is deprecated and will be removed in a future release. Call validator.evolve(schema=new_schema).iter_errors(...) instead.
    for error in instance_validator.iter_errors(instance['default'], instance):

tests/www/views/test_session.py::test_session_cookie_created_on_login
  /workspace/airflow/airflow/api_connexion/schemas/task_schema.py:48: ChangedInMarshmallow4Warning: `Number` field should not be instantiated. Use `Integer`, `Float`, or `Decimal` instead.
    retries = fields.Number(dump_only=True)

tests/www/views/test_session.py::test_session_cookie_created_on_login
  /workspace/airflow/airflow/api_connexion/schemas/task_schema.py:51: ChangedInMarshmallow4Warning: `Number` field should not be instantiated. Use `Integer`, `Float`, or `Decimal` instead.
    pool_slots = fields.Number(dump_only=True)

tests/www/views/test_session.py::test_session_cookie_created_on_login
  /workspace/airflow/airflow/api_connexion/schemas/task_schema.py:55: ChangedInMarshmallow4Warning: `Number` field should not be instantiated. Use `Integer`, `Float`, or `Decimal` instead.
    priority_weight = fields.Number(dump_only=True)

tests/www/views/test_session.py: 18 warnings
tests/www/views/test_views_base.py: 417 warnings
  /workspace/PoC_env/CVE-2022-41672/lib/python3.10/site-packages/flask_sqlalchemy/__init__.py:302: DeprecationWarning: '_app_ctx_stack' is deprecated and will be removed in Flask 2.3. Use 'g' to store data, or 'app_ctx' to access the current context.
    queries = _app_ctx_stack.top.sqlalchemy_queries

tests/www/views/test_session.py: 7 warnings
tests/www/views/test_views_base.py: 156 warnings
  /workspace/PoC_env/CVE-2022-41672/lib/python3.10/site-packages/flask_sqlalchemy/__init__.py:304: DeprecationWarning: '_app_ctx_stack' is deprecated and will be removed in Flask 2.3. Use 'g' to store data, or 'app_ctx' to access the current context.
    queries = _app_ctx_stack.top.sqlalchemy_queries = []

tests/www/views/test_views_base.py::test_users_list
tests/www/views/test_views_base.py::test_roles_read[roles/list-List Roles]
tests/www/views/test_views_base.py::test_roles_create
tests/www/views/test_views_base.py::test_roles_edit
tests/www/views/test_views_base.py::test_views_get[userstatschertview-admin]
tests/www/views/test_views_base.py::test_views_get[permissions-admin]
tests/www/views/test_views_base.py::test_views_get[users-admin]
tests/www/views/test_views_base.py::test_create_user
tests/www/views/test_views_base.py::test_edit_user
  /workspace/PoC_env/CVE-2022-41672/lib/python3.10/site-packages/flask_appbuilder/fields.py:178: UserWarning: allow_blank=True does not do anything for QuerySelectMultipleField.
    warnings.warn(

tests/www/views/test_views_base.py: 20 warnings
  /workspace/PoC_env/CVE-2022-41672/lib/python3.10/site-packages/flask_appbuilder/widgets.py:31: DeprecationWarning: '_request_ctx_stack' is deprecated and will be removed in Flask 2.3. Use 'g' to store data, or 'request_ctx' to access the current context.
    ctx = _request_ctx_stack.top

-- Docs: https://docs.pytest.org/en/stable/how-to/capture-warnings.html
=============== 49 passed, 1 deselected, 682 warnings in 10.43s ================

2026-01-16 21:31:57,790 - src.agents.base - INFO - Tool RunTest: ✓
2026-01-16 21:32:05,084 - src.agents.base - INFO - VerificationAgent - LLM response (2000 chars):
```json
{
    "poc_result": {
        "passed": false,
        "vulnerability_fixed": false,
        "analysis": "The PoC (fix-run.sh) failed with an exception: 'werkzeug.routing.exceptions.BuildError: Could not build url for endpoint 'SecurityView.login'. Did you mean 'AuthDBView.login' instead?'. This indicates that while the patch attempts to log out deactivated users (as seen in the log 'Logging out inactive user: test_user'), it tries to redirect to a non-existent endpoint, causing a failure. The vulnerability is not considered fixed because the logout flow for deactivated users is broken."
    },
    "regression_result": {
        "passed": true,
        "tests_present": true,
        "analysis": "The unit tests (unit_test.sh) all passed except for one test that was deselected. The output shows '49 passed, 1 deselected', and no errors or failures are present. This indicates that normal user and API flows are not broken by the patch."
    },
    "overall_verdict": "FAIL_POC",
    "feedback_for_planner": {
        "issues": [
            "PoC test failed due to a BuildError when redirecting after logging out a deactivated user.",
            "The code attempts to redirect to 'SecurityView.login', which does not exist. The error message suggests 'AuthDBView.login' may be the correct endpoint."
        ],
        "suggestions": [
            "Update the redirect in the deactivated user logout flow to use the correct login endpoint, likely 'AuthDBView.login' instead of 'SecurityView.login'.",
            "Verify that the endpoint exists and is registered in the Flask app."
        ],
        "suspected_cause": "The patch added logic to log out inactive users, but the redirect uses an incorrect or outdated endpoint name ('SecurityView.login'), which is not present in the current routing map.",
        "output_excerpt": "werkzeug.routing.exceptions.BuildError: Could not build url for endpoint 'SecurityView.login'. Did you mean 'AuthDBView.login' instead?"
    }
}
```
2026-01-16 21:32:05,085 - src.agents.base - INFO - Tool AskAgent: ✓
2026-01-16 21:32:09,535 - src.agents.base - INFO - CoordinatorAgent executing tool: AskAgent
2026-01-16 21:32:09,535 - src.agents.base - INFO - Tool arguments:
{
  "agent_name": "PatchAgent",
  "message": "In airflow/www/app.py, update the before_request handler for deactivated users: change the redirect after logout from 'SecurityView.login' to 'AuthDBView.login'. Ensure this endpoint exists and is the correct login view for the app."
}
2026-01-16 21:32:09,536 - src.agents.base - INFO - PatchAgent - LLM call prompt (3934 chars):
## Message
In airflow/www/app.py, update the before_request handler for deactivated users: change the redirect after logout from 'SecurityView.login' to 'AuthDBView.login'. Ensure this endpoint exists and is the correct login view for the app.

## Context
```json
{
  "sample_id": "CVE-2022-41672",
  "file_path": "airflow/www/app.py",
  "vulnerable_code": "def create_app(config=None, testing=False):\n    \"\"\"Create a new instance of Airflow WWW app\"\"\"\n    flask_app = Flask(__name__)\n    flask_app.secret_key = conf.get('webserver', 'SECRET_KEY')\n\n    flask_app.config['PERMANENT_SESSION_LIFETIME'] = timedelta(minutes=settings.get_session_lifetime_config())\n    flask_app.config.from_pyfile(settings.WEBSERVER_CONFIG, silent=True)\n    flask_app.config['APP_NAME'] = conf.get(section=\"webserver\", key=\"instance_name\", fallback=\"Airflow\")\n    flask_app.config['TESTING'] = testing\n    flask_app.config['SQLALCHEMY_DATABASE_URI'] = conf.get('database', 'SQL_ALCHEMY_CONN')\n\n    url = make_url(flask_app.config['SQLALCHEMY_DATABASE_URI'])\n    if url.drivername == 'sqlite' and url.database and not url.database.startswith('/'):\n        raise AirflowConfigException(\n            f'Cannot use relative path: `{conf.get(\"database\", \"SQL_ALCHEMY_CONN\")}` to connect to sqlite. '\n            'Please use absolute path such as `sqlite:////tmp/airflow.db`.'\n        )\n\n    flask_app.config['SQLALCHEMY_TRACK_MODIFICATIONS'] = False\n\n    flask_app.config['SESSION_COOKIE_HTTPONLY'] = True\n    flask_app.config['SESSION_COOKIE_SECURE'] = conf.getboolean('webserver', 'COOKIE_SECURE')\n\n    cookie_samesite_config = conf.get('webserver', 'COOKIE_SAMESITE')\n    if cookie_samesite_config == \"\":\n        warnings.warn(\n            \"Old deprecated value found for `cookie_samesite` option in `[webserver]` section. \"\n            \"Using `Lax` instead. Change the value to `Lax` in airflow.cfg to remove this warning.\",\n            RemovedInAirflow3Warning,\n        )\n        cookie_samesite_config = \"Lax\"\n    flask_app.config['SESSION_COOKIE_SAMESITE'] = cookie_samesite_config\n\n    if config:\n        flask_app.config.from_mapping(config)\n\n    if 'SQLALCHEMY_ENGINE_OPTIONS' not in flask_app.config:\n        flask_app.config['SQLALCHEMY_ENGINE_OPTIONS'] = settings.prepare_engine_args()\n\n    # Configure the JSON encoder used by `|tojson` filter from Flask\n    flask_app.json_provider_class = AirflowJsonProvider\n    flask_app.json = AirflowJsonProvider(flask_app)\n\n    csrf.init_app(flask_app)\n\n    init_wsgi_middleware(flask_app)\n\n    db = SQLA()\n    db.session = settings.Session\n    db.init_app(flask_app)\n\n    init_dagbag(flask_app)\n\n    init_api_experimental_auth(flask_app)\n\n    init_robots(flask_app)\n\n    cache_config = {'CACHE_TYPE': 'flask_caching.backends.filesystem', 'CACHE_DIR': gettempdir()}\n    Cache(app=flask_app, config=cache_config)\n\n    init_flash_views(flask_app)\n\n    configure_logging()\n    configure_manifest_files(flask_app)\n\n    import_all_models()\n\n    with flask_app.app_context():\n        init_appbuilder(flask_app)\n\n        init_appbuilder_views(flask_app)\n        init_appbuilder_links(flask_app)\n        init_plugins(flask_app)\n        init_connection_form()\n        init_error_handlers(flask_app)\n        init_api_connexion(flask_app)\n        init_api_experimental(flask_app)\n\n        sync_appbuilder_roles(flask_app)\n\n        init_jinja_globals(flask_app)\n        init_xframe_protection(flask_app)\n        init_airflow_session_interface(flask_app)\n    return flask_app",
  "problem_statement": "",
  "programming_language": "Python",
  "cve_id": "CVE-2022-41672",
  "cwe_id": [
    "CWE-285",
    "CWE-250",
    "CWE-269"
  ],
  "vulnerability_locations": [
    {
      "file_path": "airflow/www/app.py",
      "start_line": 72,
      "end_line": 155
    }
  ],
  "test_paths": [],
  "poc_test": null
}
```
2026-01-16 21:32:09,573 - src.agents.base - DEBUG - PatchAgent starting agent run (max_turns=1000000)
2026-01-16 21:32:09,573 - src.agents.base - DEBUG - PatchAgent - System prompt (1430 chars):
You are a Security Patch Developer responsible for implementing vulnerability fixes.

**IMPORTANT**: When invoked via AskAgent, focus on your task and provide clear, concise feedback about the implementation.

## Role
You receive high-level guidance describing WHAT to fix, not HOW. You must implement the fix with correct, complete code.

## Rules

1. **ONLY edit the vulnerable file(s)**: You may ONLY modify files explicitly listed in the vulnerability location. Do NOT edit any other files.
2. **Complete Code Only**: Every variable, function, regex pattern, or constant you reference MUST be defined
3. **No Placeholders**: Never use placeholder names like `enhanced_pattern`, `new_validator`, `helper_function` without implementing them
4. **No Undefined References**: If you add `foo(x)`, the function `foo` must exist or you must define it
5. **Verify Before Edit**: After reading the file, mentally trace your new code to ensure all symbols resolve
6. **Rigor**: Be thorough, defensive and rigorous in your implementation. If you spot any issues the planner did not account for, fix them and report back in your patch summary.

## Guidelines
- Minimal changes only; preserve behavior.
- Use ReadFile before EditCode.
- Ensure every referenced symbol is defined.

## Output Format
Return a JSON summary with patch_applied and a short change description.
Be precise and careful. Incorrect patches waste verification cycles.
2026-01-16 21:32:11,586 - src.agents.base - INFO - PatchAgent executing tool: ReadFile
2026-01-16 21:32:11,587 - src.agents.base - INFO - Tool arguments:
{
  "file_path": "airflow/www/app.py",
  "start_line": 1,
  "end_line": 80
}
2026-01-16 21:32:11,750 - src.agents.base - INFO - Tool ReadFile: ✓
2026-01-16 21:32:12,945 - src.agents.base - INFO - PatchAgent executing tool: ReadFile
2026-01-16 21:32:12,945 - src.agents.base - INFO - Tool arguments:
{
  "file_path": "airflow/www/app.py",
  "start_line": 81,
  "end_line": 160
}
2026-01-16 21:32:13,093 - src.agents.base - INFO - Tool ReadFile: ✓
2026-01-16 21:32:14,561 - src.agents.base - INFO - PatchAgent executing tool: ReadFile
2026-01-16 21:32:14,561 - src.agents.base - INFO - Tool arguments:
{
  "file_path": "airflow/www/security.py",
  "start_line": 1,
  "end_line": 60
}
2026-01-16 21:32:14,716 - src.agents.base - INFO - Tool ReadFile: ✓
2026-01-16 21:32:15,876 - src.agents.base - INFO - PatchAgent executing tool: ReadFile
2026-01-16 21:32:15,876 - src.agents.base - INFO - Tool arguments:
{
  "file_path": "airflow/www/fab_security/views.py",
  "start_line": 1,
  "end_line": 60
}
2026-01-16 21:32:16,044 - src.agents.base - INFO - Tool ReadFile: ✓
2026-01-16 21:32:17,456 - src.agents.base - INFO - PatchAgent executing tool: ReadFile
2026-01-16 21:32:17,456 - src.agents.base - INFO - Tool arguments:
{
  "file_path": "airflow/www/fab_security/views.py",
  "start_line": 60,
  "end_line": 120
}
2026-01-16 21:32:17,657 - src.agents.base - INFO - Tool ReadFile: ✓
2026-01-16 21:32:19,118 - src.agents.base - INFO - PatchAgent executing tool: ReadFile
2026-01-16 21:32:19,118 - src.agents.base - INFO - Tool arguments:
{
  "file_path": "airflow/www/fab_security/views.py",
  "start_line": 1,
  "end_line": 200
}
2026-01-16 21:32:19,311 - src.agents.base - INFO - Tool ReadFile: ✓
2026-01-16 21:32:20,848 - src.agents.base - INFO - PatchAgent executing tool: ReadFile
2026-01-16 21:32:20,848 - src.agents.base - INFO - Tool arguments:
{
  "file_path": "airflow/www/fab_security/views.py",
  "start_line": 200,
  "end_line": 300
}
2026-01-16 21:32:20,995 - src.agents.base - INFO - Tool ReadFile: ✓
2026-01-16 21:32:22,685 - src.agents.base - INFO - PatchAgent executing tool: ReadFile
2026-01-16 21:32:22,686 - src.agents.base - INFO - Tool arguments:
{
  "file_path": "airflow/www/fab_security/views.py",
  "start_line": 1,
  "end_line": 400
}
2026-01-16 21:32:22,842 - src.agents.base - INFO - Tool ReadFile: ✓
2026-01-16 21:32:24,282 - src.agents.base - INFO - PatchAgent executing tool: ReadFile
2026-01-16 21:32:24,282 - src.agents.base - INFO - Tool arguments:
{
  "file_path": "airflow/www/fab_security/views.py",
  "start_line": 1,
  "end_line": 20
}
2026-01-16 21:32:24,421 - src.agents.base - INFO - Tool ReadFile: ✓
2026-01-16 21:32:26,434 - src.agents.base - INFO - PatchAgent executing tool: ReadFile
2026-01-16 21:32:26,435 - src.agents.base - INFO - Tool arguments:
{
  "file_path": "airflow/www/fab_security/views.py",
  "start_line": 400,
  "end_line": 420
}
2026-01-16 21:32:26,612 - src.agents.base - INFO - Tool ReadFile: ✓
2026-01-16 21:32:27,864 - src.agents.base - INFO - PatchAgent executing tool: ReadFile
2026-01-16 21:32:27,865 - src.agents.base - INFO - Tool arguments:
{
  "file_path": "airflow/www/fab_security/views.py",
  "start_line": 1,
  "end_line": 100
}
2026-01-16 21:32:28,025 - src.agents.base - INFO - Tool ReadFile: ✓
2026-01-16 21:32:29,435 - src.agents.base - INFO - PatchAgent executing tool: ReadFile
2026-01-16 21:32:29,435 - src.agents.base - INFO - Tool arguments:
{
  "file_path": "airflow/www/fab_security/views.py",
  "start_line": 1,
  "end_line": 500
}
2026-01-16 21:32:29,603 - src.agents.base - INFO - Tool ReadFile: ✓
2026-01-16 21:32:31,345 - src.agents.base - INFO - PatchAgent executing tool: ReadFile
2026-01-16 21:32:31,346 - src.agents.base - INFO - Tool arguments:
{
  "file_path": "airflow/www/security.py",
  "start_line": 1,
  "end_line": 200
}
2026-01-16 21:32:31,508 - src.agents.base - INFO - Tool ReadFile: ✓
2026-01-16 21:32:32,988 - src.agents.base - INFO - PatchAgent executing tool: ReadFile
2026-01-16 21:32:32,989 - src.agents.base - INFO - Tool arguments:
{
  "file_path": "airflow/www/security.py",
  "start_line": 1,
  "end_line": 400
}
2026-01-16 21:32:33,152 - src.agents.base - INFO - Tool ReadFile: ✓
2026-01-16 21:32:35,136 - src.agents.base - INFO - PatchAgent executing tool: ReadFile
2026-01-16 21:32:35,137 - src.agents.base - INFO - Tool arguments:
{
  "file_path": "airflow/www/extensions/init_appbuilder.py",
  "start_line": 1,
  "end_line": 100
}
2026-01-16 21:32:35,289 - src.agents.base - INFO - Tool ReadFile: ✓
2026-01-16 21:32:37,286 - src.agents.base - INFO - PatchAgent executing tool: ReadFile
2026-01-16 21:32:37,287 - src.agents.base - INFO - Tool arguments:
{
  "file_path": "airflow/www/extensions/init_appbuilder.py",
  "start_line": 1,
  "end_line": 200
}
2026-01-16 21:32:37,447 - src.agents.base - INFO - Tool ReadFile: ✓
2026-01-16 21:32:39,232 - src.agents.base - INFO - PatchAgent executing tool: ReadFile
2026-01-16 21:32:39,233 - src.agents.base - INFO - Tool arguments:
{
  "file_path": "airflow/www/extensions/init_appbuilder.py",
  "start_line": 100,
  "end_line": 200
}
2026-01-16 21:32:39,384 - src.agents.base - INFO - Tool ReadFile: ✓
2026-01-16 21:32:41,789 - src.agents.base - INFO - PatchAgent executing tool: ReadFile
2026-01-16 21:32:41,789 - src.agents.base - INFO - Tool arguments:
{
  "file_path": "airflow/www/extensions/init_appbuilder.py",
  "start_line": 1,
  "end_line": 300
}
2026-01-16 21:32:41,939 - src.agents.base - INFO - Tool ReadFile: ✓
2026-01-16 21:32:46,210 - src.agents.base - INFO - PatchAgent executing tool: ReadFile
2026-01-16 21:32:46,211 - src.agents.base - INFO - Tool arguments:
{
  "file_path": "airflow/www/extensions/init_appbuilder.py",
  "start_line": 200,
  "end_line": 300
}
2026-01-16 21:32:46,334 - src.agents.base - INFO - Tool ReadFile: ✓
2026-01-16 21:32:47,937 - src.agents.base - INFO - PatchAgent executing tool: ReadFile
2026-01-16 21:32:47,937 - src.agents.base - INFO - Tool arguments:
{
  "file_path": "airflow/www/fab_security/views.py",
  "start_line": 1,
  "end_line": 20
}
2026-01-16 21:32:48,097 - src.agents.base - INFO - Tool ReadFile: ✓
2026-01-16 21:32:49,880 - src.agents.base - INFO - PatchAgent executing tool: ReadFile
2026-01-16 21:32:49,880 - src.agents.base - INFO - Tool arguments:
{
  "file_path": "airflow/www/fab_security/views.py",
  "start_line": 1,
  "end_line": 40
}
2026-01-16 21:32:50,029 - src.agents.base - INFO - Tool ReadFile: ✓
2026-01-16 21:32:52,760 - src.agents.base - INFO - PatchAgent executing tool: ReadFile
2026-01-16 21:32:52,760 - src.agents.base - INFO - Tool arguments:
{
  "file_path": "airflow/www/fab_security/views.py",
  "start_line": 1,
  "end_line": 500
}
2026-01-16 21:32:52,911 - src.agents.base - INFO - Tool ReadFile: ✓
2026-01-16 21:32:54,795 - src.agents.base - INFO - PatchAgent executing tool: ReadFile
2026-01-16 21:32:54,796 - src.agents.base - INFO - Tool arguments:
{
  "file_path": "airflow/www/security.py",
  "start_line": 1,
  "end_line": 20
}
2026-01-16 21:32:54,950 - src.agents.base - INFO - Tool ReadFile: ✓
2026-01-16 21:32:56,843 - src.agents.base - INFO - PatchAgent executing tool: ReadFile
2026-01-16 21:32:56,843 - src.agents.base - INFO - Tool arguments:
{
  "file_path": "airflow/www/security.py",
  "start_line": 1,
  "end_line": 100
}
2026-01-16 21:32:56,992 - src.agents.base - INFO - Tool ReadFile: ✓
2026-01-16 21:32:59,202 - src.agents.base - INFO - PatchAgent executing tool: ReadFile
2026-01-16 21:32:59,202 - src.agents.base - INFO - Tool arguments:
{
  "file_path": "airflow/www/fab_security/views.py",
  "start_line": 1,
  "end_line": 1000
}
2026-01-16 21:32:59,348 - src.agents.base - INFO - Tool ReadFile: ✓
2026-01-16 21:33:01,762 - src.agents.base - INFO - PatchAgent executing tool: EditCode
2026-01-16 21:33:01,763 - src.agents.base - INFO - Tool arguments:
{
  "file_path": "airflow/www/app.py",
  "old_code": "                    return redirect(url_for('SecurityView.login') + '?next=' + request.url)",
  "new_code": "                    return redirect(url_for('AuthDBView.login') + '?next=' + request.url)",
  "fuzzy_match": true,
  "skip_validation": false
}
2026-01-16 21:33:01,910 - src.tools.edit_code - INFO - EditCodeTool: Writing 7429 chars to airflow/www/app.py (match_type=exact)
2026-01-16 21:33:02,030 - src.agents.base - INFO - Tool EditCode: ✓
2026-01-16 21:33:03,905 - src.agents.base - INFO - PatchAgent - LLM response (302 chars):
{
  "patch_applied": true,
  "change_description": "Updated the before_request handler in airflow/www/app.py to redirect deactivated users to 'AuthDBView.login' instead of 'SecurityView.login'. 'AuthDBView.login' is the correct endpoint for the default database authentication login view in Airflow."
}
2026-01-16 21:33:03,905 - src.agents.base - INFO - Tool AskAgent: ✓
2026-01-16 21:33:05,344 - src.agents.base - INFO - CoordinatorAgent executing tool: AskAgent
2026-01-16 21:33:05,344 - src.agents.base - INFO - Tool arguments:
{
  "agent_name": "VerificationAgent",
  "message": "Re-run the PoC and regression tests to verify that deactivated users are now correctly logged out and redirected to the login page without errors, and that normal user and API flows are still working."
}
2026-01-16 21:33:05,346 - src.agents.base - INFO - VerificationAgent - LLM call prompt (3902 chars):
## Message
Re-run the PoC and regression tests to verify that deactivated users are now correctly logged out and redirected to the login page without errors, and that normal user and API flows are still working.

## Context
```json
{
  "sample_id": "CVE-2022-41672",
  "file_path": "airflow/www/app.py",
  "vulnerable_code": "def create_app(config=None, testing=False):\n    \"\"\"Create a new instance of Airflow WWW app\"\"\"\n    flask_app = Flask(__name__)\n    flask_app.secret_key = conf.get('webserver', 'SECRET_KEY')\n\n    flask_app.config['PERMANENT_SESSION_LIFETIME'] = timedelta(minutes=settings.get_session_lifetime_config())\n    flask_app.config.from_pyfile(settings.WEBSERVER_CONFIG, silent=True)\n    flask_app.config['APP_NAME'] = conf.get(section=\"webserver\", key=\"instance_name\", fallback=\"Airflow\")\n    flask_app.config['TESTING'] = testing\n    flask_app.config['SQLALCHEMY_DATABASE_URI'] = conf.get('database', 'SQL_ALCHEMY_CONN')\n\n    url = make_url(flask_app.config['SQLALCHEMY_DATABASE_URI'])\n    if url.drivername == 'sqlite' and url.database and not url.database.startswith('/'):\n        raise AirflowConfigException(\n            f'Cannot use relative path: `{conf.get(\"database\", \"SQL_ALCHEMY_CONN\")}` to connect to sqlite. '\n            'Please use absolute path such as `sqlite:////tmp/airflow.db`.'\n        )\n\n    flask_app.config['SQLALCHEMY_TRACK_MODIFICATIONS'] = False\n\n    flask_app.config['SESSION_COOKIE_HTTPONLY'] = True\n    flask_app.config['SESSION_COOKIE_SECURE'] = conf.getboolean('webserver', 'COOKIE_SECURE')\n\n    cookie_samesite_config = conf.get('webserver', 'COOKIE_SAMESITE')\n    if cookie_samesite_config == \"\":\n        warnings.warn(\n            \"Old deprecated value found for `cookie_samesite` option in `[webserver]` section. \"\n            \"Using `Lax` instead. Change the value to `Lax` in airflow.cfg to remove this warning.\",\n            RemovedInAirflow3Warning,\n        )\n        cookie_samesite_config = \"Lax\"\n    flask_app.config['SESSION_COOKIE_SAMESITE'] = cookie_samesite_config\n\n    if config:\n        flask_app.config.from_mapping(config)\n\n    if 'SQLALCHEMY_ENGINE_OPTIONS' not in flask_app.config:\n        flask_app.config['SQLALCHEMY_ENGINE_OPTIONS'] = settings.prepare_engine_args()\n\n    # Configure the JSON encoder used by `|tojson` filter from Flask\n    flask_app.json_provider_class = AirflowJsonProvider\n    flask_app.json = AirflowJsonProvider(flask_app)\n\n    csrf.init_app(flask_app)\n\n    init_wsgi_middleware(flask_app)\n\n    db = SQLA()\n    db.session = settings.Session\n    db.init_app(flask_app)\n\n    init_dagbag(flask_app)\n\n    init_api_experimental_auth(flask_app)\n\n    init_robots(flask_app)\n\n    cache_config = {'CACHE_TYPE': 'flask_caching.backends.filesystem', 'CACHE_DIR': gettempdir()}\n    Cache(app=flask_app, config=cache_config)\n\n    init_flash_views(flask_app)\n\n    configure_logging()\n    configure_manifest_files(flask_app)\n\n    import_all_models()\n\n    with flask_app.app_context():\n        init_appbuilder(flask_app)\n\n        init_appbuilder_views(flask_app)\n        init_appbuilder_links(flask_app)\n        init_plugins(flask_app)\n        init_connection_form()\n        init_error_handlers(flask_app)\n        init_api_connexion(flask_app)\n        init_api_experimental(flask_app)\n\n        sync_appbuilder_roles(flask_app)\n\n        init_jinja_globals(flask_app)\n        init_xframe_protection(flask_app)\n        init_airflow_session_interface(flask_app)\n    return flask_app",
  "problem_statement": "",
  "programming_language": "Python",
  "cve_id": "CVE-2022-41672",
  "cwe_id": [
    "CWE-285",
    "CWE-250",
    "CWE-269"
  ],
  "vulnerability_locations": [
    {
      "file_path": "airflow/www/app.py",
      "start_line": 72,
      "end_line": 155
    }
  ],
  "test_paths": [],
  "poc_test": null
}
```
2026-01-16 21:33:05,378 - src.agents.base - DEBUG - VerificationAgent starting agent run (max_turns=1000000)
2026-01-16 21:33:05,378 - src.agents.base - DEBUG - VerificationAgent - System prompt (3831 chars):
You are a Security Verification Engineer responsible for validating vulnerability patches.

**IMPORTANT**: When invoked via AskAgent, focus on your task and provide clear test results and feedback.

## Role

After a patch is applied, you verify it using PatchEval's validation scripts:
1. Run the PoC (Proof of Concept) test to verify the vulnerability is fixed
2. Run the unit test suite (if present) to verify no regressions were introduced
3. Produce structured feedback for the Planner if the patch fails

## Tools

### RunTest
Runs PatchEval validation scripts in sequence:
1. **prepare.sh** - Resets the repository to a clean state
2. **fix-run.sh** - Executes the PoC to verify the vulnerability is patched
3. **unit_test.sh** - (if present) Runs unit tests for functional correctness

Parameters:
- `run_prepare`: Whether to run prepare.sh first (default: true)
- `timeout`: Timeout in seconds for each script (default: 120)
 - `include_paths`: Optional list of file paths to limit the diff used to build /workspace/fix.patch. Pass the files you edited (e.g., from EditCode).

The tool automatically:
- Extracts the git diff from your applied changes
- Writes it to /workspace/fix.patch
- Runs the validation scripts
- Returns the raw stdout/stderr output

## Test Output Rules

**YOU must read the stdout/stderr output to determine if tests pass or fail.**

The RunTest tool returns raw output - it does NOT tell you if tests passed. You must analyze:

### For PoC (fix-run.sh):
- **PASS indicators**: "test passed", "vulnerability fixed", "OK", exit code 0 with no errors
- **FAIL indicators**: tracebacks, exceptions, "FAILED", "AssertionError", "vulnerability still present"

### For Unit Tests (unit_test.sh):
- **PASS indicators**: "OK", "passed", "0 failures", all tests green
- **FAIL indicators**: "FAILED", "ERROR", assertion failures, exceptions, non-zero failure count

### Exit Codes:
- Exit code 0 usually means success, but ALWAYS verify by reading the actual output
- Exit code non-zero usually means failure, but check the output for details

## Workflow

1. **Call RunTest**: Simply call the RunTest tool - it handles setup automatically
2. **READ THE OUTPUT CAREFULLY**: The tool returns raw stdout/stderr - analyze it to determine:
   - Did the PoC test pass? (vulnerability fixed?)
   - Did unit tests pass? (no regressions?)
3. **Provide Feedback**: Based on YOUR analysis of the output, provide actionable feedback
 4. When calling RunTest, if `edited_files` are provided in context, pass them via `include_paths` to restrict the patch to only those files.

## Output Format

After running the test and READING THE OUTPUT, provide your analysis:

```json
{
    "poc_result": {
        "passed": true/false, true if and only if the test conclusively shows the vulnerability is fixed
        "vulnerability_fixed": true/false,
        "analysis": "What you observed in the fix-run.sh output that led to this conclusion"
    },
    "regression_result": {
        "passed": true/false, true if and only if all unit tests passed
        "tests_present": true/false,
        "analysis": "What you observed in the unit_test.sh output (if present)"
    },
    "overall_verdict": "PASS" | "FAIL_POC" | "FAIL_REGRESSION",
    "feedback_for_planner": {
        "issues": ["List of specific issues from the test output"],
        "suggestions": ["Concrete suggestions for fixing the issues"],
        "suspected_cause": "Analysis of the root cause of failures",
        "output_excerpt": "Relevant portion of test output showing the failure"
    }
}
```

Be thorough in your analysis. Quote specific lines from the output to support your conclusions. If a test fails, you must mark it as such, there is no room for interpretation in that case. If either poc or unit tests are missing, you may mark them as passed
2026-01-16 21:33:06,675 - src.agents.base - INFO - VerificationAgent executing tool: RunTest
2026-01-16 21:33:06,676 - src.agents.base - INFO - Tool arguments:
{
  "run_prepare": true,
  "timeout": 120,
  "include_paths": [
    "airflow/www/app.py"
  ],
  "run_unittest": true
}
2026-01-16 21:33:07,006 - src.tools.run_test - INFO - Extracted 4 file paths from /workspace/test.patch: ['tests/www/views/test_session.py', 'tests/test_utils/decorators.py', 'tests/www/views/conftest.py', 'tests/www/views/test_views_base.py']
2026-01-16 21:33:07,006 - src.tools.run_test - INFO - Generating git diff for fix.patch
2026-01-16 21:33:07,006 - src.tools.run_test - INFO -   include_paths: ['airflow/www/app.py']
2026-01-16 21:33:07,006 - src.tools.run_test - INFO -   exclude_paths (from test.patch): ['tests/www/views/test_session.py', 'tests/test_utils/decorators.py', 'tests/www/views/conftest.py', 'tests/www/views/test_views_base.py']
2026-01-16 21:33:07,007 - src.tools.run_test - INFO -   git diff command: git diff HEAD -- 'airflow/www/app.py' ':(exclude)tests/www/views/test_session.py' ':(exclude)tests/test_utils/decorators.py' ':(exclude)tests/www/views/conftest.py' ':(exclude)tests/www/views/test_views_base.py'
2026-01-16 21:33:07,159 - src.tools.run_test - INFO -   Generated patch: 1548 bytes, 29 lines
2026-01-16 21:33:07,159 - src.tools.run_test - INFO -   Patch content:
diff --git a/airflow/www/app.py b/airflow/www/app.py
index b67314c..ab15383 100644
--- a/airflow/www/app.py
+++ b/airflow/www/app.py
@@ -139,6 +139,24 @@ def create_app(config=None, testing=False):
     with flask_app.app_context():
         init_appbuilder(flask_app)
 
+        # Add before_request handler to check if authenticated user is inactive
+        from flask import redirect, url_for, request
+        from flask_login import current_user, logout_user
+        import logging
+
+        def check_active_user():
+            if hasattr(current_user, 'is_authenticated') and current_user.is_authenticated:
+                # Defensive: Some user objects may not have 'active' attribute
+                if hasattr(current_user, 'active') and not current_user.active:
+                    logging.info(f"Logging out inactive user: {getattr(current_user, 'username', 'unknown')}")
+                    logout_user()
+                    # For API requests, return 401 JSON; for UI, redirect to login
+                    if request.path.startswith('/api/') or request.accept_mimetypes.best == 'application/json':
+                        from flask import jsonify
+                        return jsonify({"message": "User inactive. Please contact your administrator."}), 401
+                    return redirect(url_for('AuthDBView.login') + '?next=' + request.url)
+        flask_app.before_request(check_active_user)
+
         init_appbuilder_views(flask_app)
         init_appbuilder_links(flask_app)
         init_plugins(flask_app)

2026-01-16 21:33:07,251 - src.tools.run_test - INFO - Running prepare.sh to reset repository...
2026-01-16 21:33:07,898 - src.tools.run_test - INFO - Running fix-run.sh for PoC validation...
2026-01-16 21:33:07,995 - src.tools.run_test - INFO - Patch being tested:
diff --git a/airflow/www/app.py b/airflow/www/app.py
index b67314c..ab15383 100644
--- a/airflow/www/app.py
+++ b/airflow/www/app.py
@@ -139,6 +139,24 @@ def create_app(config=None, testing=False):
     with flask_app.app_context():
         init_appbuilder(flask_app)
 
+        # Add before_request handler to check if authenticated user is inactive
+        from flask import redirect, url_for, request
+        from flask_login import current_user, logout_user
+        import logging
+
+        def check_active_user():
+            if hasattr(current_user, 'is_authenticated') and current_user.is_authenticated:
+                # Defensive: Some user objects may not have 'active' attribute
+                if hasattr(current_user, 'active') and not current_user.active:
+                    logging.info(f"Logging out inactive user: {getattr(current_user, 'username', 'unknown')}")
+                    logout_user()
+                    # For API requests, return 401 JSON; for UI, redirect to login
+                    if request.path.startswith('/api/') or request.accept_mimetypes.best == 'application/json':
+                        from flask import jsonify
+                        return jsonify({"message": "User inactive. Please contact your administrator."}), 401
+                    return redirect(url_for('AuthDBView.login') + '?next=' + request.url)
+        flask_app.before_request(check_active_user)
+
         init_appbuilder_views(flask_app)
         init_appbuilder_links(flask_app)
         init_plugins(flask_app)


2026-01-16 21:33:19,320 - src.tools.run_test - INFO - fix-run.sh completed with exit code 0
2026-01-16 21:33:19,325 - src.tools.run_test - INFO - fix-run.sh output:
/workspace/PoC_env/CVE-2022-41672/lib/python3.10/site-packages/pytest_asyncio/plugin.py:217: PytestDeprecationWarning: The configuration option "asyncio_default_fixture_loop_scope" is unset.
The event loop scope for asynchronous fixtures will default to the fixture caching scope. Future versions of pytest-asyncio will default the loop scope for asynchronous fixtures to function scope. Set the default fixture loop scope explicitly in order to avoid unexpected behavior in the future. Valid fixture loop scopes are: "function", "class", "module", "package", "session"

  warnings.warn(PytestDeprecationWarning(_DEFAULT_FIXTURE_LOOP_SCOPE_UNSET))
============================= test session starts ==============================
platform linux -- Python 3.10.16, pytest-8.3.5, pluggy-1.5.0 -- /workspace/PoC_env/CVE-2022-41672/bin/python
cachedir: .pytest_cache
rootdir: /workspace/airflow
configfile: pytest.ini
plugins: mock-3.14.0, xdist-3.6.1, cov-6.1.1, icdiff-0.9, anyio-4.9.0, timeouts-1.2.1, rerunfailures-15.0, custom-exit-code-0.3.0, requests-mock-1.12.1, asyncio-0.26.0, instafail-0.5.0, time-machine-2.16.0
asyncio: mode=strict, asyncio_default_fixture_loop_scope=None, asyncio_default_test_loop_scope=function
setup timeout: 0.0s, execution timeout: 0.0s, teardown timeout: 0.0s
collecting ... collected 52 items / 50 deselected / 2 selected

tests/www/views/test_session.py::test_check_active_user PASSED           [ 50%]
tests/www/views/test_views_base.py::test_index_redirect PASSED           [100%]

=============================== warnings summary ===============================
tests/www/views/test_session.py::test_check_active_user
  /workspace/airflow/airflow/compat/sqlalchemy.py:36: SADeprecationWarning: The Table.exists() method is deprecated and will be removed in a future release.  Please refer to Inspector.has_table(). (deprecated since: 1.4)
    return table.exists(conn)

tests/www/views/test_session.py::test_check_active_user
tests/www/views/test_session.py::test_check_active_user
tests/www/views/test_views_base.py::test_index_redirect
  /workspace/airflow/airflow/example_dags/example_subdag_operator.py:43: RemovedInAirflow3Warning: This class is deprecated. Please use `airflow.utils.task_group.TaskGroup`.
    section_1 = SubDagOperator(

tests/www/views/test_session.py::test_check_active_user
tests/www/views/test_session.py::test_check_active_user
tests/www/views/test_views_base.py::test_index_redirect
  /workspace/airflow/airflow/example_dags/example_subdag_operator.py:52: RemovedInAirflow3Warning: This class is deprecated. Please use `airflow.utils.task_group.TaskGroup`.
    section_2 = SubDagOperator(

tests/www/views/test_session.py::test_check_active_user
tests/www/views/test_views_base.py::test_index_redirect
  /workspace/PoC_env/CVE-2022-41672/lib/python3.10/site-packages/connexion/apps/flask_app.py:36: DeprecationWarning: 'app.json_encoder' is deprecated and will be removed in Flask 2.3. Customize 'app.json_provider_class' or 'app.json' instead.
    app.json_encoder = FlaskJSONEncoder

tests/www/views/test_session.py: 14 warnings
tests/www/views/test_views_base.py: 14 warnings
  /workspace/PoC_env/CVE-2022-41672/lib/python3.10/site-packages/connexion/spec.py:50: DeprecationWarning: Passing a schema to Validator.iter_errors is deprecated and will be removed in a future release. Call validator.evolve(schema=new_schema).iter_errors(...) instead.
    for error in instance_validator.iter_errors(instance['default'], instance):

tests/www/views/test_session.py::test_check_active_user
  /workspace/airflow/airflow/api_connexion/schemas/task_schema.py:48: ChangedInMarshmallow4Warning: `Number` field should not be instantiated. Use `Integer`, `Float`, or `Decimal` instead.
    retries = fields.Number(dump_only=True)

tests/www/views/test_session.py::test_check_active_user
  /workspace/airflow/airflow/api_connexion/schemas/task_schema.py:51: ChangedInMarshmallow4Warning: `Number` field should not be instantiated. Use `Integer`, `Float`, or `Decimal` instead.
    pool_slots = fields.Number(dump_only=True)

tests/www/views/test_session.py::test_check_active_user
  /workspace/airflow/airflow/api_connexion/schemas/task_schema.py:55: ChangedInMarshmallow4Warning: `Number` field should not be instantiated. Use `Integer`, `Float`, or `Decimal` instead.
    priority_weight = fields.Number(dump_only=True)

tests/www/views/test_session.py: 8 warnings
tests/www/views/test_views_base.py: 11 warnings
  /workspace/PoC_env/CVE-2022-41672/lib/python3.10/site-packages/flask_sqlalchemy/__init__.py:302: DeprecationWarning: '_app_ctx_stack' is deprecated and will be removed in Flask 2.3. Use 'g' to store data, or 'app_ctx' to access the current context.
    queries = _app_ctx_stack.top.sqlalchemy_queries

tests/www/views/test_session.py::test_check_active_user
tests/www/views/test_session.py::test_check_active_user
tests/www/views/test_session.py::test_check_active_user
tests/www/views/test_views_base.py::test_index_redirect
tests/www/views/test_views_base.py::test_index_redirect
tests/www/views/test_views_base.py::test_index_redirect
tests/www/views/test_views_base.py::test_index_redirect
  /workspace/PoC_env/CVE-2022-41672/lib/python3.10/site-packages/flask_sqlalchemy/__init__.py:304: DeprecationWarning: '_app_ctx_stack' is deprecated and will be removed in Flask 2.3. Use 'g' to store data, or 'app_ctx' to access the current context.
    queries = _app_ctx_stack.top.sqlalchemy_queries = []

-- Docs: https://docs.pytest.org/en/stable/how-to/capture-warnings.html
================ 2 passed, 50 deselected, 66 warnings in 9.00s =================

2026-01-16 21:33:19,461 - src.tools.run_test - INFO - Running prepare.sh to reset repository...
2026-01-16 21:33:20,282 - src.tools.run_test - INFO - Running unit_test.sh for regression testing...
2026-01-16 21:33:34,037 - src.tools.run_test - INFO - unit_test.sh completed with exit code 0
2026-01-16 21:33:34,039 - src.tools.run_test - INFO - unit_test.sh output:
/workspace/PoC_env/CVE-2022-41672/lib/python3.10/site-packages/pytest_asyncio/plugin.py:217: PytestDeprecationWarning: The configuration option "asyncio_default_fixture_loop_scope" is unset.
The event loop scope for asynchronous fixtures will default to the fixture caching scope. Future versions of pytest-asyncio will default the loop scope for asynchronous fixtures to function scope. Set the default fixture loop scope explicitly in order to avoid unexpected behavior in the future. Valid fixture loop scopes are: "function", "class", "module", "package", "session"

  warnings.warn(PytestDeprecationWarning(_DEFAULT_FIXTURE_LOOP_SCOPE_UNSET))
============================= test session starts ==============================
platform linux -- Python 3.10.16, pytest-8.3.5, pluggy-1.5.0 -- /workspace/PoC_env/CVE-2022-41672/bin/python
cachedir: .pytest_cache
rootdir: /workspace/airflow
configfile: pytest.ini
plugins: mock-3.14.0, xdist-3.6.1, cov-6.1.1, icdiff-0.9, anyio-4.9.0, timeouts-1.2.1, rerunfailures-15.0, custom-exit-code-0.3.0, requests-mock-1.12.1, asyncio-0.26.0, instafail-0.5.0, time-machine-2.16.0
asyncio: mode=strict, asyncio_default_fixture_loop_scope=None, asyncio_default_test_loop_scope=function
setup timeout: 0.0s, execution timeout: 0.0s, teardown timeout: 0.0s
collecting ... collected 50 items / 1 deselected / 49 selected

tests/www/views/test_session.py::test_session_cookie_created_on_login PASSED [  2%]
tests/www/views/test_session.py::test_session_inaccessible_after_logout PASSED [  4%]
tests/www/views/test_session.py::test_invalid_session_backend_option PASSED [  6%]
tests/www/views/test_session.py::test_session_id_rotates PASSED          [  8%]
tests/www/views/test_views_base.py::test_doc_urls PASSED                 [ 10%]
tests/www/views/test_views_base.py::test_health[heartbeat_healthy] PASSED [ 12%]
tests/www/views/test_views_base.py::test_health[heartbeat_too_slow] PASSED [ 14%]
tests/www/views/test_views_base.py::test_health[heartbeat_not_running] PASSED [ 16%]
tests/www/views/test_views_base.py::test_users_list PASSED               [ 18%]
tests/www/views/test_views_base.py::test_roles_read[roles/list-List Roles] PASSED [ 20%]
tests/www/views/test_views_base.py::test_roles_read[roles/show/1-Show Role] PASSED [ 22%]
tests/www/views/test_views_base.py::test_roles_read_unauthorized PASSED  [ 24%]
tests/www/views/test_views_base.py::test_roles_create PASSED             [ 26%]
tests/www/views/test_views_base.py::test_roles_create_unauthorized PASSED [ 28%]
tests/www/views/test_views_base.py::test_roles_edit PASSED               [ 30%]
tests/www/views/test_views_base.py::test_roles_edit_unauthorized PASSED  [ 32%]
tests/www/views/test_views_base.py::test_roles_delete PASSED             [ 34%]
tests/www/views/test_views_base.py::test_roles_delete_unauthorized PASSED [ 36%]
tests/www/views/test_views_base.py::test_views_get[userstatschertview-admin] PASSED [ 38%]
tests/www/views/test_views_base.py::test_views_get[userstatschertview-viewer] PASSED [ 40%]
tests/www/views/test_views_base.py::test_views_get[actions-admin] PASSED [ 42%]
tests/www/views/test_views_base.py::test_views_get[actions-viewer] PASSED [ 44%]
tests/www/views/test_views_base.py::test_views_get[resources-admin] PASSED [ 46%]
tests/www/views/test_views_base.py::test_views_get[resources-viewer] PASSED [ 48%]
tests/www/views/test_views_base.py::test_views_get[permissions-admin] PASSED [ 51%]
tests/www/views/test_views_base.py::test_views_get[permissions-viewer] PASSED [ 53%]
tests/www/views/test_views_base.py::test_views_get[resetpassword-admin] PASSED [ 55%]
tests/www/views/test_views_base.py::test_views_get[resetpassword-viewer] PASSED [ 57%]
tests/www/views/test_views_base.py::test_views_get[users-admin] PASSED   [ 59%]
tests/www/views/test_views_base.py::test_views_get[users-viewer] PASSED  [ 61%]
tests/www/views/test_views_base.py::test_views_post[blocked-None] PASSED [ 63%]
tests/www/views/test_views_base.py::test_views_post[dag_stats-None] PASSED [ 65%]
tests/www/views/test_views_base.py::test_views_post[task_stats-_check_task_stats_json] PASSED [ 67%]
tests/www/views/test_views_base.py::test_resetmypasswordview_edit[my-viewer] PASSED [ 69%]
tests/www/views/test_views_base.py::test_resetmypasswordview_edit[pk-admin] PASSED [ 71%]
tests/www/views/test_views_base.py::test_resetmypasswordview_edit[pk-viewer] PASSED [ 73%]
tests/www/views/test_views_base.py::test_resetmypasswordview_read PASSED [ 75%]
tests/www/views/test_views_base.py::test_get_myuserinfo PASSED           [ 77%]
tests/www/views/test_views_base.py::test_edit_myuserinfo PASSED          [ 79%]
tests/www/views/test_views_base.py::test_views_post_access_denied[add-user] PASSED [ 81%]
tests/www/views/test_views_base.py::test_views_post_access_denied[edit-user] PASSED [ 83%]
tests/www/views/test_views_base.py::test_views_post_access_denied[delete-user] PASSED [ 85%]
tests/www/views/test_views_base.py::test_create_user PASSED              [ 87%]
tests/www/views/test_views_base.py::test_edit_user PASSED                [ 89%]
tests/www/views/test_views_base.py::test_delete_user PASSED              [ 91%]
tests/www/views/test_views_base.py::test_task_stats_only_noncompleted PASSED [ 93%]
tests/www/views/test_views_base.py::test_page_instance_name PASSED       [ 95%]
tests/www/views/test_views_base.py::test_page_instance_name_xss_prevention PASSED [ 97%]
tests/www/views/test_views_base.py::test_page_instance_name_with_markup PASSED [100%]

=============================== warnings summary ===============================
tests/www/views/test_session.py::test_session_cookie_created_on_login
  /workspace/airflow/airflow/compat/sqlalchemy.py:36: SADeprecationWarning: The Table.exists() method is deprecated and will be removed in a future release.  Please refer to Inspector.has_table(). (deprecated since: 1.4)
    return table.exists(conn)

tests/www/views/test_session.py::test_session_cookie_created_on_login
tests/www/views/test_session.py::test_session_cookie_created_on_login
tests/www/views/test_views_base.py::test_doc_urls
  /workspace/airflow/airflow/example_dags/example_subdag_operator.py:43: RemovedInAirflow3Warning: This class is deprecated. Please use `airflow.utils.task_group.TaskGroup`.
    section_1 = SubDagOperator(

tests/www/views/test_session.py::test_session_cookie_created_on_login
tests/www/views/test_session.py::test_session_cookie_created_on_login
tests/www/views/test_views_base.py::test_doc_urls
  /workspace/airflow/airflow/example_dags/example_subdag_operator.py:52: RemovedInAirflow3Warning: This class is deprecated. Please use `airflow.utils.task_group.TaskGroup`.
    section_2 = SubDagOperator(

tests/www/views/test_session.py::test_session_cookie_created_on_login
tests/www/views/test_session.py::test_invalid_session_backend_option
tests/www/views/test_views_base.py::test_doc_urls
  /workspace/PoC_env/CVE-2022-41672/lib/python3.10/site-packages/connexion/apps/flask_app.py:36: DeprecationWarning: 'app.json_encoder' is deprecated and will be removed in Flask 2.3. Customize 'app.json_provider_class' or 'app.json' instead.
    app.json_encoder = FlaskJSONEncoder

tests/www/views/test_session.py: 28 warnings
tests/www/views/test_views_base.py: 14 warnings
  /workspace/PoC_env/CVE-2022-41672/lib/python3.10/site-packages/connexion/spec.py:50: DeprecationWarning: Passing a schema to Validator.iter_errors is deprecated and will be removed in a future release. Call validator.evolve(schema=new_schema).iter_errors(...) instead.
    for error in instance_validator.iter_errors(instance['default'], instance):

tests/www/views/test_session.py::test_session_cookie_created_on_login
  /workspace/airflow/airflow/api_connexion/schemas/task_schema.py:48: ChangedInMarshmallow4Warning: `Number` field should not be instantiated. Use `Integer`, `Float`, or `Decimal` instead.
    retries = fields.Number(dump_only=True)

tests/www/views/test_session.py::test_session_cookie_created_on_login
  /workspace/airflow/airflow/api_connexion/schemas/task_schema.py:51: ChangedInMarshmallow4Warning: `Number` field should not be instantiated. Use `Integer`, `Float`, or `Decimal` instead.
    pool_slots = fields.Number(dump_only=True)

tests/www/views/test_session.py::test_session_cookie_created_on_login
  /workspace/airflow/airflow/api_connexion/schemas/task_schema.py:55: ChangedInMarshmallow4Warning: `Number` field should not be instantiated. Use `Integer`, `Float`, or `Decimal` instead.
    priority_weight = fields.Number(dump_only=True)

tests/www/views/test_session.py: 18 warnings
tests/www/views/test_views_base.py: 417 warnings
  /workspace/PoC_env/CVE-2022-41672/lib/python3.10/site-packages/flask_sqlalchemy/__init__.py:302: DeprecationWarning: '_app_ctx_stack' is deprecated and will be removed in Flask 2.3. Use 'g' to store data, or 'app_ctx' to access the current context.
    queries = _app_ctx_stack.top.sqlalchemy_queries

tests/www/views/test_session.py: 7 warnings
tests/www/views/test_views_base.py: 156 warnings
  /workspace/PoC_env/CVE-2022-41672/lib/python3.10/site-packages/flask_sqlalchemy/__init__.py:304: DeprecationWarning: '_app_ctx_stack' is deprecated and will be removed in Flask 2.3. Use 'g' to store data, or 'app_ctx' to access the current context.
    queries = _app_ctx_stack.top.sqlalchemy_queries = []

tests/www/views/test_views_base.py::test_users_list
tests/www/views/test_views_base.py::test_roles_read[roles/list-List Roles]
tests/www/views/test_views_base.py::test_roles_create
tests/www/views/test_views_base.py::test_roles_edit
tests/www/views/test_views_base.py::test_views_get[userstatschertview-admin]
tests/www/views/test_views_base.py::test_views_get[permissions-admin]
tests/www/views/test_views_base.py::test_views_get[users-admin]
tests/www/views/test_views_base.py::test_create_user
tests/www/views/test_views_base.py::test_edit_user
  /workspace/PoC_env/CVE-2022-41672/lib/python3.10/site-packages/flask_appbuilder/fields.py:178: UserWarning: allow_blank=True does not do anything for QuerySelectMultipleField.
    warnings.warn(

tests/www/views/test_views_base.py: 20 warnings
  /workspace/PoC_env/CVE-2022-41672/lib/python3.10/site-packages/flask_appbuilder/widgets.py:31: DeprecationWarning: '_request_ctx_stack' is deprecated and will be removed in Flask 2.3. Use 'g' to store data, or 'request_ctx' to access the current context.
    ctx = _request_ctx_stack.top

-- Docs: https://docs.pytest.org/en/stable/how-to/capture-warnings.html
=============== 49 passed, 1 deselected, 682 warnings in 11.44s ================

2026-01-16 21:33:34,040 - src.agents.base - INFO - Tool RunTest: ✓
2026-01-16 21:34:04,005 - src.agents.base - INFO - VerificationAgent - LLM response (1196 chars):
```json
{
    "poc_result": {
        "passed": true,
        "vulnerability_fixed": true,
        "analysis": "The PoC (fix-run.sh) completed successfully with exit code 0. Both relevant tests, including 'test_check_active_user', passed. There are no errors or tracebacks related to deactivated user logout or redirection. This indicates that deactivated users are now correctly logged out and redirected to the login page without errors."
    },
    "regression_result": {
        "passed": true,
        "tests_present": true,
        "analysis": "The unit tests (unit_test.sh) all passed except for one test that was deselected. The output shows '49 passed, 1 deselected', and no errors or failures are present. This confirms that normal user and API flows are not broken by the patch."
    },
    "overall_verdict": "PASS",
    "feedback_for_planner": {
        "issues": [],
        "suggestions": [],
        "suspected_cause": "",
        "output_excerpt": "tests/www/views/test_session.py::test_check_active_user PASSED\n================ 2 passed, 50 deselected, 66 warnings in 9.00s =================\n\n... (unit tests) ...\n49 passed, 1 deselected, 682 warnings in 11.44s"
    }
}
```
2026-01-16 21:34:04,008 - src.agents.base - INFO - Tool AskAgent: ✓
2026-01-16 21:34:06,359 - src.agents.base - INFO - CoordinatorAgent - LLM response (406 chars):
```json
{
  "status": "success",
  "vulnerability": "Deactivated users could retain access to the Airflow UI/API until session expiry because their 'active' status was not re-checked on every request.",
  "fix": "Added a before_request handler that logs out and redirects users if they are authenticated but no longer active, using the correct login endpoint ('AuthDBView.login').",
  "iterations": 2
}
```
2026-01-16 21:34:06,551 - task-CVE-2022-41672-8373870784 - INFO - Extracted patch via /workspace/fix.patch (1549 bytes)
2026-01-16 21:34:06,551 - task-CVE-2022-41672-8373870784 - INFO - Extracted patch via git diff (1549 bytes)
2026-01-16 21:34:06,551 - task-CVE-2022-41672-8373870784 - DEBUG - Extracting edited files from 2 rounds
2026-01-16 21:34:06,551 - task-CVE-2022-41672-8373870784 - DEBUG - Round 1: no patch_result
2026-01-16 21:34:06,551 - task-CVE-2022-41672-8373870784 - DEBUG - Round 2: no patch_result
2026-01-16 21:34:06,551 - task-CVE-2022-41672-8373870784 - DEBUG - Total edited files extracted: 0
