2026-01-16 17:08:24,078 - orchestrator - INFO - Starting single-agent patching run for CVE-2024-39330
2026-01-16 17:08:24,078 - orchestrator - INFO - Starting single-agent patching run for CVE-2024-39330
2026-01-16 17:08:24,078 - orchestrator - INFO - Using container: single_agent_cve-2024-39330_3a728d43, work_dir: /workspace/django
2026-01-16 17:08:24,078 - orchestrator - INFO - Using container: single_agent_cve-2024-39330_3a728d43, work_dir: /workspace/django
2026-01-16 17:08:24,079 - src.agents.base - INFO - SingleAgent - LLM call prompt (2276 chars):
## Your Mission

Fix the security vulnerability in this codebase.

## Vulnerability Details

**CVE:** CVE-2024-39330
**CWE:** ['CWE-73', 'CWE-22']
**Affected File:** django/core/files/storage/base.py

**Vulnerable Locations:**
Not provided

### Description
No description provided. You'll need to investigate.

### Vulnerable Code Snippet (may be stale vs line numbers)
```Python
    def save(self, name, content, max_length=None):
        """
        Save new content to the file specified by name. The content should be
        a proper File object or any Python file-like object, ready to be read
        from the beginning.
        """
        # Get the proper name for the file, as it will actually be saved.
        if name is None:
            name = content.name

        if not hasattr(content, "chunks"):
            content = File(content, name)

        name = self.get_available_name(name, max_length=max_length)
        name = self._save(name, content)
        # Ensure that the name returned from the storage system is still valid.
        validate_file_name(name, allow_relative_path=True)
        return name
```

## Your Task

Execute the complete patching workflow autonomously:

1. **ANALYZE**: Read and understand the vulnerable code
   - Use ReadFile to examine the full file
   - Use FindClass to understand dependencies
   - Identify the root cause based on CWE/CVE information
   - Account for **all** listed vulnerable locations (multiple hunks/files may be affected)

2. **PLAN**: Formulate your fix strategy
   - Decide what needs to change and why
   - Consider security completeness and edge cases
   - Keep changes minimal and focused

3. **IMPLEMENT**: Apply the patch
   - Use EditCode to modify the vulnerable code
   - Ensure complete, valid, syntactically correct code
   - Preserve existing style and conventions

4. **VERIFY**: Run tests to validate
   - Use RunTest to execute PoC and unit tests
   - Read test output carefully to determine pass/fail
   - Verify both security fix and no regressions

5. **ITERATE**: If tests fail, adjust and retry
   - Analyze what went wrong
   - Try a different approach
   - Don't repeat the same mistake

You have all the tools and knowledge you need. Work autonomously and systematically.

Begin!

2026-01-16 17:08:24,079 - src.agents.base - INFO - SingleAgent - LLM call prompt (2276 chars):
## Your Mission

Fix the security vulnerability in this codebase.

## Vulnerability Details

**CVE:** CVE-2024-39330
**CWE:** ['CWE-73', 'CWE-22']
**Affected File:** django/core/files/storage/base.py

**Vulnerable Locations:**
Not provided

### Description
No description provided. You'll need to investigate.

### Vulnerable Code Snippet (may be stale vs line numbers)
```Python
    def save(self, name, content, max_length=None):
        """
        Save new content to the file specified by name. The content should be
        a proper File object or any Python file-like object, ready to be read
        from the beginning.
        """
        # Get the proper name for the file, as it will actually be saved.
        if name is None:
            name = content.name

        if not hasattr(content, "chunks"):
            content = File(content, name)

        name = self.get_available_name(name, max_length=max_length)
        name = self._save(name, content)
        # Ensure that the name returned from the storage system is still valid.
        validate_file_name(name, allow_relative_path=True)
        return name
```

## Your Task

Execute the complete patching workflow autonomously:

1. **ANALYZE**: Read and understand the vulnerable code
   - Use ReadFile to examine the full file
   - Use FindClass to understand dependencies
   - Identify the root cause based on CWE/CVE information
   - Account for **all** listed vulnerable locations (multiple hunks/files may be affected)

2. **PLAN**: Formulate your fix strategy
   - Decide what needs to change and why
   - Consider security completeness and edge cases
   - Keep changes minimal and focused

3. **IMPLEMENT**: Apply the patch
   - Use EditCode to modify the vulnerable code
   - Ensure complete, valid, syntactically correct code
   - Preserve existing style and conventions

4. **VERIFY**: Run tests to validate
   - Use RunTest to execute PoC and unit tests
   - Read test output carefully to determine pass/fail
   - Verify both security fix and no regressions

5. **ITERATE**: If tests fail, adjust and retry
   - Analyze what went wrong
   - Try a different approach
   - Don't repeat the same mistake

You have all the tools and knowledge you need. Work autonomously and systematically.

Begin!

2026-01-16 17:08:25,277 - src.agents.base - INFO - SingleAgent executing tool: ReadFile
2026-01-16 17:08:25,277 - src.agents.base - INFO - SingleAgent executing tool: ReadFile
2026-01-16 17:08:25,277 - src.agents.base - INFO - Tool arguments:
{
  "file_path": "django/core/files/storage/base.py",
  "start_line": 1,
  "end_line": 80
}
2026-01-16 17:08:25,277 - src.agents.base - INFO - Tool arguments:
{
  "file_path": "django/core/files/storage/base.py",
  "start_line": 1,
  "end_line": 80
}
2026-01-16 17:08:25,502 - src.agents.base - INFO - Tool ReadFile: ✓
2026-01-16 17:08:25,502 - src.agents.base - INFO - Tool ReadFile: ✓
2026-01-16 17:08:26,810 - src.agents.base - INFO - SingleAgent executing tool: ReadFile
2026-01-16 17:08:26,810 - src.agents.base - INFO - SingleAgent executing tool: ReadFile
2026-01-16 17:08:26,810 - src.agents.base - INFO - Tool arguments:
{
  "file_path": "django/core/files/storage/base.py",
  "start_line": 81,
  "end_line": 160
}
2026-01-16 17:08:26,810 - src.agents.base - INFO - Tool arguments:
{
  "file_path": "django/core/files/storage/base.py",
  "start_line": 81,
  "end_line": 160
}
2026-01-16 17:08:26,965 - src.agents.base - INFO - Tool ReadFile: ✓
2026-01-16 17:08:26,965 - src.agents.base - INFO - Tool ReadFile: ✓
2026-01-16 17:08:28,043 - src.agents.base - INFO - SingleAgent executing tool: FindClass
2026-01-16 17:08:28,043 - src.agents.base - INFO - SingleAgent executing tool: FindClass
2026-01-16 17:08:28,043 - src.agents.base - INFO - Tool arguments:
{
  "symbol_name": "save",
  "search_type": "all",
  "file_pattern": "django/core/files/storage/base.py"
}
2026-01-16 17:08:28,043 - src.agents.base - INFO - Tool arguments:
{
  "symbol_name": "save",
  "search_type": "all",
  "file_pattern": "django/core/files/storage/base.py"
}
2026-01-16 17:08:28,784 - src.agents.base - INFO - Tool FindClass: ✓
2026-01-16 17:08:28,784 - src.agents.base - INFO - Tool FindClass: ✓
2026-01-16 17:08:30,185 - src.agents.base - INFO - SingleAgent executing tool: FindClass
2026-01-16 17:08:30,185 - src.agents.base - INFO - SingleAgent executing tool: FindClass
2026-01-16 17:08:30,185 - src.agents.base - INFO - Tool arguments:
{
  "symbol_name": "validate_file_name",
  "search_type": "all",
  "file_pattern": "*.py"
}
2026-01-16 17:08:30,185 - src.agents.base - INFO - Tool arguments:
{
  "symbol_name": "validate_file_name",
  "search_type": "all",
  "file_pattern": "*.py"
}
2026-01-16 17:08:31,666 - src.agents.base - INFO - Tool FindClass: ✓
2026-01-16 17:08:31,666 - src.agents.base - INFO - Tool FindClass: ✓
2026-01-16 17:08:32,750 - src.agents.base - INFO - SingleAgent executing tool: ReadFile
2026-01-16 17:08:32,750 - src.agents.base - INFO - SingleAgent executing tool: ReadFile
2026-01-16 17:08:32,753 - src.agents.base - INFO - Tool arguments:
{
  "file_path": "django/core/files/utils.py",
  "start_line": 1,
  "end_line": 40
}
2026-01-16 17:08:32,753 - src.agents.base - INFO - Tool arguments:
{
  "file_path": "django/core/files/utils.py",
  "start_line": 1,
  "end_line": 40
}
2026-01-16 17:08:32,900 - src.agents.base - INFO - Tool ReadFile: ✓
2026-01-16 17:08:32,900 - src.agents.base - INFO - Tool ReadFile: ✓
2026-01-16 17:08:34,161 - src.agents.base - INFO - SingleAgent executing tool: FindClass
2026-01-16 17:08:34,161 - src.agents.base - INFO - SingleAgent executing tool: FindClass
2026-01-16 17:08:34,161 - src.agents.base - INFO - Tool arguments:
{
  "symbol_name": "_save",
  "search_type": "all",
  "file_pattern": "django/core/files/storage/base.py"
}
2026-01-16 17:08:34,161 - src.agents.base - INFO - Tool arguments:
{
  "symbol_name": "_save",
  "search_type": "all",
  "file_pattern": "django/core/files/storage/base.py"
}
2026-01-16 17:08:34,834 - src.agents.base - INFO - Tool FindClass: ✓
2026-01-16 17:08:34,834 - src.agents.base - INFO - Tool FindClass: ✓
2026-01-16 17:08:35,822 - src.agents.base - INFO - SingleAgent executing tool: FindClass
2026-01-16 17:08:35,822 - src.agents.base - INFO - SingleAgent executing tool: FindClass
2026-01-16 17:08:35,823 - src.agents.base - INFO - Tool arguments:
{
  "symbol_name": "get_available_name",
  "search_type": "all",
  "file_pattern": "django/core/files/storage/base.py"
}
2026-01-16 17:08:35,823 - src.agents.base - INFO - Tool arguments:
{
  "symbol_name": "get_available_name",
  "search_type": "all",
  "file_pattern": "django/core/files/storage/base.py"
}
2026-01-16 17:08:36,532 - src.agents.base - INFO - Tool FindClass: ✓
2026-01-16 17:08:36,532 - src.agents.base - INFO - Tool FindClass: ✓
2026-01-16 17:08:37,977 - src.agents.base - INFO - SingleAgent executing tool: FindClass
2026-01-16 17:08:37,977 - src.agents.base - INFO - SingleAgent executing tool: FindClass
2026-01-16 17:08:37,978 - src.agents.base - INFO - Tool arguments:
{
  "symbol_name": "File",
  "search_type": "definition",
  "file_pattern": "django/core/files/file.py"
}
2026-01-16 17:08:37,978 - src.agents.base - INFO - Tool arguments:
{
  "symbol_name": "File",
  "search_type": "definition",
  "file_pattern": "django/core/files/file.py"
}
2026-01-16 17:08:38,537 - src.agents.base - INFO - Tool FindClass: ✓
2026-01-16 17:08:38,537 - src.agents.base - INFO - Tool FindClass: ✓
2026-01-16 17:08:39,615 - src.agents.base - INFO - SingleAgent executing tool: ReadFile
2026-01-16 17:08:39,615 - src.agents.base - INFO - SingleAgent executing tool: ReadFile
2026-01-16 17:08:39,615 - src.agents.base - INFO - Tool arguments:
{
  "file_path": "django/core/files/file.py",
  "start_line": 1,
  "end_line": 40
}
2026-01-16 17:08:39,615 - src.agents.base - INFO - Tool arguments:
{
  "file_path": "django/core/files/file.py",
  "start_line": 1,
  "end_line": 40
}
2026-01-16 17:08:39,764 - src.agents.base - INFO - Tool ReadFile: ✗
2026-01-16 17:08:39,764 - src.agents.base - INFO - Tool ReadFile: ✗
2026-01-16 17:08:39,764 - src.agents.base - INFO - Tool ReadFile error: Failed to read file 'django/core/files/file.py': sed: can't read django/core/files/file.py: No such file or directory

2026-01-16 17:08:39,764 - src.agents.base - INFO - Tool ReadFile error: Failed to read file 'django/core/files/file.py': sed: can't read django/core/files/file.py: No such file or directory

2026-01-16 17:08:40,777 - src.agents.base - INFO - SingleAgent executing tool: ReadFile
2026-01-16 17:08:40,777 - src.agents.base - INFO - SingleAgent executing tool: ReadFile
2026-01-16 17:08:40,778 - src.agents.base - INFO - Tool arguments:
{
  "file_path": "django/core/files/storage/base.py",
  "start_line": 161,
  "end_line": 240
}
2026-01-16 17:08:40,778 - src.agents.base - INFO - Tool arguments:
{
  "file_path": "django/core/files/storage/base.py",
  "start_line": 161,
  "end_line": 240
}
2026-01-16 17:08:40,929 - src.agents.base - INFO - Tool ReadFile: ✓
2026-01-16 17:08:40,929 - src.agents.base - INFO - Tool ReadFile: ✓
2026-01-16 17:08:42,111 - src.agents.base - INFO - SingleAgent executing tool: FindClass
2026-01-16 17:08:42,111 - src.agents.base - INFO - SingleAgent executing tool: FindClass
2026-01-16 17:08:42,112 - src.agents.base - INFO - Tool arguments:
{
  "symbol_name": "Storage",
  "search_type": "usage",
  "file_pattern": "*.py"
}
2026-01-16 17:08:42,112 - src.agents.base - INFO - Tool arguments:
{
  "symbol_name": "Storage",
  "search_type": "usage",
  "file_pattern": "*.py"
}
2026-01-16 17:08:42,286 - src.agents.base - INFO - Tool FindClass: ✓
2026-01-16 17:08:42,286 - src.agents.base - INFO - Tool FindClass: ✓
2026-01-16 17:08:43,302 - src.agents.base - INFO - SingleAgent executing tool: FindClass
2026-01-16 17:08:43,302 - src.agents.base - INFO - SingleAgent executing tool: FindClass
2026-01-16 17:08:43,302 - src.agents.base - INFO - Tool arguments:
{
  "symbol_name": "save",
  "search_type": "usage",
  "file_pattern": "*.py"
}
2026-01-16 17:08:43,302 - src.agents.base - INFO - Tool arguments:
{
  "symbol_name": "save",
  "search_type": "usage",
  "file_pattern": "*.py"
}
2026-01-16 17:08:43,454 - src.agents.base - INFO - Tool FindClass: ✓
2026-01-16 17:08:43,454 - src.agents.base - INFO - Tool FindClass: ✓
2026-01-16 17:08:44,629 - src.agents.base - INFO - SingleAgent executing tool: FindClass
2026-01-16 17:08:44,629 - src.agents.base - INFO - SingleAgent executing tool: FindClass
2026-01-16 17:08:44,629 - src.agents.base - INFO - Tool arguments:
{
  "symbol_name": "FileSystemStorage",
  "search_type": "definition",
  "file_pattern": "*.py"
}
2026-01-16 17:08:44,629 - src.agents.base - INFO - Tool arguments:
{
  "symbol_name": "FileSystemStorage",
  "search_type": "definition",
  "file_pattern": "*.py"
}
2026-01-16 17:08:45,272 - src.agents.base - INFO - Tool FindClass: ✓
2026-01-16 17:08:45,272 - src.agents.base - INFO - Tool FindClass: ✓
2026-01-16 17:08:46,220 - src.agents.base - INFO - SingleAgent executing tool: ReadFile
2026-01-16 17:08:46,220 - src.agents.base - INFO - SingleAgent executing tool: ReadFile
2026-01-16 17:08:46,221 - src.agents.base - INFO - Tool arguments:
{
  "file_path": "django/core/files/storage/filesystem.py",
  "start_line": 1,
  "end_line": 40
}
2026-01-16 17:08:46,221 - src.agents.base - INFO - Tool arguments:
{
  "file_path": "django/core/files/storage/filesystem.py",
  "start_line": 1,
  "end_line": 40
}
2026-01-16 17:08:46,367 - src.agents.base - INFO - Tool ReadFile: ✓
2026-01-16 17:08:46,367 - src.agents.base - INFO - Tool ReadFile: ✓
2026-01-16 17:08:47,406 - src.agents.base - INFO - SingleAgent executing tool: FindClass
2026-01-16 17:08:47,406 - src.agents.base - INFO - SingleAgent executing tool: FindClass
2026-01-16 17:08:47,406 - src.agents.base - INFO - Tool arguments:
{
  "symbol_name": "_save",
  "search_type": "definition",
  "file_pattern": "django/core/files/storage/filesystem.py"
}
2026-01-16 17:08:47,406 - src.agents.base - INFO - Tool arguments:
{
  "symbol_name": "_save",
  "search_type": "definition",
  "file_pattern": "django/core/files/storage/filesystem.py"
}
2026-01-16 17:08:47,951 - src.agents.base - INFO - Tool FindClass: ✓
2026-01-16 17:08:47,951 - src.agents.base - INFO - Tool FindClass: ✓
2026-01-16 17:08:49,251 - src.agents.base - INFO - SingleAgent executing tool: ReadFile
2026-01-16 17:08:49,251 - src.agents.base - INFO - SingleAgent executing tool: ReadFile
2026-01-16 17:08:49,252 - src.agents.base - INFO - Tool arguments:
{
  "file_path": "django/core/files/storage/filesystem.py",
  "start_line": 41,
  "end_line": 120
}
2026-01-16 17:08:49,252 - src.agents.base - INFO - Tool arguments:
{
  "file_path": "django/core/files/storage/filesystem.py",
  "start_line": 41,
  "end_line": 120
}
2026-01-16 17:08:49,461 - src.agents.base - INFO - Tool ReadFile: ✓
2026-01-16 17:08:49,461 - src.agents.base - INFO - Tool ReadFile: ✓
2026-01-16 17:08:50,675 - src.agents.base - INFO - SingleAgent executing tool: ReadFile
2026-01-16 17:08:50,675 - src.agents.base - INFO - SingleAgent executing tool: ReadFile
2026-01-16 17:08:50,675 - src.agents.base - INFO - Tool arguments:
{
  "file_path": "django/core/files/storage/filesystem.py",
  "start_line": 121,
  "end_line": 160
}
2026-01-16 17:08:50,675 - src.agents.base - INFO - Tool arguments:
{
  "file_path": "django/core/files/storage/filesystem.py",
  "start_line": 121,
  "end_line": 160
}
2026-01-16 17:08:50,838 - src.agents.base - INFO - Tool ReadFile: ✓
2026-01-16 17:08:50,838 - src.agents.base - INFO - Tool ReadFile: ✓
2026-01-16 17:08:52,105 - src.agents.base - INFO - SingleAgent executing tool: ReadFile
2026-01-16 17:08:52,105 - src.agents.base - INFO - SingleAgent executing tool: ReadFile
2026-01-16 17:08:52,106 - src.agents.base - INFO - Tool arguments:
{
  "file_path": "tests/file_storage/tests.py",
  "start_line": 1,
  "end_line": 40
}
2026-01-16 17:08:52,106 - src.agents.base - INFO - Tool arguments:
{
  "file_path": "tests/file_storage/tests.py",
  "start_line": 1,
  "end_line": 40
}
2026-01-16 17:08:52,251 - src.agents.base - INFO - Tool ReadFile: ✓
2026-01-16 17:08:52,251 - src.agents.base - INFO - Tool ReadFile: ✓
2026-01-16 17:08:53,538 - src.agents.base - INFO - SingleAgent executing tool: ReadFile
2026-01-16 17:08:53,538 - src.agents.base - INFO - SingleAgent executing tool: ReadFile
2026-01-16 17:08:53,539 - src.agents.base - INFO - Tool arguments:
{
  "file_path": "tests/file_storage/tests.py",
  "start_line": 41,
  "end_line": 120
}
2026-01-16 17:08:53,539 - src.agents.base - INFO - Tool arguments:
{
  "file_path": "tests/file_storage/tests.py",
  "start_line": 41,
  "end_line": 120
}
2026-01-16 17:08:53,678 - src.agents.base - INFO - Tool ReadFile: ✓
2026-01-16 17:08:53,678 - src.agents.base - INFO - Tool ReadFile: ✓
2026-01-16 17:08:54,909 - src.agents.base - INFO - SingleAgent executing tool: ReadFile
2026-01-16 17:08:54,909 - src.agents.base - INFO - SingleAgent executing tool: ReadFile
2026-01-16 17:08:54,910 - src.agents.base - INFO - Tool arguments:
{
  "file_path": "tests/file_storage/tests.py",
  "start_line": 121,
  "end_line": 200
}
2026-01-16 17:08:54,910 - src.agents.base - INFO - Tool arguments:
{
  "file_path": "tests/file_storage/tests.py",
  "start_line": 121,
  "end_line": 200
}
2026-01-16 17:08:55,061 - src.agents.base - INFO - Tool ReadFile: ✓
2026-01-16 17:08:55,061 - src.agents.base - INFO - Tool ReadFile: ✓
2026-01-16 17:08:56,210 - src.agents.base - INFO - SingleAgent executing tool: ReadFile
2026-01-16 17:08:56,210 - src.agents.base - INFO - SingleAgent executing tool: ReadFile
2026-01-16 17:08:56,210 - src.agents.base - INFO - Tool arguments:
{
  "file_path": "tests/file_storage/tests.py",
  "start_line": 201,
  "end_line": 300
}
2026-01-16 17:08:56,210 - src.agents.base - INFO - Tool arguments:
{
  "file_path": "tests/file_storage/tests.py",
  "start_line": 201,
  "end_line": 300
}
2026-01-16 17:08:56,360 - src.agents.base - INFO - Tool ReadFile: ✓
2026-01-16 17:08:56,360 - src.agents.base - INFO - Tool ReadFile: ✓
2026-01-16 17:08:57,444 - src.agents.base - INFO - SingleAgent executing tool: ReadFile
2026-01-16 17:08:57,444 - src.agents.base - INFO - SingleAgent executing tool: ReadFile
2026-01-16 17:08:57,444 - src.agents.base - INFO - Tool arguments:
{
  "file_path": "tests/file_storage/tests.py",
  "start_line": 301,
  "end_line": 400
}
2026-01-16 17:08:57,444 - src.agents.base - INFO - Tool arguments:
{
  "file_path": "tests/file_storage/tests.py",
  "start_line": 301,
  "end_line": 400
}
2026-01-16 17:08:57,592 - src.agents.base - INFO - Tool ReadFile: ✓
2026-01-16 17:08:57,592 - src.agents.base - INFO - Tool ReadFile: ✓
2026-01-16 17:08:59,066 - src.agents.base - INFO - SingleAgent executing tool: ReadFile
2026-01-16 17:08:59,066 - src.agents.base - INFO - SingleAgent executing tool: ReadFile
2026-01-16 17:08:59,066 - src.agents.base - INFO - Tool arguments:
{
  "file_path": "tests/file_storage/tests.py",
  "start_line": 401,
  "end_line": 500
}
2026-01-16 17:08:59,066 - src.agents.base - INFO - Tool arguments:
{
  "file_path": "tests/file_storage/tests.py",
  "start_line": 401,
  "end_line": 500
}
2026-01-16 17:08:59,227 - src.agents.base - INFO - Tool ReadFile: ✓
2026-01-16 17:08:59,227 - src.agents.base - INFO - Tool ReadFile: ✓
2026-01-16 17:09:02,879 - src.agents.base - INFO - SingleAgent executing tool: ReadFile
2026-01-16 17:09:02,879 - src.agents.base - INFO - SingleAgent executing tool: ReadFile
2026-01-16 17:09:02,881 - src.agents.base - INFO - Tool arguments:
{
  "file_path": "tests/file_storage/tests.py",
  "start_line": 501,
  "end_line": 600
}
2026-01-16 17:09:02,881 - src.agents.base - INFO - Tool arguments:
{
  "file_path": "tests/file_storage/tests.py",
  "start_line": 501,
  "end_line": 600
}
2026-01-16 17:09:03,012 - src.agents.base - INFO - Tool ReadFile: ✓
2026-01-16 17:09:03,012 - src.agents.base - INFO - Tool ReadFile: ✓
2026-01-16 17:09:05,107 - src.agents.base - INFO - SingleAgent executing tool: ReadFile
2026-01-16 17:09:05,107 - src.agents.base - INFO - SingleAgent executing tool: ReadFile
2026-01-16 17:09:05,108 - src.agents.base - INFO - Tool arguments:
{
  "file_path": "django/core/files/storage/base.py",
  "start_line": 1,
  "end_line": 20
}
2026-01-16 17:09:05,108 - src.agents.base - INFO - Tool arguments:
{
  "file_path": "django/core/files/storage/base.py",
  "start_line": 1,
  "end_line": 20
}
2026-01-16 17:09:05,260 - src.agents.base - INFO - Tool ReadFile: ✓
2026-01-16 17:09:05,260 - src.agents.base - INFO - Tool ReadFile: ✓
2026-01-16 17:09:29,314 - src.agents.base - INFO - SingleAgent executing tool: EditCode
2026-01-16 17:09:29,314 - src.agents.base - INFO - SingleAgent executing tool: EditCode
2026-01-16 17:09:29,315 - src.agents.base - INFO - Tool arguments:
{
  "file_path": "django/core/files/storage/base.py",
  "old_code": "    def save(self, name, content, max_length=None):\n        \"\"\"\n        Save new content to the file specified by name. The content should be\n        a proper File object or any Python file-like object, ready to be read\n        from the beginning.\n        \"\"\"\n        # Get the proper name for the file, as it will actually be saved.\n        if name is None:\n            name = content.name\n\n        if not hasattr(content, \"chunks\"):\n            content = File(content, name)\n\n        name = self.get_available_name(name, max_length=max_length)\n        name = self._save(name, content)\n        # Ensure that the name returned from the storage system is still valid.\n        validate_file_name(name, allow_relative_path=True)\n        return name",
  "new_code": "    def save(self, name, content, max_length=None):\n        \"\"\"\n        Save new content to the file specified by name. The content should be\n        a proper File object or any Python file-like object, ready to be read\n        from the beginning.\n        \"\"\"\n        # Get the proper name for the file, as it will actually be saved.\n        if name is None:\n            name = content.name\n\n        # Validate the name before any file system operations\n        validate_file_name(name, allow_relative_path=True)\n\n        if not hasattr(content, \"chunks\"):\n            content = File(content, name)\n\n        name = self.get_available_name(name, max_length=max_length)\n        name = self._save(name, content)\n        # Ensure that the name returned from the storage system is still valid.\n        validate_file_name(name, allow_relative_path=True)\n        return name\n",
  "fuzzy_match": true,
  "skip_validation": false
}
2026-01-16 17:09:29,315 - src.agents.base - INFO - Tool arguments:
{
  "file_path": "django/core/files/storage/base.py",
  "old_code": "    def save(self, name, content, max_length=None):\n        \"\"\"\n        Save new content to the file specified by name. The content should be\n        a proper File object or any Python file-like object, ready to be read\n        from the beginning.\n        \"\"\"\n        # Get the proper name for the file, as it will actually be saved.\n        if name is None:\n            name = content.name\n\n        if not hasattr(content, \"chunks\"):\n            content = File(content, name)\n\n        name = self.get_available_name(name, max_length=max_length)\n        name = self._save(name, content)\n        # Ensure that the name returned from the storage system is still valid.\n        validate_file_name(name, allow_relative_path=True)\n        return name",
  "new_code": "    def save(self, name, content, max_length=None):\n        \"\"\"\n        Save new content to the file specified by name. The content should be\n        a proper File object or any Python file-like object, ready to be read\n        from the beginning.\n        \"\"\"\n        # Get the proper name for the file, as it will actually be saved.\n        if name is None:\n            name = content.name\n\n        # Validate the name before any file system operations\n        validate_file_name(name, allow_relative_path=True)\n\n        if not hasattr(content, \"chunks\"):\n            content = File(content, name)\n\n        name = self.get_available_name(name, max_length=max_length)\n        name = self._save(name, content)\n        # Ensure that the name returned from the storage system is still valid.\n        validate_file_name(name, allow_relative_path=True)\n        return name\n",
  "fuzzy_match": true,
  "skip_validation": false
}
2026-01-16 17:09:29,567 - src.tools.edit_code - INFO - EditCodeTool: Writing 7547 chars to django/core/files/storage/base.py (match_type=exact)
2026-01-16 17:09:29,567 - src.tools.edit_code - INFO - EditCodeTool: Writing 7547 chars to django/core/files/storage/base.py (match_type=exact)
2026-01-16 17:09:29,730 - src.agents.base - INFO - Tool EditCode: ✓
2026-01-16 17:09:29,730 - src.agents.base - INFO - Tool EditCode: ✓
2026-01-16 17:09:31,041 - src.agents.base - INFO - SingleAgent executing tool: RunTest
2026-01-16 17:09:31,041 - src.agents.base - INFO - SingleAgent executing tool: RunTest
2026-01-16 17:09:31,041 - src.agents.base - INFO - Tool arguments:
{
  "run_prepare": true,
  "timeout": 180,
  "include_paths": [
    "django/core/files/storage/base.py"
  ],
  "run_unittest": true
}
2026-01-16 17:09:31,041 - src.agents.base - INFO - Tool arguments:
{
  "run_prepare": true,
  "timeout": 180,
  "include_paths": [
    "django/core/files/storage/base.py"
  ],
  "run_unittest": true
}
2026-01-16 17:09:31,374 - src.tools.run_test - INFO - Extracted 3 file paths from /workspace/test.patch: ['tests/file_storage/test_base.py', 'tests/file_uploads/tests.py', 'tests/file_storage/tests.py']
2026-01-16 17:09:31,374 - src.tools.run_test - INFO - Extracted 3 file paths from /workspace/test.patch: ['tests/file_storage/test_base.py', 'tests/file_uploads/tests.py', 'tests/file_storage/tests.py']
2026-01-16 17:09:31,374 - src.tools.run_test - INFO - Generating git diff for fix.patch
2026-01-16 17:09:31,374 - src.tools.run_test - INFO - Generating git diff for fix.patch
2026-01-16 17:09:31,374 - src.tools.run_test - INFO -   include_paths: ['django/core/files/storage/base.py']
2026-01-16 17:09:31,374 - src.tools.run_test - INFO -   include_paths: ['django/core/files/storage/base.py']
2026-01-16 17:09:31,374 - src.tools.run_test - INFO -   exclude_paths (from test.patch): ['tests/file_storage/test_base.py', 'tests/file_uploads/tests.py', 'tests/file_storage/tests.py']
2026-01-16 17:09:31,374 - src.tools.run_test - INFO -   exclude_paths (from test.patch): ['tests/file_storage/test_base.py', 'tests/file_uploads/tests.py', 'tests/file_storage/tests.py']
2026-01-16 17:09:31,374 - src.tools.run_test - INFO -   git diff command: git diff HEAD -- 'django/core/files/storage/base.py' ':(exclude)tests/file_storage/test_base.py' ':(exclude)tests/file_uploads/tests.py' ':(exclude)tests/file_storage/tests.py'
2026-01-16 17:09:31,374 - src.tools.run_test - INFO -   git diff command: git diff HEAD -- 'django/core/files/storage/base.py' ':(exclude)tests/file_storage/test_base.py' ':(exclude)tests/file_uploads/tests.py' ':(exclude)tests/file_storage/tests.py'
2026-01-16 17:09:31,530 - src.tools.run_test - INFO -   Generated patch: 737 bytes, 22 lines
2026-01-16 17:09:31,530 - src.tools.run_test - INFO -   Generated patch: 737 bytes, 22 lines
2026-01-16 17:09:31,530 - src.tools.run_test - INFO -   Patch content:
diff --git a/django/core/files/storage/base.py b/django/core/files/storage/base.py
index 16ac22f..365fed4 100644
--- a/django/core/files/storage/base.py
+++ b/django/core/files/storage/base.py
@@ -31,6 +31,9 @@ class Storage:
         if name is None:
             name = content.name
 
+        # Validate the name before any file system operations
+        validate_file_name(name, allow_relative_path=True)
+
         if not hasattr(content, "chunks"):
             content = File(content, name)
 
@@ -40,6 +43,7 @@ class Storage:
         validate_file_name(name, allow_relative_path=True)
         return name
 
+
     # These methods are part of the public API, with default implementations.
 
     def get_valid_name(self, name):

2026-01-16 17:09:31,530 - src.tools.run_test - INFO -   Patch content:
diff --git a/django/core/files/storage/base.py b/django/core/files/storage/base.py
index 16ac22f..365fed4 100644
--- a/django/core/files/storage/base.py
+++ b/django/core/files/storage/base.py
@@ -31,6 +31,9 @@ class Storage:
         if name is None:
             name = content.name
 
+        # Validate the name before any file system operations
+        validate_file_name(name, allow_relative_path=True)
+
         if not hasattr(content, "chunks"):
             content = File(content, name)
 
@@ -40,6 +43,7 @@ class Storage:
         validate_file_name(name, allow_relative_path=True)
         return name
 
+
     # These methods are part of the public API, with default implementations.
 
     def get_valid_name(self, name):

2026-01-16 17:09:31,613 - src.tools.run_test - INFO - Running prepare.sh to reset repository...
2026-01-16 17:09:31,613 - src.tools.run_test - INFO - Running prepare.sh to reset repository...
2026-01-16 17:09:34,687 - src.tools.run_test - INFO - Running fix-run.sh for PoC validation...
2026-01-16 17:09:34,687 - src.tools.run_test - INFO - Running fix-run.sh for PoC validation...
2026-01-16 17:09:34,815 - src.tools.run_test - INFO - Patch being tested:
diff --git a/django/core/files/storage/base.py b/django/core/files/storage/base.py
index 16ac22f..365fed4 100644
--- a/django/core/files/storage/base.py
+++ b/django/core/files/storage/base.py
@@ -31,6 +31,9 @@ class Storage:
         if name is None:
             name = content.name
 
+        # Validate the name before any file system operations
+        validate_file_name(name, allow_relative_path=True)
+
         if not hasattr(content, "chunks"):
             content = File(content, name)
 
@@ -40,6 +43,7 @@ class Storage:
         validate_file_name(name, allow_relative_path=True)
         return name
 
+
     # These methods are part of the public API, with default implementations.
 
     def get_valid_name(self, name):


2026-01-16 17:09:34,815 - src.tools.run_test - INFO - Patch being tested:
diff --git a/django/core/files/storage/base.py b/django/core/files/storage/base.py
index 16ac22f..365fed4 100644
--- a/django/core/files/storage/base.py
+++ b/django/core/files/storage/base.py
@@ -31,6 +31,9 @@ class Storage:
         if name is None:
             name = content.name
 
+        # Validate the name before any file system operations
+        validate_file_name(name, allow_relative_path=True)
+
         if not hasattr(content, "chunks"):
             content = File(content, name)
 
@@ -40,6 +43,7 @@ class Storage:
         validate_file_name(name, allow_relative_path=True)
         return name
 
+
     # These methods are part of the public API, with default implementations.
 
     def get_valid_name(self, name):


2026-01-16 17:09:35,938 - src.tools.run_test - INFO - fix-run.sh completed with exit code 1
2026-01-16 17:09:35,938 - src.tools.run_test - INFO - fix-run.sh completed with exit code 1
2026-01-16 17:09:35,939 - src.tools.run_test - INFO - fix-run.sh output:
Testing against Django installed in '/workspace/django/django' with up to 8 processes
Found 5 test(s).
System check identified no issues (0 silenced).
....
======================================================================
FAIL: test_validate_after_get_available_name (file_storage.test_base.StorageValidateFileNameTests) [<object object at 0x7ffffd5c1a00>] (name='path/to/../test.file')
----------------------------------------------------------------------
Traceback (most recent call last):
  File "/root/miniconda3/envs/py_39/lib/python3.9/unittest/case.py", line 59, in testPartExecutor
    yield
  File "/root/miniconda3/envs/py_39/lib/python3.9/unittest/case.py", line 499, in subTest
    yield
  File "/workspace/django/tests/file_storage/test_base.py", line 55, in test_validate_after_get_available_name
    s.save("valid-file-name.txt", content="irrelevant")
  File "/root/miniconda3/envs/py_39/lib/python3.9/contextlib.py", line 126, in __exit__
    next(self.gen)
  File "/workspace/django/django/test/testcases.py", line 888, in _assert_raises_or_warns_cm
    yield cm
  File "/root/miniconda3/envs/py_39/lib/python3.9/unittest/case.py", line 226, in __exit__
    self._raiseFailure("{} not raised".format(exc_name))
  File "/root/miniconda3/envs/py_39/lib/python3.9/unittest/case.py", line 163, in _raiseFailure
    raise self.test_case.failureException(msg)
AssertionError: SuspiciousFileOperation not raised

======================================================================
FAIL: test_validate_after_get_available_name (file_storage.test_base.StorageValidateFileNameTests) [<object object at 0x7ffffd5c1a00>] (name='/path/to/test.file')
----------------------------------------------------------------------
Traceback (most recent call last):
  File "/root/miniconda3/envs/py_39/lib/python3.9/unittest/case.py", line 59, in testPartExecutor
    yield
  File "/root/miniconda3/envs/py_39/lib/python3.9/unittest/case.py", line 499, in subTest
    yield
  File "/workspace/django/tests/file_storage/test_base.py", line 55, in test_validate_after_get_available_name
    s.save("valid-file-name.txt", content="irrelevant")
  File "/root/miniconda3/envs/py_39/lib/python3.9/contextlib.py", line 126, in __exit__
    next(self.gen)
  File "/workspace/django/django/test/testcases.py", line 888, in _assert_raises_or_warns_cm
    yield cm
  File "/root/miniconda3/envs/py_39/lib/python3.9/unittest/case.py", line 226, in __exit__
    self._raiseFailure("{} not raised".format(exc_name))
  File "/root/miniconda3/envs/py_39/lib/python3.9/unittest/case.py", line 163, in _raiseFailure
    raise self.test_case.failureException(msg)
AssertionError: SuspiciousFileOperation not raised

----------------------------------------------------------------------
Ran 5 tests in 0.044s

FAILED (failures=2)

2026-01-16 17:09:35,939 - src.tools.run_test - INFO - fix-run.sh output:
Testing against Django installed in '/workspace/django/django' with up to 8 processes
Found 5 test(s).
System check identified no issues (0 silenced).
....
======================================================================
FAIL: test_validate_after_get_available_name (file_storage.test_base.StorageValidateFileNameTests) [<object object at 0x7ffffd5c1a00>] (name='path/to/../test.file')
----------------------------------------------------------------------
Traceback (most recent call last):
  File "/root/miniconda3/envs/py_39/lib/python3.9/unittest/case.py", line 59, in testPartExecutor
    yield
  File "/root/miniconda3/envs/py_39/lib/python3.9/unittest/case.py", line 499, in subTest
    yield
  File "/workspace/django/tests/file_storage/test_base.py", line 55, in test_validate_after_get_available_name
    s.save("valid-file-name.txt", content="irrelevant")
  File "/root/miniconda3/envs/py_39/lib/python3.9/contextlib.py", line 126, in __exit__
    next(self.gen)
  File "/workspace/django/django/test/testcases.py", line 888, in _assert_raises_or_warns_cm
    yield cm
  File "/root/miniconda3/envs/py_39/lib/python3.9/unittest/case.py", line 226, in __exit__
    self._raiseFailure("{} not raised".format(exc_name))
  File "/root/miniconda3/envs/py_39/lib/python3.9/unittest/case.py", line 163, in _raiseFailure
    raise self.test_case.failureException(msg)
AssertionError: SuspiciousFileOperation not raised

======================================================================
FAIL: test_validate_after_get_available_name (file_storage.test_base.StorageValidateFileNameTests) [<object object at 0x7ffffd5c1a00>] (name='/path/to/test.file')
----------------------------------------------------------------------
Traceback (most recent call last):
  File "/root/miniconda3/envs/py_39/lib/python3.9/unittest/case.py", line 59, in testPartExecutor
    yield
  File "/root/miniconda3/envs/py_39/lib/python3.9/unittest/case.py", line 499, in subTest
    yield
  File "/workspace/django/tests/file_storage/test_base.py", line 55, in test_validate_after_get_available_name
    s.save("valid-file-name.txt", content="irrelevant")
  File "/root/miniconda3/envs/py_39/lib/python3.9/contextlib.py", line 126, in __exit__
    next(self.gen)
  File "/workspace/django/django/test/testcases.py", line 888, in _assert_raises_or_warns_cm
    yield cm
  File "/root/miniconda3/envs/py_39/lib/python3.9/unittest/case.py", line 226, in __exit__
    self._raiseFailure("{} not raised".format(exc_name))
  File "/root/miniconda3/envs/py_39/lib/python3.9/unittest/case.py", line 163, in _raiseFailure
    raise self.test_case.failureException(msg)
AssertionError: SuspiciousFileOperation not raised

----------------------------------------------------------------------
Ran 5 tests in 0.044s

FAILED (failures=2)

2026-01-16 17:09:36,025 - src.tools.run_test - INFO - Running prepare.sh to reset repository...
2026-01-16 17:09:36,025 - src.tools.run_test - INFO - Running prepare.sh to reset repository...
2026-01-16 17:09:36,876 - src.tools.run_test - INFO - Running unit_test.sh for regression testing...
2026-01-16 17:09:36,876 - src.tools.run_test - INFO - Running unit_test.sh for regression testing...
2026-01-16 17:09:38,693 - src.tools.run_test - INFO - unit_test.sh completed with exit code 0
2026-01-16 17:09:38,693 - src.tools.run_test - INFO - unit_test.sh completed with exit code 0
2026-01-16 17:09:38,695 - src.tools.run_test - INFO - unit_test.sh output:
Creating test database for alias 'default'...
Testing against Django installed in '/workspace/django/django' with up to 8 processes
Found 187 test(s).
Cloning test database for alias 'default'...
Cloning test database for alias 'default'...
Cloning test database for alias 'default'...
Cloning test database for alias 'default'...
Cloning test database for alias 'default'...
Cloning test database for alias 'default'...
Cloning test database for alias 'default'...
Cloning test database for alias 'default'...
System check identified no issues (0 silenced).
.............................ss..............ss....................................ss.........................ss..............................ss...........................................
----------------------------------------------------------------------
Ran 187 tests in 1.085s

OK (skipped=10)
Destroying test database for alias 'default'...
Destroying test database for alias 'default'...
Destroying test database for alias 'default'...
Destroying test database for alias 'default'...
Destroying test database for alias 'default'...
Destroying test database for alias 'default'...
Destroying test database for alias 'default'...
Destroying test database for alias 'default'...
Destroying test database for alias 'default'...

2026-01-16 17:09:38,695 - src.tools.run_test - INFO - unit_test.sh output:
Creating test database for alias 'default'...
Testing against Django installed in '/workspace/django/django' with up to 8 processes
Found 187 test(s).
Cloning test database for alias 'default'...
Cloning test database for alias 'default'...
Cloning test database for alias 'default'...
Cloning test database for alias 'default'...
Cloning test database for alias 'default'...
Cloning test database for alias 'default'...
Cloning test database for alias 'default'...
Cloning test database for alias 'default'...
System check identified no issues (0 silenced).
.............................ss..............ss....................................ss.........................ss..............................ss...........................................
----------------------------------------------------------------------
Ran 187 tests in 1.085s

OK (skipped=10)
Destroying test database for alias 'default'...
Destroying test database for alias 'default'...
Destroying test database for alias 'default'...
Destroying test database for alias 'default'...
Destroying test database for alias 'default'...
Destroying test database for alias 'default'...
Destroying test database for alias 'default'...
Destroying test database for alias 'default'...
Destroying test database for alias 'default'...

2026-01-16 17:09:38,695 - src.agents.base - INFO - Tool RunTest: ✓
2026-01-16 17:09:38,695 - src.agents.base - INFO - Tool RunTest: ✓
2026-01-16 17:09:55,194 - src.agents.base - INFO - SingleAgent executing tool: EditCode
2026-01-16 17:09:55,194 - src.agents.base - INFO - SingleAgent executing tool: EditCode
2026-01-16 17:09:55,195 - src.agents.base - INFO - Tool arguments:
{
  "file_path": "django/core/files/storage/base.py",
  "old_code": "        name = self.get_available_name(name, max_length=max_length)\n        name = self._save(name, content)\n        # Ensure that the name returned from the storage system is still valid.\n        validate_file_name(name, allow_relative_path=True)\n        return name",
  "new_code": "        name = self.get_available_name(name, max_length=max_length)\n        # After get_available_name, ensure the name is a simple file name (no path traversal or absolute path)\n        validate_file_name(name, allow_relative_path=False)\n        name = self._save(name, content)\n        # Defense-in-depth: validate again after save\n        validate_file_name(name, allow_relative_path=False)\n        return name",
  "fuzzy_match": true,
  "skip_validation": false
}
2026-01-16 17:09:55,195 - src.agents.base - INFO - Tool arguments:
{
  "file_path": "django/core/files/storage/base.py",
  "old_code": "        name = self.get_available_name(name, max_length=max_length)\n        name = self._save(name, content)\n        # Ensure that the name returned from the storage system is still valid.\n        validate_file_name(name, allow_relative_path=True)\n        return name",
  "new_code": "        name = self.get_available_name(name, max_length=max_length)\n        # After get_available_name, ensure the name is a simple file name (no path traversal or absolute path)\n        validate_file_name(name, allow_relative_path=False)\n        name = self._save(name, content)\n        # Defense-in-depth: validate again after save\n        validate_file_name(name, allow_relative_path=False)\n        return name",
  "fuzzy_match": true,
  "skip_validation": false
}
2026-01-16 17:09:55,468 - src.tools.edit_code - INFO - EditCodeTool: Writing 7693 chars to django/core/files/storage/base.py (match_type=exact)
2026-01-16 17:09:55,468 - src.tools.edit_code - INFO - EditCodeTool: Writing 7693 chars to django/core/files/storage/base.py (match_type=exact)
2026-01-16 17:09:55,589 - src.agents.base - INFO - Tool EditCode: ✓
2026-01-16 17:09:55,589 - src.agents.base - INFO - Tool EditCode: ✓
2026-01-16 17:09:57,228 - src.agents.base - INFO - SingleAgent executing tool: RunTest
2026-01-16 17:09:57,228 - src.agents.base - INFO - SingleAgent executing tool: RunTest
2026-01-16 17:09:57,229 - src.agents.base - INFO - Tool arguments:
{
  "run_prepare": true,
  "timeout": 180,
  "include_paths": [
    "django/core/files/storage/base.py"
  ],
  "run_unittest": true
}
2026-01-16 17:09:57,229 - src.agents.base - INFO - Tool arguments:
{
  "run_prepare": true,
  "timeout": 180,
  "include_paths": [
    "django/core/files/storage/base.py"
  ],
  "run_unittest": true
}
2026-01-16 17:09:57,587 - src.tools.run_test - INFO - Extracted 3 file paths from /workspace/test.patch: ['tests/file_storage/test_base.py', 'tests/file_uploads/tests.py', 'tests/file_storage/tests.py']
2026-01-16 17:09:57,587 - src.tools.run_test - INFO - Extracted 3 file paths from /workspace/test.patch: ['tests/file_storage/test_base.py', 'tests/file_uploads/tests.py', 'tests/file_storage/tests.py']
2026-01-16 17:09:57,587 - src.tools.run_test - INFO - Generating git diff for fix.patch
2026-01-16 17:09:57,587 - src.tools.run_test - INFO - Generating git diff for fix.patch
2026-01-16 17:09:57,587 - src.tools.run_test - INFO -   include_paths: ['django/core/files/storage/base.py']
2026-01-16 17:09:57,587 - src.tools.run_test - INFO -   include_paths: ['django/core/files/storage/base.py']
2026-01-16 17:09:57,587 - src.tools.run_test - INFO -   exclude_paths (from test.patch): ['tests/file_storage/test_base.py', 'tests/file_uploads/tests.py', 'tests/file_storage/tests.py']
2026-01-16 17:09:57,587 - src.tools.run_test - INFO -   exclude_paths (from test.patch): ['tests/file_storage/test_base.py', 'tests/file_uploads/tests.py', 'tests/file_storage/tests.py']
2026-01-16 17:09:57,587 - src.tools.run_test - INFO -   git diff command: git diff HEAD -- 'django/core/files/storage/base.py' ':(exclude)tests/file_storage/test_base.py' ':(exclude)tests/file_uploads/tests.py' ':(exclude)tests/file_storage/tests.py'
2026-01-16 17:09:57,587 - src.tools.run_test - INFO -   git diff command: git diff HEAD -- 'django/core/files/storage/base.py' ':(exclude)tests/file_storage/test_base.py' ':(exclude)tests/file_uploads/tests.py' ':(exclude)tests/file_storage/tests.py'
2026-01-16 17:09:57,726 - src.tools.run_test - INFO -   Generated patch: 1187 bytes, 28 lines
2026-01-16 17:09:57,726 - src.tools.run_test - INFO -   Generated patch: 1187 bytes, 28 lines
2026-01-16 17:09:57,726 - src.tools.run_test - INFO -   Patch content:
diff --git a/django/core/files/storage/base.py b/django/core/files/storage/base.py
index 16ac22f..05488d3 100644
--- a/django/core/files/storage/base.py
+++ b/django/core/files/storage/base.py
@@ -31,15 +31,21 @@ class Storage:
         if name is None:
             name = content.name
 
+        # Validate the name before any file system operations
+        validate_file_name(name, allow_relative_path=True)
+
         if not hasattr(content, "chunks"):
             content = File(content, name)
 
         name = self.get_available_name(name, max_length=max_length)
+        # After get_available_name, ensure the name is a simple file name (no path traversal or absolute path)
+        validate_file_name(name, allow_relative_path=False)
         name = self._save(name, content)
-        # Ensure that the name returned from the storage system is still valid.
-        validate_file_name(name, allow_relative_path=True)
+        # Defense-in-depth: validate again after save
+        validate_file_name(name, allow_relative_path=False)
         return name
 
+
     # These methods are part of the public API, with default implementations.
 
     def get_valid_name(self, name):

2026-01-16 17:09:57,726 - src.tools.run_test - INFO -   Patch content:
diff --git a/django/core/files/storage/base.py b/django/core/files/storage/base.py
index 16ac22f..05488d3 100644
--- a/django/core/files/storage/base.py
+++ b/django/core/files/storage/base.py
@@ -31,15 +31,21 @@ class Storage:
         if name is None:
             name = content.name
 
+        # Validate the name before any file system operations
+        validate_file_name(name, allow_relative_path=True)
+
         if not hasattr(content, "chunks"):
             content = File(content, name)
 
         name = self.get_available_name(name, max_length=max_length)
+        # After get_available_name, ensure the name is a simple file name (no path traversal or absolute path)
+        validate_file_name(name, allow_relative_path=False)
         name = self._save(name, content)
-        # Ensure that the name returned from the storage system is still valid.
-        validate_file_name(name, allow_relative_path=True)
+        # Defense-in-depth: validate again after save
+        validate_file_name(name, allow_relative_path=False)
         return name
 
+
     # These methods are part of the public API, with default implementations.
 
     def get_valid_name(self, name):

2026-01-16 17:09:57,832 - src.tools.run_test - INFO - Running prepare.sh to reset repository...
2026-01-16 17:09:57,832 - src.tools.run_test - INFO - Running prepare.sh to reset repository...
2026-01-16 17:09:58,518 - src.tools.run_test - INFO - Running fix-run.sh for PoC validation...
2026-01-16 17:09:58,518 - src.tools.run_test - INFO - Running fix-run.sh for PoC validation...
2026-01-16 17:09:58,606 - src.tools.run_test - INFO - Patch being tested:
diff --git a/django/core/files/storage/base.py b/django/core/files/storage/base.py
index 16ac22f..05488d3 100644
--- a/django/core/files/storage/base.py
+++ b/django/core/files/storage/base.py
@@ -31,15 +31,21 @@ class Storage:
         if name is None:
             name = content.name
 
+        # Validate the name before any file system operations
+        validate_file_name(name, allow_relative_path=True)
+
         if not hasattr(content, "chunks"):
             content = File(content, name)
 
         name = self.get_available_name(name, max_length=max_length)
+        # After get_available_name, ensure the name is a simple file name (no path traversal or absolute path)
+        validate_file_name(name, allow_relative_path=False)
         name = self._save(name, content)
-        # Ensure that the name returned from the storage system is still valid.
-        validate_file_name(name, allow_relative_path=True)
+        # Defense-in-depth: validate again after save
+        validate_file_name(name, allow_relative_path=False)
         return name
 
+
     # These methods are part of the public API, with default implementations.
 
     def get_valid_name(self, name):


2026-01-16 17:09:58,606 - src.tools.run_test - INFO - Patch being tested:
diff --git a/django/core/files/storage/base.py b/django/core/files/storage/base.py
index 16ac22f..05488d3 100644
--- a/django/core/files/storage/base.py
+++ b/django/core/files/storage/base.py
@@ -31,15 +31,21 @@ class Storage:
         if name is None:
             name = content.name
 
+        # Validate the name before any file system operations
+        validate_file_name(name, allow_relative_path=True)
+
         if not hasattr(content, "chunks"):
             content = File(content, name)
 
         name = self.get_available_name(name, max_length=max_length)
+        # After get_available_name, ensure the name is a simple file name (no path traversal or absolute path)
+        validate_file_name(name, allow_relative_path=False)
         name = self._save(name, content)
-        # Ensure that the name returned from the storage system is still valid.
-        validate_file_name(name, allow_relative_path=True)
+        # Defense-in-depth: validate again after save
+        validate_file_name(name, allow_relative_path=False)
         return name
 
+
     # These methods are part of the public API, with default implementations.
 
     def get_valid_name(self, name):


2026-01-16 17:09:59,307 - src.tools.run_test - INFO - fix-run.sh completed with exit code 1
2026-01-16 17:09:59,307 - src.tools.run_test - INFO - fix-run.sh completed with exit code 1
2026-01-16 17:09:59,308 - src.tools.run_test - INFO - fix-run.sh output:
Testing against Django installed in '/workspace/django/django' with up to 8 processes
Found 5 test(s).
System check identified no issues (0 silenced).
.E.
======================================================================
ERROR: test_not_a_directory (file_uploads.tests.DirectoryCreationTests)
----------------------------------------------------------------------
Traceback (most recent call last):
  File "/root/miniconda3/envs/py_39/lib/python3.9/unittest/case.py", line 59, in testPartExecutor
    yield
  File "/root/miniconda3/envs/py_39/lib/python3.9/unittest/case.py", line 592, in run
    self._callTestMethod(testMethod)
  File "/root/miniconda3/envs/py_39/lib/python3.9/unittest/case.py", line 550, in _callTestMethod
    method()
  File "/workspace/django/tests/file_uploads/tests.py", line 834, in test_not_a_directory
    self.obj.testfile.save("foo.txt", file, save=False)
  File "/workspace/django/django/db/models/fields/files.py", line 93, in save
    self.name = self.storage.save(name, content, max_length=self.field.max_length)
  File "/workspace/django/django/core/files/storage/base.py", line 42, in save
    validate_file_name(name, allow_relative_path=False)
  File "/workspace/django/django/core/files/utils.py", line 22, in validate_file_name
    raise SuspiciousFileOperation("File name '%s' includes path elements" % name)
django.core.exceptions.SuspiciousFileOperation: File name 'test_upload/foo.txt' includes path elements

======================================================================
FAIL: test_validate_after_get_available_name (file_storage.test_base.StorageValidateFileNameTests) [<object object at 0x7ffffd67aa20>] (name='path/to/../test.file')
----------------------------------------------------------------------
django.core.exceptions.SuspiciousFileOperation: File name 'path/to/../test.file' includes path elements

During handling of the above exception, another exception occurred:

Traceback (most recent call last):
  File "/root/miniconda3/envs/py_39/lib/python3.9/unittest/case.py", line 59, in testPartExecutor
    yield
  File "/root/miniconda3/envs/py_39/lib/python3.9/unittest/case.py", line 499, in subTest
    yield
  File "/workspace/django/tests/file_storage/test_base.py", line 55, in test_validate_after_get_available_name
    s.save("valid-file-name.txt", content="irrelevant")
  File "/root/miniconda3/envs/py_39/lib/python3.9/contextlib.py", line 137, in __exit__
    self.gen.throw(typ, value, traceback)
  File "/workspace/django/django/test/testcases.py", line 889, in _assert_raises_or_warns_cm
    self.assertIn(expected_message, str(getattr(cm, cm_attr)))
  File "/root/miniconda3/envs/py_39/lib/python3.9/unittest/case.py", line 1104, in assertIn
    self.fail(self._formatMessage(msg, standardMsg))
  File "/root/miniconda3/envs/py_39/lib/python3.9/unittest/case.py", line 676, in fail
    raise self.failureException(msg)
AssertionError: "Detected path traversal attempt in 'path/to/../test.file'" not found in "File name 'path/to/../test.file' includes path elements"

======================================================================
FAIL: test_validate_after_get_available_name (file_storage.test_base.StorageValidateFileNameTests) [<object object at 0x7ffffd67aa20>] (name='/path/to/test.file')
----------------------------------------------------------------------
django.core.exceptions.SuspiciousFileOperation: File name '/path/to/test.file' includes path elements

During handling of the above exception, another exception occurred:

Traceback (most recent call last):
  File "/root/miniconda3/envs/py_39/lib/python3.9/unittest/case.py", line 59, in testPartExecutor
    yield
  File "/root/miniconda3/envs/py_39/lib/python3.9/unittest/case.py", line 499, in subTest
    yield
  File "/workspace/django/tests/file_storage/test_base.py", line 55, in test_validate_after_get_available_name
    s.save("valid-file-name.txt", content="irrelevant")
  File "/root/miniconda3/envs/py_39/lib/python3.9/contextlib.py", line 137, in __exit__
    self.gen.throw(typ, value, traceback)
  File "/workspace/django/django/test/testcases.py", line 889, in _assert_raises_or_warns_cm
    self.assertIn(expected_message, str(getattr(cm, cm_attr)))
  File "/root/miniconda3/envs/py_39/lib/python3.9/unittest/case.py", line 1104, in assertIn
    self.fail(self._formatMessage(msg, standardMsg))
  File "/root/miniconda3/envs/py_39/lib/python3.9/unittest/case.py", line 676, in fail
    raise self.failureException(msg)
AssertionError: "Detected path traversal attempt in '/path/to/test.file'" not found in "File name '/path/to/test.file' includes path elements"

======================================================================
FAIL: test_validate_after_internal_save (file_storage.test_base.StorageValidateFileNameTests) [<object object at 0x7ffffd67aa20>] (name='path/to/../test.file')
----------------------------------------------------------------------
django.core.exceptions.SuspiciousFileOperation: File name 'path/to/../test.file' includes path elements

During handling of the above exception, another exception occurred:

Traceback (most recent call last):
  File "/root/miniconda3/envs/py_39/lib/python3.9/unittest/case.py", line 59, in testPartExecutor
    yield
  File "/root/miniconda3/envs/py_39/lib/python3.9/unittest/case.py", line 499, in subTest
    yield
  File "/workspace/django/tests/file_storage/test_base.py", line 70, in test_validate_after_internal_save
    s.save("valid-file-name.txt", content="irrelevant")
  File "/root/miniconda3/envs/py_39/lib/python3.9/contextlib.py", line 137, in __exit__
    self.gen.throw(typ, value, traceback)
  File "/workspace/django/django/test/testcases.py", line 889, in _assert_raises_or_warns_cm
    self.assertIn(expected_message, str(getattr(cm, cm_attr)))
  File "/root/miniconda3/envs/py_39/lib/python3.9/unittest/case.py", line 1104, in assertIn
    self.fail(self._formatMessage(msg, standardMsg))
  File "/root/miniconda3/envs/py_39/lib/python3.9/unittest/case.py", line 676, in fail
    raise self.failureException(msg)
AssertionError: "Detected path traversal attempt in 'path/to/../test.file'" not found in "File name 'path/to/../test.file' includes path elements"

======================================================================
FAIL: test_validate_after_internal_save (file_storage.test_base.StorageValidateFileNameTests) [<object object at 0x7ffffd67aa20>] (name='/path/to/test.file')
----------------------------------------------------------------------
django.core.exceptions.SuspiciousFileOperation: File name '/path/to/test.file' includes path elements

During handling of the above exception, another exception occurred:

Traceback (most recent call last):
  File "/root/miniconda3/envs/py_39/lib/python3.9/unittest/case.py", line 59, in testPartExecutor
    yield
  File "/root/miniconda3/envs/py_39/lib/python3.9/unittest/case.py", line 499, in subTest
    yield
  File "/workspace/django/tests/file_storage/test_base.py", line 70, in test_validate_after_internal_save
    s.save("valid-file-name.txt", content="irrelevant")
  File "/root/miniconda3/envs/py_39/lib/python3.9/contextlib.py", line 137, in __exit__
    self.gen.throw(typ, value, traceback)
  File "/workspace/django/django/test/testcases.py", line 889, in _assert_raises_or_warns_cm
    self.assertIn(expected_message, str(getattr(cm, cm_attr)))
  File "/root/miniconda3/envs/py_39/lib/python3.9/unittest/case.py", line 1104, in assertIn
    self.fail(self._formatMessage(msg, standardMsg))
  File "/root/miniconda3/envs/py_39/lib/python3.9/unittest/case.py", line 676, in fail
    raise self.failureException(msg)
AssertionError: "Detected path traversal attempt in '/path/to/test.file'" not found in "File name '/path/to/test.file' includes path elements"

----------------------------------------------------------------------
Ran 5 tests in 0.049s

FAILED (failures=4, errors=1)

2026-01-16 17:09:59,308 - src.tools.run_test - INFO - fix-run.sh output:
Testing against Django installed in '/workspace/django/django' with up to 8 processes
Found 5 test(s).
System check identified no issues (0 silenced).
.E.
======================================================================
ERROR: test_not_a_directory (file_uploads.tests.DirectoryCreationTests)
----------------------------------------------------------------------
Traceback (most recent call last):
  File "/root/miniconda3/envs/py_39/lib/python3.9/unittest/case.py", line 59, in testPartExecutor
    yield
  File "/root/miniconda3/envs/py_39/lib/python3.9/unittest/case.py", line 592, in run
    self._callTestMethod(testMethod)
  File "/root/miniconda3/envs/py_39/lib/python3.9/unittest/case.py", line 550, in _callTestMethod
    method()
  File "/workspace/django/tests/file_uploads/tests.py", line 834, in test_not_a_directory
    self.obj.testfile.save("foo.txt", file, save=False)
  File "/workspace/django/django/db/models/fields/files.py", line 93, in save
    self.name = self.storage.save(name, content, max_length=self.field.max_length)
  File "/workspace/django/django/core/files/storage/base.py", line 42, in save
    validate_file_name(name, allow_relative_path=False)
  File "/workspace/django/django/core/files/utils.py", line 22, in validate_file_name
    raise SuspiciousFileOperation("File name '%s' includes path elements" % name)
django.core.exceptions.SuspiciousFileOperation: File name 'test_upload/foo.txt' includes path elements

======================================================================
FAIL: test_validate_after_get_available_name (file_storage.test_base.StorageValidateFileNameTests) [<object object at 0x7ffffd67aa20>] (name='path/to/../test.file')
----------------------------------------------------------------------
django.core.exceptions.SuspiciousFileOperation: File name 'path/to/../test.file' includes path elements

During handling of the above exception, another exception occurred:

Traceback (most recent call last):
  File "/root/miniconda3/envs/py_39/lib/python3.9/unittest/case.py", line 59, in testPartExecutor
    yield
  File "/root/miniconda3/envs/py_39/lib/python3.9/unittest/case.py", line 499, in subTest
    yield
  File "/workspace/django/tests/file_storage/test_base.py", line 55, in test_validate_after_get_available_name
    s.save("valid-file-name.txt", content="irrelevant")
  File "/root/miniconda3/envs/py_39/lib/python3.9/contextlib.py", line 137, in __exit__
    self.gen.throw(typ, value, traceback)
  File "/workspace/django/django/test/testcases.py", line 889, in _assert_raises_or_warns_cm
    self.assertIn(expected_message, str(getattr(cm, cm_attr)))
  File "/root/miniconda3/envs/py_39/lib/python3.9/unittest/case.py", line 1104, in assertIn
    self.fail(self._formatMessage(msg, standardMsg))
  File "/root/miniconda3/envs/py_39/lib/python3.9/unittest/case.py", line 676, in fail
    raise self.failureException(msg)
AssertionError: "Detected path traversal attempt in 'path/to/../test.file'" not found in "File name 'path/to/../test.file' includes path elements"

======================================================================
FAIL: test_validate_after_get_available_name (file_storage.test_base.StorageValidateFileNameTests) [<object object at 0x7ffffd67aa20>] (name='/path/to/test.file')
----------------------------------------------------------------------
django.core.exceptions.SuspiciousFileOperation: File name '/path/to/test.file' includes path elements

During handling of the above exception, another exception occurred:

Traceback (most recent call last):
  File "/root/miniconda3/envs/py_39/lib/python3.9/unittest/case.py", line 59, in testPartExecutor
    yield
  File "/root/miniconda3/envs/py_39/lib/python3.9/unittest/case.py", line 499, in subTest
    yield
  File "/workspace/django/tests/file_storage/test_base.py", line 55, in test_validate_after_get_available_name
    s.save("valid-file-name.txt", content="irrelevant")
  File "/root/miniconda3/envs/py_39/lib/python3.9/contextlib.py", line 137, in __exit__
    self.gen.throw(typ, value, traceback)
  File "/workspace/django/django/test/testcases.py", line 889, in _assert_raises_or_warns_cm
    self.assertIn(expected_message, str(getattr(cm, cm_attr)))
  File "/root/miniconda3/envs/py_39/lib/python3.9/unittest/case.py", line 1104, in assertIn
    self.fail(self._formatMessage(msg, standardMsg))
  File "/root/miniconda3/envs/py_39/lib/python3.9/unittest/case.py", line 676, in fail
    raise self.failureException(msg)
AssertionError: "Detected path traversal attempt in '/path/to/test.file'" not found in "File name '/path/to/test.file' includes path elements"

======================================================================
FAIL: test_validate_after_internal_save (file_storage.test_base.StorageValidateFileNameTests) [<object object at 0x7ffffd67aa20>] (name='path/to/../test.file')
----------------------------------------------------------------------
django.core.exceptions.SuspiciousFileOperation: File name 'path/to/../test.file' includes path elements

During handling of the above exception, another exception occurred:

Traceback (most recent call last):
  File "/root/miniconda3/envs/py_39/lib/python3.9/unittest/case.py", line 59, in testPartExecutor
    yield
  File "/root/miniconda3/envs/py_39/lib/python3.9/unittest/case.py", line 499, in subTest
    yield
  File "/workspace/django/tests/file_storage/test_base.py", line 70, in test_validate_after_internal_save
    s.save("valid-file-name.txt", content="irrelevant")
  File "/root/miniconda3/envs/py_39/lib/python3.9/contextlib.py", line 137, in __exit__
    self.gen.throw(typ, value, traceback)
  File "/workspace/django/django/test/testcases.py", line 889, in _assert_raises_or_warns_cm
    self.assertIn(expected_message, str(getattr(cm, cm_attr)))
  File "/root/miniconda3/envs/py_39/lib/python3.9/unittest/case.py", line 1104, in assertIn
    self.fail(self._formatMessage(msg, standardMsg))
  File "/root/miniconda3/envs/py_39/lib/python3.9/unittest/case.py", line 676, in fail
    raise self.failureException(msg)
AssertionError: "Detected path traversal attempt in 'path/to/../test.file'" not found in "File name 'path/to/../test.file' includes path elements"

======================================================================
FAIL: test_validate_after_internal_save (file_storage.test_base.StorageValidateFileNameTests) [<object object at 0x7ffffd67aa20>] (name='/path/to/test.file')
----------------------------------------------------------------------
django.core.exceptions.SuspiciousFileOperation: File name '/path/to/test.file' includes path elements

During handling of the above exception, another exception occurred:

Traceback (most recent call last):
  File "/root/miniconda3/envs/py_39/lib/python3.9/unittest/case.py", line 59, in testPartExecutor
    yield
  File "/root/miniconda3/envs/py_39/lib/python3.9/unittest/case.py", line 499, in subTest
    yield
  File "/workspace/django/tests/file_storage/test_base.py", line 70, in test_validate_after_internal_save
    s.save("valid-file-name.txt", content="irrelevant")
  File "/root/miniconda3/envs/py_39/lib/python3.9/contextlib.py", line 137, in __exit__
    self.gen.throw(typ, value, traceback)
  File "/workspace/django/django/test/testcases.py", line 889, in _assert_raises_or_warns_cm
    self.assertIn(expected_message, str(getattr(cm, cm_attr)))
  File "/root/miniconda3/envs/py_39/lib/python3.9/unittest/case.py", line 1104, in assertIn
    self.fail(self._formatMessage(msg, standardMsg))
  File "/root/miniconda3/envs/py_39/lib/python3.9/unittest/case.py", line 676, in fail
    raise self.failureException(msg)
AssertionError: "Detected path traversal attempt in '/path/to/test.file'" not found in "File name '/path/to/test.file' includes path elements"

----------------------------------------------------------------------
Ran 5 tests in 0.049s

FAILED (failures=4, errors=1)

2026-01-16 17:09:59,400 - src.tools.run_test - INFO - Running prepare.sh to reset repository...
2026-01-16 17:09:59,400 - src.tools.run_test - INFO - Running prepare.sh to reset repository...
2026-01-16 17:10:00,204 - src.tools.run_test - INFO - Running unit_test.sh for regression testing...
2026-01-16 17:10:00,204 - src.tools.run_test - INFO - Running unit_test.sh for regression testing...
2026-01-16 17:10:01,907 - src.tools.run_test - INFO - unit_test.sh completed with exit code 1
2026-01-16 17:10:01,907 - src.tools.run_test - INFO - unit_test.sh completed with exit code 1
2026-01-16 17:10:01,908 - src.tools.run_test - INFO - unit_test.sh output:
Creating test database for alias 'default'...
Testing against Django installed in '/workspace/django/django' with up to 8 processes
Found 187 test(s).
Cloning test database for alias 'default'...
Cloning test database for alias 'default'...
Cloning test database for alias 'default'...
Cloning test database for alias 'default'...
Cloning test database for alias 'default'...
Cloning test database for alias 'default'...
Cloning test database for alias 'default'...
Cloning test database for alias 'default'...
System check identified no issues (0 silenced).
EE............EEE.EEEEEEEEEEEEEEEEEEEEEEEE....ss..............ssE.....E.E........E.............ssE.....E.E.....EE..............E.ssE.....E.E.............E.ssE.....E.E..............F....F.....FFFFF....
======================================================================
ERROR: test_directory_with_dot (file_storage.tests.FileStoragePathParsing)
Regression test for #9610.
----------------------------------------------------------------------
Traceback (most recent call last):
  File "/root/miniconda3/envs/py_39/lib/python3.9/unittest/case.py", line 59, in testPartExecutor
    yield
  File "/root/miniconda3/envs/py_39/lib/python3.9/unittest/case.py", line 592, in run
    self._callTestMethod(testMethod)
  File "/root/miniconda3/envs/py_39/lib/python3.9/unittest/case.py", line 550, in _callTestMethod
    method()
  File "/workspace/django/tests/file_storage/tests.py", line 1131, in test_directory_with_dot
    self.storage.save("dotted.path/test", ContentFile("1"))
  File "/workspace/django/django/core/files/storage/base.py", line 42, in save
    validate_file_name(name, allow_relative_path=False)
  File "/workspace/django/django/core/files/utils.py", line 22, in validate_file_name
    raise SuspiciousFileOperation("File name '%s' includes path elements" % name)
django.core.exceptions.SuspiciousFileOperation: File name 'dotted.path/test' includes path elements

======================================================================
ERROR: test_first_character_dot (file_storage.tests.FileStoragePathParsing)
File names with a dot as their first character don't have an extension,
----------------------------------------------------------------------
Traceback (most recent call last):
  File "/root/miniconda3/envs/py_39/lib/python3.9/unittest/case.py", line 59, in testPartExecutor
    yield
  File "/root/miniconda3/envs/py_39/lib/python3.9/unittest/case.py", line 592, in run
    self._callTestMethod(testMethod)
  File "/root/miniconda3/envs/py_39/lib/python3.9/unittest/case.py", line 550, in _callTestMethod
    method()
  File "/workspace/django/tests/file_storage/tests.py", line 1144, in test_first_character_dot
    self.storage.save("dotted.path/.test", ContentFile("1"))
  File "/workspace/django/django/core/files/storage/base.py", line 42, in save
    validate_file_name(name, allow_relative_path=False)
  File "/workspace/django/django/core/files/utils.py", line 22, in validate_file_name
    raise SuspiciousFileOperation("File name '%s' includes path elements" % name)
django.core.exceptions.SuspiciousFileOperation: File name 'dotted.path/.test' includes path elements

======================================================================
ERROR: test_custom_valid_name_callable_upload_to (file_storage.tests.FileFieldStorageTests)
Storage.get_valid_name() should be called when upload_to is a callable.
----------------------------------------------------------------------
Traceback (most recent call last):
  File "/root/miniconda3/envs/py_39/lib/python3.9/unittest/case.py", line 59, in testPartExecutor
    yield
  File "/root/miniconda3/envs/py_39/lib/python3.9/unittest/case.py", line 592, in run
    self._callTestMethod(testMethod)
  File "/root/miniconda3/envs/py_39/lib/python3.9/unittest/case.py", line 550, in _callTestMethod
    method()
  File "/workspace/django/tests/file_storage/tests.py", line 934, in test_custom_valid_name_callable_upload_to
    obj.custom_valid_name.save("random_file", ContentFile("random content"))
  File "/workspace/django/django/db/models/fields/files.py", line 93, in save
    self.name = self.storage.save(name, content, max_length=self.field.max_length)
  File "/workspace/django/django/core/files/storage/base.py", line 42, in save
    validate_file_name(name, allow_relative_path=False)
  File "/workspace/django/django/core/files/utils.py", line 22, in validate_file_name
    raise SuspiciousFileOperation("File name '%s' includes path elements" % name)
django.core.exceptions.SuspiciousFileOperation: File name '210/random_file_valid' includes path elements

======================================================================
ERROR: test_duplicate_filename (file_storage.tests.FileFieldStorageTests)
----------------------------------------------------------------------
Traceback (most recent call last):
  File "/root/miniconda3/envs/py_39/lib/python3.9/unittest/case.py", line 59, in testPartExecutor
    yield
  File "/root/miniconda3/envs/py_39/lib/python3.9/unittest/case.py", line 592, in run
    self._callTestMethod(testMethod)
  File "/root/miniconda3/envs/py_39/lib/python3.9/unittest/case.py", line 550, in _callTestMethod
    method()
  File "/workspace/django/tests/file_storage/tests.py", line 835, in test_duplicate_filename
    o.normal.save("multiple_files.txt", ContentFile("Same Content"))
  File "/workspace/django/django/db/models/fields/files.py", line 93, in save
    self.name = self.storage.save(name, content, max_length=self.field.max_length)
  File "/workspace/django/django/core/files/storage/base.py", line 42, in save
    validate_file_name(name, allow_relative_path=False)
  File "/workspace/django/django/core/files/utils.py", line 22, in validate_file_name
    raise SuspiciousFileOperation("File name '%s' includes path elements" % name)
django.core.exceptions.SuspiciousFileOperation: File name 'tests/multiple_files.txt' includes path elements

======================================================================
ERROR: test_duplicate_filename (file_storage.tests.FileFieldStorageTests)
----------------------------------------------------------------------
Traceback (most recent call last):
  File "/root/miniconda3/envs/py_39/lib/python3.9/unittest/case.py", line 59, in testPartExecutor
    yield
  File "/root/miniconda3/envs/py_39/lib/python3.9/unittest/case.py", line 595, in run
    self._callTearDown()
  File "/root/miniconda3/envs/py_39/lib/python3.9/unittest/case.py", line 553, in _callTearDown
    self.tearDown()
  File "/workspace/django/tests/file_storage/tests.py", line 738, in tearDown
    shutil.rmtree(temp_storage_location)
  File "/root/miniconda3/envs/py_39/lib/python3.9/shutil.py", line 724, in rmtree
    onerror(os.lstat, path, sys.exc_info())
  File "/root/miniconda3/envs/py_39/lib/python3.9/shutil.py", line 722, in rmtree
    orig_st = os.lstat(path)
FileNotFoundError: [Errno 2] No such file or directory: '/tmp/django_m92hdhmh/tmpdjxdrrfq'

======================================================================
ERROR: test_extended_length_storage (file_storage.tests.FileFieldStorageTests)
----------------------------------------------------------------------
Traceback (most recent call last):
  File "/root/miniconda3/envs/py_39/lib/python3.9/unittest/case.py", line 59, in testPartExecutor
    yield
  File "/root/miniconda3/envs/py_39/lib/python3.9/unittest/case.py", line 592, in run
    self._callTestMethod(testMethod)
  File "/root/miniconda3/envs/py_39/lib/python3.9/unittest/case.py", line 550, in _callTestMethod
    method()
  File "/workspace/django/tests/file_storage/tests.py", line 885, in test_extended_length_storage
    obj.extended_length.save("%s.txt" % filename, ContentFile("Same Content"))
  File "/workspace/django/django/db/models/fields/files.py", line 93, in save
    self.name = self.storage.save(name, content, max_length=self.field.max_length)
  File "/workspace/django/django/core/files/storage/base.py", line 42, in save
    validate_file_name(name, allow_relative_path=False)
  File "/workspace/django/django/core/files/utils.py", line 22, in validate_file_name
    raise SuspiciousFileOperation("File name '%s' includes path elements" % name)
django.core.exceptions.SuspiciousFileOperation: File name 'tests/aaaaaaaaaaaaaaaaaaaaaaaaaaaaaaaaaaaaaaaaaaaaaaaaaaaaaaaaaaaaaaaaaaaaaaaaaaaaaaaaaaaaaaaaaaaaaaaaaaaaaaaaaaaaaaaaaaaaaaaaaaaaaaaaaaaaaaaaaaaaaaaaaaaaaaaaaaaaaaaaaaaaaaaaaaaaaaaaaaaaaaaaaaaaaaaaaaaaaaaaaaaaaaaaaaaaaaaaaaaaaaaaaaaaaaaaaaaaaaaaaaaaaaaaaaa.txt' includes path elements

======================================================================
ERROR: test_extended_length_storage (file_storage.tests.FileFieldStorageTests)
----------------------------------------------------------------------
Traceback (most recent call last):
  File "/root/miniconda3/envs/py_39/lib/python3.9/unittest/case.py", line 59, in testPartExecutor
    yield
  File "/root/miniconda3/envs/py_39/lib/python3.9/unittest/case.py", line 595, in run
    self._callTearDown()
  File "/root/miniconda3/envs/py_39/lib/python3.9/unittest/case.py", line 553, in _callTearDown
    self.tearDown()
  File "/workspace/django/tests/file_storage/tests.py", line 738, in tearDown
    shutil.rmtree(temp_storage_location)
  File "/root/miniconda3/envs/py_39/lib/python3.9/shutil.py", line 724, in rmtree
    onerror(os.lstat, path, sys.exc_info())
  File "/root/miniconda3/envs/py_39/lib/python3.9/shutil.py", line 722, in rmtree
    orig_st = os.lstat(path)
FileNotFoundError: [Errno 2] No such file or directory: '/tmp/django_m92hdhmh/tmpdjxdrrfq'

======================================================================
ERROR: test_file_object (file_storage.tests.FileFieldStorageTests)
----------------------------------------------------------------------
Traceback (most recent call last):
  File "/root/miniconda3/envs/py_39/lib/python3.9/unittest/case.py", line 59, in testPartExecutor
    yield
  File "/root/miniconda3/envs/py_39/lib/python3.9/unittest/case.py", line 592, in run
    self._callTestMethod(testMethod)
  File "/root/miniconda3/envs/py_39/lib/python3.9/unittest/case.py", line 550, in _callTestMethod
    method()
  File "/workspace/django/tests/file_storage/tests.py", line 949, in test_file_object
    temp_storage.save("tests/example.txt", ContentFile("some content"))
  File "/workspace/django/django/core/files/storage/base.py", line 42, in save
    validate_file_name(name, allow_relative_path=False)
  File "/workspace/django/django/core/files/utils.py", line 22, in validate_file_name
    raise SuspiciousFileOperation("File name '%s' includes path elements" % name)
django.core.exceptions.SuspiciousFileOperation: File name 'tests/example.txt' includes path elements

======================================================================
ERROR: test_file_object (file_storage.tests.FileFieldStorageTests)
----------------------------------------------------------------------
Traceback (most recent call last):
  File "/root/miniconda3/envs/py_39/lib/python3.9/unittest/case.py", line 59, in testPartExecutor
    yield
  File "/root/miniconda3/envs/py_39/lib/python3.9/unittest/case.py", line 595, in run
    self._callTearDown()
  File "/root/miniconda3/envs/py_39/lib/python3.9/unittest/case.py", line 553, in _callTearDown
    self.tearDown()
  File "/workspace/django/tests/file_storage/tests.py", line 738, in tearDown
    shutil.rmtree(temp_storage_location)
  File "/root/miniconda3/envs/py_39/lib/python3.9/shutil.py", line 724, in rmtree
    onerror(os.lstat, path, sys.exc_info())
  File "/root/miniconda3/envs/py_39/lib/python3.9/shutil.py", line 722, in rmtree
    orig_st = os.lstat(path)
FileNotFoundError: [Errno 2] No such file or directory: '/tmp/django_m92hdhmh/tmpdjxdrrfq'

======================================================================
ERROR: test_file_truncation (file_storage.tests.FileFieldStorageTests)
----------------------------------------------------------------------
Traceback (most recent call last):
  File "/root/miniconda3/envs/py_39/lib/python3.9/unittest/case.py", line 59, in testPartExecutor
    yield
  File "/root/miniconda3/envs/py_39/lib/python3.9/unittest/case.py", line 592, in run
    self._callTestMethod(testMethod)
  File "/root/miniconda3/envs/py_39/lib/python3.9/unittest/case.py", line 550, in _callTestMethod
    method()
  File "/workspace/django/tests/file_storage/tests.py", line 856, in test_file_truncation
    o.limited_length.save(filename, ContentFile("Same Content"))
  File "/workspace/django/django/db/models/fields/files.py", line 93, in save
    self.name = self.storage.save(name, content, max_length=self.field.max_length)
  File "/workspace/django/django/core/files/storage/base.py", line 42, in save
    validate_file_name(name, allow_relative_path=False)
  File "/workspace/django/django/core/files/utils.py", line 22, in validate_file_name
    raise SuspiciousFileOperation("File name '%s' includes path elements" % name)
django.core.exceptions.SuspiciousFileOperation: File name 'tests/filename.ext' includes path elements

======================================================================
ERROR: test_file_truncation (file_storage.tests.FileFieldStorageTests)
----------------------------------------------------------------------
Traceback (most recent call last):
  File "/root/miniconda3/envs/py_39/lib/python3.9/unittest/case.py", line 59, in testPartExecutor
    yield
  File "/root/miniconda3/envs/py_39/lib/python3.9/unittest/case.py", line 595, in run
    self._callTearDown()
  File "/root/miniconda3/envs/py_39/lib/python3.9/unittest/case.py", line 553, in _callTearDown
    self.tearDown()
  File "/workspace/django/tests/file_storage/tests.py", line 738, in tearDown
    shutil.rmtree(temp_storage_location)
  File "/root/miniconda3/envs/py_39/lib/python3.9/shutil.py", line 724, in rmtree
    onerror(os.lstat, path, sys.exc_info())
  File "/root/miniconda3/envs/py_39/lib/python3.9/shutil.py", line 722, in rmtree
    orig_st = os.lstat(path)
FileNotFoundError: [Errno 2] No such file or directory: '/tmp/django_m92hdhmh/tmpdjxdrrfq'

======================================================================
ERROR: test_filefield_default (file_storage.tests.FileFieldStorageTests)
----------------------------------------------------------------------
Traceback (most recent call last):
  File "/root/miniconda3/envs/py_39/lib/python3.9/unittest/case.py", line 59, in testPartExecutor
    yield
  File "/root/miniconda3/envs/py_39/lib/python3.9/unittest/case.py", line 592, in run
    self._callTestMethod(testMethod)
  File "/root/miniconda3/envs/py_39/lib/python3.9/unittest/case.py", line 550, in _callTestMethod
    method()
  File "/workspace/django/tests/file_storage/tests.py", line 892, in test_filefield_default
    temp_storage.save("tests/default.txt", ContentFile("default content"))
  File "/workspace/django/django/core/files/storage/base.py", line 42, in save
    validate_file_name(name, allow_relative_path=False)
  File "/workspace/django/django/core/files/utils.py", line 22, in validate_file_name
    raise SuspiciousFileOperation("File name '%s' includes path elements" % name)
django.core.exceptions.SuspiciousFileOperation: File name 'tests/default.txt' includes path elements

======================================================================
ERROR: test_filefield_default (file_storage.tests.FileFieldStorageTests)
----------------------------------------------------------------------
Traceback (most recent call last):
  File "/root/miniconda3/envs/py_39/lib/python3.9/unittest/case.py", line 59, in testPartExecutor
    yield
  File "/root/miniconda3/envs/py_39/lib/python3.9/unittest/case.py", line 595, in run
    self._callTearDown()
  File "/root/miniconda3/envs/py_39/lib/python3.9/unittest/case.py", line 553, in _callTearDown
    self.tearDown()
  File "/workspace/django/tests/file_storage/tests.py", line 738, in tearDown
    shutil.rmtree(temp_storage_location)
  File "/root/miniconda3/envs/py_39/lib/python3.9/shutil.py", line 724, in rmtree
    onerror(os.lstat, path, sys.exc_info())
  File "/root/miniconda3/envs/py_39/lib/python3.9/shutil.py", line 722, in rmtree
    orig_st = os.lstat(path)
FileNotFoundError: [Errno 2] No such file or directory: '/tmp/django_m92hdhmh/tmpdjxdrrfq'

======================================================================
ERROR: test_filefield_pickling (file_storage.tests.FileFieldStorageTests)
----------------------------------------------------------------------
Traceback (most recent call last):
  File "/root/miniconda3/envs/py_39/lib/python3.9/unittest/case.py", line 59, in testPartExecutor
    yield
  File "/root/miniconda3/envs/py_39/lib/python3.9/unittest/case.py", line 592, in run
    self._callTestMethod(testMethod)
  File "/root/miniconda3/envs/py_39/lib/python3.9/unittest/case.py", line 550, in _callTestMethod
    method()
  File "/workspace/django/tests/file_storage/tests.py", line 942, in test_filefield_pickling
    obj.normal.save("django_test.txt", ContentFile("more content"))
  File "/workspace/django/django/db/models/fields/files.py", line 93, in save
    self.name = self.storage.save(name, content, max_length=self.field.max_length)
  File "/workspace/django/django/core/files/storage/base.py", line 42, in save
    validate_file_name(name, allow_relative_path=False)
  File "/workspace/django/django/core/files/utils.py", line 22, in validate_file_name
    raise SuspiciousFileOperation("File name '%s' includes path elements" % name)
django.core.exceptions.SuspiciousFileOperation: File name 'tests/django_test.txt' includes path elements

======================================================================
ERROR: test_filefield_pickling (file_storage.tests.FileFieldStorageTests)
----------------------------------------------------------------------
Traceback (most recent call last):
  File "/root/miniconda3/envs/py_39/lib/python3.9/unittest/case.py", line 59, in testPartExecutor
    yield
  File "/root/miniconda3/envs/py_39/lib/python3.9/unittest/case.py", line 595, in run
    self._callTearDown()
  File "/root/miniconda3/envs/py_39/lib/python3.9/unittest/case.py", line 553, in _callTearDown
    self.tearDown()
  File "/workspace/django/tests/file_storage/tests.py", line 738, in tearDown
    shutil.rmtree(temp_storage_location)
  File "/root/miniconda3/envs/py_39/lib/python3.9/shutil.py", line 724, in rmtree
    onerror(os.lstat, path, sys.exc_info())
  File "/root/miniconda3/envs/py_39/lib/python3.9/shutil.py", line 722, in rmtree
    orig_st = os.lstat(path)
FileNotFoundError: [Errno 2] No such file or directory: '/tmp/django_m92hdhmh/tmpdjxdrrfq'

======================================================================
ERROR: test_filefield_read (file_storage.tests.FileFieldStorageTests)
----------------------------------------------------------------------
Traceback (most recent call last):
  File "/root/miniconda3/envs/py_39/lib/python3.9/unittest/case.py", line 59, in testPartExecutor
    yield
  File "/root/miniconda3/envs/py_39/lib/python3.9/unittest/case.py", line 592, in run
    self._callTestMethod(testMethod)
  File "/root/miniconda3/envs/py_39/lib/python3.9/unittest/case.py", line 550, in _callTestMethod
    method()
  File "/workspace/django/tests/file_storage/tests.py", line 798, in test_filefield_read
    obj = Storage.objects.create(
  File "/workspace/django/django/db/models/manager.py", line 87, in manager_method
    return getattr(self.get_queryset(), name)(*args, **kwargs)
  File "/workspace/django/django/db/models/query.py", line 658, in create
    obj.save(force_insert=True, using=self.db)
  File "/workspace/django/django/db/models/base.py", line 814, in save
    self.save_base(
  File "/workspace/django/django/db/models/base.py", line 877, in save_base
    updated = self._save_table(
  File "/workspace/django/django/db/models/base.py", line 1020, in _save_table
    results = self._do_insert(
  File "/workspace/django/django/db/models/base.py", line 1061, in _do_insert
    return manager._insert(
  File "/workspace/django/django/db/models/manager.py", line 87, in manager_method
    return getattr(self.get_queryset(), name)(*args, **kwargs)
  File "/workspace/django/django/db/models/query.py", line 1805, in _insert
    return query.get_compiler(using=using).execute_sql(returning_fields)
  File "/workspace/django/django/db/models/sql/compiler.py", line 1821, in execute_sql
    for sql, params in self.as_sql():
  File "/workspace/django/django/db/models/sql/compiler.py", line 1745, in as_sql
    value_rows = [
  File "/workspace/django/django/db/models/sql/compiler.py", line 1746, in <listcomp>
    [
  File "/workspace/django/django/db/models/sql/compiler.py", line 1747, in <listcomp>
    self.prepare_value(field, self.pre_save_val(field, obj))
  File "/workspace/django/django/db/models/sql/compiler.py", line 1695, in pre_save_val
    return field.pre_save(obj, add=True)
  File "/workspace/django/django/db/models/fields/files.py", line 317, in pre_save
    file.save(file.name, file.file, save=False)
  File "/workspace/django/django/db/models/fields/files.py", line 93, in save
    self.name = self.storage.save(name, content, max_length=self.field.max_length)
  File "/workspace/django/django/core/files/storage/base.py", line 42, in save
    validate_file_name(name, allow_relative_path=False)
  File "/workspace/django/django/core/files/utils.py", line 22, in validate_file_name
    raise SuspiciousFileOperation("File name '%s' includes path elements" % name)
django.core.exceptions.SuspiciousFileOperation: File name 'tests/assignment.txt' includes path elements

======================================================================
ERROR: test_filefield_read (file_storage.tests.FileFieldStorageTests)
----------------------------------------------------------------------
Traceback (most recent call last):
  File "/root/miniconda3/envs/py_39/lib/python3.9/unittest/case.py", line 59, in testPartExecutor
    yield
  File "/root/miniconda3/envs/py_39/lib/python3.9/unittest/case.py", line 595, in run
    self._callTearDown()
  File "/root/miniconda3/envs/py_39/lib/python3.9/unittest/case.py", line 553, in _callTearDown
    self.tearDown()
  File "/workspace/django/tests/file_storage/tests.py", line 738, in tearDown
    shutil.rmtree(temp_storage_location)
  File "/root/miniconda3/envs/py_39/lib/python3.9/shutil.py", line 724, in rmtree
    onerror(os.lstat, path, sys.exc_info())
  File "/root/miniconda3/envs/py_39/lib/python3.9/shutil.py", line 722, in rmtree
    orig_st = os.lstat(path)
FileNotFoundError: [Errno 2] No such file or directory: '/tmp/django_m92hdhmh/tmpdjxdrrfq'

======================================================================
ERROR: test_filefield_reopen (file_storage.tests.FileFieldStorageTests)
----------------------------------------------------------------------
Traceback (most recent call last):
  File "/root/miniconda3/envs/py_39/lib/python3.9/unittest/case.py", line 59, in testPartExecutor
    yield
  File "/root/miniconda3/envs/py_39/lib/python3.9/unittest/case.py", line 592, in run
    self._callTestMethod(testMethod)
  File "/root/miniconda3/envs/py_39/lib/python3.9/unittest/case.py", line 550, in _callTestMethod
    method()
  File "/workspace/django/tests/file_storage/tests.py", line 822, in test_filefield_reopen
    obj = Storage.objects.create(
  File "/workspace/django/django/db/models/manager.py", line 87, in manager_method
    return getattr(self.get_queryset(), name)(*args, **kwargs)
  File "/workspace/django/django/db/models/query.py", line 658, in create
    obj.save(force_insert=True, using=self.db)
  File "/workspace/django/django/db/models/base.py", line 814, in save
    self.save_base(
  File "/workspace/django/django/db/models/base.py", line 877, in save_base
    updated = self._save_table(
  File "/workspace/django/django/db/models/base.py", line 1020, in _save_table
    results = self._do_insert(
  File "/workspace/django/django/db/models/base.py", line 1061, in _do_insert
    return manager._insert(
  File "/workspace/django/django/db/models/manager.py", line 87, in manager_method
    return getattr(self.get_queryset(), name)(*args, **kwargs)
  File "/workspace/django/django/db/models/query.py", line 1805, in _insert
    return query.get_compiler(using=using).execute_sql(returning_fields)
  File "/workspace/django/django/db/models/sql/compiler.py", line 1821, in execute_sql
    for sql, params in self.as_sql():
  File "/workspace/django/django/db/models/sql/compiler.py", line 1745, in as_sql
    value_rows = [
  File "/workspace/django/django/db/models/sql/compiler.py", line 1746, in <listcomp>
    [
  File "/workspace/django/django/db/models/sql/compiler.py", line 1747, in <listcomp>
    self.prepare_value(field, self.pre_save_val(field, obj))
  File "/workspace/django/django/db/models/sql/compiler.py", line 1695, in pre_save_val
    return field.pre_save(obj, add=True)
  File "/workspace/django/django/db/models/fields/files.py", line 317, in pre_save
    file.save(file.name, file.file, save=False)
  File "/workspace/django/django/db/models/fields/files.py", line 93, in save
    self.name = self.storage.save(name, content, max_length=self.field.max_length)
  File "/workspace/django/django/core/files/storage/base.py", line 42, in save
    validate_file_name(name, allow_relative_path=False)
  File "/workspace/django/django/core/files/utils.py", line 22, in validate_file_name
    raise SuspiciousFileOperation("File name '%s' includes path elements" % name)
django.core.exceptions.SuspiciousFileOperation: File name 'tests/reopen.txt' includes path elements

======================================================================
ERROR: test_filefield_reopen (file_storage.tests.FileFieldStorageTests)
----------------------------------------------------------------------
Traceback (most recent call last):
  File "/root/miniconda3/envs/py_39/lib/python3.9/unittest/case.py", line 59, in testPartExecutor
    yield
  File "/root/miniconda3/envs/py_39/lib/python3.9/unittest/case.py", line 595, in run
    self._callTearDown()
  File "/root/miniconda3/envs/py_39/lib/python3.9/unittest/case.py", line 553, in _callTearDown
    self.tearDown()
  File "/workspace/django/tests/file_storage/tests.py", line 738, in tearDown
    shutil.rmtree(temp_storage_location)
  File "/root/miniconda3/envs/py_39/lib/python3.9/shutil.py", line 724, in rmtree
    onerror(os.lstat, path, sys.exc_info())
  File "/root/miniconda3/envs/py_39/lib/python3.9/shutil.py", line 722, in rmtree
    orig_st = os.lstat(path)
FileNotFoundError: [Errno 2] No such file or directory: '/tmp/django_m92hdhmh/tmpdjxdrrfq'

======================================================================
ERROR: test_filefield_write (file_storage.tests.FileFieldStorageTests)
----------------------------------------------------------------------
Traceback (most recent call last):
  File "/root/miniconda3/envs/py_39/lib/python3.9/unittest/case.py", line 59, in testPartExecutor
    yield
  File "/root/miniconda3/envs/py_39/lib/python3.9/unittest/case.py", line 592, in run
    self._callTestMethod(testMethod)
  File "/root/miniconda3/envs/py_39/lib/python3.9/unittest/case.py", line 550, in _callTestMethod
    method()
  File "/workspace/django/tests/file_storage/tests.py", line 811, in test_filefield_write
    obj = Storage.objects.create(
  File "/workspace/django/django/db/models/manager.py", line 87, in manager_method
    return getattr(self.get_queryset(), name)(*args, **kwargs)
  File "/workspace/django/django/db/models/query.py", line 658, in create
    obj.save(force_insert=True, using=self.db)
  File "/workspace/django/django/db/models/base.py", line 814, in save
    self.save_base(
  File "/workspace/django/django/db/models/base.py", line 877, in save_base
    updated = self._save_table(
  File "/workspace/django/django/db/models/base.py", line 1020, in _save_table
    results = self._do_insert(
  File "/workspace/django/django/db/models/base.py", line 1061, in _do_insert
    return manager._insert(
  File "/workspace/django/django/db/models/manager.py", line 87, in manager_method
    return getattr(self.get_queryset(), name)(*args, **kwargs)
  File "/workspace/django/django/db/models/query.py", line 1805, in _insert
    return query.get_compiler(using=using).execute_sql(returning_fields)
  File "/workspace/django/django/db/models/sql/compiler.py", line 1821, in execute_sql
    for sql, params in self.as_sql():
  File "/workspace/django/django/db/models/sql/compiler.py", line 1745, in as_sql
    value_rows = [
  File "/workspace/django/django/db/models/sql/compiler.py", line 1746, in <listcomp>
    [
  File "/workspace/django/django/db/models/sql/compiler.py", line 1747, in <listcomp>
    self.prepare_value(field, self.pre_save_val(field, obj))
  File "/workspace/django/django/db/models/sql/compiler.py", line 1695, in pre_save_val
    return field.pre_save(obj, add=True)
  File "/workspace/django/django/db/models/fields/files.py", line 317, in pre_save
    file.save(file.name, file.file, save=False)
  File "/workspace/django/django/db/models/fields/files.py", line 93, in save
    self.name = self.storage.save(name, content, max_length=self.field.max_length)
  File "/workspace/django/django/core/files/storage/base.py", line 42, in save
    validate_file_name(name, allow_relative_path=False)
  File "/workspace/django/django/core/files/utils.py", line 22, in validate_file_name
    raise SuspiciousFileOperation("File name '%s' includes path elements" % name)
django.core.exceptions.SuspiciousFileOperation: File name 'tests/rewritten.txt' includes path elements

======================================================================
ERROR: test_filefield_write (file_storage.tests.FileFieldStorageTests)
----------------------------------------------------------------------
Traceback (most recent call last):
  File "/root/miniconda3/envs/py_39/lib/python3.9/unittest/case.py", line 59, in testPartExecutor
    yield
  File "/root/miniconda3/envs/py_39/lib/python3.9/unittest/case.py", line 595, in run
    self._callTearDown()
  File "/root/miniconda3/envs/py_39/lib/python3.9/unittest/case.py", line 553, in _callTearDown
    self.tearDown()
  File "/workspace/django/tests/file_storage/tests.py", line 738, in tearDown
    shutil.rmtree(temp_storage_location)
  File "/root/miniconda3/envs/py_39/lib/python3.9/shutil.py", line 724, in rmtree
    onerror(os.lstat, path, sys.exc_info())
  File "/root/miniconda3/envs/py_39/lib/python3.9/shutil.py", line 722, in rmtree
    orig_st = os.lstat(path)
FileNotFoundError: [Errno 2] No such file or directory: '/tmp/django_m92hdhmh/tmpdjxdrrfq'

======================================================================
ERROR: test_files (file_storage.tests.FileFieldStorageTests)
----------------------------------------------------------------------
Traceback (most recent call last):
  File "/root/miniconda3/envs/py_39/lib/python3.9/unittest/case.py", line 59, in testPartExecutor
    yield
  File "/root/miniconda3/envs/py_39/lib/python3.9/unittest/case.py", line 592, in run
    self._callTestMethod(testMethod)
  File "/root/miniconda3/envs/py_39/lib/python3.9/unittest/case.py", line 550, in _callTestMethod
    method()
  File "/workspace/django/tests/file_storage/tests.py", line 762, in test_files
    obj1.normal.save("django_test.txt", ContentFile("content"))
  File "/workspace/django/django/db/models/fields/files.py", line 93, in save
    self.name = self.storage.save(name, content, max_length=self.field.max_length)
  File "/workspace/django/django/core/files/storage/base.py", line 42, in save
    validate_file_name(name, allow_relative_path=False)
  File "/workspace/django/django/core/files/utils.py", line 22, in validate_file_name
    raise SuspiciousFileOperation("File name '%s' includes path elements" % name)
django.core.exceptions.SuspiciousFileOperation: File name 'tests/django_test.txt' includes path elements

======================================================================
ERROR: test_files (file_storage.tests.FileFieldStorageTests)
----------------------------------------------------------------------
Traceback (most recent call last):
  File "/root/miniconda3/envs/py_39/lib/python3.9/unittest/case.py", line 59, in testPartExecutor
    yield
  File "/root/miniconda3/envs/py_39/lib/python3.9/unittest/case.py", line 595, in run
    self._callTearDown()
  File "/root/miniconda3/envs/py_39/lib/python3.9/unittest/case.py", line 553, in _callTearDown
    self.tearDown()
  File "/workspace/django/tests/file_storage/tests.py", line 738, in tearDown
    shutil.rmtree(temp_storage_location)
  File "/root/miniconda3/envs/py_39/lib/python3.9/shutil.py", line 724, in rmtree
    onerror(os.lstat, path, sys.exc_info())
  File "/root/miniconda3/envs/py_39/lib/python3.9/shutil.py", line 722, in rmtree
    orig_st = os.lstat(path)
FileNotFoundError: [Errno 2] No such file or directory: '/tmp/django_m92hdhmh/tmpdjxdrrfq'

======================================================================
ERROR: test_pathlib_upload_to (file_storage.tests.FileFieldStorageTests)
----------------------------------------------------------------------
Traceback (most recent call last):
  File "/root/miniconda3/envs/py_39/lib/python3.9/unittest/case.py", line 59, in testPartExecutor
    yield
  File "/root/miniconda3/envs/py_39/lib/python3.9/unittest/case.py", line 592, in run
    self._callTestMethod(testMethod)
  File "/root/miniconda3/envs/py_39/lib/python3.9/unittest/case.py", line 550, in _callTestMethod
    method()
  File "/workspace/django/tests/file_storage/tests.py", line 915, in test_pathlib_upload_to
    obj.pathlib_callable.save("some_file1.txt", ContentFile("some content"))
  File "/workspace/django/django/db/models/fields/files.py", line 93, in save
    self.name = self.storage.save(name, content, max_length=self.field.max_length)
  File "/workspace/django/django/core/files/storage/base.py", line 42, in save
    validate_file_name(name, allow_relative_path=False)
  File "/workspace/django/django/core/files/utils.py", line 22, in validate_file_name
    raise SuspiciousFileOperation("File name '%s' includes path elements" % name)
django.core.exceptions.SuspiciousFileOperation: File name 'bar/some_file1.txt' includes path elements

======================================================================
ERROR: test_pathlib_upload_to (file_storage.tests.FileFieldStorageTests)
----------------------------------------------------------------------
Traceback (most recent call last):
  File "/root/miniconda3/envs/py_39/lib/python3.9/unittest/case.py", line 59, in testPartExecutor
    yield
  File "/root/miniconda3/envs/py_39/lib/python3.9/unittest/case.py", line 595, in run
    self._callTearDown()
  File "/root/miniconda3/envs/py_39/lib/python3.9/unittest/case.py", line 553, in _callTearDown
    self.tearDown()
  File "/workspace/django/tests/file_storage/tests.py", line 738, in tearDown
    shutil.rmtree(temp_storage_location)
  File "/root/miniconda3/envs/py_39/lib/python3.9/shutil.py", line 724, in rmtree
    onerror(os.lstat, path, sys.exc_info())
  File "/root/miniconda3/envs/py_39/lib/python3.9/shutil.py", line 722, in rmtree
    orig_st = os.lstat(path)
FileNotFoundError: [Errno 2] No such file or directory: '/tmp/django_m92hdhmh/tmpdjxdrrfq'

======================================================================
ERROR: test_random_upload_to (file_storage.tests.FileFieldStorageTests)
----------------------------------------------------------------------
Traceback (most recent call last):
  File "/root/miniconda3/envs/py_39/lib/python3.9/unittest/case.py", line 59, in testPartExecutor
    yield
  File "/root/miniconda3/envs/py_39/lib/python3.9/unittest/case.py", line 592, in run
    self._callTestMethod(testMethod)
  File "/root/miniconda3/envs/py_39/lib/python3.9/unittest/case.py", line 550, in _callTestMethod
    method()
  File "/workspace/django/tests/file_storage/tests.py", line 925, in test_random_upload_to
    obj.random.save("random_file", ContentFile("random content"))
  File "/workspace/django/django/db/models/fields/files.py", line 93, in save
    self.name = self.storage.save(name, content, max_length=self.field.max_length)
  File "/workspace/django/django/core/files/storage/base.py", line 42, in save
    validate_file_name(name, allow_relative_path=False)
  File "/workspace/django/django/core/files/utils.py", line 22, in validate_file_name
    raise SuspiciousFileOperation("File name '%s' includes path elements" % name)
django.core.exceptions.SuspiciousFileOperation: File name '858/random_file' includes path elements

======================================================================
ERROR: test_random_upload_to (file_storage.tests.FileFieldStorageTests)
----------------------------------------------------------------------
Traceback (most recent call last):
  File "/root/miniconda3/envs/py_39/lib/python3.9/unittest/case.py", line 59, in testPartExecutor
    yield
  File "/root/miniconda3/envs/py_39/lib/python3.9/unittest/case.py", line 595, in run
    self._callTearDown()
  File "/root/miniconda3/envs/py_39/lib/python3.9/unittest/case.py", line 553, in _callTearDown
    self.tearDown()
  File "/workspace/django/tests/file_storage/tests.py", line 738, in tearDown
    shutil.rmtree(temp_storage_location)
  File "/root/miniconda3/envs/py_39/lib/python3.9/shutil.py", line 724, in rmtree
    onerror(os.lstat, path, sys.exc_info())
  File "/root/miniconda3/envs/py_39/lib/python3.9/shutil.py", line 722, in rmtree
    orig_st = os.lstat(path)
FileNotFoundError: [Errno 2] No such file or directory: '/tmp/django_m92hdhmh/tmpdjxdrrfq'

======================================================================
ERROR: test_stringio (file_storage.tests.FileFieldStorageTests)
----------------------------------------------------------------------
Traceback (most recent call last):
  File "/root/miniconda3/envs/py_39/lib/python3.9/unittest/case.py", line 59, in testPartExecutor
    yield
  File "/root/miniconda3/envs/py_39/lib/python3.9/unittest/case.py", line 592, in run
    self._callTestMethod(testMethod)
  File "/root/miniconda3/envs/py_39/lib/python3.9/unittest/case.py", line 550, in _callTestMethod
    method()
  File "/workspace/django/tests/file_storage/tests.py", line 966, in test_stringio
    temp_storage.save("tests/stringio", output)
  File "/workspace/django/django/core/files/storage/base.py", line 42, in save
    validate_file_name(name, allow_relative_path=False)
  File "/workspace/django/django/core/files/utils.py", line 22, in validate_file_name
    raise SuspiciousFileOperation("File name '%s' includes path elements" % name)
django.core.exceptions.SuspiciousFileOperation: File name 'tests/stringio' includes path elements

======================================================================
ERROR: test_stringio (file_storage.tests.FileFieldStorageTests)
----------------------------------------------------------------------
Traceback (most recent call last):
  File "/root/miniconda3/envs/py_39/lib/python3.9/unittest/case.py", line 59, in testPartExecutor
    yield
  File "/root/miniconda3/envs/py_39/lib/python3.9/unittest/case.py", line 595, in run
    self._callTearDown()
  File "/root/miniconda3/envs/py_39/lib/python3.9/unittest/case.py", line 553, in _callTearDown
    self.tearDown()
  File "/workspace/django/tests/file_storage/tests.py", line 738, in tearDown
    shutil.rmtree(temp_storage_location)
  File "/root/miniconda3/envs/py_39/lib/python3.9/shutil.py", line 724, in rmtree
    onerror(os.lstat, path, sys.exc_info())
  File "/root/miniconda3/envs/py_39/lib/python3.9/shutil.py", line 722, in rmtree
    orig_st = os.lstat(path)
FileNotFoundError: [Errno 2] No such file or directory: '/tmp/django_m92hdhmh/tmpdjxdrrfq'

======================================================================
ERROR: test_file_save_with_path (file_storage.tests.FileStorageTests)
Saving a pathname should create intermediate directories as necessary.
----------------------------------------------------------------------
Traceback (most recent call last):
  File "/root/miniconda3/envs/py_39/lib/python3.9/unittest/case.py", line 59, in testPartExecutor
    yield
  File "/root/miniconda3/envs/py_39/lib/python3.9/unittest/case.py", line 592, in run
    self._callTestMethod(testMethod)
  File "/root/miniconda3/envs/py_39/lib/python3.9/unittest/case.py", line 550, in _callTestMethod
    method()
  File "/workspace/django/tests/file_storage/tests.py", line 333, in test_file_save_with_path
    self.storage.save("path/to/test.file", ContentFile("file saved with path"))
  File "/workspace/django/django/core/files/storage/base.py", line 42, in save
    validate_file_name(name, allow_relative_path=False)
  File "/workspace/django/django/core/files/utils.py", line 22, in validate_file_name
    raise SuspiciousFileOperation("File name '%s' includes path elements" % name)
django.core.exceptions.SuspiciousFileOperation: File name 'path/to/test.file' includes path elements

======================================================================
ERROR: test_makedirs_race_handling (file_storage.tests.FileStorageTests)
File storage should be robust against directory creation race conditions.
----------------------------------------------------------------------
Traceback (most recent call last):
  File "/root/miniconda3/envs/py_39/lib/python3.9/unittest/case.py", line 59, in testPartExecutor
    yield
  File "/root/miniconda3/envs/py_39/lib/python3.9/unittest/case.py", line 592, in run
    self._callTestMethod(testMethod)
  File "/root/miniconda3/envs/py_39/lib/python3.9/unittest/case.py", line 550, in _callTestMethod
    method()
  File "/workspace/django/tests/file_storage/tests.py", line 509, in test_makedirs_race_handling
    self.storage.save("normal/test.file", ContentFile("saved normally"))
  File "/workspace/django/django/core/files/storage/base.py", line 42, in save
    validate_file_name(name, allow_relative_path=False)
  File "/workspace/django/django/core/files/utils.py", line 22, in validate_file_name
    raise SuspiciousFileOperation("File name '%s' includes path elements" % name)
django.core.exceptions.SuspiciousFileOperation: File name 'normal/test.file' includes path elements

======================================================================
ERROR: test_save_doesnt_close (file_storage.tests.FileStorageTests)
----------------------------------------------------------------------
Traceback (most recent call last):
  File "/root/miniconda3/envs/py_39/lib/python3.9/unittest/case.py", line 59, in testPartExecutor
    yield
  File "/root/miniconda3/envs/py_39/lib/python3.9/unittest/case.py", line 592, in run
    self._callTestMethod(testMethod)
  File "/root/miniconda3/envs/py_39/lib/python3.9/unittest/case.py", line 550, in _callTestMethod
    method()
  File "/workspace/django/tests/file_storage/tests.py", line 370, in test_save_doesnt_close
    self.storage.save("path/to/test.file", file)
  File "/workspace/django/django/core/files/storage/base.py", line 42, in save
    validate_file_name(name, allow_relative_path=False)
  File "/workspace/django/django/core/files/utils.py", line 22, in validate_file_name
    raise SuspiciousFileOperation("File name '%s' includes path elements" % name)
django.core.exceptions.SuspiciousFileOperation: File name 'path/to/test.file' includes path elements

======================================================================
ERROR: test_custom_storage_discarding_empty_content (file_storage.tests.DiscardingFalseContentStorageTests)
When Storage.save() wraps a file-like object in File, it should include
----------------------------------------------------------------------
Traceback (most recent call last):
  File "/root/miniconda3/envs/py_39/lib/python3.9/unittest/case.py", line 59, in testPartExecutor
    yield
  File "/root/miniconda3/envs/py_39/lib/python3.9/unittest/case.py", line 592, in run
    self._callTestMethod(testMethod)
  File "/root/miniconda3/envs/py_39/lib/python3.9/unittest/case.py", line 550, in _callTestMethod
    method()
  File "/workspace/django/tests/file_storage/tests.py", line 729, in test_custom_storage_discarding_empty_content
    self.storage.save("tests/stringio", output)
  File "/workspace/django/django/core/files/storage/base.py", line 42, in save
    validate_file_name(name, allow_relative_path=False)
  File "/workspace/django/django/core/files/utils.py", line 22, in validate_file_name
    raise SuspiciousFileOperation("File name '%s' includes path elements" % name)
django.core.exceptions.SuspiciousFileOperation: File name 'tests/stringio' includes path elements

======================================================================
ERROR: test_file_save_with_path (file_storage.tests.DiscardingFalseContentStorageTests)
Saving a pathname should create intermediate directories as necessary.
----------------------------------------------------------------------
Traceback (most recent call last):
  File "/root/miniconda3/envs/py_39/lib/python3.9/unittest/case.py", line 59, in testPartExecutor
    yield
  File "/root/miniconda3/envs/py_39/lib/python3.9/unittest/case.py", line 592, in run
    self._callTestMethod(testMethod)
  File "/root/miniconda3/envs/py_39/lib/python3.9/unittest/case.py", line 550, in _callTestMethod
    method()
  File "/workspace/django/tests/file_storage/tests.py", line 333, in test_file_save_with_path
    self.storage.save("path/to/test.file", ContentFile("file saved with path"))
  File "/workspace/django/django/core/files/storage/base.py", line 42, in save
    validate_file_name(name, allow_relative_path=False)
  File "/workspace/django/django/core/files/utils.py", line 22, in validate_file_name
    raise SuspiciousFileOperation("File name '%s' includes path elements" % name)
django.core.exceptions.SuspiciousFileOperation: File name 'path/to/test.file' includes path elements

======================================================================
ERROR: test_makedirs_race_handling (file_storage.tests.DiscardingFalseContentStorageTests)
File storage should be robust against directory creation race conditions.
----------------------------------------------------------------------
Traceback (most recent call last):
  File "/root/miniconda3/envs/py_39/lib/python3.9/unittest/case.py", line 59, in testPartExecutor
    yield
  File "/root/miniconda3/envs/py_39/lib/python3.9/unittest/case.py", line 592, in run
    self._callTestMethod(testMethod)
  File "/root/miniconda3/envs/py_39/lib/python3.9/unittest/case.py", line 550, in _callTestMethod
    method()
  File "/workspace/django/tests/file_storage/tests.py", line 509, in test_makedirs_race_handling
    self.storage.save("normal/test.file", ContentFile("saved normally"))
  File "/workspace/django/django/core/files/storage/base.py", line 42, in save
    validate_file_name(name, allow_relative_path=False)
  File "/workspace/django/django/core/files/utils.py", line 22, in validate_file_name
    raise SuspiciousFileOperation("File name '%s' includes path elements" % name)
django.core.exceptions.SuspiciousFileOperation: File name 'normal/test.file' includes path elements

======================================================================
ERROR: test_save_doesnt_close (file_storage.tests.DiscardingFalseContentStorageTests)
----------------------------------------------------------------------
Traceback (most recent call last):
  File "/root/miniconda3/envs/py_39/lib/python3.9/unittest/case.py", line 59, in testPartExecutor
    yield
  File "/root/miniconda3/envs/py_39/lib/python3.9/unittest/case.py", line 592, in run
    self._callTestMethod(testMethod)
  File "/root/miniconda3/envs/py_39/lib/python3.9/unittest/case.py", line 550, in _callTestMethod
    method()
  File "/workspace/django/tests/file_storage/tests.py", line 370, in test_save_doesnt_close
    self.storage.save("path/to/test.file", file)
  File "/workspace/django/django/core/files/storage/base.py", line 42, in save
    validate_file_name(name, allow_relative_path=False)
  File "/workspace/django/django/core/files/utils.py", line 22, in validate_file_name
    raise SuspiciousFileOperation("File name '%s' includes path elements" % name)
django.core.exceptions.SuspiciousFileOperation: File name 'path/to/test.file' includes path elements

======================================================================
ERROR: test_file_upload_directory_default_permissions (file_storage.tests.FileStoragePermissions)
----------------------------------------------------------------------
Traceback (most recent call last):
  File "/root/miniconda3/envs/py_39/lib/python3.9/unittest/case.py", line 59, in testPartExecutor
    yield
  File "/root/miniconda3/envs/py_39/lib/python3.9/unittest/case.py", line 592, in run
    self._callTestMethod(testMethod)
  File "/root/miniconda3/envs/py_39/lib/python3.9/unittest/case.py", line 550, in _callTestMethod
    method()
  File "/workspace/django/django/test/utils.py", line 461, in inner
    return func(*args, **kwargs)
  File "/workspace/django/tests/file_storage/tests.py", line 1109, in test_file_upload_directory_default_permissions
    name = self.storage.save("the_directory/subdir/the_file", ContentFile("data"))
  File "/workspace/django/django/core/files/storage/base.py", line 42, in save
    validate_file_name(name, allow_relative_path=False)
  File "/workspace/django/django/core/files/utils.py", line 22, in validate_file_name
    raise SuspiciousFileOperation("File name '%s' includes path elements" % name)
django.core.exceptions.SuspiciousFileOperation: File name 'the_directory/subdir/the_file' includes path elements

======================================================================
ERROR: test_file_upload_directory_permissions (file_storage.tests.FileStoragePermissions)
----------------------------------------------------------------------
Traceback (most recent call last):
  File "/root/miniconda3/envs/py_39/lib/python3.9/unittest/case.py", line 59, in testPartExecutor
    yield
  File "/root/miniconda3/envs/py_39/lib/python3.9/unittest/case.py", line 592, in run
    self._callTestMethod(testMethod)
  File "/root/miniconda3/envs/py_39/lib/python3.9/unittest/case.py", line 550, in _callTestMethod
    method()
  File "/workspace/django/django/test/utils.py", line 461, in inner
    return func(*args, **kwargs)
  File "/workspace/django/tests/file_storage/tests.py", line 1101, in test_file_upload_directory_permissions
    name = self.storage.save("the_directory/subdir/the_file", ContentFile("data"))
  File "/workspace/django/django/core/files/storage/base.py", line 42, in save
    validate_file_name(name, allow_relative_path=False)
  File "/workspace/django/django/core/files/utils.py", line 22, in validate_file_name
    raise SuspiciousFileOperation("File name '%s' includes path elements" % name)
django.core.exceptions.SuspiciousFileOperation: File name 'the_directory/subdir/the_file' includes path elements

======================================================================
ERROR: test_file_methods_pathlib_path (file_storage.tests.CustomStorageTests)
----------------------------------------------------------------------
Traceback (most recent call last):
  File "/root/miniconda3/envs/py_39/lib/python3.9/unittest/case.py", line 59, in testPartExecutor
    yield
  File "/root/miniconda3/envs/py_39/lib/python3.9/unittest/case.py", line 592, in run
    self._callTestMethod(testMethod)
  File "/root/miniconda3/envs/py_39/lib/python3.9/unittest/case.py", line 550, in _callTestMethod
    method()
  File "/workspace/django/tests/file_storage/tests.py", line 635, in test_file_methods_pathlib_path
    f_name = self.storage.save(p, f)
  File "/workspace/django/django/core/files/storage/base.py", line 42, in save
    validate_file_name(name, allow_relative_path=False)
  File "/workspace/django/django/core/files/utils.py", line 22, in validate_file_name
    raise SuspiciousFileOperation("File name '%s' includes path elements" % name)
django.core.exceptions.SuspiciousFileOperation: File name 'test.file' includes path elements

======================================================================
ERROR: test_file_save_with_path (file_storage.tests.CustomStorageTests)
Saving a pathname should create intermediate directories as necessary.
----------------------------------------------------------------------
Traceback (most recent call last):
  File "/root/miniconda3/envs/py_39/lib/python3.9/unittest/case.py", line 59, in testPartExecutor
    yield
  File "/root/miniconda3/envs/py_39/lib/python3.9/unittest/case.py", line 592, in run
    self._callTestMethod(testMethod)
  File "/root/miniconda3/envs/py_39/lib/python3.9/unittest/case.py", line 550, in _callTestMethod
    method()
  File "/workspace/django/tests/file_storage/tests.py", line 333, in test_file_save_with_path
    self.storage.save("path/to/test.file", ContentFile("file saved with path"))
  File "/workspace/django/django/core/files/storage/base.py", line 42, in save
    validate_file_name(name, allow_relative_path=False)
  File "/workspace/django/django/core/files/utils.py", line 22, in validate_file_name
    raise SuspiciousFileOperation("File name '%s' includes path elements" % name)
django.core.exceptions.SuspiciousFileOperation: File name 'path/to/test.file' includes path elements

======================================================================
ERROR: test_makedirs_race_handling (file_storage.tests.CustomStorageTests)
File storage should be robust against directory creation race conditions.
----------------------------------------------------------------------
Traceback (most recent call last):
  File "/root/miniconda3/envs/py_39/lib/python3.9/unittest/case.py", line 59, in testPartExecutor
    yield
  File "/root/miniconda3/envs/py_39/lib/python3.9/unittest/case.py", line 592, in run
    self._callTestMethod(testMethod)
  File "/root/miniconda3/envs/py_39/lib/python3.9/unittest/case.py", line 550, in _callTestMethod
    method()
  File "/workspace/django/tests/file_storage/tests.py", line 509, in test_makedirs_race_handling
    self.storage.save("normal/test.file", ContentFile("saved normally"))
  File "/workspace/django/django/core/files/storage/base.py", line 42, in save
    validate_file_name(name, allow_relative_path=False)
  File "/workspace/django/django/core/files/utils.py", line 22, in validate_file_name
    raise SuspiciousFileOperation("File name '%s' includes path elements" % name)
django.core.exceptions.SuspiciousFileOperation: File name 'normal/test.file' includes path elements

======================================================================
ERROR: test_save_doesnt_close (file_storage.tests.CustomStorageTests)
----------------------------------------------------------------------
Traceback (most recent call last):
  File "/root/miniconda3/envs/py_39/lib/python3.9/unittest/case.py", line 59, in testPartExecutor
    yield
  File "/root/miniconda3/envs/py_39/lib/python3.9/unittest/case.py", line 592, in run
    self._callTestMethod(testMethod)
  File "/root/miniconda3/envs/py_39/lib/python3.9/unittest/case.py", line 550, in _callTestMethod
    method()
  File "/workspace/django/tests/file_storage/tests.py", line 370, in test_save_doesnt_close
    self.storage.save("path/to/test.file", file)
  File "/workspace/django/django/core/files/storage/base.py", line 42, in save
    validate_file_name(name, allow_relative_path=False)
  File "/workspace/django/django/core/files/utils.py", line 22, in validate_file_name
    raise SuspiciousFileOperation("File name '%s' includes path elements" % name)
django.core.exceptions.SuspiciousFileOperation: File name 'path/to/test.file' includes path elements

======================================================================
ERROR: test_file_methods_pathlib_path (file_storage.tests.OverwritingStorageTests)
----------------------------------------------------------------------
Traceback (most recent call last):
  File "/root/miniconda3/envs/py_39/lib/python3.9/unittest/case.py", line 59, in testPartExecutor
    yield
  File "/root/miniconda3/envs/py_39/lib/python3.9/unittest/case.py", line 592, in run
    self._callTestMethod(testMethod)
  File "/root/miniconda3/envs/py_39/lib/python3.9/unittest/case.py", line 550, in _callTestMethod
    method()
  File "/workspace/django/tests/file_storage/tests.py", line 635, in test_file_methods_pathlib_path
    f_name = self.storage.save(p, f)
  File "/workspace/django/django/core/files/storage/base.py", line 42, in save
    validate_file_name(name, allow_relative_path=False)
  File "/workspace/django/django/core/files/utils.py", line 22, in validate_file_name
    raise SuspiciousFileOperation("File name '%s' includes path elements" % name)
django.core.exceptions.SuspiciousFileOperation: File name 'test.file' includes path elements

======================================================================
ERROR: test_file_save_with_path (file_storage.tests.OverwritingStorageTests)
Saving a pathname should create intermediate directories as necessary.
----------------------------------------------------------------------
Traceback (most recent call last):
  File "/root/miniconda3/envs/py_39/lib/python3.9/unittest/case.py", line 59, in testPartExecutor
    yield
  File "/root/miniconda3/envs/py_39/lib/python3.9/unittest/case.py", line 592, in run
    self._callTestMethod(testMethod)
  File "/root/miniconda3/envs/py_39/lib/python3.9/unittest/case.py", line 550, in _callTestMethod
    method()
  File "/workspace/django/tests/file_storage/tests.py", line 333, in test_file_save_with_path
    self.storage.save("path/to/test.file", ContentFile("file saved with path"))
  File "/workspace/django/django/core/files/storage/base.py", line 42, in save
    validate_file_name(name, allow_relative_path=False)
  File "/workspace/django/django/core/files/utils.py", line 22, in validate_file_name
    raise SuspiciousFileOperation("File name '%s' includes path elements" % name)
django.core.exceptions.SuspiciousFileOperation: File name 'path/to/test.file' includes path elements

======================================================================
ERROR: test_makedirs_race_handling (file_storage.tests.OverwritingStorageTests)
File storage should be robust against directory creation race conditions.
----------------------------------------------------------------------
Traceback (most recent call last):
  File "/root/miniconda3/envs/py_39/lib/python3.9/unittest/case.py", line 59, in testPartExecutor
    yield
  File "/root/miniconda3/envs/py_39/lib/python3.9/unittest/case.py", line 592, in run
    self._callTestMethod(testMethod)
  File "/root/miniconda3/envs/py_39/lib/python3.9/unittest/case.py", line 550, in _callTestMethod
    method()
  File "/workspace/django/tests/file_storage/tests.py", line 509, in test_makedirs_race_handling
    self.storage.save("normal/test.file", ContentFile("saved normally"))
  File "/workspace/django/django/core/files/storage/base.py", line 42, in save
    validate_file_name(name, allow_relative_path=False)
  File "/workspace/django/django/core/files/utils.py", line 22, in validate_file_name
    raise SuspiciousFileOperation("File name '%s' includes path elements" % name)
django.core.exceptions.SuspiciousFileOperation: File name 'normal/test.file' includes path elements

======================================================================
ERROR: test_save_doesnt_close (file_storage.tests.OverwritingStorageTests)
----------------------------------------------------------------------
Traceback (most recent call last):
  File "/root/miniconda3/envs/py_39/lib/python3.9/unittest/case.py", line 59, in testPartExecutor
    yield
  File "/root/miniconda3/envs/py_39/lib/python3.9/unittest/case.py", line 592, in run
    self._callTestMethod(testMethod)
  File "/root/miniconda3/envs/py_39/lib/python3.9/unittest/case.py", line 550, in _callTestMethod
    method()
  File "/workspace/django/tests/file_storage/tests.py", line 370, in test_save_doesnt_close
    self.storage.save("path/to/test.file", file)
  File "/workspace/django/django/core/files/storage/base.py", line 42, in save
    validate_file_name(name, allow_relative_path=False)
  File "/workspace/django/django/core/files/utils.py", line 22, in validate_file_name
    raise SuspiciousFileOperation("File name '%s' includes path elements" % name)
django.core.exceptions.SuspiciousFileOperation: File name 'path/to/test.file' includes path elements

======================================================================
FAIL: test_filename_case_preservation (file_uploads.tests.FileUploadTests)
The storage backend shouldn't mess with the case of the filenames
----------------------------------------------------------------------
Traceback (most recent call last):
  File "/root/miniconda3/envs/py_39/lib/python3.9/unittest/case.py", line 59, in testPartExecutor
    yield
  File "/root/miniconda3/envs/py_39/lib/python3.9/unittest/case.py", line 592, in run
    self._callTestMethod(testMethod)
  File "/root/miniconda3/envs/py_39/lib/python3.9/unittest/case.py", line 550, in _callTestMethod
    method()
  File "/workspace/django/tests/file_uploads/tests.py", line 740, in test_filename_case_preservation
    self.assertEqual(response.status_code, 200)
  File "/root/miniconda3/envs/py_39/lib/python3.9/unittest/case.py", line 837, in assertEqual
    assertion_func(first, second, msg=msg)
  File "/root/miniconda3/envs/py_39/lib/python3.9/unittest/case.py", line 830, in _baseAssertEqual
    raise self.failureException(msg)
AssertionError: 400 != 200

======================================================================
FAIL: test_large_upload (file_uploads.tests.FileUploadTests)
----------------------------------------------------------------------
Traceback (most recent call last):
  File "/root/miniconda3/envs/py_39/lib/python3.9/unittest/case.py", line 59, in testPartExecutor
    yield
  File "/root/miniconda3/envs/py_39/lib/python3.9/unittest/case.py", line 592, in run
    self._callTestMethod(testMethod)
  File "/root/miniconda3/envs/py_39/lib/python3.9/unittest/case.py", line 550, in _callTestMethod
    method()
  File "/workspace/django/tests/file_uploads/tests.py", line 125, in test_large_upload
    self.assertEqual(response.status_code, 200)
  File "/root/miniconda3/envs/py_39/lib/python3.9/unittest/case.py", line 837, in assertEqual
    assertion_func(first, second, msg=msg)
  File "/root/miniconda3/envs/py_39/lib/python3.9/unittest/case.py", line 830, in _baseAssertEqual
    raise self.failureException(msg)
AssertionError: 400 != 200

======================================================================
FAIL: test_unicode_file_name (file_uploads.tests.FileUploadTests)
----------------------------------------------------------------------
Traceback (most recent call last):
  File "/root/miniconda3/envs/py_39/lib/python3.9/unittest/case.py", line 59, in testPartExecutor
    yield
  File "/root/miniconda3/envs/py_39/lib/python3.9/unittest/case.py", line 592, in run
    self._callTestMethod(testMethod)
  File "/root/miniconda3/envs/py_39/lib/python3.9/unittest/case.py", line 550, in _callTestMethod
    method()
  File "/workspace/django/tests/file_uploads/tests.py", line 191, in test_unicode_file_name
    self.assertEqual(response.status_code, 200)
  File "/root/miniconda3/envs/py_39/lib/python3.9/unittest/case.py", line 837, in assertEqual
    assertion_func(first, second, msg=msg)
  File "/root/miniconda3/envs/py_39/lib/python3.9/unittest/case.py", line 830, in _baseAssertEqual
    raise self.failureException(msg)
AssertionError: 400 != 200

======================================================================
FAIL: test_unicode_file_name_rfc2231 (file_uploads.tests.FileUploadTests)
Receiving file upload when filename is encoded with RFC 2231.
----------------------------------------------------------------------
Traceback (most recent call last):
  File "/root/miniconda3/envs/py_39/lib/python3.9/unittest/case.py", line 59, in testPartExecutor
    yield
  File "/root/miniconda3/envs/py_39/lib/python3.9/unittest/case.py", line 592, in run
    self._callTestMethod(testMethod)
  File "/root/miniconda3/envs/py_39/lib/python3.9/unittest/case.py", line 550, in _callTestMethod
    method()
  File "/workspace/django/tests/file_uploads/tests.py", line 220, in test_unicode_file_name_rfc2231
    self.assertEqual(response.status_code, 200)
  File "/root/miniconda3/envs/py_39/lib/python3.9/unittest/case.py", line 837, in assertEqual
    assertion_func(first, second, msg=msg)
  File "/root/miniconda3/envs/py_39/lib/python3.9/unittest/case.py", line 830, in _baseAssertEqual
    raise self.failureException(msg)
AssertionError: 400 != 200

======================================================================
FAIL: test_unicode_file_name_rfc2231_with_double_quotes (file_uploads.tests.FileUploadTests)
----------------------------------------------------------------------
Traceback (most recent call last):
  File "/root/miniconda3/envs/py_39/lib/python3.9/unittest/case.py", line 59, in testPartExecutor
    yield
  File "/root/miniconda3/envs/py_39/lib/python3.9/unittest/case.py", line 592, in run
    self._callTestMethod(testMethod)
  File "/root/miniconda3/envs/py_39/lib/python3.9/unittest/case.py", line 550, in _callTestMethod
    method()
  File "/workspace/django/tests/file_uploads/tests.py", line 274, in test_unicode_file_name_rfc2231_with_double_quotes
    self.assertEqual(response.status_code, 200)
  File "/root/miniconda3/envs/py_39/lib/python3.9/unittest/case.py", line 837, in assertEqual
    assertion_func(first, second, msg=msg)
  File "/root/miniconda3/envs/py_39/lib/python3.9/unittest/case.py", line 830, in _baseAssertEqual
    raise self.failureException(msg)
AssertionError: 400 != 200

======================================================================
FAIL: test_unicode_name_rfc2231 (file_uploads.tests.FileUploadTests)
Receiving file upload when filename is encoded with RFC 2231.
----------------------------------------------------------------------
Traceback (most recent call last):
  File "/root/miniconda3/envs/py_39/lib/python3.9/unittest/case.py", line 59, in testPartExecutor
    yield
  File "/root/miniconda3/envs/py_39/lib/python3.9/unittest/case.py", line 592, in run
    self._callTestMethod(testMethod)
  File "/root/miniconda3/envs/py_39/lib/python3.9/unittest/case.py", line 550, in _callTestMethod
    method()
  File "/workspace/django/tests/file_uploads/tests.py", line 249, in test_unicode_name_rfc2231
    self.assertEqual(response.status_code, 200)
  File "/root/miniconda3/envs/py_39/lib/python3.9/unittest/case.py", line 837, in assertEqual
    assertion_func(first, second, msg=msg)
  File "/root/miniconda3/envs/py_39/lib/python3.9/unittest/case.py", line 830, in _baseAssertEqual
    raise self.failureException(msg)
AssertionError: 400 != 200

======================================================================
FAIL: test_unicode_name_rfc2231_with_double_quotes (file_uploads.tests.FileUploadTests)
----------------------------------------------------------------------
Traceback (most recent call last):
  File "/root/miniconda3/envs/py_39/lib/python3.9/unittest/case.py", line 59, in testPartExecutor
    yield
  File "/root/miniconda3/envs/py_39/lib/python3.9/unittest/case.py", line 592, in run
    self._callTestMethod(testMethod)
  File "/root/miniconda3/envs/py_39/lib/python3.9/unittest/case.py", line 550, in _callTestMethod
    method()
  File "/workspace/django/tests/file_uploads/tests.py", line 299, in test_unicode_name_rfc2231_with_double_quotes
    self.assertEqual(response.status_code, 200)
  File "/root/miniconda3/envs/py_39/lib/python3.9/unittest/case.py", line 837, in assertEqual
    assertion_func(first, second, msg=msg)
  File "/root/miniconda3/envs/py_39/lib/python3.9/unittest/case.py", line 830, in _baseAssertEqual
    raise self.failureException(msg)
AssertionError: 400 != 200

----------------------------------------------------------------------
Ran 187 tests in 1.073s

FAILED (failures=7, errors=46, skipped=10)
Destroying test database for alias 'default'...
Destroying test database for alias 'default'...
Destroying test database for alias 'default'...
Destroying test database for alias 'default'...
Destroying test database for alias 'default'...
Destroying test database for alias 'default'...
Destroying test database for alias 'default'...
Destroying test database for alias 'default'...
Destroying test database for alias 'default'...

2026-01-16 17:10:01,908 - src.tools.run_test - INFO - unit_test.sh output:
Creating test database for alias 'default'...
Testing against Django installed in '/workspace/django/django' with up to 8 processes
Found 187 test(s).
Cloning test database for alias 'default'...
Cloning test database for alias 'default'...
Cloning test database for alias 'default'...
Cloning test database for alias 'default'...
Cloning test database for alias 'default'...
Cloning test database for alias 'default'...
Cloning test database for alias 'default'...
Cloning test database for alias 'default'...
System check identified no issues (0 silenced).
EE............EEE.EEEEEEEEEEEEEEEEEEEEEEEE....ss..............ssE.....E.E........E.............ssE.....E.E.....EE..............E.ssE.....E.E.............E.ssE.....E.E..............F....F.....FFFFF....
======================================================================
ERROR: test_directory_with_dot (file_storage.tests.FileStoragePathParsing)
Regression test for #9610.
----------------------------------------------------------------------
Traceback (most recent call last):
  File "/root/miniconda3/envs/py_39/lib/python3.9/unittest/case.py", line 59, in testPartExecutor
    yield
  File "/root/miniconda3/envs/py_39/lib/python3.9/unittest/case.py", line 592, in run
    self._callTestMethod(testMethod)
  File "/root/miniconda3/envs/py_39/lib/python3.9/unittest/case.py", line 550, in _callTestMethod
    method()
  File "/workspace/django/tests/file_storage/tests.py", line 1131, in test_directory_with_dot
    self.storage.save("dotted.path/test", ContentFile("1"))
  File "/workspace/django/django/core/files/storage/base.py", line 42, in save
    validate_file_name(name, allow_relative_path=False)
  File "/workspace/django/django/core/files/utils.py", line 22, in validate_file_name
    raise SuspiciousFileOperation("File name '%s' includes path elements" % name)
django.core.exceptions.SuspiciousFileOperation: File name 'dotted.path/test' includes path elements

======================================================================
ERROR: test_first_character_dot (file_storage.tests.FileStoragePathParsing)
File names with a dot as their first character don't have an extension,
----------------------------------------------------------------------
Traceback (most recent call last):
  File "/root/miniconda3/envs/py_39/lib/python3.9/unittest/case.py", line 59, in testPartExecutor
    yield
  File "/root/miniconda3/envs/py_39/lib/python3.9/unittest/case.py", line 592, in run
    self._callTestMethod(testMethod)
  File "/root/miniconda3/envs/py_39/lib/python3.9/unittest/case.py", line 550, in _callTestMethod
    method()
  File "/workspace/django/tests/file_storage/tests.py", line 1144, in test_first_character_dot
    self.storage.save("dotted.path/.test", ContentFile("1"))
  File "/workspace/django/django/core/files/storage/base.py", line 42, in save
    validate_file_name(name, allow_relative_path=False)
  File "/workspace/django/django/core/files/utils.py", line 22, in validate_file_name
    raise SuspiciousFileOperation("File name '%s' includes path elements" % name)
django.core.exceptions.SuspiciousFileOperation: File name 'dotted.path/.test' includes path elements

======================================================================
ERROR: test_custom_valid_name_callable_upload_to (file_storage.tests.FileFieldStorageTests)
Storage.get_valid_name() should be called when upload_to is a callable.
----------------------------------------------------------------------
Traceback (most recent call last):
  File "/root/miniconda3/envs/py_39/lib/python3.9/unittest/case.py", line 59, in testPartExecutor
    yield
  File "/root/miniconda3/envs/py_39/lib/python3.9/unittest/case.py", line 592, in run
    self._callTestMethod(testMethod)
  File "/root/miniconda3/envs/py_39/lib/python3.9/unittest/case.py", line 550, in _callTestMethod
    method()
  File "/workspace/django/tests/file_storage/tests.py", line 934, in test_custom_valid_name_callable_upload_to
    obj.custom_valid_name.save("random_file", ContentFile("random content"))
  File "/workspace/django/django/db/models/fields/files.py", line 93, in save
    self.name = self.storage.save(name, content, max_length=self.field.max_length)
  File "/workspace/django/django/core/files/storage/base.py", line 42, in save
    validate_file_name(name, allow_relative_path=False)
  File "/workspace/django/django/core/files/utils.py", line 22, in validate_file_name
    raise SuspiciousFileOperation("File name '%s' includes path elements" % name)
django.core.exceptions.SuspiciousFileOperation: File name '210/random_file_valid' includes path elements

======================================================================
ERROR: test_duplicate_filename (file_storage.tests.FileFieldStorageTests)
----------------------------------------------------------------------
Traceback (most recent call last):
  File "/root/miniconda3/envs/py_39/lib/python3.9/unittest/case.py", line 59, in testPartExecutor
    yield
  File "/root/miniconda3/envs/py_39/lib/python3.9/unittest/case.py", line 592, in run
    self._callTestMethod(testMethod)
  File "/root/miniconda3/envs/py_39/lib/python3.9/unittest/case.py", line 550, in _callTestMethod
    method()
  File "/workspace/django/tests/file_storage/tests.py", line 835, in test_duplicate_filename
    o.normal.save("multiple_files.txt", ContentFile("Same Content"))
  File "/workspace/django/django/db/models/fields/files.py", line 93, in save
    self.name = self.storage.save(name, content, max_length=self.field.max_length)
  File "/workspace/django/django/core/files/storage/base.py", line 42, in save
    validate_file_name(name, allow_relative_path=False)
  File "/workspace/django/django/core/files/utils.py", line 22, in validate_file_name
    raise SuspiciousFileOperation("File name '%s' includes path elements" % name)
django.core.exceptions.SuspiciousFileOperation: File name 'tests/multiple_files.txt' includes path elements

======================================================================
ERROR: test_duplicate_filename (file_storage.tests.FileFieldStorageTests)
----------------------------------------------------------------------
Traceback (most recent call last):
  File "/root/miniconda3/envs/py_39/lib/python3.9/unittest/case.py", line 59, in testPartExecutor
    yield
  File "/root/miniconda3/envs/py_39/lib/python3.9/unittest/case.py", line 595, in run
    self._callTearDown()
  File "/root/miniconda3/envs/py_39/lib/python3.9/unittest/case.py", line 553, in _callTearDown
    self.tearDown()
  File "/workspace/django/tests/file_storage/tests.py", line 738, in tearDown
    shutil.rmtree(temp_storage_location)
  File "/root/miniconda3/envs/py_39/lib/python3.9/shutil.py", line 724, in rmtree
    onerror(os.lstat, path, sys.exc_info())
  File "/root/miniconda3/envs/py_39/lib/python3.9/shutil.py", line 722, in rmtree
    orig_st = os.lstat(path)
FileNotFoundError: [Errno 2] No such file or directory: '/tmp/django_m92hdhmh/tmpdjxdrrfq'

======================================================================
ERROR: test_extended_length_storage (file_storage.tests.FileFieldStorageTests)
----------------------------------------------------------------------
Traceback (most recent call last):
  File "/root/miniconda3/envs/py_39/lib/python3.9/unittest/case.py", line 59, in testPartExecutor
    yield
  File "/root/miniconda3/envs/py_39/lib/python3.9/unittest/case.py", line 592, in run
    self._callTestMethod(testMethod)
  File "/root/miniconda3/envs/py_39/lib/python3.9/unittest/case.py", line 550, in _callTestMethod
    method()
  File "/workspace/django/tests/file_storage/tests.py", line 885, in test_extended_length_storage
    obj.extended_length.save("%s.txt" % filename, ContentFile("Same Content"))
  File "/workspace/django/django/db/models/fields/files.py", line 93, in save
    self.name = self.storage.save(name, content, max_length=self.field.max_length)
  File "/workspace/django/django/core/files/storage/base.py", line 42, in save
    validate_file_name(name, allow_relative_path=False)
  File "/workspace/django/django/core/files/utils.py", line 22, in validate_file_name
    raise SuspiciousFileOperation("File name '%s' includes path elements" % name)
django.core.exceptions.SuspiciousFileOperation: File name 'tests/aaaaaaaaaaaaaaaaaaaaaaaaaaaaaaaaaaaaaaaaaaaaaaaaaaaaaaaaaaaaaaaaaaaaaaaaaaaaaaaaaaaaaaaaaaaaaaaaaaaaaaaaaaaaaaaaaaaaaaaaaaaaaaaaaaaaaaaaaaaaaaaaaaaaaaaaaaaaaaaaaaaaaaaaaaaaaaaaaaaaaaaaaaaaaaaaaaaaaaaaaaaaaaaaaaaaaaaaaaaaaaaaaaaaaaaaaaaaaaaaaaaaaaaaaaa.txt' includes path elements

======================================================================
ERROR: test_extended_length_storage (file_storage.tests.FileFieldStorageTests)
----------------------------------------------------------------------
Traceback (most recent call last):
  File "/root/miniconda3/envs/py_39/lib/python3.9/unittest/case.py", line 59, in testPartExecutor
    yield
  File "/root/miniconda3/envs/py_39/lib/python3.9/unittest/case.py", line 595, in run
    self._callTearDown()
  File "/root/miniconda3/envs/py_39/lib/python3.9/unittest/case.py", line 553, in _callTearDown
    self.tearDown()
  File "/workspace/django/tests/file_storage/tests.py", line 738, in tearDown
    shutil.rmtree(temp_storage_location)
  File "/root/miniconda3/envs/py_39/lib/python3.9/shutil.py", line 724, in rmtree
    onerror(os.lstat, path, sys.exc_info())
  File "/root/miniconda3/envs/py_39/lib/python3.9/shutil.py", line 722, in rmtree
    orig_st = os.lstat(path)
FileNotFoundError: [Errno 2] No such file or directory: '/tmp/django_m92hdhmh/tmpdjxdrrfq'

======================================================================
ERROR: test_file_object (file_storage.tests.FileFieldStorageTests)
----------------------------------------------------------------------
Traceback (most recent call last):
  File "/root/miniconda3/envs/py_39/lib/python3.9/unittest/case.py", line 59, in testPartExecutor
    yield
  File "/root/miniconda3/envs/py_39/lib/python3.9/unittest/case.py", line 592, in run
    self._callTestMethod(testMethod)
  File "/root/miniconda3/envs/py_39/lib/python3.9/unittest/case.py", line 550, in _callTestMethod
    method()
  File "/workspace/django/tests/file_storage/tests.py", line 949, in test_file_object
    temp_storage.save("tests/example.txt", ContentFile("some content"))
  File "/workspace/django/django/core/files/storage/base.py", line 42, in save
    validate_file_name(name, allow_relative_path=False)
  File "/workspace/django/django/core/files/utils.py", line 22, in validate_file_name
    raise SuspiciousFileOperation("File name '%s' includes path elements" % name)
django.core.exceptions.SuspiciousFileOperation: File name 'tests/example.txt' includes path elements

======================================================================
ERROR: test_file_object (file_storage.tests.FileFieldStorageTests)
----------------------------------------------------------------------
Traceback (most recent call last):
  File "/root/miniconda3/envs/py_39/lib/python3.9/unittest/case.py", line 59, in testPartExecutor
    yield
  File "/root/miniconda3/envs/py_39/lib/python3.9/unittest/case.py", line 595, in run
    self._callTearDown()
  File "/root/miniconda3/envs/py_39/lib/python3.9/unittest/case.py", line 553, in _callTearDown
    self.tearDown()
  File "/workspace/django/tests/file_storage/tests.py", line 738, in tearDown
    shutil.rmtree(temp_storage_location)
  File "/root/miniconda3/envs/py_39/lib/python3.9/shutil.py", line 724, in rmtree
    onerror(os.lstat, path, sys.exc_info())
  File "/root/miniconda3/envs/py_39/lib/python3.9/shutil.py", line 722, in rmtree
    orig_st = os.lstat(path)
FileNotFoundError: [Errno 2] No such file or directory: '/tmp/django_m92hdhmh/tmpdjxdrrfq'

======================================================================
ERROR: test_file_truncation (file_storage.tests.FileFieldStorageTests)
----------------------------------------------------------------------
Traceback (most recent call last):
  File "/root/miniconda3/envs/py_39/lib/python3.9/unittest/case.py", line 59, in testPartExecutor
    yield
  File "/root/miniconda3/envs/py_39/lib/python3.9/unittest/case.py", line 592, in run
    self._callTestMethod(testMethod)
  File "/root/miniconda3/envs/py_39/lib/python3.9/unittest/case.py", line 550, in _callTestMethod
    method()
  File "/workspace/django/tests/file_storage/tests.py", line 856, in test_file_truncation
    o.limited_length.save(filename, ContentFile("Same Content"))
  File "/workspace/django/django/db/models/fields/files.py", line 93, in save
    self.name = self.storage.save(name, content, max_length=self.field.max_length)
  File "/workspace/django/django/core/files/storage/base.py", line 42, in save
    validate_file_name(name, allow_relative_path=False)
  File "/workspace/django/django/core/files/utils.py", line 22, in validate_file_name
    raise SuspiciousFileOperation("File name '%s' includes path elements" % name)
django.core.exceptions.SuspiciousFileOperation: File name 'tests/filename.ext' includes path elements

======================================================================
ERROR: test_file_truncation (file_storage.tests.FileFieldStorageTests)
----------------------------------------------------------------------
Traceback (most recent call last):
  File "/root/miniconda3/envs/py_39/lib/python3.9/unittest/case.py", line 59, in testPartExecutor
    yield
  File "/root/miniconda3/envs/py_39/lib/python3.9/unittest/case.py", line 595, in run
    self._callTearDown()
  File "/root/miniconda3/envs/py_39/lib/python3.9/unittest/case.py", line 553, in _callTearDown
    self.tearDown()
  File "/workspace/django/tests/file_storage/tests.py", line 738, in tearDown
    shutil.rmtree(temp_storage_location)
  File "/root/miniconda3/envs/py_39/lib/python3.9/shutil.py", line 724, in rmtree
    onerror(os.lstat, path, sys.exc_info())
  File "/root/miniconda3/envs/py_39/lib/python3.9/shutil.py", line 722, in rmtree
    orig_st = os.lstat(path)
FileNotFoundError: [Errno 2] No such file or directory: '/tmp/django_m92hdhmh/tmpdjxdrrfq'

======================================================================
ERROR: test_filefield_default (file_storage.tests.FileFieldStorageTests)
----------------------------------------------------------------------
Traceback (most recent call last):
  File "/root/miniconda3/envs/py_39/lib/python3.9/unittest/case.py", line 59, in testPartExecutor
    yield
  File "/root/miniconda3/envs/py_39/lib/python3.9/unittest/case.py", line 592, in run
    self._callTestMethod(testMethod)
  File "/root/miniconda3/envs/py_39/lib/python3.9/unittest/case.py", line 550, in _callTestMethod
    method()
  File "/workspace/django/tests/file_storage/tests.py", line 892, in test_filefield_default
    temp_storage.save("tests/default.txt", ContentFile("default content"))
  File "/workspace/django/django/core/files/storage/base.py", line 42, in save
    validate_file_name(name, allow_relative_path=False)
  File "/workspace/django/django/core/files/utils.py", line 22, in validate_file_name
    raise SuspiciousFileOperation("File name '%s' includes path elements" % name)
django.core.exceptions.SuspiciousFileOperation: File name 'tests/default.txt' includes path elements

======================================================================
ERROR: test_filefield_default (file_storage.tests.FileFieldStorageTests)
----------------------------------------------------------------------
Traceback (most recent call last):
  File "/root/miniconda3/envs/py_39/lib/python3.9/unittest/case.py", line 59, in testPartExecutor
    yield
  File "/root/miniconda3/envs/py_39/lib/python3.9/unittest/case.py", line 595, in run
    self._callTearDown()
  File "/root/miniconda3/envs/py_39/lib/python3.9/unittest/case.py", line 553, in _callTearDown
    self.tearDown()
  File "/workspace/django/tests/file_storage/tests.py", line 738, in tearDown
    shutil.rmtree(temp_storage_location)
  File "/root/miniconda3/envs/py_39/lib/python3.9/shutil.py", line 724, in rmtree
    onerror(os.lstat, path, sys.exc_info())
  File "/root/miniconda3/envs/py_39/lib/python3.9/shutil.py", line 722, in rmtree
    orig_st = os.lstat(path)
FileNotFoundError: [Errno 2] No such file or directory: '/tmp/django_m92hdhmh/tmpdjxdrrfq'

======================================================================
ERROR: test_filefield_pickling (file_storage.tests.FileFieldStorageTests)
----------------------------------------------------------------------
Traceback (most recent call last):
  File "/root/miniconda3/envs/py_39/lib/python3.9/unittest/case.py", line 59, in testPartExecutor
    yield
  File "/root/miniconda3/envs/py_39/lib/python3.9/unittest/case.py", line 592, in run
    self._callTestMethod(testMethod)
  File "/root/miniconda3/envs/py_39/lib/python3.9/unittest/case.py", line 550, in _callTestMethod
    method()
  File "/workspace/django/tests/file_storage/tests.py", line 942, in test_filefield_pickling
    obj.normal.save("django_test.txt", ContentFile("more content"))
  File "/workspace/django/django/db/models/fields/files.py", line 93, in save
    self.name = self.storage.save(name, content, max_length=self.field.max_length)
  File "/workspace/django/django/core/files/storage/base.py", line 42, in save
    validate_file_name(name, allow_relative_path=False)
  File "/workspace/django/django/core/files/utils.py", line 22, in validate_file_name
    raise SuspiciousFileOperation("File name '%s' includes path elements" % name)
django.core.exceptions.SuspiciousFileOperation: File name 'tests/django_test.txt' includes path elements

======================================================================
ERROR: test_filefield_pickling (file_storage.tests.FileFieldStorageTests)
----------------------------------------------------------------------
Traceback (most recent call last):
  File "/root/miniconda3/envs/py_39/lib/python3.9/unittest/case.py", line 59, in testPartExecutor
    yield
  File "/root/miniconda3/envs/py_39/lib/python3.9/unittest/case.py", line 595, in run
    self._callTearDown()
  File "/root/miniconda3/envs/py_39/lib/python3.9/unittest/case.py", line 553, in _callTearDown
    self.tearDown()
  File "/workspace/django/tests/file_storage/tests.py", line 738, in tearDown
    shutil.rmtree(temp_storage_location)
  File "/root/miniconda3/envs/py_39/lib/python3.9/shutil.py", line 724, in rmtree
    onerror(os.lstat, path, sys.exc_info())
  File "/root/miniconda3/envs/py_39/lib/python3.9/shutil.py", line 722, in rmtree
    orig_st = os.lstat(path)
FileNotFoundError: [Errno 2] No such file or directory: '/tmp/django_m92hdhmh/tmpdjxdrrfq'

======================================================================
ERROR: test_filefield_read (file_storage.tests.FileFieldStorageTests)
----------------------------------------------------------------------
Traceback (most recent call last):
  File "/root/miniconda3/envs/py_39/lib/python3.9/unittest/case.py", line 59, in testPartExecutor
    yield
  File "/root/miniconda3/envs/py_39/lib/python3.9/unittest/case.py", line 592, in run
    self._callTestMethod(testMethod)
  File "/root/miniconda3/envs/py_39/lib/python3.9/unittest/case.py", line 550, in _callTestMethod
    method()
  File "/workspace/django/tests/file_storage/tests.py", line 798, in test_filefield_read
    obj = Storage.objects.create(
  File "/workspace/django/django/db/models/manager.py", line 87, in manager_method
    return getattr(self.get_queryset(), name)(*args, **kwargs)
  File "/workspace/django/django/db/models/query.py", line 658, in create
    obj.save(force_insert=True, using=self.db)
  File "/workspace/django/django/db/models/base.py", line 814, in save
    self.save_base(
  File "/workspace/django/django/db/models/base.py", line 877, in save_base
    updated = self._save_table(
  File "/workspace/django/django/db/models/base.py", line 1020, in _save_table
    results = self._do_insert(
  File "/workspace/django/django/db/models/base.py", line 1061, in _do_insert
    return manager._insert(
  File "/workspace/django/django/db/models/manager.py", line 87, in manager_method
    return getattr(self.get_queryset(), name)(*args, **kwargs)
  File "/workspace/django/django/db/models/query.py", line 1805, in _insert
    return query.get_compiler(using=using).execute_sql(returning_fields)
  File "/workspace/django/django/db/models/sql/compiler.py", line 1821, in execute_sql
    for sql, params in self.as_sql():
  File "/workspace/django/django/db/models/sql/compiler.py", line 1745, in as_sql
    value_rows = [
  File "/workspace/django/django/db/models/sql/compiler.py", line 1746, in <listcomp>
    [
  File "/workspace/django/django/db/models/sql/compiler.py", line 1747, in <listcomp>
    self.prepare_value(field, self.pre_save_val(field, obj))
  File "/workspace/django/django/db/models/sql/compiler.py", line 1695, in pre_save_val
    return field.pre_save(obj, add=True)
  File "/workspace/django/django/db/models/fields/files.py", line 317, in pre_save
    file.save(file.name, file.file, save=False)
  File "/workspace/django/django/db/models/fields/files.py", line 93, in save
    self.name = self.storage.save(name, content, max_length=self.field.max_length)
  File "/workspace/django/django/core/files/storage/base.py", line 42, in save
    validate_file_name(name, allow_relative_path=False)
  File "/workspace/django/django/core/files/utils.py", line 22, in validate_file_name
    raise SuspiciousFileOperation("File name '%s' includes path elements" % name)
django.core.exceptions.SuspiciousFileOperation: File name 'tests/assignment.txt' includes path elements

======================================================================
ERROR: test_filefield_read (file_storage.tests.FileFieldStorageTests)
----------------------------------------------------------------------
Traceback (most recent call last):
  File "/root/miniconda3/envs/py_39/lib/python3.9/unittest/case.py", line 59, in testPartExecutor
    yield
  File "/root/miniconda3/envs/py_39/lib/python3.9/unittest/case.py", line 595, in run
    self._callTearDown()
  File "/root/miniconda3/envs/py_39/lib/python3.9/unittest/case.py", line 553, in _callTearDown
    self.tearDown()
  File "/workspace/django/tests/file_storage/tests.py", line 738, in tearDown
    shutil.rmtree(temp_storage_location)
  File "/root/miniconda3/envs/py_39/lib/python3.9/shutil.py", line 724, in rmtree
    onerror(os.lstat, path, sys.exc_info())
  File "/root/miniconda3/envs/py_39/lib/python3.9/shutil.py", line 722, in rmtree
    orig_st = os.lstat(path)
FileNotFoundError: [Errno 2] No such file or directory: '/tmp/django_m92hdhmh/tmpdjxdrrfq'

======================================================================
ERROR: test_filefield_reopen (file_storage.tests.FileFieldStorageTests)
----------------------------------------------------------------------
Traceback (most recent call last):
  File "/root/miniconda3/envs/py_39/lib/python3.9/unittest/case.py", line 59, in testPartExecutor
    yield
  File "/root/miniconda3/envs/py_39/lib/python3.9/unittest/case.py", line 592, in run
    self._callTestMethod(testMethod)
  File "/root/miniconda3/envs/py_39/lib/python3.9/unittest/case.py", line 550, in _callTestMethod
    method()
  File "/workspace/django/tests/file_storage/tests.py", line 822, in test_filefield_reopen
    obj = Storage.objects.create(
  File "/workspace/django/django/db/models/manager.py", line 87, in manager_method
    return getattr(self.get_queryset(), name)(*args, **kwargs)
  File "/workspace/django/django/db/models/query.py", line 658, in create
    obj.save(force_insert=True, using=self.db)
  File "/workspace/django/django/db/models/base.py", line 814, in save
    self.save_base(
  File "/workspace/django/django/db/models/base.py", line 877, in save_base
    updated = self._save_table(
  File "/workspace/django/django/db/models/base.py", line 1020, in _save_table
    results = self._do_insert(
  File "/workspace/django/django/db/models/base.py", line 1061, in _do_insert
    return manager._insert(
  File "/workspace/django/django/db/models/manager.py", line 87, in manager_method
    return getattr(self.get_queryset(), name)(*args, **kwargs)
  File "/workspace/django/django/db/models/query.py", line 1805, in _insert
    return query.get_compiler(using=using).execute_sql(returning_fields)
  File "/workspace/django/django/db/models/sql/compiler.py", line 1821, in execute_sql
    for sql, params in self.as_sql():
  File "/workspace/django/django/db/models/sql/compiler.py", line 1745, in as_sql
    value_rows = [
  File "/workspace/django/django/db/models/sql/compiler.py", line 1746, in <listcomp>
    [
  File "/workspace/django/django/db/models/sql/compiler.py", line 1747, in <listcomp>
    self.prepare_value(field, self.pre_save_val(field, obj))
  File "/workspace/django/django/db/models/sql/compiler.py", line 1695, in pre_save_val
    return field.pre_save(obj, add=True)
  File "/workspace/django/django/db/models/fields/files.py", line 317, in pre_save
    file.save(file.name, file.file, save=False)
  File "/workspace/django/django/db/models/fields/files.py", line 93, in save
    self.name = self.storage.save(name, content, max_length=self.field.max_length)
  File "/workspace/django/django/core/files/storage/base.py", line 42, in save
    validate_file_name(name, allow_relative_path=False)
  File "/workspace/django/django/core/files/utils.py", line 22, in validate_file_name
    raise SuspiciousFileOperation("File name '%s' includes path elements" % name)
django.core.exceptions.SuspiciousFileOperation: File name 'tests/reopen.txt' includes path elements

======================================================================
ERROR: test_filefield_reopen (file_storage.tests.FileFieldStorageTests)
----------------------------------------------------------------------
Traceback (most recent call last):
  File "/root/miniconda3/envs/py_39/lib/python3.9/unittest/case.py", line 59, in testPartExecutor
    yield
  File "/root/miniconda3/envs/py_39/lib/python3.9/unittest/case.py", line 595, in run
    self._callTearDown()
  File "/root/miniconda3/envs/py_39/lib/python3.9/unittest/case.py", line 553, in _callTearDown
    self.tearDown()
  File "/workspace/django/tests/file_storage/tests.py", line 738, in tearDown
    shutil.rmtree(temp_storage_location)
  File "/root/miniconda3/envs/py_39/lib/python3.9/shutil.py", line 724, in rmtree
    onerror(os.lstat, path, sys.exc_info())
  File "/root/miniconda3/envs/py_39/lib/python3.9/shutil.py", line 722, in rmtree
    orig_st = os.lstat(path)
FileNotFoundError: [Errno 2] No such file or directory: '/tmp/django_m92hdhmh/tmpdjxdrrfq'

======================================================================
ERROR: test_filefield_write (file_storage.tests.FileFieldStorageTests)
----------------------------------------------------------------------
Traceback (most recent call last):
  File "/root/miniconda3/envs/py_39/lib/python3.9/unittest/case.py", line 59, in testPartExecutor
    yield
  File "/root/miniconda3/envs/py_39/lib/python3.9/unittest/case.py", line 592, in run
    self._callTestMethod(testMethod)
  File "/root/miniconda3/envs/py_39/lib/python3.9/unittest/case.py", line 550, in _callTestMethod
    method()
  File "/workspace/django/tests/file_storage/tests.py", line 811, in test_filefield_write
    obj = Storage.objects.create(
  File "/workspace/django/django/db/models/manager.py", line 87, in manager_method
    return getattr(self.get_queryset(), name)(*args, **kwargs)
  File "/workspace/django/django/db/models/query.py", line 658, in create
    obj.save(force_insert=True, using=self.db)
  File "/workspace/django/django/db/models/base.py", line 814, in save
    self.save_base(
  File "/workspace/django/django/db/models/base.py", line 877, in save_base
    updated = self._save_table(
  File "/workspace/django/django/db/models/base.py", line 1020, in _save_table
    results = self._do_insert(
  File "/workspace/django/django/db/models/base.py", line 1061, in _do_insert
    return manager._insert(
  File "/workspace/django/django/db/models/manager.py", line 87, in manager_method
    return getattr(self.get_queryset(), name)(*args, **kwargs)
  File "/workspace/django/django/db/models/query.py", line 1805, in _insert
    return query.get_compiler(using=using).execute_sql(returning_fields)
  File "/workspace/django/django/db/models/sql/compiler.py", line 1821, in execute_sql
    for sql, params in self.as_sql():
  File "/workspace/django/django/db/models/sql/compiler.py", line 1745, in as_sql
    value_rows = [
  File "/workspace/django/django/db/models/sql/compiler.py", line 1746, in <listcomp>
    [
  File "/workspace/django/django/db/models/sql/compiler.py", line 1747, in <listcomp>
    self.prepare_value(field, self.pre_save_val(field, obj))
  File "/workspace/django/django/db/models/sql/compiler.py", line 1695, in pre_save_val
    return field.pre_save(obj, add=True)
  File "/workspace/django/django/db/models/fields/files.py", line 317, in pre_save
    file.save(file.name, file.file, save=False)
  File "/workspace/django/django/db/models/fields/files.py", line 93, in save
    self.name = self.storage.save(name, content, max_length=self.field.max_length)
  File "/workspace/django/django/core/files/storage/base.py", line 42, in save
    validate_file_name(name, allow_relative_path=False)
  File "/workspace/django/django/core/files/utils.py", line 22, in validate_file_name
    raise SuspiciousFileOperation("File name '%s' includes path elements" % name)
django.core.exceptions.SuspiciousFileOperation: File name 'tests/rewritten.txt' includes path elements

======================================================================
ERROR: test_filefield_write (file_storage.tests.FileFieldStorageTests)
----------------------------------------------------------------------
Traceback (most recent call last):
  File "/root/miniconda3/envs/py_39/lib/python3.9/unittest/case.py", line 59, in testPartExecutor
    yield
  File "/root/miniconda3/envs/py_39/lib/python3.9/unittest/case.py", line 595, in run
    self._callTearDown()
  File "/root/miniconda3/envs/py_39/lib/python3.9/unittest/case.py", line 553, in _callTearDown
    self.tearDown()
  File "/workspace/django/tests/file_storage/tests.py", line 738, in tearDown
    shutil.rmtree(temp_storage_location)
  File "/root/miniconda3/envs/py_39/lib/python3.9/shutil.py", line 724, in rmtree
    onerror(os.lstat, path, sys.exc_info())
  File "/root/miniconda3/envs/py_39/lib/python3.9/shutil.py", line 722, in rmtree
    orig_st = os.lstat(path)
FileNotFoundError: [Errno 2] No such file or directory: '/tmp/django_m92hdhmh/tmpdjxdrrfq'

======================================================================
ERROR: test_files (file_storage.tests.FileFieldStorageTests)
----------------------------------------------------------------------
Traceback (most recent call last):
  File "/root/miniconda3/envs/py_39/lib/python3.9/unittest/case.py", line 59, in testPartExecutor
    yield
  File "/root/miniconda3/envs/py_39/lib/python3.9/unittest/case.py", line 592, in run
    self._callTestMethod(testMethod)
  File "/root/miniconda3/envs/py_39/lib/python3.9/unittest/case.py", line 550, in _callTestMethod
    method()
  File "/workspace/django/tests/file_storage/tests.py", line 762, in test_files
    obj1.normal.save("django_test.txt", ContentFile("content"))
  File "/workspace/django/django/db/models/fields/files.py", line 93, in save
    self.name = self.storage.save(name, content, max_length=self.field.max_length)
  File "/workspace/django/django/core/files/storage/base.py", line 42, in save
    validate_file_name(name, allow_relative_path=False)
  File "/workspace/django/django/core/files/utils.py", line 22, in validate_file_name
    raise SuspiciousFileOperation("File name '%s' includes path elements" % name)
django.core.exceptions.SuspiciousFileOperation: File name 'tests/django_test.txt' includes path elements

======================================================================
ERROR: test_files (file_storage.tests.FileFieldStorageTests)
----------------------------------------------------------------------
Traceback (most recent call last):
  File "/root/miniconda3/envs/py_39/lib/python3.9/unittest/case.py", line 59, in testPartExecutor
    yield
  File "/root/miniconda3/envs/py_39/lib/python3.9/unittest/case.py", line 595, in run
    self._callTearDown()
  File "/root/miniconda3/envs/py_39/lib/python3.9/unittest/case.py", line 553, in _callTearDown
    self.tearDown()
  File "/workspace/django/tests/file_storage/tests.py", line 738, in tearDown
    shutil.rmtree(temp_storage_location)
  File "/root/miniconda3/envs/py_39/lib/python3.9/shutil.py", line 724, in rmtree
    onerror(os.lstat, path, sys.exc_info())
  File "/root/miniconda3/envs/py_39/lib/python3.9/shutil.py", line 722, in rmtree
    orig_st = os.lstat(path)
FileNotFoundError: [Errno 2] No such file or directory: '/tmp/django_m92hdhmh/tmpdjxdrrfq'

======================================================================
ERROR: test_pathlib_upload_to (file_storage.tests.FileFieldStorageTests)
----------------------------------------------------------------------
Traceback (most recent call last):
  File "/root/miniconda3/envs/py_39/lib/python3.9/unittest/case.py", line 59, in testPartExecutor
    yield
  File "/root/miniconda3/envs/py_39/lib/python3.9/unittest/case.py", line 592, in run
    self._callTestMethod(testMethod)
  File "/root/miniconda3/envs/py_39/lib/python3.9/unittest/case.py", line 550, in _callTestMethod
    method()
  File "/workspace/django/tests/file_storage/tests.py", line 915, in test_pathlib_upload_to
    obj.pathlib_callable.save("some_file1.txt", ContentFile("some content"))
  File "/workspace/django/django/db/models/fields/files.py", line 93, in save
    self.name = self.storage.save(name, content, max_length=self.field.max_length)
  File "/workspace/django/django/core/files/storage/base.py", line 42, in save
    validate_file_name(name, allow_relative_path=False)
  File "/workspace/django/django/core/files/utils.py", line 22, in validate_file_name
    raise SuspiciousFileOperation("File name '%s' includes path elements" % name)
django.core.exceptions.SuspiciousFileOperation: File name 'bar/some_file1.txt' includes path elements

======================================================================
ERROR: test_pathlib_upload_to (file_storage.tests.FileFieldStorageTests)
----------------------------------------------------------------------
Traceback (most recent call last):
  File "/root/miniconda3/envs/py_39/lib/python3.9/unittest/case.py", line 59, in testPartExecutor
    yield
  File "/root/miniconda3/envs/py_39/lib/python3.9/unittest/case.py", line 595, in run
    self._callTearDown()
  File "/root/miniconda3/envs/py_39/lib/python3.9/unittest/case.py", line 553, in _callTearDown
    self.tearDown()
  File "/workspace/django/tests/file_storage/tests.py", line 738, in tearDown
    shutil.rmtree(temp_storage_location)
  File "/root/miniconda3/envs/py_39/lib/python3.9/shutil.py", line 724, in rmtree
    onerror(os.lstat, path, sys.exc_info())
  File "/root/miniconda3/envs/py_39/lib/python3.9/shutil.py", line 722, in rmtree
    orig_st = os.lstat(path)
FileNotFoundError: [Errno 2] No such file or directory: '/tmp/django_m92hdhmh/tmpdjxdrrfq'

======================================================================
ERROR: test_random_upload_to (file_storage.tests.FileFieldStorageTests)
----------------------------------------------------------------------
Traceback (most recent call last):
  File "/root/miniconda3/envs/py_39/lib/python3.9/unittest/case.py", line 59, in testPartExecutor
    yield
  File "/root/miniconda3/envs/py_39/lib/python3.9/unittest/case.py", line 592, in run
    self._callTestMethod(testMethod)
  File "/root/miniconda3/envs/py_39/lib/python3.9/unittest/case.py", line 550, in _callTestMethod
    method()
  File "/workspace/django/tests/file_storage/tests.py", line 925, in test_random_upload_to
    obj.random.save("random_file", ContentFile("random content"))
  File "/workspace/django/django/db/models/fields/files.py", line 93, in save
    self.name = self.storage.save(name, content, max_length=self.field.max_length)
  File "/workspace/django/django/core/files/storage/base.py", line 42, in save
    validate_file_name(name, allow_relative_path=False)
  File "/workspace/django/django/core/files/utils.py", line 22, in validate_file_name
    raise SuspiciousFileOperation("File name '%s' includes path elements" % name)
django.core.exceptions.SuspiciousFileOperation: File name '858/random_file' includes path elements

======================================================================
ERROR: test_random_upload_to (file_storage.tests.FileFieldStorageTests)
----------------------------------------------------------------------
Traceback (most recent call last):
  File "/root/miniconda3/envs/py_39/lib/python3.9/unittest/case.py", line 59, in testPartExecutor
    yield
  File "/root/miniconda3/envs/py_39/lib/python3.9/unittest/case.py", line 595, in run
    self._callTearDown()
  File "/root/miniconda3/envs/py_39/lib/python3.9/unittest/case.py", line 553, in _callTearDown
    self.tearDown()
  File "/workspace/django/tests/file_storage/tests.py", line 738, in tearDown
    shutil.rmtree(temp_storage_location)
  File "/root/miniconda3/envs/py_39/lib/python3.9/shutil.py", line 724, in rmtree
    onerror(os.lstat, path, sys.exc_info())
  File "/root/miniconda3/envs/py_39/lib/python3.9/shutil.py", line 722, in rmtree
    orig_st = os.lstat(path)
FileNotFoundError: [Errno 2] No such file or directory: '/tmp/django_m92hdhmh/tmpdjxdrrfq'

======================================================================
ERROR: test_stringio (file_storage.tests.FileFieldStorageTests)
----------------------------------------------------------------------
Traceback (most recent call last):
  File "/root/miniconda3/envs/py_39/lib/python3.9/unittest/case.py", line 59, in testPartExecutor
    yield
  File "/root/miniconda3/envs/py_39/lib/python3.9/unittest/case.py", line 592, in run
    self._callTestMethod(testMethod)
  File "/root/miniconda3/envs/py_39/lib/python3.9/unittest/case.py", line 550, in _callTestMethod
    method()
  File "/workspace/django/tests/file_storage/tests.py", line 966, in test_stringio
    temp_storage.save("tests/stringio", output)
  File "/workspace/django/django/core/files/storage/base.py", line 42, in save
    validate_file_name(name, allow_relative_path=False)
  File "/workspace/django/django/core/files/utils.py", line 22, in validate_file_name
    raise SuspiciousFileOperation("File name '%s' includes path elements" % name)
django.core.exceptions.SuspiciousFileOperation: File name 'tests/stringio' includes path elements

======================================================================
ERROR: test_stringio (file_storage.tests.FileFieldStorageTests)
----------------------------------------------------------------------
Traceback (most recent call last):
  File "/root/miniconda3/envs/py_39/lib/python3.9/unittest/case.py", line 59, in testPartExecutor
    yield
  File "/root/miniconda3/envs/py_39/lib/python3.9/unittest/case.py", line 595, in run
    self._callTearDown()
  File "/root/miniconda3/envs/py_39/lib/python3.9/unittest/case.py", line 553, in _callTearDown
    self.tearDown()
  File "/workspace/django/tests/file_storage/tests.py", line 738, in tearDown
    shutil.rmtree(temp_storage_location)
  File "/root/miniconda3/envs/py_39/lib/python3.9/shutil.py", line 724, in rmtree
    onerror(os.lstat, path, sys.exc_info())
  File "/root/miniconda3/envs/py_39/lib/python3.9/shutil.py", line 722, in rmtree
    orig_st = os.lstat(path)
FileNotFoundError: [Errno 2] No such file or directory: '/tmp/django_m92hdhmh/tmpdjxdrrfq'

======================================================================
ERROR: test_file_save_with_path (file_storage.tests.FileStorageTests)
Saving a pathname should create intermediate directories as necessary.
----------------------------------------------------------------------
Traceback (most recent call last):
  File "/root/miniconda3/envs/py_39/lib/python3.9/unittest/case.py", line 59, in testPartExecutor
    yield
  File "/root/miniconda3/envs/py_39/lib/python3.9/unittest/case.py", line 592, in run
    self._callTestMethod(testMethod)
  File "/root/miniconda3/envs/py_39/lib/python3.9/unittest/case.py", line 550, in _callTestMethod
    method()
  File "/workspace/django/tests/file_storage/tests.py", line 333, in test_file_save_with_path
    self.storage.save("path/to/test.file", ContentFile("file saved with path"))
  File "/workspace/django/django/core/files/storage/base.py", line 42, in save
    validate_file_name(name, allow_relative_path=False)
  File "/workspace/django/django/core/files/utils.py", line 22, in validate_file_name
    raise SuspiciousFileOperation("File name '%s' includes path elements" % name)
django.core.exceptions.SuspiciousFileOperation: File name 'path/to/test.file' includes path elements

======================================================================
ERROR: test_makedirs_race_handling (file_storage.tests.FileStorageTests)
File storage should be robust against directory creation race conditions.
----------------------------------------------------------------------
Traceback (most recent call last):
  File "/root/miniconda3/envs/py_39/lib/python3.9/unittest/case.py", line 59, in testPartExecutor
    yield
  File "/root/miniconda3/envs/py_39/lib/python3.9/unittest/case.py", line 592, in run
    self._callTestMethod(testMethod)
  File "/root/miniconda3/envs/py_39/lib/python3.9/unittest/case.py", line 550, in _callTestMethod
    method()
  File "/workspace/django/tests/file_storage/tests.py", line 509, in test_makedirs_race_handling
    self.storage.save("normal/test.file", ContentFile("saved normally"))
  File "/workspace/django/django/core/files/storage/base.py", line 42, in save
    validate_file_name(name, allow_relative_path=False)
  File "/workspace/django/django/core/files/utils.py", line 22, in validate_file_name
    raise SuspiciousFileOperation("File name '%s' includes path elements" % name)
django.core.exceptions.SuspiciousFileOperation: File name 'normal/test.file' includes path elements

======================================================================
ERROR: test_save_doesnt_close (file_storage.tests.FileStorageTests)
----------------------------------------------------------------------
Traceback (most recent call last):
  File "/root/miniconda3/envs/py_39/lib/python3.9/unittest/case.py", line 59, in testPartExecutor
    yield
  File "/root/miniconda3/envs/py_39/lib/python3.9/unittest/case.py", line 592, in run
    self._callTestMethod(testMethod)
  File "/root/miniconda3/envs/py_39/lib/python3.9/unittest/case.py", line 550, in _callTestMethod
    method()
  File "/workspace/django/tests/file_storage/tests.py", line 370, in test_save_doesnt_close
    self.storage.save("path/to/test.file", file)
  File "/workspace/django/django/core/files/storage/base.py", line 42, in save
    validate_file_name(name, allow_relative_path=False)
  File "/workspace/django/django/core/files/utils.py", line 22, in validate_file_name
    raise SuspiciousFileOperation("File name '%s' includes path elements" % name)
django.core.exceptions.SuspiciousFileOperation: File name 'path/to/test.file' includes path elements

======================================================================
ERROR: test_custom_storage_discarding_empty_content (file_storage.tests.DiscardingFalseContentStorageTests)
When Storage.save() wraps a file-like object in File, it should include
----------------------------------------------------------------------
Traceback (most recent call last):
  File "/root/miniconda3/envs/py_39/lib/python3.9/unittest/case.py", line 59, in testPartExecutor
    yield
  File "/root/miniconda3/envs/py_39/lib/python3.9/unittest/case.py", line 592, in run
    self._callTestMethod(testMethod)
  File "/root/miniconda3/envs/py_39/lib/python3.9/unittest/case.py", line 550, in _callTestMethod
    method()
  File "/workspace/django/tests/file_storage/tests.py", line 729, in test_custom_storage_discarding_empty_content
    self.storage.save("tests/stringio", output)
  File "/workspace/django/django/core/files/storage/base.py", line 42, in save
    validate_file_name(name, allow_relative_path=False)
  File "/workspace/django/django/core/files/utils.py", line 22, in validate_file_name
    raise SuspiciousFileOperation("File name '%s' includes path elements" % name)
django.core.exceptions.SuspiciousFileOperation: File name 'tests/stringio' includes path elements

======================================================================
ERROR: test_file_save_with_path (file_storage.tests.DiscardingFalseContentStorageTests)
Saving a pathname should create intermediate directories as necessary.
----------------------------------------------------------------------
Traceback (most recent call last):
  File "/root/miniconda3/envs/py_39/lib/python3.9/unittest/case.py", line 59, in testPartExecutor
    yield
  File "/root/miniconda3/envs/py_39/lib/python3.9/unittest/case.py", line 592, in run
    self._callTestMethod(testMethod)
  File "/root/miniconda3/envs/py_39/lib/python3.9/unittest/case.py", line 550, in _callTestMethod
    method()
  File "/workspace/django/tests/file_storage/tests.py", line 333, in test_file_save_with_path
    self.storage.save("path/to/test.file", ContentFile("file saved with path"))
  File "/workspace/django/django/core/files/storage/base.py", line 42, in save
    validate_file_name(name, allow_relative_path=False)
  File "/workspace/django/django/core/files/utils.py", line 22, in validate_file_name
    raise SuspiciousFileOperation("File name '%s' includes path elements" % name)
django.core.exceptions.SuspiciousFileOperation: File name 'path/to/test.file' includes path elements

======================================================================
ERROR: test_makedirs_race_handling (file_storage.tests.DiscardingFalseContentStorageTests)
File storage should be robust against directory creation race conditions.
----------------------------------------------------------------------
Traceback (most recent call last):
  File "/root/miniconda3/envs/py_39/lib/python3.9/unittest/case.py", line 59, in testPartExecutor
    yield
  File "/root/miniconda3/envs/py_39/lib/python3.9/unittest/case.py", line 592, in run
    self._callTestMethod(testMethod)
  File "/root/miniconda3/envs/py_39/lib/python3.9/unittest/case.py", line 550, in _callTestMethod
    method()
  File "/workspace/django/tests/file_storage/tests.py", line 509, in test_makedirs_race_handling
    self.storage.save("normal/test.file", ContentFile("saved normally"))
  File "/workspace/django/django/core/files/storage/base.py", line 42, in save
    validate_file_name(name, allow_relative_path=False)
  File "/workspace/django/django/core/files/utils.py", line 22, in validate_file_name
    raise SuspiciousFileOperation("File name '%s' includes path elements" % name)
django.core.exceptions.SuspiciousFileOperation: File name 'normal/test.file' includes path elements

======================================================================
ERROR: test_save_doesnt_close (file_storage.tests.DiscardingFalseContentStorageTests)
----------------------------------------------------------------------
Traceback (most recent call last):
  File "/root/miniconda3/envs/py_39/lib/python3.9/unittest/case.py", line 59, in testPartExecutor
    yield
  File "/root/miniconda3/envs/py_39/lib/python3.9/unittest/case.py", line 592, in run
    self._callTestMethod(testMethod)
  File "/root/miniconda3/envs/py_39/lib/python3.9/unittest/case.py", line 550, in _callTestMethod
    method()
  File "/workspace/django/tests/file_storage/tests.py", line 370, in test_save_doesnt_close
    self.storage.save("path/to/test.file", file)
  File "/workspace/django/django/core/files/storage/base.py", line 42, in save
    validate_file_name(name, allow_relative_path=False)
  File "/workspace/django/django/core/files/utils.py", line 22, in validate_file_name
    raise SuspiciousFileOperation("File name '%s' includes path elements" % name)
django.core.exceptions.SuspiciousFileOperation: File name 'path/to/test.file' includes path elements

======================================================================
ERROR: test_file_upload_directory_default_permissions (file_storage.tests.FileStoragePermissions)
----------------------------------------------------------------------
Traceback (most recent call last):
  File "/root/miniconda3/envs/py_39/lib/python3.9/unittest/case.py", line 59, in testPartExecutor
    yield
  File "/root/miniconda3/envs/py_39/lib/python3.9/unittest/case.py", line 592, in run
    self._callTestMethod(testMethod)
  File "/root/miniconda3/envs/py_39/lib/python3.9/unittest/case.py", line 550, in _callTestMethod
    method()
  File "/workspace/django/django/test/utils.py", line 461, in inner
    return func(*args, **kwargs)
  File "/workspace/django/tests/file_storage/tests.py", line 1109, in test_file_upload_directory_default_permissions
    name = self.storage.save("the_directory/subdir/the_file", ContentFile("data"))
  File "/workspace/django/django/core/files/storage/base.py", line 42, in save
    validate_file_name(name, allow_relative_path=False)
  File "/workspace/django/django/core/files/utils.py", line 22, in validate_file_name
    raise SuspiciousFileOperation("File name '%s' includes path elements" % name)
django.core.exceptions.SuspiciousFileOperation: File name 'the_directory/subdir/the_file' includes path elements

======================================================================
ERROR: test_file_upload_directory_permissions (file_storage.tests.FileStoragePermissions)
----------------------------------------------------------------------
Traceback (most recent call last):
  File "/root/miniconda3/envs/py_39/lib/python3.9/unittest/case.py", line 59, in testPartExecutor
    yield
  File "/root/miniconda3/envs/py_39/lib/python3.9/unittest/case.py", line 592, in run
    self._callTestMethod(testMethod)
  File "/root/miniconda3/envs/py_39/lib/python3.9/unittest/case.py", line 550, in _callTestMethod
    method()
  File "/workspace/django/django/test/utils.py", line 461, in inner
    return func(*args, **kwargs)
  File "/workspace/django/tests/file_storage/tests.py", line 1101, in test_file_upload_directory_permissions
    name = self.storage.save("the_directory/subdir/the_file", ContentFile("data"))
  File "/workspace/django/django/core/files/storage/base.py", line 42, in save
    validate_file_name(name, allow_relative_path=False)
  File "/workspace/django/django/core/files/utils.py", line 22, in validate_file_name
    raise SuspiciousFileOperation("File name '%s' includes path elements" % name)
django.core.exceptions.SuspiciousFileOperation: File name 'the_directory/subdir/the_file' includes path elements

======================================================================
ERROR: test_file_methods_pathlib_path (file_storage.tests.CustomStorageTests)
----------------------------------------------------------------------
Traceback (most recent call last):
  File "/root/miniconda3/envs/py_39/lib/python3.9/unittest/case.py", line 59, in testPartExecutor
    yield
  File "/root/miniconda3/envs/py_39/lib/python3.9/unittest/case.py", line 592, in run
    self._callTestMethod(testMethod)
  File "/root/miniconda3/envs/py_39/lib/python3.9/unittest/case.py", line 550, in _callTestMethod
    method()
  File "/workspace/django/tests/file_storage/tests.py", line 635, in test_file_methods_pathlib_path
    f_name = self.storage.save(p, f)
  File "/workspace/django/django/core/files/storage/base.py", line 42, in save
    validate_file_name(name, allow_relative_path=False)
  File "/workspace/django/django/core/files/utils.py", line 22, in validate_file_name
    raise SuspiciousFileOperation("File name '%s' includes path elements" % name)
django.core.exceptions.SuspiciousFileOperation: File name 'test.file' includes path elements

======================================================================
ERROR: test_file_save_with_path (file_storage.tests.CustomStorageTests)
Saving a pathname should create intermediate directories as necessary.
----------------------------------------------------------------------
Traceback (most recent call last):
  File "/root/miniconda3/envs/py_39/lib/python3.9/unittest/case.py", line 59, in testPartExecutor
    yield
  File "/root/miniconda3/envs/py_39/lib/python3.9/unittest/case.py", line 592, in run
    self._callTestMethod(testMethod)
  File "/root/miniconda3/envs/py_39/lib/python3.9/unittest/case.py", line 550, in _callTestMethod
    method()
  File "/workspace/django/tests/file_storage/tests.py", line 333, in test_file_save_with_path
    self.storage.save("path/to/test.file", ContentFile("file saved with path"))
  File "/workspace/django/django/core/files/storage/base.py", line 42, in save
    validate_file_name(name, allow_relative_path=False)
  File "/workspace/django/django/core/files/utils.py", line 22, in validate_file_name
    raise SuspiciousFileOperation("File name '%s' includes path elements" % name)
django.core.exceptions.SuspiciousFileOperation: File name 'path/to/test.file' includes path elements

======================================================================
ERROR: test_makedirs_race_handling (file_storage.tests.CustomStorageTests)
File storage should be robust against directory creation race conditions.
----------------------------------------------------------------------
Traceback (most recent call last):
  File "/root/miniconda3/envs/py_39/lib/python3.9/unittest/case.py", line 59, in testPartExecutor
    yield
  File "/root/miniconda3/envs/py_39/lib/python3.9/unittest/case.py", line 592, in run
    self._callTestMethod(testMethod)
  File "/root/miniconda3/envs/py_39/lib/python3.9/unittest/case.py", line 550, in _callTestMethod
    method()
  File "/workspace/django/tests/file_storage/tests.py", line 509, in test_makedirs_race_handling
    self.storage.save("normal/test.file", ContentFile("saved normally"))
  File "/workspace/django/django/core/files/storage/base.py", line 42, in save
    validate_file_name(name, allow_relative_path=False)
  File "/workspace/django/django/core/files/utils.py", line 22, in validate_file_name
    raise SuspiciousFileOperation("File name '%s' includes path elements" % name)
django.core.exceptions.SuspiciousFileOperation: File name 'normal/test.file' includes path elements

======================================================================
ERROR: test_save_doesnt_close (file_storage.tests.CustomStorageTests)
----------------------------------------------------------------------
Traceback (most recent call last):
  File "/root/miniconda3/envs/py_39/lib/python3.9/unittest/case.py", line 59, in testPartExecutor
    yield
  File "/root/miniconda3/envs/py_39/lib/python3.9/unittest/case.py", line 592, in run
    self._callTestMethod(testMethod)
  File "/root/miniconda3/envs/py_39/lib/python3.9/unittest/case.py", line 550, in _callTestMethod
    method()
  File "/workspace/django/tests/file_storage/tests.py", line 370, in test_save_doesnt_close
    self.storage.save("path/to/test.file", file)
  File "/workspace/django/django/core/files/storage/base.py", line 42, in save
    validate_file_name(name, allow_relative_path=False)
  File "/workspace/django/django/core/files/utils.py", line 22, in validate_file_name
    raise SuspiciousFileOperation("File name '%s' includes path elements" % name)
django.core.exceptions.SuspiciousFileOperation: File name 'path/to/test.file' includes path elements

======================================================================
ERROR: test_file_methods_pathlib_path (file_storage.tests.OverwritingStorageTests)
----------------------------------------------------------------------
Traceback (most recent call last):
  File "/root/miniconda3/envs/py_39/lib/python3.9/unittest/case.py", line 59, in testPartExecutor
    yield
  File "/root/miniconda3/envs/py_39/lib/python3.9/unittest/case.py", line 592, in run
    self._callTestMethod(testMethod)
  File "/root/miniconda3/envs/py_39/lib/python3.9/unittest/case.py", line 550, in _callTestMethod
    method()
  File "/workspace/django/tests/file_storage/tests.py", line 635, in test_file_methods_pathlib_path
    f_name = self.storage.save(p, f)
  File "/workspace/django/django/core/files/storage/base.py", line 42, in save
    validate_file_name(name, allow_relative_path=False)
  File "/workspace/django/django/core/files/utils.py", line 22, in validate_file_name
    raise SuspiciousFileOperation("File name '%s' includes path elements" % name)
django.core.exceptions.SuspiciousFileOperation: File name 'test.file' includes path elements

======================================================================
ERROR: test_file_save_with_path (file_storage.tests.OverwritingStorageTests)
Saving a pathname should create intermediate directories as necessary.
----------------------------------------------------------------------
Traceback (most recent call last):
  File "/root/miniconda3/envs/py_39/lib/python3.9/unittest/case.py", line 59, in testPartExecutor
    yield
  File "/root/miniconda3/envs/py_39/lib/python3.9/unittest/case.py", line 592, in run
    self._callTestMethod(testMethod)
  File "/root/miniconda3/envs/py_39/lib/python3.9/unittest/case.py", line 550, in _callTestMethod
    method()
  File "/workspace/django/tests/file_storage/tests.py", line 333, in test_file_save_with_path
    self.storage.save("path/to/test.file", ContentFile("file saved with path"))
  File "/workspace/django/django/core/files/storage/base.py", line 42, in save
    validate_file_name(name, allow_relative_path=False)
  File "/workspace/django/django/core/files/utils.py", line 22, in validate_file_name
    raise SuspiciousFileOperation("File name '%s' includes path elements" % name)
django.core.exceptions.SuspiciousFileOperation: File name 'path/to/test.file' includes path elements

======================================================================
ERROR: test_makedirs_race_handling (file_storage.tests.OverwritingStorageTests)
File storage should be robust against directory creation race conditions.
----------------------------------------------------------------------
Traceback (most recent call last):
  File "/root/miniconda3/envs/py_39/lib/python3.9/unittest/case.py", line 59, in testPartExecutor
    yield
  File "/root/miniconda3/envs/py_39/lib/python3.9/unittest/case.py", line 592, in run
    self._callTestMethod(testMethod)
  File "/root/miniconda3/envs/py_39/lib/python3.9/unittest/case.py", line 550, in _callTestMethod
    method()
  File "/workspace/django/tests/file_storage/tests.py", line 509, in test_makedirs_race_handling
    self.storage.save("normal/test.file", ContentFile("saved normally"))
  File "/workspace/django/django/core/files/storage/base.py", line 42, in save
    validate_file_name(name, allow_relative_path=False)
  File "/workspace/django/django/core/files/utils.py", line 22, in validate_file_name
    raise SuspiciousFileOperation("File name '%s' includes path elements" % name)
django.core.exceptions.SuspiciousFileOperation: File name 'normal/test.file' includes path elements

======================================================================
ERROR: test_save_doesnt_close (file_storage.tests.OverwritingStorageTests)
----------------------------------------------------------------------
Traceback (most recent call last):
  File "/root/miniconda3/envs/py_39/lib/python3.9/unittest/case.py", line 59, in testPartExecutor
    yield
  File "/root/miniconda3/envs/py_39/lib/python3.9/unittest/case.py", line 592, in run
    self._callTestMethod(testMethod)
  File "/root/miniconda3/envs/py_39/lib/python3.9/unittest/case.py", line 550, in _callTestMethod
    method()
  File "/workspace/django/tests/file_storage/tests.py", line 370, in test_save_doesnt_close
    self.storage.save("path/to/test.file", file)
  File "/workspace/django/django/core/files/storage/base.py", line 42, in save
    validate_file_name(name, allow_relative_path=False)
  File "/workspace/django/django/core/files/utils.py", line 22, in validate_file_name
    raise SuspiciousFileOperation("File name '%s' includes path elements" % name)
django.core.exceptions.SuspiciousFileOperation: File name 'path/to/test.file' includes path elements

======================================================================
FAIL: test_filename_case_preservation (file_uploads.tests.FileUploadTests)
The storage backend shouldn't mess with the case of the filenames
----------------------------------------------------------------------
Traceback (most recent call last):
  File "/root/miniconda3/envs/py_39/lib/python3.9/unittest/case.py", line 59, in testPartExecutor
    yield
  File "/root/miniconda3/envs/py_39/lib/python3.9/unittest/case.py", line 592, in run
    self._callTestMethod(testMethod)
  File "/root/miniconda3/envs/py_39/lib/python3.9/unittest/case.py", line 550, in _callTestMethod
    method()
  File "/workspace/django/tests/file_uploads/tests.py", line 740, in test_filename_case_preservation
    self.assertEqual(response.status_code, 200)
  File "/root/miniconda3/envs/py_39/lib/python3.9/unittest/case.py", line 837, in assertEqual
    assertion_func(first, second, msg=msg)
  File "/root/miniconda3/envs/py_39/lib/python3.9/unittest/case.py", line 830, in _baseAssertEqual
    raise self.failureException(msg)
AssertionError: 400 != 200

======================================================================
FAIL: test_large_upload (file_uploads.tests.FileUploadTests)
----------------------------------------------------------------------
Traceback (most recent call last):
  File "/root/miniconda3/envs/py_39/lib/python3.9/unittest/case.py", line 59, in testPartExecutor
    yield
  File "/root/miniconda3/envs/py_39/lib/python3.9/unittest/case.py", line 592, in run
    self._callTestMethod(testMethod)
  File "/root/miniconda3/envs/py_39/lib/python3.9/unittest/case.py", line 550, in _callTestMethod
    method()
  File "/workspace/django/tests/file_uploads/tests.py", line 125, in test_large_upload
    self.assertEqual(response.status_code, 200)
  File "/root/miniconda3/envs/py_39/lib/python3.9/unittest/case.py", line 837, in assertEqual
    assertion_func(first, second, msg=msg)
  File "/root/miniconda3/envs/py_39/lib/python3.9/unittest/case.py", line 830, in _baseAssertEqual
    raise self.failureException(msg)
AssertionError: 400 != 200

======================================================================
FAIL: test_unicode_file_name (file_uploads.tests.FileUploadTests)
----------------------------------------------------------------------
Traceback (most recent call last):
  File "/root/miniconda3/envs/py_39/lib/python3.9/unittest/case.py", line 59, in testPartExecutor
    yield
  File "/root/miniconda3/envs/py_39/lib/python3.9/unittest/case.py", line 592, in run
    self._callTestMethod(testMethod)
  File "/root/miniconda3/envs/py_39/lib/python3.9/unittest/case.py", line 550, in _callTestMethod
    method()
  File "/workspace/django/tests/file_uploads/tests.py", line 191, in test_unicode_file_name
    self.assertEqual(response.status_code, 200)
  File "/root/miniconda3/envs/py_39/lib/python3.9/unittest/case.py", line 837, in assertEqual
    assertion_func(first, second, msg=msg)
  File "/root/miniconda3/envs/py_39/lib/python3.9/unittest/case.py", line 830, in _baseAssertEqual
    raise self.failureException(msg)
AssertionError: 400 != 200

======================================================================
FAIL: test_unicode_file_name_rfc2231 (file_uploads.tests.FileUploadTests)
Receiving file upload when filename is encoded with RFC 2231.
----------------------------------------------------------------------
Traceback (most recent call last):
  File "/root/miniconda3/envs/py_39/lib/python3.9/unittest/case.py", line 59, in testPartExecutor
    yield
  File "/root/miniconda3/envs/py_39/lib/python3.9/unittest/case.py", line 592, in run
    self._callTestMethod(testMethod)
  File "/root/miniconda3/envs/py_39/lib/python3.9/unittest/case.py", line 550, in _callTestMethod
    method()
  File "/workspace/django/tests/file_uploads/tests.py", line 220, in test_unicode_file_name_rfc2231
    self.assertEqual(response.status_code, 200)
  File "/root/miniconda3/envs/py_39/lib/python3.9/unittest/case.py", line 837, in assertEqual
    assertion_func(first, second, msg=msg)
  File "/root/miniconda3/envs/py_39/lib/python3.9/unittest/case.py", line 830, in _baseAssertEqual
    raise self.failureException(msg)
AssertionError: 400 != 200

======================================================================
FAIL: test_unicode_file_name_rfc2231_with_double_quotes (file_uploads.tests.FileUploadTests)
----------------------------------------------------------------------
Traceback (most recent call last):
  File "/root/miniconda3/envs/py_39/lib/python3.9/unittest/case.py", line 59, in testPartExecutor
    yield
  File "/root/miniconda3/envs/py_39/lib/python3.9/unittest/case.py", line 592, in run
    self._callTestMethod(testMethod)
  File "/root/miniconda3/envs/py_39/lib/python3.9/unittest/case.py", line 550, in _callTestMethod
    method()
  File "/workspace/django/tests/file_uploads/tests.py", line 274, in test_unicode_file_name_rfc2231_with_double_quotes
    self.assertEqual(response.status_code, 200)
  File "/root/miniconda3/envs/py_39/lib/python3.9/unittest/case.py", line 837, in assertEqual
    assertion_func(first, second, msg=msg)
  File "/root/miniconda3/envs/py_39/lib/python3.9/unittest/case.py", line 830, in _baseAssertEqual
    raise self.failureException(msg)
AssertionError: 400 != 200

======================================================================
FAIL: test_unicode_name_rfc2231 (file_uploads.tests.FileUploadTests)
Receiving file upload when filename is encoded with RFC 2231.
----------------------------------------------------------------------
Traceback (most recent call last):
  File "/root/miniconda3/envs/py_39/lib/python3.9/unittest/case.py", line 59, in testPartExecutor
    yield
  File "/root/miniconda3/envs/py_39/lib/python3.9/unittest/case.py", line 592, in run
    self._callTestMethod(testMethod)
  File "/root/miniconda3/envs/py_39/lib/python3.9/unittest/case.py", line 550, in _callTestMethod
    method()
  File "/workspace/django/tests/file_uploads/tests.py", line 249, in test_unicode_name_rfc2231
    self.assertEqual(response.status_code, 200)
  File "/root/miniconda3/envs/py_39/lib/python3.9/unittest/case.py", line 837, in assertEqual
    assertion_func(first, second, msg=msg)
  File "/root/miniconda3/envs/py_39/lib/python3.9/unittest/case.py", line 830, in _baseAssertEqual
    raise self.failureException(msg)
AssertionError: 400 != 200

======================================================================
FAIL: test_unicode_name_rfc2231_with_double_quotes (file_uploads.tests.FileUploadTests)
----------------------------------------------------------------------
Traceback (most recent call last):
  File "/root/miniconda3/envs/py_39/lib/python3.9/unittest/case.py", line 59, in testPartExecutor
    yield
  File "/root/miniconda3/envs/py_39/lib/python3.9/unittest/case.py", line 592, in run
    self._callTestMethod(testMethod)
  File "/root/miniconda3/envs/py_39/lib/python3.9/unittest/case.py", line 550, in _callTestMethod
    method()
  File "/workspace/django/tests/file_uploads/tests.py", line 299, in test_unicode_name_rfc2231_with_double_quotes
    self.assertEqual(response.status_code, 200)
  File "/root/miniconda3/envs/py_39/lib/python3.9/unittest/case.py", line 837, in assertEqual
    assertion_func(first, second, msg=msg)
  File "/root/miniconda3/envs/py_39/lib/python3.9/unittest/case.py", line 830, in _baseAssertEqual
    raise self.failureException(msg)
AssertionError: 400 != 200

----------------------------------------------------------------------
Ran 187 tests in 1.073s

FAILED (failures=7, errors=46, skipped=10)
Destroying test database for alias 'default'...
Destroying test database for alias 'default'...
Destroying test database for alias 'default'...
Destroying test database for alias 'default'...
Destroying test database for alias 'default'...
Destroying test database for alias 'default'...
Destroying test database for alias 'default'...
Destroying test database for alias 'default'...
Destroying test database for alias 'default'...

2026-01-16 17:10:01,911 - src.agents.base - INFO - Tool RunTest: ✓
2026-01-16 17:10:01,911 - src.agents.base - INFO - Tool RunTest: ✓
2026-01-16 17:10:23,282 - src.agents.base - INFO - SingleAgent executing tool: EditCode
2026-01-16 17:10:23,282 - src.agents.base - INFO - SingleAgent executing tool: EditCode
2026-01-16 17:10:23,283 - src.agents.base - INFO - Tool arguments:
{
  "file_path": "django/core/files/storage/base.py",
  "old_code": "        name = self.get_available_name(name, max_length=max_length)\n        # After get_available_name, ensure the name is a simple file name (no path traversal or absolute path)\n        validate_file_name(name, allow_relative_path=False)\n        name = self._save(name, content)\n        # Defense-in-depth: validate again after save\n        validate_file_name(name, allow_relative_path=False)\n        return name",
  "new_code": "        name = self.get_available_name(name, max_length=max_length)\n        # After get_available_name, ensure the name is not absolute and does not contain path traversal\n        validate_file_name(name, allow_relative_path=True)\n        name = self._save(name, content)\n        # Defense-in-depth: validate again after save\n        validate_file_name(name, allow_relative_path=True)\n        return name",
  "fuzzy_match": true,
  "skip_validation": false
}
2026-01-16 17:10:23,283 - src.agents.base - INFO - Tool arguments:
{
  "file_path": "django/core/files/storage/base.py",
  "old_code": "        name = self.get_available_name(name, max_length=max_length)\n        # After get_available_name, ensure the name is a simple file name (no path traversal or absolute path)\n        validate_file_name(name, allow_relative_path=False)\n        name = self._save(name, content)\n        # Defense-in-depth: validate again after save\n        validate_file_name(name, allow_relative_path=False)\n        return name",
  "new_code": "        name = self.get_available_name(name, max_length=max_length)\n        # After get_available_name, ensure the name is not absolute and does not contain path traversal\n        validate_file_name(name, allow_relative_path=True)\n        name = self._save(name, content)\n        # Defense-in-depth: validate again after save\n        validate_file_name(name, allow_relative_path=True)\n        return name",
  "fuzzy_match": true,
  "skip_validation": false
}
2026-01-16 17:10:23,537 - src.tools.edit_code - INFO - EditCodeTool: Writing 7684 chars to django/core/files/storage/base.py (match_type=exact)
2026-01-16 17:10:23,537 - src.tools.edit_code - INFO - EditCodeTool: Writing 7684 chars to django/core/files/storage/base.py (match_type=exact)
2026-01-16 17:10:23,664 - src.agents.base - INFO - Tool EditCode: ✓
2026-01-16 17:10:23,664 - src.agents.base - INFO - Tool EditCode: ✓
2026-01-16 17:10:25,391 - src.agents.base - INFO - SingleAgent executing tool: RunTest
2026-01-16 17:10:25,391 - src.agents.base - INFO - SingleAgent executing tool: RunTest
2026-01-16 17:10:25,391 - src.agents.base - INFO - Tool arguments:
{
  "run_prepare": true,
  "timeout": 180,
  "include_paths": [
    "django/core/files/storage/base.py"
  ],
  "run_unittest": true
}
2026-01-16 17:10:25,391 - src.agents.base - INFO - Tool arguments:
{
  "run_prepare": true,
  "timeout": 180,
  "include_paths": [
    "django/core/files/storage/base.py"
  ],
  "run_unittest": true
}
2026-01-16 17:10:25,710 - src.tools.run_test - INFO - Extracted 3 file paths from /workspace/test.patch: ['tests/file_storage/test_base.py', 'tests/file_uploads/tests.py', 'tests/file_storage/tests.py']
2026-01-16 17:10:25,710 - src.tools.run_test - INFO - Extracted 3 file paths from /workspace/test.patch: ['tests/file_storage/test_base.py', 'tests/file_uploads/tests.py', 'tests/file_storage/tests.py']
2026-01-16 17:10:25,711 - src.tools.run_test - INFO - Generating git diff for fix.patch
2026-01-16 17:10:25,711 - src.tools.run_test - INFO - Generating git diff for fix.patch
2026-01-16 17:10:25,711 - src.tools.run_test - INFO -   include_paths: ['django/core/files/storage/base.py']
2026-01-16 17:10:25,711 - src.tools.run_test - INFO -   include_paths: ['django/core/files/storage/base.py']
2026-01-16 17:10:25,711 - src.tools.run_test - INFO -   exclude_paths (from test.patch): ['tests/file_storage/test_base.py', 'tests/file_uploads/tests.py', 'tests/file_storage/tests.py']
2026-01-16 17:10:25,711 - src.tools.run_test - INFO -   exclude_paths (from test.patch): ['tests/file_storage/test_base.py', 'tests/file_uploads/tests.py', 'tests/file_storage/tests.py']
2026-01-16 17:10:25,711 - src.tools.run_test - INFO -   git diff command: git diff HEAD -- 'django/core/files/storage/base.py' ':(exclude)tests/file_storage/test_base.py' ':(exclude)tests/file_uploads/tests.py' ':(exclude)tests/file_storage/tests.py'
2026-01-16 17:10:25,711 - src.tools.run_test - INFO -   git diff command: git diff HEAD -- 'django/core/files/storage/base.py' ':(exclude)tests/file_storage/test_base.py' ':(exclude)tests/file_uploads/tests.py' ':(exclude)tests/file_storage/tests.py'
2026-01-16 17:10:25,868 - src.tools.run_test - INFO -   Generated patch: 1118 bytes, 27 lines
2026-01-16 17:10:25,868 - src.tools.run_test - INFO -   Generated patch: 1118 bytes, 27 lines
2026-01-16 17:10:25,868 - src.tools.run_test - INFO -   Patch content:
diff --git a/django/core/files/storage/base.py b/django/core/files/storage/base.py
index 16ac22f..d60e4be 100644
--- a/django/core/files/storage/base.py
+++ b/django/core/files/storage/base.py
@@ -31,15 +31,21 @@ class Storage:
         if name is None:
             name = content.name
 
+        # Validate the name before any file system operations
+        validate_file_name(name, allow_relative_path=True)
+
         if not hasattr(content, "chunks"):
             content = File(content, name)
 
         name = self.get_available_name(name, max_length=max_length)
+        # After get_available_name, ensure the name is not absolute and does not contain path traversal
+        validate_file_name(name, allow_relative_path=True)
         name = self._save(name, content)
-        # Ensure that the name returned from the storage system is still valid.
+        # Defense-in-depth: validate again after save
         validate_file_name(name, allow_relative_path=True)
         return name
 
+
     # These methods are part of the public API, with default implementations.
 
     def get_valid_name(self, name):

2026-01-16 17:10:25,868 - src.tools.run_test - INFO -   Patch content:
diff --git a/django/core/files/storage/base.py b/django/core/files/storage/base.py
index 16ac22f..d60e4be 100644
--- a/django/core/files/storage/base.py
+++ b/django/core/files/storage/base.py
@@ -31,15 +31,21 @@ class Storage:
         if name is None:
             name = content.name
 
+        # Validate the name before any file system operations
+        validate_file_name(name, allow_relative_path=True)
+
         if not hasattr(content, "chunks"):
             content = File(content, name)
 
         name = self.get_available_name(name, max_length=max_length)
+        # After get_available_name, ensure the name is not absolute and does not contain path traversal
+        validate_file_name(name, allow_relative_path=True)
         name = self._save(name, content)
-        # Ensure that the name returned from the storage system is still valid.
+        # Defense-in-depth: validate again after save
         validate_file_name(name, allow_relative_path=True)
         return name
 
+
     # These methods are part of the public API, with default implementations.
 
     def get_valid_name(self, name):

2026-01-16 17:10:25,948 - src.tools.run_test - INFO - Running prepare.sh to reset repository...
2026-01-16 17:10:25,948 - src.tools.run_test - INFO - Running prepare.sh to reset repository...
2026-01-16 17:10:26,597 - src.tools.run_test - INFO - Running fix-run.sh for PoC validation...
2026-01-16 17:10:26,597 - src.tools.run_test - INFO - Running fix-run.sh for PoC validation...
2026-01-16 17:10:26,684 - src.tools.run_test - INFO - Patch being tested:
diff --git a/django/core/files/storage/base.py b/django/core/files/storage/base.py
index 16ac22f..d60e4be 100644
--- a/django/core/files/storage/base.py
+++ b/django/core/files/storage/base.py
@@ -31,15 +31,21 @@ class Storage:
         if name is None:
             name = content.name
 
+        # Validate the name before any file system operations
+        validate_file_name(name, allow_relative_path=True)
+
         if not hasattr(content, "chunks"):
             content = File(content, name)
 
         name = self.get_available_name(name, max_length=max_length)
+        # After get_available_name, ensure the name is not absolute and does not contain path traversal
+        validate_file_name(name, allow_relative_path=True)
         name = self._save(name, content)
-        # Ensure that the name returned from the storage system is still valid.
+        # Defense-in-depth: validate again after save
         validate_file_name(name, allow_relative_path=True)
         return name
 
+
     # These methods are part of the public API, with default implementations.
 
     def get_valid_name(self, name):


2026-01-16 17:10:26,684 - src.tools.run_test - INFO - Patch being tested:
diff --git a/django/core/files/storage/base.py b/django/core/files/storage/base.py
index 16ac22f..d60e4be 100644
--- a/django/core/files/storage/base.py
+++ b/django/core/files/storage/base.py
@@ -31,15 +31,21 @@ class Storage:
         if name is None:
             name = content.name
 
+        # Validate the name before any file system operations
+        validate_file_name(name, allow_relative_path=True)
+
         if not hasattr(content, "chunks"):
             content = File(content, name)
 
         name = self.get_available_name(name, max_length=max_length)
+        # After get_available_name, ensure the name is not absolute and does not contain path traversal
+        validate_file_name(name, allow_relative_path=True)
         name = self._save(name, content)
-        # Ensure that the name returned from the storage system is still valid.
+        # Defense-in-depth: validate again after save
         validate_file_name(name, allow_relative_path=True)
         return name
 
+
     # These methods are part of the public API, with default implementations.
 
     def get_valid_name(self, name):


2026-01-16 17:10:27,299 - src.tools.run_test - INFO - fix-run.sh completed with exit code 0
2026-01-16 17:10:27,299 - src.tools.run_test - INFO - fix-run.sh completed with exit code 0
2026-01-16 17:10:27,299 - src.tools.run_test - INFO - fix-run.sh output:
Testing against Django installed in '/workspace/django/django' with up to 8 processes
Found 5 test(s).
System check identified no issues (0 silenced).
.....
----------------------------------------------------------------------
Ran 5 tests in 0.034s

OK

2026-01-16 17:10:27,299 - src.tools.run_test - INFO - fix-run.sh output:
Testing against Django installed in '/workspace/django/django' with up to 8 processes
Found 5 test(s).
System check identified no issues (0 silenced).
.....
----------------------------------------------------------------------
Ran 5 tests in 0.034s

OK

2026-01-16 17:10:27,391 - src.tools.run_test - INFO - Running prepare.sh to reset repository...
2026-01-16 17:10:27,391 - src.tools.run_test - INFO - Running prepare.sh to reset repository...
2026-01-16 17:10:28,192 - src.tools.run_test - INFO - Running unit_test.sh for regression testing...
2026-01-16 17:10:28,192 - src.tools.run_test - INFO - Running unit_test.sh for regression testing...
2026-01-16 17:10:29,959 - src.tools.run_test - INFO - unit_test.sh completed with exit code 0
2026-01-16 17:10:29,959 - src.tools.run_test - INFO - unit_test.sh completed with exit code 0
2026-01-16 17:10:29,960 - src.tools.run_test - INFO - unit_test.sh output:
Creating test database for alias 'default'...
Testing against Django installed in '/workspace/django/django' with up to 8 processes
Found 187 test(s).
Cloning test database for alias 'default'...
Cloning test database for alias 'default'...
Cloning test database for alias 'default'...
Cloning test database for alias 'default'...
Cloning test database for alias 'default'...
Cloning test database for alias 'default'...
Cloning test database for alias 'default'...
Cloning test database for alias 'default'...
System check identified no issues (0 silenced).
.............................ss..............ss...........................................ss........................ss.........................ss..........................................
----------------------------------------------------------------------
Ran 187 tests in 1.098s

OK (skipped=10)
Destroying test database for alias 'default'...
Destroying test database for alias 'default'...
Destroying test database for alias 'default'...
Destroying test database for alias 'default'...
Destroying test database for alias 'default'...
Destroying test database for alias 'default'...
Destroying test database for alias 'default'...
Destroying test database for alias 'default'...
Destroying test database for alias 'default'...

2026-01-16 17:10:29,960 - src.tools.run_test - INFO - unit_test.sh output:
Creating test database for alias 'default'...
Testing against Django installed in '/workspace/django/django' with up to 8 processes
Found 187 test(s).
Cloning test database for alias 'default'...
Cloning test database for alias 'default'...
Cloning test database for alias 'default'...
Cloning test database for alias 'default'...
Cloning test database for alias 'default'...
Cloning test database for alias 'default'...
Cloning test database for alias 'default'...
Cloning test database for alias 'default'...
System check identified no issues (0 silenced).
.............................ss..............ss...........................................ss........................ss.........................ss..........................................
----------------------------------------------------------------------
Ran 187 tests in 1.098s

OK (skipped=10)
Destroying test database for alias 'default'...
Destroying test database for alias 'default'...
Destroying test database for alias 'default'...
Destroying test database for alias 'default'...
Destroying test database for alias 'default'...
Destroying test database for alias 'default'...
Destroying test database for alias 'default'...
Destroying test database for alias 'default'...
Destroying test database for alias 'default'...

2026-01-16 17:10:29,960 - src.agents.base - INFO - Tool RunTest: ✓
2026-01-16 17:10:29,960 - src.agents.base - INFO - Tool RunTest: ✓
2026-01-16 17:10:35,446 - src.agents.base - INFO - SingleAgent - LLM response (955 chars):
```json
{
  "status": "success",
  "vulnerability": "Directory traversal and absolute path issues in file storage due to insufficient validation of file names/paths before saving.",
  "fix": "Added validation of the file name/path using validate_file_name(name, allow_relative_path=True) immediately after get_available_name and after saving, ensuring that absolute paths and path traversal are blocked but legitimate subdirectory paths are allowed.",
  "iterations": 3,
  "files_modified": ["django/core/files/storage/base.py"],
  "verification": {
    "poc_passed": true,
    "regression_passed": true
  }
}
```
**Summary:**  
- The patch now validates file names/paths after `get_available_name` and after saving, using `allow_relative_path=True`, which blocks absolute paths and traversal but allows legitimate subdirectory paths.
- All PoC and regression/unit tests pass, confirming the vulnerability is fixed without breaking expected functionality.
2026-01-16 17:10:35,446 - src.agents.base - INFO - SingleAgent - LLM response (955 chars):
```json
{
  "status": "success",
  "vulnerability": "Directory traversal and absolute path issues in file storage due to insufficient validation of file names/paths before saving.",
  "fix": "Added validation of the file name/path using validate_file_name(name, allow_relative_path=True) immediately after get_available_name and after saving, ensuring that absolute paths and path traversal are blocked but legitimate subdirectory paths are allowed.",
  "iterations": 3,
  "files_modified": ["django/core/files/storage/base.py"],
  "verification": {
    "poc_passed": true,
    "regression_passed": true
  }
}
```
**Summary:**  
- The patch now validates file names/paths after `get_available_name` and after saving, using `allow_relative_path=True`, which blocks absolute paths and traversal but allows legitimate subdirectory paths.
- All PoC and regression/unit tests pass, confirming the vulnerability is fixed without breaking expected functionality.
2026-01-16 17:10:35,447 - orchestrator - INFO - Completed: Sample: CVE-2024-39330 | Status: success | Rounds: 3 | Duration: 131.4s
2026-01-16 17:10:35,447 - orchestrator - INFO - Completed: Sample: CVE-2024-39330 | Status: success | Rounds: 3 | Duration: 131.4s
2026-01-16 17:10:35,617 - __main__ - INFO - Extracted patch via /workspace/fix.patch (1119 bytes)
