2026-01-16 21:20:49,856 - task-CVE-2023-26145-8373870784 - INFO - Running multi-agent for CVE-2023-26145 in container multi_agent_eval_cve-2023-26145_tmp_1ca622e9
2026-01-16 21:20:49,907 - src.tools.registry - DEBUG - Registered tool: ReadFile
2026-01-16 21:20:49,908 - src.tools.registry - DEBUG - Registered tool: FindClass
2026-01-16 21:20:49,908 - src.tools.registry - DEBUG - Registered tool: EditCode
2026-01-16 21:20:49,908 - src.tools.registry - DEBUG - Registered tool: RunTest
2026-01-16 21:20:49,908 - src.tools.registry - DEBUG - Registered tool: SymbolVerify
2026-01-16 21:20:49,908 - src.tools.registry - DEBUG - Registered tool: AskAgent
2026-01-16 21:20:49,908 - src.tools.registry - DEBUG - Registered 6 default tools
2026-01-16 21:20:49,908 - src.agents.base - INFO - CoordinatorAgent - LLM call prompt (1127 chars):
## Your Mission

Fix the security vulnerability in this codebase.

## Vulnerability Details

**CVE:** CVE-2023-26145
**CWE:** ['CWE-94', 'CWE-77', 'CWE-78']
**Affected File:** src/pydash/helpers.py
**Vulnerable Locations:**
Not provided.

### Description
No description provided. You'll need to investigate.

### Vulnerable Code Snippet (may be stale vs line numbers)
```python
def _base_get_object(obj, key, default=UNSET):
    value = _base_get_item(obj, key, default=UNSET)
    if value is UNSET:
        value = default
        try:
            value = getattr(obj, key)
        except Exception:
            pass
    return value
```

## Get Started

1. First, ask ContextKnowledgeAgent to analyze the vulnerable files/locations and explain the security issue
2. Based on their analysis, formulate YOUR fix strategy
3. Ask PatchAgent to implement your fix
4. Ask VerificationAgent to run tests
5. Iterate if needed

You must account for **all** listed vulnerable locations (multiple hunks/files may be affected).

Remember: YOU are the strategist. You decide what to do. Specialists help you research and execute.

Begin!

2026-01-16 21:20:49,926 - src.agents.base - DEBUG - CoordinatorAgent starting agent run (max_turns=1000000)
2026-01-16 21:20:49,926 - src.agents.base - DEBUG - CoordinatorAgent - System prompt (3914 chars):
You are a Security Patch Coordinator. You lead a team of specialists to fix security vulnerabilities.

## Role

You are both the **strategist** and **orchestrator**. You:
1. Analyze vulnerabilities and formulate fix strategies
2. Delegate research and implementation to specialists
3. Learn from failures and iterate until successful

## Specialists

Use the **AskAgent** tool to consult specialists:

### ContextKnowledgeAgent (Research)
Ask them to:
- Read and analyze code files
- Explain code patterns and security flows
- Provide CWE/CVE remediation guidance
- Investigate test files and expected behaviors

Example: "Read h11/_readers.py and explain how ChunkedReader handles line terminators"

### PatchAgent (Implementation)
Ask them to:
- Apply specific code changes you've designed
- They have EditCode tool access

Example: "In _readers.py, modify the __call__ method to reject bare \n line terminators"

### VerificationAgent (Testing)
Ask them to:
- Run PoC (proof of concept) tests to verify the vulnerability is fixed
- Run regression tests to ensure nothing broke

Example: "Run the PoC and regression tests to verify the patch"

## Tools

You also have direct access to:
- **ReadFile**: Quick file reads (for simple checks)
- **EditCode**: Apply changes directly (if you're confident)
- **RunTest**: Run tests directly

## Strategy

When planning a fix, consider:

1. **Minimal change** - Smallest diff that fixes the vulnerability
2. **Preserve behavior** - Don't break existing functionality
3. **Match conventions** - Follow the repo's existing patterns
4. **Security completeness** - Block all attack vectors, not just the PoC

## Workflow

### Phase 1: Understand
- Ask ContextKnowledgeAgent to analyze the vulnerable code
- Understand what the code does and why it's vulnerable
- Look at related tests to understand expected behavior

### Phase 2: Strategize (YOU DO THIS - no Planner needed)
- Formulate 1-2 fix approaches
- Consider trade-offs
- Choose the best approach
- Be specific about what needs to change

### Phase 3: Implement
- Ask PatchAgent to apply your chosen fix
- Be specific: which file, which function, what change

### Phase 4: Verify
- Ask VerificationAgent to run tests
- If tests fail, analyze why and iterate

### Phase 5: Iterate (if needed)
- If the fix didn't work, DON'T just retry the same thing
- Ask ContextKnowledgeAgent for more context
- Revise your strategy based on what you learned
- Try a different approach

## Communication

Have **natural conversations** with your specialists:

GOOD: "I see the vulnerability is in extract(). Can you show me how 'name' flows through the function?"
BAD: "Analyze constraint_sheet and produce knowledge_packet"

GOOD: "The last patch failed because we didn't handle absolute paths. Let's add that check."
BAD: "Generate strategy for iteration 2"

## Output Format

When you've successfully fixed the vulnerability (tests pass):
```json
{
  "status": "success",
  "vulnerability": "Brief description of what was wrong",
  "fix": "Brief description of the fix applied",
  "iterations": <number>
}
```

If you've exhausted attempts without success:
```json
{
  "status": "failed",
  "vulnerability": "What we understood about the issue",
  "attempts": ["Attempt 1: tried X, failed because Y", "Attempt 2: ..."],
  "blocker": "Why we couldn't fix it"
}
```

## Rules

1. **YOU are the strategist** - Feel free to consult with specialists but you must make the final decisions
2. **Specialists execute** - ContextAgent researches, PatchAgent implements, VerificationAgent tests
3. **Learn from failures** - Each iteration should try something DIFFERENT
4. **Be specific** - Vague instructions lead to vague results
5. **Stay focused** - Only modify the vulnerable file(s), not the whole codebase
6. **Workflow** - Follow the Understand -> Strategize -> Implement -> Verify -> Iterate process for the first patch at least

2026-01-16 21:20:52,253 - src.agents.base - INFO - CoordinatorAgent executing tool: AskAgent
2026-01-16 21:20:52,254 - src.agents.base - INFO - Tool arguments:
{
  "agent_name": "ContextKnowledgeAgent",
  "message": "Please analyze src/pydash/helpers.py, focusing on the _base_get_object function. Explain how this function works, how it handles the 'key' argument, and what potential security vulnerabilities (especially related to CWE-94, CWE-77, CWE-78) might exist. Also, check if there are any related functions or patterns in this file that could be similarly vulnerable."
}
2026-01-16 21:20:52,254 - src.agents.base - INFO - ContextKnowledgeAgent - LLM call prompt (2300 chars):
## Message
Please analyze src/pydash/helpers.py, focusing on the _base_get_object function. Explain how this function works, how it handles the 'key' argument, and what potential security vulnerabilities (especially related to CWE-94, CWE-77, CWE-78) might exist. Also, check if there are any related functions or patterns in this file that could be similarly vulnerable.

## Context
```json
{
  "sample_id": "CVE-2023-26145",
  "file_path": "src/pydash/helpers.py",
  "vulnerable_code": "def _base_get_object(obj, key, default=UNSET):\n    value = _base_get_item(obj, key, default=UNSET)\n    if value is UNSET:\n        value = default\n        try:\n            value = getattr(obj, key)\n        except Exception:\n            pass\n    return value",
  "problem_statement": "",
  "programming_language": "Python",
  "cve_id": "CVE-2023-26145",
  "cwe_id": [
    "CWE-94",
    "CWE-77",
    "CWE-78"
  ],
  "vulnerability_locations": [
    {
      "file_path": "src/pydash/helpers.py",
      "start_line": 178,
      "end_line": 186
    },
    {
      "file_path": "src/pydash/helpers.py",
      "start_line": 189,
      "end_line": 218
    }
  ],
  "test_paths": [],
  "poc_test": null,
  "repo_url": "https://github.com/dgilland/pydash",
  "work_dir": "",
  "cwe_info": {},
  "patch_description": "This affects versions of the package pydash before 6.0.0. A number of pydash methods such as pydash.objects.invoke() and pydash.collections.invoke_map() accept dotted paths (Deep Path Strings) to target a nested Python object, relative to the original source object. These paths can be used to target internal class attributes and dict items, to retrieve, modify or invoke nested Python objects.\r\r**Note:**\r\rThe pydash.objects.invoke() method is vulnerable to Command Injection when the following prerequisites are satisfied:\r\r1) The source object (argument 1) is not a built-in object such as list/dict (otherwise, the __init__.__globals__ path is not accessible)\r\r2) The attacker has control over argument 2 (the path string) and argument 3 (the argument to pass to the invoked method)\r\r\rThe pydash.collections.invoke_map() method is also vulnerable, but is harder to exploit as the attacker does not have direct control over the argument to be passed to the invoked function."
}
```
2026-01-16 21:20:52,277 - src.agents.base - DEBUG - ContextKnowledgeAgent starting agent run (max_turns=1000000)
2026-01-16 21:20:52,277 - src.agents.base - DEBUG - ContextKnowledgeAgent - System prompt (2211 chars):
You are a Repository Expert and Security Knowledge Analyst.

**IMPORTANT**: When invoked via AskAgent, focus on your task and provide a clear, actionable response.

## Role

You are the **go-to expert** for understanding this codebase in the context of the vulnerability. Your role is to:

1. **Build Deep Repository Understanding**: At initialization, thoroughly investigate the repository structure, architecture, and patterns around the vulnerable code. You should become intimately familiar with:
   - How the vulnerable code fits into the broader system
   - Dependencies, imports, and relationships with other components
   - Coding patterns, conventions, and architectural decisions used in this repository
   - Test infrastructure and validation approaches
   - Build system and deployment considerations

2. **Provide Contextual Constraints**: Create a detailed Constraint Sheet that captures:
   - What can and cannot be modified
   - Dependencies that must be preserved
   - API contracts and interfaces that must be maintained
   - Side effects to be aware of
   - Edge cases specific to this repository
   - Remediation strategies appropriate for this codebase architecture
   - Potential pitfalls based on repository patterns

4. **Synthesize Failure Insights**: If prior patch attempts failed, analyze the feedback and provide concrete guidance to avoid repeating mistakes.

**Think of yourself as the repository specialist** who has spent time understanding the codebase deeply. Other agents will rely on your expertise to make informed decisions about how to safely patch the vulnerability without breaking the system.

## Tools
- ReadFile: Read file contents
- FindClass: Find definitions and usages of symbols
- SymbolVerify: Verify symbol definitions and imports

## Output Format
Return a single JSON object:

```json
{
  "constraint_sheet": { ... },
  "knowledge_packet": { ... },
  "failure_insights": {
    "issues": ["summary of observed problems or risks"],
    "suspected_cause": "likely root cause of previous failure (if any)",
    "suggestions": ["concrete guidance to fix or avoid failures"]
  }
}
```

If no prior feedback is provided, set "failure_insights" to an empty object.

2026-01-16 21:20:53,877 - src.agents.base - INFO - ContextKnowledgeAgent executing tool: ReadFile
2026-01-16 21:20:53,877 - src.agents.base - INFO - Tool arguments:
{
  "file_path": "src/pydash/helpers.py",
  "start_line": 170,
  "end_line": 220
}
2026-01-16 21:20:54,038 - src.agents.base - INFO - Tool ReadFile: ✓
2026-01-16 21:20:54,039 - src.agents.base - INFO - ContextKnowledgeAgent executing tool: FindClass
2026-01-16 21:20:54,039 - src.agents.base - INFO - Tool arguments:
{
  "symbol_name": "_base_get_object",
  "search_type": "usage",
  "file_pattern": "src/pydash/helpers.py"
}
2026-01-16 21:20:54,168 - src.agents.base - INFO - Tool FindClass: ✓
2026-01-16 21:20:54,169 - src.agents.base - INFO - ContextKnowledgeAgent executing tool: FindClass
2026-01-16 21:20:54,169 - src.agents.base - INFO - Tool arguments:
{
  "symbol_name": "_base_get_item",
  "search_type": "definition",
  "file_pattern": "src/pydash/helpers.py"
}
2026-01-16 21:20:54,624 - src.agents.base - INFO - Tool FindClass: ✓
2026-01-16 21:20:55,548 - src.agents.base - INFO - ContextKnowledgeAgent executing tool: FindClass
2026-01-16 21:20:55,549 - src.agents.base - INFO - Tool arguments:
{
  "symbol_name": "getattr",
  "search_type": "usage",
  "file_pattern": "src/pydash/helpers.py"
}
2026-01-16 21:20:55,707 - src.agents.base - INFO - Tool FindClass: ✓
2026-01-16 21:20:56,883 - src.agents.base - INFO - ContextKnowledgeAgent executing tool: FindClass
2026-01-16 21:20:56,883 - src.agents.base - INFO - Tool arguments:
{
  "symbol_name": "base_set",
  "search_type": "all",
  "file_pattern": "src/pydash/helpers.py"
}
2026-01-16 21:20:57,487 - src.agents.base - INFO - Tool FindClass: ✓
2026-01-16 21:20:58,727 - src.agents.base - INFO - ContextKnowledgeAgent executing tool: FindClass
2026-01-16 21:20:58,728 - src.agents.base - INFO - Tool arguments:
{
  "symbol_name": "_base_get_item",
  "search_type": "all",
  "file_pattern": "src/pydash/helpers.py"
}
2026-01-16 21:20:59,317 - src.agents.base - INFO - Tool FindClass: ✓
2026-01-16 21:21:00,366 - src.agents.base - INFO - ContextKnowledgeAgent executing tool: ReadFile
2026-01-16 21:21:00,366 - src.agents.base - INFO - Tool arguments:
{
  "file_path": "src/pydash/helpers.py",
  "start_line": 150,
  "end_line": 170
}
2026-01-16 21:21:00,506 - src.agents.base - INFO - Tool ReadFile: ✓
2026-01-16 21:21:02,004 - src.agents.base - INFO - ContextKnowledgeAgent executing tool: FindClass
2026-01-16 21:21:02,004 - src.agents.base - INFO - Tool arguments:
{
  "symbol_name": "invoke",
  "search_type": "all",
  "file_pattern": "src/pydash/*"
}
2026-01-16 21:21:02,585 - src.agents.base - INFO - Tool FindClass: ✓
2026-01-16 21:21:02,586 - src.agents.base - INFO - ContextKnowledgeAgent executing tool: FindClass
2026-01-16 21:21:02,586 - src.agents.base - INFO - Tool arguments:
{
  "symbol_name": "invoke_map",
  "search_type": "all",
  "file_pattern": "src/pydash/*"
}
2026-01-16 21:21:03,131 - src.agents.base - INFO - Tool FindClass: ✓
2026-01-16 21:21:04,767 - src.agents.base - INFO - ContextKnowledgeAgent executing tool: FindClass
2026-01-16 21:21:04,768 - src.agents.base - INFO - Tool arguments:
{
  "symbol_name": "get",
  "search_type": "usage",
  "file_pattern": "src/pydash/helpers.py"
}
2026-01-16 21:21:04,942 - src.agents.base - INFO - Tool FindClass: ✓
2026-01-16 21:21:04,943 - src.agents.base - INFO - ContextKnowledgeAgent executing tool: FindClass
2026-01-16 21:21:04,943 - src.agents.base - INFO - Tool arguments:
{
  "symbol_name": "setattr",
  "search_type": "usage",
  "file_pattern": "src/pydash/helpers.py"
}
2026-01-16 21:21:05,055 - src.agents.base - INFO - Tool FindClass: ✓
2026-01-16 21:21:05,055 - src.agents.base - INFO - ContextKnowledgeAgent executing tool: FindClass
2026-01-16 21:21:05,055 - src.agents.base - INFO - Tool arguments:
{
  "symbol_name": "hasattr",
  "search_type": "usage",
  "file_pattern": "src/pydash/helpers.py"
}
2026-01-16 21:21:05,162 - src.agents.base - INFO - Tool FindClass: ✓
2026-01-16 21:21:06,813 - src.agents.base - INFO - ContextKnowledgeAgent executing tool: ReadFile
2026-01-16 21:21:06,813 - src.agents.base - INFO - Tool arguments:
{
  "file_path": "src/pydash/helpers.py",
  "start_line": 1,
  "end_line": 50
}
2026-01-16 21:21:06,970 - src.agents.base - INFO - Tool ReadFile: ✓
2026-01-16 21:21:06,971 - src.agents.base - INFO - ContextKnowledgeAgent executing tool: ReadFile
2026-01-16 21:21:06,971 - src.agents.base - INFO - Tool arguments:
{
  "file_path": "src/pydash/helpers.py",
  "start_line": 51,
  "end_line": 149
}
2026-01-16 21:21:07,069 - src.agents.base - INFO - Tool ReadFile: ✓
2026-01-16 21:21:23,106 - src.agents.base - INFO - ContextKnowledgeAgent - LLM response (3345 chars):
```json
{
  "constraint_sheet": {
    "modifiable_scope": [
      "src/pydash/helpers.py",
      "Functions related to object property/item access (e.g., _base_get_object, _base_get_item, _base_get_dict, base_get, base_set)"
    ],
    "non_modifiable_scope": [
      "External dependencies",
      "API contracts for public functions (e.g., base_get, base_set) must be preserved"
    ],
    "dependencies": [
      "Relies on Python builtins (getattr, setattr, etc.)",
      "Relies on pydash internal utility functions"
    ],
    "api_contracts": [
      "base_get, base_set, and related helpers must continue to support dict, list, and object access",
      "Default value semantics (UNSET) must be preserved"
    ],
    "side_effects": [
      "getattr and setattr can access or mutate arbitrary object attributes, including dunder and private attributes",
      "If 'key' is user-controlled, arbitrary attribute access is possible"
    ],
    "edge_cases": [
      "Non-string keys (e.g., integers for list access)",
      "Namedtuples (tuples with _fields)",
      "Objects with custom __getattr__ or __getitem__"
    ],
    "remediation_strategies": [
      "Restrict attribute access to safe, public attributes (e.g., disallow dunder or private attributes)",
      "Validate or sanitize the 'key' argument before using getattr/setattr",
      "Consider explicit allow-lists or deny-lists for attribute names"
    ],
    "potential_pitfalls": [
      "Blindly passing user-controlled 'key' to getattr/setattr enables access to sensitive or dangerous attributes (e.g., __class__, __globals__, __init__)",
      "Deep path traversal (e.g., 'a.b.c') may allow chaining into sensitive internals",
      "Changing attribute access patterns may break backward compatibility if not carefully managed"
    ]
  },
  "knowledge_packet": {
    "function_overview": {
      "_base_get_object": "Attempts to retrieve a value from an object using a key. First tries _base_get_item (which uses obj[key]), and if that fails, falls back to getattr(obj, key). If both fail, returns the default.",
      "key_handling": "The 'key' argument is passed directly to both obj[key] and getattr(obj, key) without sanitization or restriction.",
      "related_functions": [
        "_base_get_item: Tries obj[key] and int(key) for list/dict access.",
        "_base_get_dict: Tries dict.get(key) and int(key).",
        "base_get: Public API that delegates to _base_get_dict, _base_get_item, or _base_get_object depending on type."
      ]
    },
    "vulnerability_analysis": {
      "CWE-94 (Code Injection)": "If an attacker can control 'key', and the object is a class or function, they may access attributes like __init__.__globals__, leading to code execution.",
      "CWE-77/78 (Command Injection/OS Command Injection)": "If the object or its attributes are callable and attacker controls both the attribute name and arguments (as in invoke/invoke_map), arbitrary code or command execution is possible.",
      "Pattern Risk": "Any function that uses getattr/setattr with user-controlled keys is at risk. base_set also uses setattr in a similar way."
    },
    "patterns_to_watch": [
      "Any use of getattr/setattr with user-controlled keys",
      "Any function that allows deep path traversal or dotted keys"
    ]
  },
  "failure_insights": {}
}
```
2026-01-16 21:21:23,107 - src.agents.base - INFO - Tool AskAgent: ✓
2026-01-16 21:21:34,255 - src.agents.base - INFO - CoordinatorAgent executing tool: AskAgent
2026-01-16 21:21:34,256 - src.agents.base - INFO - Tool arguments:
{
  "agent_name": "PatchAgent",
  "message": "In src/pydash/helpers.py, update the _base_get_object function so that before calling getattr(obj, key), it checks if key starts with an underscore (either single or double). If key starts with '_', do not call getattr and instead return the default value. This will block access to dunder and private/protected attributes via user-controlled keys."
}
2026-01-16 21:21:34,257 - src.agents.base - INFO - PatchAgent - LLM call prompt (1184 chars):
## Message
In src/pydash/helpers.py, update the _base_get_object function so that before calling getattr(obj, key), it checks if key starts with an underscore (either single or double). If key starts with '_', do not call getattr and instead return the default value. This will block access to dunder and private/protected attributes via user-controlled keys.

## Context
```json
{
  "sample_id": "CVE-2023-26145",
  "file_path": "src/pydash/helpers.py",
  "vulnerable_code": "def _base_get_object(obj, key, default=UNSET):\n    value = _base_get_item(obj, key, default=UNSET)\n    if value is UNSET:\n        value = default\n        try:\n            value = getattr(obj, key)\n        except Exception:\n            pass\n    return value",
  "problem_statement": "",
  "programming_language": "Python",
  "cve_id": "CVE-2023-26145",
  "cwe_id": [
    "CWE-94",
    "CWE-77",
    "CWE-78"
  ],
  "vulnerability_locations": [
    {
      "file_path": "src/pydash/helpers.py",
      "start_line": 178,
      "end_line": 186
    },
    {
      "file_path": "src/pydash/helpers.py",
      "start_line": 189,
      "end_line": 218
    }
  ],
  "test_paths": [],
  "poc_test": null
}
```
2026-01-16 21:21:34,288 - src.agents.base - DEBUG - PatchAgent starting agent run (max_turns=1000000)
2026-01-16 21:21:34,288 - src.agents.base - DEBUG - PatchAgent - System prompt (1430 chars):
You are a Security Patch Developer responsible for implementing vulnerability fixes.

**IMPORTANT**: When invoked via AskAgent, focus on your task and provide clear, concise feedback about the implementation.

## Role
You receive high-level guidance describing WHAT to fix, not HOW. You must implement the fix with correct, complete code.

## Rules

1. **ONLY edit the vulnerable file(s)**: You may ONLY modify files explicitly listed in the vulnerability location. Do NOT edit any other files.
2. **Complete Code Only**: Every variable, function, regex pattern, or constant you reference MUST be defined
3. **No Placeholders**: Never use placeholder names like `enhanced_pattern`, `new_validator`, `helper_function` without implementing them
4. **No Undefined References**: If you add `foo(x)`, the function `foo` must exist or you must define it
5. **Verify Before Edit**: After reading the file, mentally trace your new code to ensure all symbols resolve
6. **Rigor**: Be thorough, defensive and rigorous in your implementation. If you spot any issues the planner did not account for, fix them and report back in your patch summary.

## Guidelines
- Minimal changes only; preserve behavior.
- Use ReadFile before EditCode.
- Ensure every referenced symbol is defined.

## Output Format
Return a JSON summary with patch_applied and a short change description.
Be precise and careful. Incorrect patches waste verification cycles.
2026-01-16 21:21:36,093 - src.agents.base - INFO - PatchAgent executing tool: ReadFile
2026-01-16 21:21:36,094 - src.agents.base - INFO - Tool arguments:
{
  "file_path": "src/pydash/helpers.py",
  "start_line": 178,
  "end_line": 186
}
2026-01-16 21:21:36,273 - src.agents.base - INFO - Tool ReadFile: ✓
2026-01-16 21:21:38,145 - src.agents.base - INFO - PatchAgent executing tool: EditCode
2026-01-16 21:21:38,145 - src.agents.base - INFO - Tool arguments:
{
  "file_path": "src/pydash/helpers.py",
  "old_code": "def _base_get_object(obj, key, default=UNSET):\n    value = _base_get_item(obj, key, default=UNSET)\n    if value is UNSET:\n        value = default\n        try:\n            value = getattr(obj, key)\n        except Exception:\n            pass\n    return value",
  "new_code": "def _base_get_object(obj, key, default=UNSET):\n    value = _base_get_item(obj, key, default=UNSET)\n    if value is UNSET:\n        # Block access to private/protected/dunder attributes\n        if isinstance(key, str) and key.startswith('_'):\n            value = default\n        else:\n            value = default\n            try:\n                value = getattr(obj, key)\n            except Exception:\n                pass\n    return value",
  "fuzzy_match": true,
  "skip_validation": false
}
2026-01-16 21:21:38,297 - src.tools.edit_code - INFO - EditCodeTool: Writing 8706 chars to src/pydash/helpers.py (match_type=exact)
2026-01-16 21:21:38,447 - src.agents.base - INFO - Tool EditCode: ✓
2026-01-16 21:21:39,540 - src.agents.base - INFO - PatchAgent - LLM response (315 chars):
{
  "patch_applied": true,
  "change_description": "Patched _base_get_object to block access to attributes whose key starts with an underscore (single or double) by returning the default value instead of calling getattr. This prevents access to private, protected, and dunder attributes via user-controlled keys."
}
2026-01-16 21:21:39,541 - src.agents.base - INFO - Tool AskAgent: ✓
2026-01-16 21:21:41,217 - src.agents.base - INFO - CoordinatorAgent executing tool: AskAgent
2026-01-16 21:21:41,218 - src.agents.base - INFO - Tool arguments:
{
  "agent_name": "VerificationAgent",
  "message": "Run the PoC and regression tests to verify that the patch in src/pydash/helpers.py (blocking access to attributes starting with an underscore in _base_get_object) fixes the vulnerability and does not break existing functionality."
}
2026-01-16 21:21:41,218 - src.agents.base - INFO - VerificationAgent - LLM call prompt (1065 chars):
## Message
Run the PoC and regression tests to verify that the patch in src/pydash/helpers.py (blocking access to attributes starting with an underscore in _base_get_object) fixes the vulnerability and does not break existing functionality.

## Context
```json
{
  "sample_id": "CVE-2023-26145",
  "file_path": "src/pydash/helpers.py",
  "vulnerable_code": "def _base_get_object(obj, key, default=UNSET):\n    value = _base_get_item(obj, key, default=UNSET)\n    if value is UNSET:\n        value = default\n        try:\n            value = getattr(obj, key)\n        except Exception:\n            pass\n    return value",
  "problem_statement": "",
  "programming_language": "Python",
  "cve_id": "CVE-2023-26145",
  "cwe_id": [
    "CWE-94",
    "CWE-77",
    "CWE-78"
  ],
  "vulnerability_locations": [
    {
      "file_path": "src/pydash/helpers.py",
      "start_line": 178,
      "end_line": 186
    },
    {
      "file_path": "src/pydash/helpers.py",
      "start_line": 189,
      "end_line": 218
    }
  ],
  "test_paths": [],
  "poc_test": null
}
```
2026-01-16 21:21:41,247 - src.agents.base - DEBUG - VerificationAgent starting agent run (max_turns=1000000)
2026-01-16 21:21:41,247 - src.agents.base - DEBUG - VerificationAgent - System prompt (3831 chars):
You are a Security Verification Engineer responsible for validating vulnerability patches.

**IMPORTANT**: When invoked via AskAgent, focus on your task and provide clear test results and feedback.

## Role

After a patch is applied, you verify it using PatchEval's validation scripts:
1. Run the PoC (Proof of Concept) test to verify the vulnerability is fixed
2. Run the unit test suite (if present) to verify no regressions were introduced
3. Produce structured feedback for the Planner if the patch fails

## Tools

### RunTest
Runs PatchEval validation scripts in sequence:
1. **prepare.sh** - Resets the repository to a clean state
2. **fix-run.sh** - Executes the PoC to verify the vulnerability is patched
3. **unit_test.sh** - (if present) Runs unit tests for functional correctness

Parameters:
- `run_prepare`: Whether to run prepare.sh first (default: true)
- `timeout`: Timeout in seconds for each script (default: 120)
 - `include_paths`: Optional list of file paths to limit the diff used to build /workspace/fix.patch. Pass the files you edited (e.g., from EditCode).

The tool automatically:
- Extracts the git diff from your applied changes
- Writes it to /workspace/fix.patch
- Runs the validation scripts
- Returns the raw stdout/stderr output

## Test Output Rules

**YOU must read the stdout/stderr output to determine if tests pass or fail.**

The RunTest tool returns raw output - it does NOT tell you if tests passed. You must analyze:

### For PoC (fix-run.sh):
- **PASS indicators**: "test passed", "vulnerability fixed", "OK", exit code 0 with no errors
- **FAIL indicators**: tracebacks, exceptions, "FAILED", "AssertionError", "vulnerability still present"

### For Unit Tests (unit_test.sh):
- **PASS indicators**: "OK", "passed", "0 failures", all tests green
- **FAIL indicators**: "FAILED", "ERROR", assertion failures, exceptions, non-zero failure count

### Exit Codes:
- Exit code 0 usually means success, but ALWAYS verify by reading the actual output
- Exit code non-zero usually means failure, but check the output for details

## Workflow

1. **Call RunTest**: Simply call the RunTest tool - it handles setup automatically
2. **READ THE OUTPUT CAREFULLY**: The tool returns raw stdout/stderr - analyze it to determine:
   - Did the PoC test pass? (vulnerability fixed?)
   - Did unit tests pass? (no regressions?)
3. **Provide Feedback**: Based on YOUR analysis of the output, provide actionable feedback
 4. When calling RunTest, if `edited_files` are provided in context, pass them via `include_paths` to restrict the patch to only those files.

## Output Format

After running the test and READING THE OUTPUT, provide your analysis:

```json
{
    "poc_result": {
        "passed": true/false, true if and only if the test conclusively shows the vulnerability is fixed
        "vulnerability_fixed": true/false,
        "analysis": "What you observed in the fix-run.sh output that led to this conclusion"
    },
    "regression_result": {
        "passed": true/false, true if and only if all unit tests passed
        "tests_present": true/false,
        "analysis": "What you observed in the unit_test.sh output (if present)"
    },
    "overall_verdict": "PASS" | "FAIL_POC" | "FAIL_REGRESSION",
    "feedback_for_planner": {
        "issues": ["List of specific issues from the test output"],
        "suggestions": ["Concrete suggestions for fixing the issues"],
        "suspected_cause": "Analysis of the root cause of failures",
        "output_excerpt": "Relevant portion of test output showing the failure"
    }
}
```

Be thorough in your analysis. Quote specific lines from the output to support your conclusions. If a test fails, you must mark it as such, there is no room for interpretation in that case. If either poc or unit tests are missing, you may mark them as passed
2026-01-16 21:21:42,033 - src.agents.base - INFO - VerificationAgent executing tool: RunTest
2026-01-16 21:21:42,033 - src.agents.base - INFO - Tool arguments:
{
  "run_prepare": true,
  "timeout": 120,
  "include_paths": [
    "src/pydash/helpers.py"
  ],
  "run_unittest": true
}
2026-01-16 21:21:42,366 - src.tools.run_test - INFO - Extracted 1 file paths from /workspace/test.patch: ['hand_test.py']
2026-01-16 21:21:42,367 - src.tools.run_test - INFO - Generating git diff for fix.patch
2026-01-16 21:21:42,367 - src.tools.run_test - INFO -   include_paths: ['src/pydash/helpers.py']
2026-01-16 21:21:42,367 - src.tools.run_test - INFO -   exclude_paths (from test.patch): ['hand_test.py']
2026-01-16 21:21:42,367 - src.tools.run_test - INFO -   git diff command: git diff HEAD -- 'src/pydash/helpers.py' ':(exclude)hand_test.py'
2026-01-16 21:21:42,510 - src.tools.run_test - INFO -   Generated patch: 790 bytes, 25 lines
2026-01-16 21:21:42,510 - src.tools.run_test - INFO -   Patch content:
diff --git a/src/pydash/helpers.py b/src/pydash/helpers.py
index 0467c9c..aa9b8a4 100644
--- a/src/pydash/helpers.py
+++ b/src/pydash/helpers.py
@@ -178,11 +178,15 @@ def _base_get_item(obj, key, default=UNSET):
 def _base_get_object(obj, key, default=UNSET):
     value = _base_get_item(obj, key, default=UNSET)
     if value is UNSET:
-        value = default
-        try:
-            value = getattr(obj, key)
-        except Exception:
-            pass
+        # Block access to private/protected/dunder attributes
+        if isinstance(key, str) and key.startswith('_'):
+            value = default
+        else:
+            value = default
+            try:
+                value = getattr(obj, key)
+            except Exception:
+                pass
     return value
 
 

2026-01-16 21:21:42,601 - src.tools.run_test - INFO - Running prepare.sh to reset repository...
2026-01-16 21:21:43,077 - src.tools.run_test - INFO - Running fix-run.sh for PoC validation...
2026-01-16 21:21:43,165 - src.tools.run_test - INFO - Patch being tested:
diff --git a/src/pydash/helpers.py b/src/pydash/helpers.py
index 0467c9c..aa9b8a4 100644
--- a/src/pydash/helpers.py
+++ b/src/pydash/helpers.py
@@ -178,11 +178,15 @@ def _base_get_item(obj, key, default=UNSET):
 def _base_get_object(obj, key, default=UNSET):
     value = _base_get_item(obj, key, default=UNSET)
     if value is UNSET:
-        value = default
-        try:
-            value = getattr(obj, key)
-        except Exception:
-            pass
+        # Block access to private/protected/dunder attributes
+        if isinstance(key, str) and key.startswith('_'):
+            value = default
+        else:
+            value = default
+            try:
+                value = getattr(obj, key)
+            except Exception:
+                pass
     return value
 
 


2026-01-16 21:21:43,511 - src.tools.run_test - INFO - fix-run.sh completed with exit code 1
2026-01-16 21:21:43,512 - src.tools.run_test - INFO - fix-run.sh output:
Successfully imported pydash.

==================================================
Starting CVE-2023-26145 security test for pydash
This test will PASS (exit 0) if the code is PATCHED.
This test will FAIL (exit 1) if the code is VULNERABLE.
==================================================

--- TEST RESULTS ---
[FAILED] Test 'get': VULNERABLE: pydash.get() did NOT raise KeyError for a restricted path.
[FAILED] Test 'set': VULNERABLE: pydash.set_() did NOT raise KeyError for a restricted path.

==================================================
❌ FINAL CONCLUSION: ONE OR MORE TESTS FAILED. The code is insecure (vulnerable).
==================================================

2026-01-16 21:21:43,595 - src.tools.run_test - INFO - Running prepare.sh to reset repository...
2026-01-16 21:21:44,188 - src.tools.run_test - INFO - Running unit_test.sh for regression testing...
2026-01-16 21:21:45,061 - src.tools.run_test - INFO - unit_test.sh completed with exit code 0
2026-01-16 21:21:45,061 - src.tools.run_test - INFO - unit_test.sh output:
============================= test session starts ==============================
platform linux -- Python 3.8.20, pytest-4.6.0, py-1.11.0, pluggy-0.13.1 -- /workspace/PoC_env/CVE-2023-26145/bin/python
cachedir: .pytest_cache
rootdir: /workspace/pydash, inifile: setup.cfg
plugins: cov-5.0.0
collecting ... collected 256 items

tests/test_objects.py::test_assign[case0-expected0] PASSED               [  0%]
tests/test_objects.py::test_assign[case1-expected1] PASSED               [  0%]
tests/test_objects.py::test_assign_with[case0-expected0] PASSED          [  1%]
tests/test_objects.py::test_callables[case0-expected0] PASSED            [  1%]
tests/test_objects.py::test_callables[case1-expected1] PASSED            [  1%]
tests/test_objects.py::test_clone[case0] PASSED                          [  2%]
tests/test_objects.py::test_clone[case1] PASSED                          [  2%]
tests/test_objects.py::test_clone_with[case0-<lambda>-expected0] PASSED  [  3%]
tests/test_objects.py::test_clone_with[case1-<lambda>-expected1] PASSED  [  3%]
tests/test_objects.py::test_clone_deep[case0] PASSED                     [  3%]
tests/test_objects.py::test_clone_deep[case1] PASSED                     [  4%]
tests/test_objects.py::test_clone_deep[case2] PASSED                     [  4%]
tests/test_objects.py::test_clone_deep_with[case0-<lambda>-expected0] PASSED [  5%]
tests/test_objects.py::test_clone_deep_with[case1-<lambda>-expected1] PASSED [  5%]
tests/test_objects.py::test_clone_deep_with[case2-<lambda>-expected2] PASSED [  5%]
tests/test_objects.py::test_clone_deep_with[a-<lambda>-a] PASSED         [  6%]
tests/test_objects.py::test_defaults[case0-expected0] PASSED             [  6%]
tests/test_objects.py::test_defaults_deep[case0-expected0] PASSED        [  7%]
tests/test_objects.py::test_defaults_deep[case1-expected1] PASSED        [  7%]
tests/test_objects.py::test_defaults_deep[case2-expected2] PASSED        [  7%]
tests/test_objects.py::test_defaults_deep[case3-expected3] PASSED        [  8%]
tests/test_objects.py::test_defaults_deep[case4-expected4] PASSED        [  8%]
tests/test_objects.py::test_to_dict[case0-expected0] PASSED              [  8%]
tests/test_objects.py::test_to_dict[case1-expected1] PASSED              [  9%]
tests/test_objects.py::test_invert[case0-expected0] PASSED               [  9%]
tests/test_objects.py::test_invert[case1-expected1] PASSED               [ 10%]
tests/test_objects.py::test_invert_by[case0-expected0] PASSED            [ 10%]
tests/test_objects.py::test_invert_by[case1-expected1] PASSED            [ 10%]
tests/test_objects.py::test_invert_by[case2-expected2] PASSED            [ 11%]
tests/test_objects.py::test_invoke[case0-1] PASSED                       [ 11%]
tests/test_objects.py::test_invoke[case1-2] PASSED                       [ 12%]
tests/test_objects.py::test_invoke[case2-None] PASSED                    [ 12%]
tests/test_objects.py::test_find_key[case0-expected0] PASSED             [ 12%]
tests/test_objects.py::test_find_key[case1-expected1] PASSED             [ 13%]
tests/test_objects.py::test_find_key[case2-expected2] PASSED             [ 13%]
tests/test_objects.py::test_find_last_key[case0-expected0] PASSED        [ 14%]
tests/test_objects.py::test_find_last_key[case1-expected1] PASSED        [ 14%]
tests/test_objects.py::test_find_last_key[case2-expected2] PASSED        [ 14%]
tests/test_objects.py::test_for_in[case0-expected0] PASSED               [ 15%]
tests/test_objects.py::test_for_in[case1-expected1] PASSED               [ 15%]
tests/test_objects.py::test_for_in[case2-expected2] PASSED               [ 16%]
tests/test_objects.py::test_for_in_right[case0-expected0] PASSED         [ 16%]
tests/test_objects.py::test_for_in_right[case1-expected1] PASSED         [ 16%]
tests/test_objects.py::test_for_in_right[case2-expected2] PASSED         [ 17%]
tests/test_objects.py::test_get[case0-expected0] PASSED                  [ 17%]
tests/test_objects.py::test_get[case1-4] PASSED                          [ 17%]
tests/test_objects.py::test_get[case2-expected2] PASSED                  [ 18%]
tests/test_objects.py::test_get[case3-4] PASSED                          [ 18%]
tests/test_objects.py::test_get[case4-None] PASSED                       [ 19%]
tests/test_objects.py::test_get[case5-expected5] PASSED                  [ 19%]
tests/test_objects.py::test_get[case6-expected6] PASSED                  [ 19%]
tests/test_objects.py::test_get[case7-expected7] PASSED                  [ 20%]
tests/test_objects.py::test_get[case8-None] PASSED                       [ 20%]
tests/test_objects.py::test_get[case9-None] PASSED                       [ 21%]
tests/test_objects.py::test_get[case10-2] PASSED                         [ 21%]
tests/test_objects.py::test_get[case11-2] PASSED                         [ 21%]
tests/test_objects.py::test_get[case12-expected12] PASSED                [ 22%]
tests/test_objects.py::test_get[case13-expected13] PASSED                [ 22%]
tests/test_objects.py::test_get[case14-haha] PASSED                      [ 23%]
tests/test_objects.py::test_get[case15-haha] PASSED                      [ 23%]
tests/test_objects.py::test_get[case16-None] PASSED                      [ 23%]
tests/test_objects.py::test_get[case17-5] PASSED                         [ 24%]
tests/test_objects.py::test_get[case18-5] PASSED                         [ 24%]
tests/test_objects.py::test_get[case19-5] PASSED                         [ 25%]
tests/test_objects.py::test_get[case20-4] PASSED                         [ 25%]
tests/test_objects.py::test_get[case21-5] PASSED                         [ 25%]
tests/test_objects.py::test_get[case22-42] PASSED                        [ 26%]
tests/test_objects.py::test_get[case23-42] PASSED                        [ 26%]
tests/test_objects.py::test_get[case24-42] PASSED                        [ 26%]
tests/test_objects.py::test_get[case25-42] PASSED                        [ 27%]
tests/test_objects.py::test_get[case26-value] PASSED                     [ 27%]
tests/test_objects.py::test_get[case27-expected27] PASSED                [ 28%]
tests/test_objects.py::test_get[case28-None] PASSED                      [ 28%]
tests/test_objects.py::test_get[case29-1] PASSED                         [ 28%]
tests/test_objects.py::test_get[case30-1] PASSED                         [ 29%]
tests/test_objects.py::test_get[case31-1] PASSED                         [ 29%]
tests/test_objects.py::test_get[case32-None] PASSED                      [ 30%]
tests/test_objects.py::test_get[case33-None] PASSED                      [ 30%]
tests/test_objects.py::test_get[case34-expected34] PASSED                [ 30%]
tests/test_objects.py::test_get[case35-3] PASSED                         [ 31%]
tests/test_objects.py::test_get[case36-1] PASSED                         [ 31%]
tests/test_objects.py::test_get[case37-1] PASSED                         [ 32%]
tests/test_objects.py::test_get[case38-John Doe] PASSED                  [ 32%]
tests/test_objects.py::test_get__should_not_populate_defaultdict PASSED  [ 32%]
tests/test_objects.py::test_has[case0-True] PASSED                       [ 33%]
tests/test_objects.py::test_has[case1-True] PASSED                       [ 33%]
tests/test_objects.py::test_has[case2-True] PASSED                       [ 33%]
tests/test_objects.py::test_has[case3-False] PASSED                      [ 34%]
tests/test_objects.py::test_has[case4-True] PASSED                       [ 34%]
tests/test_objects.py::test_has[case5-True] PASSED                       [ 35%]
tests/test_objects.py::test_has[case6-True] PASSED                       [ 35%]
tests/test_objects.py::test_has[case7-False] PASSED                      [ 35%]
tests/test_objects.py::test_has[case8-True] PASSED                       [ 36%]
tests/test_objects.py::test_has[case9-True] PASSED                       [ 36%]
tests/test_objects.py::test_has[case10-True] PASSED                      [ 37%]
tests/test_objects.py::test_has[case11-True] PASSED                      [ 37%]
tests/test_objects.py::test_has[case12-False] PASSED                     [ 37%]
tests/test_objects.py::test_has[case13-False] PASSED                     [ 38%]
tests/test_objects.py::test_has[case14-False] PASSED                     [ 38%]
tests/test_objects.py::test_has[case15-False] PASSED                     [ 39%]
tests/test_objects.py::test_has[case16-True] PASSED                      [ 39%]
tests/test_objects.py::test_has[case17-True] PASSED                      [ 39%]
tests/test_objects.py::test_has[case18-True] PASSED                      [ 40%]
tests/test_objects.py::test_has[case19-True] PASSED                      [ 40%]
tests/test_objects.py::test_has[case20-True] PASSED                      [ 41%]
tests/test_objects.py::test_has__should_not_populate_defaultdict PASSED  [ 41%]
tests/test_objects.py::test_keys[case0-expected0] PASSED                 [ 41%]
tests/test_objects.py::test_keys[case1-expected1] PASSED                 [ 42%]
tests/test_objects.py::test_map_values[case0-expected0] PASSED           [ 42%]
tests/test_objects.py::test_map_values[case1-expected1] PASSED           [ 42%]
tests/test_objects.py::test_map_values_deep[case0-expected0] PASSED      [ 43%]
tests/test_objects.py::test_map_values_deep[case1-expected1] PASSED      [ 43%]
tests/test_objects.py::test_merge[case0-expected0] PASSED                [ 44%]
tests/test_objects.py::test_merge[case1-expected1] PASSED                [ 44%]
tests/test_objects.py::test_merge[case2-expected2] PASSED                [ 44%]
tests/test_objects.py::test_merge[case3-expected3] PASSED                [ 45%]
tests/test_objects.py::test_merge[case4-expected4] PASSED                [ 45%]
tests/test_objects.py::test_merge[case5-expected5] PASSED                [ 46%]
tests/test_objects.py::test_merge[case6-expected6] PASSED                [ 46%]
tests/test_objects.py::test_merge[case7-expected7] PASSED                [ 46%]
tests/test_objects.py::test_merge[case8-expected8] PASSED                [ 47%]
tests/test_objects.py::test_merge[case9-expected9] PASSED                [ 47%]
tests/test_objects.py::test_merge[case10-None] PASSED                    [ 48%]
tests/test_objects.py::test_merge[case11-None] PASSED                    [ 48%]
tests/test_objects.py::test_merge[case12-None] PASSED                    [ 48%]
tests/test_objects.py::test_merge[case13-expected13] PASSED              [ 49%]
tests/test_objects.py::test_merge[case14-expected14] PASSED              [ 49%]
tests/test_objects.py::test_merge[case15-expected15] PASSED              [ 50%]
tests/test_objects.py::test_merge_no_link_dict PASSED                    [ 50%]
tests/test_objects.py::test_merge_no_link_list PASSED                    [ 50%]
tests/test_objects.py::test_merge_with[case0-expected0] PASSED           [ 51%]
tests/test_objects.py::test_omit[case0-expected0] PASSED                 [ 51%]
tests/test_objects.py::test_omit[case1-expected1] PASSED                 [ 51%]
tests/test_objects.py::test_omit[case2-expected2] PASSED                 [ 52%]
tests/test_objects.py::test_omit[case3-expected3] PASSED                 [ 52%]
tests/test_objects.py::test_omit[case4-expected4] PASSED                 [ 53%]
tests/test_objects.py::test_omit[case5-expected5] PASSED                 [ 53%]
tests/test_objects.py::test_omit[case6-expected6] PASSED                 [ 53%]
tests/test_objects.py::test_omit[case7-expected7] PASSED                 [ 54%]
tests/test_objects.py::test_omit[case8-expected8] PASSED                 [ 54%]
tests/test_objects.py::test_omit_by[case0-expected0] PASSED              [ 55%]
tests/test_objects.py::test_omit_by[case1-expected1] PASSED              [ 55%]
tests/test_objects.py::test_omit_by[case2-expected2] PASSED              [ 55%]
tests/test_objects.py::test_omit_by[case3-expected3] PASSED              [ 56%]
tests/test_objects.py::test_parse_int[case0-1] PASSED                    [ 56%]
tests/test_objects.py::test_parse_int[case1-1] PASSED                    [ 57%]
tests/test_objects.py::test_parse_int[case2-1] PASSED                    [ 57%]
tests/test_objects.py::test_parse_int[case3-1] PASSED                    [ 57%]
tests/test_objects.py::test_parse_int[case4-11] PASSED                   [ 58%]
tests/test_objects.py::test_parse_int[case5-10] PASSED                   [ 58%]
tests/test_objects.py::test_parse_int[case6-8] PASSED                    [ 58%]
tests/test_objects.py::test_parse_int[case7-16] PASSED                   [ 59%]
tests/test_objects.py::test_parse_int[case8-10] PASSED                   [ 59%]
tests/test_objects.py::test_parse_int[case9-None] PASSED                 [ 60%]
tests/test_objects.py::test_pick[case0-expected0] PASSED                 [ 60%]
tests/test_objects.py::test_pick[case1-expected1] PASSED                 [ 60%]
tests/test_objects.py::test_pick[case2-expected2] PASSED                 [ 61%]
tests/test_objects.py::test_pick[case3-expected3] PASSED                 [ 61%]
tests/test_objects.py::test_pick[case4-expected4] PASSED                 [ 62%]
tests/test_objects.py::test_pick[case5-expected5] PASSED                 [ 62%]
tests/test_objects.py::test_pick[case6-expected6] PASSED                 [ 62%]
tests/test_objects.py::test_pick[case7-expected7] PASSED                 [ 63%]
tests/test_objects.py::test_pick[case8-expected8] PASSED                 [ 63%]
tests/test_objects.py::test_pick[case9-expected9] PASSED                 [ 64%]
tests/test_objects.py::test_pick[case10-expected10] PASSED               [ 64%]
tests/test_objects.py::test_pick_by[case0-expected0] PASSED              [ 64%]
tests/test_objects.py::test_pick_by[case1-expected1] PASSED              [ 65%]
tests/test_objects.py::test_pick_by[case2-expected2] PASSED              [ 65%]
tests/test_objects.py::test_pick_by[case3-expected3] PASSED              [ 66%]
tests/test_objects.py::test_pick_by[case4-expected4] PASSED              [ 66%]
tests/test_objects.py::test_pick_by[case5-expected5] PASSED              [ 66%]
tests/test_objects.py::test_pick_by[case6-expected6] PASSED              [ 67%]
tests/test_objects.py::test_rename_keys[case0-expected0] PASSED          [ 67%]
tests/test_objects.py::test_rename_keys[case1-expected1] PASSED          [ 67%]
tests/test_objects.py::test_rename_keys[case2-expected2] PASSED          [ 68%]
tests/test_objects.py::test_set_[case0-expected0] PASSED                 [ 68%]
tests/test_objects.py::test_set_[case1-expected1] PASSED                 [ 69%]
tests/test_objects.py::test_set_[case2-expected2] PASSED                 [ 69%]
tests/test_objects.py::test_set_[case3-expected3] PASSED                 [ 69%]
tests/test_objects.py::test_set_[case4-expected4] PASSED                 [ 70%]
tests/test_objects.py::test_set_[case5-expected5] PASSED                 [ 70%]
tests/test_objects.py::test_set_[case6-expected6] PASSED                 [ 71%]
tests/test_objects.py::test_set_[case7-expected7] PASSED                 [ 71%]
tests/test_objects.py::test_set_[case8-expected8] PASSED                 [ 71%]
tests/test_objects.py::test_set_[case9-expected9] PASSED                 [ 72%]
tests/test_objects.py::test_set_[case10-expected10] PASSED               [ 72%]
tests/test_objects.py::test_set_[case11-expected11] PASSED               [ 73%]
tests/test_objects.py::test_set_[case12-expected12] PASSED               [ 73%]
tests/test_objects.py::test_set_[case13-expected13] PASSED               [ 73%]
tests/test_objects.py::test_set_[case14-expected14] PASSED               [ 74%]
tests/test_objects.py::test_set_with[case0-expected0] PASSED             [ 74%]
tests/test_objects.py::test_set_with[case1-expected1] PASSED             [ 75%]
tests/test_objects.py::test_set_with[case2-expected2] PASSED             [ 75%]
tests/test_objects.py::test_set_with[case3-expected3] PASSED             [ 75%]
tests/test_objects.py::test_to_boolean[case0-True] PASSED                [ 76%]
tests/test_objects.py::test_to_boolean[case1-False] PASSED               [ 76%]
tests/test_objects.py::test_to_boolean[case2-True] PASSED                [ 76%]
tests/test_objects.py::test_to_boolean[case3-True] PASSED                [ 77%]
tests/test_objects.py::test_to_boolean[case4-False] PASSED               [ 77%]
tests/test_objects.py::test_to_boolean[case5-False] PASSED               [ 78%]
tests/test_objects.py::test_to_boolean[case6-None] PASSED                [ 78%]
tests/test_objects.py::test_to_boolean[case7-None] PASSED                [ 78%]
tests/test_objects.py::test_to_boolean[case8-False] PASSED               [ 79%]
tests/test_objects.py::test_to_boolean[case9-True] PASSED                [ 79%]
tests/test_objects.py::test_to_boolean[case10-False] PASSED              [ 80%]
tests/test_objects.py::test_to_boolean[case11-True] PASSED               [ 80%]
tests/test_objects.py::test_to_boolean[case12-False] PASSED              [ 80%]
tests/test_objects.py::test_to_boolean[case13-False] PASSED              [ 81%]
tests/test_objects.py::test_to_boolean[case14-True] PASSED               [ 81%]
tests/test_objects.py::test_to_boolean[case15-False] PASSED              [ 82%]
tests/test_objects.py::test_to_boolean[case16-True] PASSED               [ 82%]
tests/test_objects.py::test_to_boolean[case17-None] PASSED               [ 82%]
tests/test_objects.py::test_to_boolean[case18-False] PASSED              [ 83%]
tests/test_objects.py::test_to_boolean[case19-None] PASSED               [ 83%]
tests/test_objects.py::test_to_integer[1.4-10] PASSED                    [ 83%]
tests/test_objects.py::test_to_integer[1.9-10] PASSED                    [ 84%]
tests/test_objects.py::test_to_integer[1.4-11] PASSED                    [ 84%]
tests/test_objects.py::test_to_integer[1.9-11] PASSED                    [ 85%]
tests/test_objects.py::test_to_integer[foo-0] PASSED                     [ 85%]
tests/test_objects.py::test_to_integer[None-0] PASSED                    [ 85%]
tests/test_objects.py::test_to_integer[True-1] PASSED                    [ 86%]
tests/test_objects.py::test_to_integer[False-0] PASSED                   [ 86%]
tests/test_objects.py::test_to_integer[case8-0] PASSED                   [ 87%]
tests/test_objects.py::test_to_integer[case9-0] PASSED                   [ 87%]
tests/test_objects.py::test_to_integer[case10-0] PASSED                  [ 87%]
tests/test_objects.py::test_to_number[case0-3.0] PASSED                  [ 88%]
tests/test_objects.py::test_to_number[case1-2.6] PASSED                  [ 88%]
tests/test_objects.py::test_to_number[case2-990.0] PASSED                [ 89%]
tests/test_objects.py::test_to_number[case3-None] PASSED                 [ 89%]
tests/test_objects.py::test_to_pairs[case0-expected0] PASSED             [ 89%]
tests/test_objects.py::test_to_pairs[case1-expected1] PASSED             [ 90%]
tests/test_objects.py::test_to_string[1-1] PASSED                        [ 90%]
tests/test_objects.py::test_to_string[1.25-1.25] PASSED                  [ 91%]
tests/test_objects.py::test_to_string[True-True] PASSED                  [ 91%]
tests/test_objects.py::test_to_string[case3-[1]] PASSED                  [ 91%]
tests/test_objects.py::test_to_string[d\xc3\xa9j\xc3\xa0 vu-d\xc3\xa9j\xc3\xa0 vu] PASSED [ 92%]
tests/test_objects.py::test_to_string[-] PASSED                          [ 92%]
tests/test_objects.py::test_to_string[None-] PASSED                      [ 92%]
tests/test_objects.py::test_to_string[case7-2026-01-17] PASSED           [ 93%]
tests/test_objects.py::test_transform[case0-expected0] PASSED            [ 93%]
tests/test_objects.py::test_transform[case1-expected1] PASSED            [ 94%]
tests/test_objects.py::test_transform[case2-expected2] PASSED            [ 94%]
tests/test_objects.py::test_update[case0-expected0] PASSED               [ 94%]
tests/test_objects.py::test_update[case1-expected1] PASSED               [ 95%]
tests/test_objects.py::test_update[case2-expected2] PASSED               [ 95%]
tests/test_objects.py::test_update_with[case0-expected0] PASSED          [ 96%]
tests/test_objects.py::test_update_with[case1-expected1] PASSED          [ 96%]
tests/test_objects.py::test_update_with[case2-expected2] PASSED          [ 96%]
tests/test_objects.py::test_unset[obj0-a.0.b.c-True-new_obj0] PASSED     [ 97%]
tests/test_objects.py::test_unset[obj1-1-True-new_obj1] PASSED           [ 97%]
tests/test_objects.py::test_unset[obj2-1-True-new_obj2] PASSED           [ 98%]
tests/test_objects.py::test_unset[obj3-path3-True-new_obj3] PASSED       [ 98%]
tests/test_objects.py::test_unset[obj4-[0][0]-False-new_obj4] PASSED     [ 98%]
tests/test_objects.py::test_unset[obj5-[0][0][0]-False-new_obj5] PASSED  [ 99%]
tests/test_objects.py::test_values[case0-expected0] PASSED               [ 99%]
tests/test_objects.py::test_values[case1-expected1] PASSED               [100%]

------ generated xml file: /workspace/pydash/build/testresults/junit.xml -------
========================== 256 passed in 0.30 seconds ==========================

2026-01-16 21:21:45,062 - src.agents.base - INFO - Tool RunTest: ✓
2026-01-16 21:21:49,924 - src.agents.base - INFO - VerificationAgent - LLM response (1998 chars):
```json
{
    "poc_result": {
        "passed": false,
        "vulnerability_fixed": false,
        "analysis": "The fix-run.sh output shows: '[FAILED] Test 'get': VULNERABLE: pydash.get() did NOT raise KeyError for a restricted path.' and '[FAILED] Test 'set': VULNERABLE: pydash.set_() did NOT raise KeyError for a restricted path.' The final conclusion is '❌ FINAL CONCLUSION: ONE OR MORE TESTS FAILED. The code is insecure (vulnerable).' This means the patch did NOT fix the vulnerability."
    },
    "regression_result": {
        "passed": true,
        "tests_present": true,
        "analysis": "The unit_test.sh output shows all 256 tests passed: '========================== 256 passed in 0.30 seconds ==========================' and no errors or failures are present."
    },
    "overall_verdict": "FAIL_POC",
    "feedback_for_planner": {
        "issues": [
            "PoC test failed: pydash.get() and pydash.set_() did NOT raise KeyError for restricted (underscore-prefixed) paths.",
            "Vulnerability is still present according to the security test."
        ],
        "suggestions": [
            "Review the logic in _base_get_object to ensure it blocks access to attributes starting with an underscore.",
            "Make sure that both getattr and any fallback logic do not allow access to restricted attributes.",
            "Add explicit checks before attribute access to raise KeyError if the key starts with an underscore."
        ],
        "suspected_cause": "The patch did not correctly prevent access to attributes starting with an underscore. The check may be missing or incorrectly implemented, allowing restricted attributes to be accessed.",
        "output_excerpt": "[FAILED] Test 'get': VULNERABLE: pydash.get() did NOT raise KeyError for a restricted path.\n[FAILED] Test 'set': VULNERABLE: pydash.set_() did NOT raise KeyError for a restricted path.\n❌ FINAL CONCLUSION: ONE OR MORE TESTS FAILED. The code is insecure (vulnerable)."
    }
}
```
2026-01-16 21:21:49,925 - src.agents.base - INFO - Tool AskAgent: ✓
2026-01-16 21:21:58,317 - src.agents.base - INFO - CoordinatorAgent executing tool: AskAgent
2026-01-16 21:21:58,317 - src.agents.base - INFO - Tool arguments:
{
  "agent_name": "ContextKnowledgeAgent",
  "message": "Please review src/pydash/helpers.py and identify where the set operation (e.g., base_set or a related helper) performs attribute setting with user-controlled keys. Explain how this set logic works, how the 'key' argument is handled, and where we should add a restriction to block underscore-prefixed keys (i.e., raise KeyError if key starts with an underscore)."
}
2026-01-16 21:21:58,318 - src.agents.base - INFO - ContextKnowledgeAgent - LLM call prompt (2301 chars):
## Message
Please review src/pydash/helpers.py and identify where the set operation (e.g., base_set or a related helper) performs attribute setting with user-controlled keys. Explain how this set logic works, how the 'key' argument is handled, and where we should add a restriction to block underscore-prefixed keys (i.e., raise KeyError if key starts with an underscore).

## Context
```json
{
  "sample_id": "CVE-2023-26145",
  "file_path": "src/pydash/helpers.py",
  "vulnerable_code": "def _base_get_object(obj, key, default=UNSET):\n    value = _base_get_item(obj, key, default=UNSET)\n    if value is UNSET:\n        value = default\n        try:\n            value = getattr(obj, key)\n        except Exception:\n            pass\n    return value",
  "problem_statement": "",
  "programming_language": "Python",
  "cve_id": "CVE-2023-26145",
  "cwe_id": [
    "CWE-94",
    "CWE-77",
    "CWE-78"
  ],
  "vulnerability_locations": [
    {
      "file_path": "src/pydash/helpers.py",
      "start_line": 178,
      "end_line": 186
    },
    {
      "file_path": "src/pydash/helpers.py",
      "start_line": 189,
      "end_line": 218
    }
  ],
  "test_paths": [],
  "poc_test": null,
  "repo_url": "https://github.com/dgilland/pydash",
  "work_dir": "",
  "cwe_info": {},
  "patch_description": "This affects versions of the package pydash before 6.0.0. A number of pydash methods such as pydash.objects.invoke() and pydash.collections.invoke_map() accept dotted paths (Deep Path Strings) to target a nested Python object, relative to the original source object. These paths can be used to target internal class attributes and dict items, to retrieve, modify or invoke nested Python objects.\r\r**Note:**\r\rThe pydash.objects.invoke() method is vulnerable to Command Injection when the following prerequisites are satisfied:\r\r1) The source object (argument 1) is not a built-in object such as list/dict (otherwise, the __init__.__globals__ path is not accessible)\r\r2) The attacker has control over argument 2 (the path string) and argument 3 (the argument to pass to the invoked method)\r\r\rThe pydash.collections.invoke_map() method is also vulnerable, but is harder to exploit as the attacker does not have direct control over the argument to be passed to the invoked function."
}
```
2026-01-16 21:21:58,352 - src.agents.base - DEBUG - ContextKnowledgeAgent starting agent run (max_turns=1000000)
2026-01-16 21:21:58,352 - src.agents.base - DEBUG - ContextKnowledgeAgent - System prompt (2211 chars):
You are a Repository Expert and Security Knowledge Analyst.

**IMPORTANT**: When invoked via AskAgent, focus on your task and provide a clear, actionable response.

## Role

You are the **go-to expert** for understanding this codebase in the context of the vulnerability. Your role is to:

1. **Build Deep Repository Understanding**: At initialization, thoroughly investigate the repository structure, architecture, and patterns around the vulnerable code. You should become intimately familiar with:
   - How the vulnerable code fits into the broader system
   - Dependencies, imports, and relationships with other components
   - Coding patterns, conventions, and architectural decisions used in this repository
   - Test infrastructure and validation approaches
   - Build system and deployment considerations

2. **Provide Contextual Constraints**: Create a detailed Constraint Sheet that captures:
   - What can and cannot be modified
   - Dependencies that must be preserved
   - API contracts and interfaces that must be maintained
   - Side effects to be aware of
   - Edge cases specific to this repository
   - Remediation strategies appropriate for this codebase architecture
   - Potential pitfalls based on repository patterns

4. **Synthesize Failure Insights**: If prior patch attempts failed, analyze the feedback and provide concrete guidance to avoid repeating mistakes.

**Think of yourself as the repository specialist** who has spent time understanding the codebase deeply. Other agents will rely on your expertise to make informed decisions about how to safely patch the vulnerability without breaking the system.

## Tools
- ReadFile: Read file contents
- FindClass: Find definitions and usages of symbols
- SymbolVerify: Verify symbol definitions and imports

## Output Format
Return a single JSON object:

```json
{
  "constraint_sheet": { ... },
  "knowledge_packet": { ... },
  "failure_insights": {
    "issues": ["summary of observed problems or risks"],
    "suspected_cause": "likely root cause of previous failure (if any)",
    "suggestions": ["concrete guidance to fix or avoid failures"]
  }
}
```

If no prior feedback is provided, set "failure_insights" to an empty object.

2026-01-16 21:22:06,103 - src.agents.base - INFO - ContextKnowledgeAgent - LLM response (2284 chars):
```json
{
  "constraint_sheet": {
    "modifiable_scope": [
      "src/pydash/helpers.py",
      "base_set and any helper that sets attributes using user-controlled keys"
    ],
    "non_modifiable_scope": [
      "External dependencies",
      "API contracts for public functions (e.g., base_set) must be preserved"
    ],
    "dependencies": [
      "Python builtins (setattr)",
      "pydash internal utility functions"
    ],
    "api_contracts": [
      "base_set must continue to support dict, list, and object attribute setting",
      "Should raise KeyError if key is not valid for setting"
    ],
    "side_effects": [
      "setattr with user-controlled keys can set arbitrary attributes, including private or dunder attributes"
    ],
    "edge_cases": [
      "Non-string keys (e.g., integers for list access)",
      "Objects with custom __setattr__"
    ],
    "remediation_strategies": [
      "Block setting attributes where key starts with an underscore ('_')",
      "Raise KeyError if such a key is detected"
    ],
    "potential_pitfalls": [
      "Blindly allowing user-controlled keys to setattr enables privilege escalation or object corruption",
      "Blocking all underscore-prefixed keys may break some legitimate use cases, but is necessary for security"
    ]
  },
  "knowledge_packet": {
    "set_logic_overview": {
      "base_set": "This function sets a value on an object, dict, or list. For dicts, it sets obj[key] = value. For lists, it sets or appends at the given index. For other objects, it uses setattr(obj, key, value) if allowed.",
      "key_handling": "The 'key' argument is passed directly to setattr for non-dict, non-list objects, with no restriction or sanitization.",
      "vulnerable_pattern": "If 'key' is user-controlled and starts with an underscore (e.g., '__class__', '_private'), setattr will set or overwrite sensitive or internal attributes."
    },
    "restriction_point": {
      "location": "In base_set, before calling setattr(obj, key, value), check if isinstance(key, str) and key.startswith('_'). If so, raise KeyError(f'Invalid attribute key: {key}')",
      "rationale": "This prevents setting private or dunder attributes, blocking a major class of exploitation vectors."
    }
  },
  "failure_insights": {}
}
```
2026-01-16 21:22:06,104 - src.agents.base - INFO - Tool AskAgent: ✓
2026-01-16 21:22:08,761 - src.agents.base - INFO - CoordinatorAgent executing tool: AskAgent
2026-01-16 21:22:08,762 - src.agents.base - INFO - Tool arguments:
{
  "agent_name": "PatchAgent",
  "message": "Apply the following changes in src/pydash/helpers.py:\n\n1. In _base_get_object, before calling getattr(obj, key), if key is a string and starts with '_', raise KeyError(f'Invalid attribute key: {key}').\n2. In base_set (or wherever setattr is called), before calling setattr(obj, key, value), if key is a string and starts with '_', raise KeyError(f'Invalid attribute key: {key}').\n\nThis will ensure both get and set operations block access to private and dunder attributes as required by the security tests."
}
2026-01-16 21:22:08,762 - src.agents.base - INFO - PatchAgent - LLM call prompt (1342 chars):
## Message
Apply the following changes in src/pydash/helpers.py:

1. In _base_get_object, before calling getattr(obj, key), if key is a string and starts with '_', raise KeyError(f'Invalid attribute key: {key}').
2. In base_set (or wherever setattr is called), before calling setattr(obj, key, value), if key is a string and starts with '_', raise KeyError(f'Invalid attribute key: {key}').

This will ensure both get and set operations block access to private and dunder attributes as required by the security tests.

## Context
```json
{
  "sample_id": "CVE-2023-26145",
  "file_path": "src/pydash/helpers.py",
  "vulnerable_code": "def _base_get_object(obj, key, default=UNSET):\n    value = _base_get_item(obj, key, default=UNSET)\n    if value is UNSET:\n        value = default\n        try:\n            value = getattr(obj, key)\n        except Exception:\n            pass\n    return value",
  "problem_statement": "",
  "programming_language": "Python",
  "cve_id": "CVE-2023-26145",
  "cwe_id": [
    "CWE-94",
    "CWE-77",
    "CWE-78"
  ],
  "vulnerability_locations": [
    {
      "file_path": "src/pydash/helpers.py",
      "start_line": 178,
      "end_line": 186
    },
    {
      "file_path": "src/pydash/helpers.py",
      "start_line": 189,
      "end_line": 218
    }
  ],
  "test_paths": [],
  "poc_test": null
}
```
2026-01-16 21:22:08,797 - src.agents.base - DEBUG - PatchAgent starting agent run (max_turns=1000000)
2026-01-16 21:22:08,797 - src.agents.base - DEBUG - PatchAgent - System prompt (1430 chars):
You are a Security Patch Developer responsible for implementing vulnerability fixes.

**IMPORTANT**: When invoked via AskAgent, focus on your task and provide clear, concise feedback about the implementation.

## Role
You receive high-level guidance describing WHAT to fix, not HOW. You must implement the fix with correct, complete code.

## Rules

1. **ONLY edit the vulnerable file(s)**: You may ONLY modify files explicitly listed in the vulnerability location. Do NOT edit any other files.
2. **Complete Code Only**: Every variable, function, regex pattern, or constant you reference MUST be defined
3. **No Placeholders**: Never use placeholder names like `enhanced_pattern`, `new_validator`, `helper_function` without implementing them
4. **No Undefined References**: If you add `foo(x)`, the function `foo` must exist or you must define it
5. **Verify Before Edit**: After reading the file, mentally trace your new code to ensure all symbols resolve
6. **Rigor**: Be thorough, defensive and rigorous in your implementation. If you spot any issues the planner did not account for, fix them and report back in your patch summary.

## Guidelines
- Minimal changes only; preserve behavior.
- Use ReadFile before EditCode.
- Ensure every referenced symbol is defined.

## Output Format
Return a JSON summary with patch_applied and a short change description.
Be precise and careful. Incorrect patches waste verification cycles.
2026-01-16 21:22:09,989 - src.agents.base - INFO - PatchAgent executing tool: ReadFile
2026-01-16 21:22:09,989 - src.agents.base - INFO - Tool arguments:
{
  "file_path": "src/pydash/helpers.py",
  "start_line": 178,
  "end_line": 186
}
2026-01-16 21:22:10,164 - src.agents.base - INFO - Tool ReadFile: ✓
2026-01-16 21:22:10,164 - src.agents.base - INFO - PatchAgent executing tool: ReadFile
2026-01-16 21:22:10,165 - src.agents.base - INFO - Tool arguments:
{
  "file_path": "src/pydash/helpers.py",
  "start_line": 189,
  "end_line": 218
}
2026-01-16 21:22:10,279 - src.agents.base - INFO - Tool ReadFile: ✓
2026-01-16 21:22:11,322 - src.agents.base - INFO - PatchAgent executing tool: ReadFile
2026-01-16 21:22:11,322 - src.agents.base - INFO - Tool arguments:
{
  "file_path": "src/pydash/helpers.py",
  "start_line": 1,
  "end_line": 30
}
2026-01-16 21:22:11,475 - src.agents.base - INFO - Tool ReadFile: ✓
2026-01-16 21:22:12,648 - src.agents.base - INFO - PatchAgent executing tool: ReadFile
2026-01-16 21:22:12,648 - src.agents.base - INFO - Tool arguments:
{
  "file_path": "src/pydash/helpers.py",
  "start_line": 170,
  "end_line": 178
}
2026-01-16 21:22:12,791 - src.agents.base - INFO - Tool ReadFile: ✓
2026-01-16 21:22:16,235 - src.agents.base - INFO - PatchAgent executing tool: EditCode
2026-01-16 21:22:16,236 - src.agents.base - INFO - Tool arguments:
{
  "file_path": "src/pydash/helpers.py",
  "old_code": "def _base_get_object(obj, key, default=UNSET):\n    value = _base_get_item(obj, key, default=UNSET)\n    if value is UNSET:\n        # Block access to private/protected/dunder attributes\n        if isinstance(key, str) and key.startswith('_'):\n            value = default\n        else:\n            value = default\n            try:\n                value = getattr(obj, key)\n            except Exception:\n                pass\n    return value",
  "new_code": "def _base_get_object(obj, key, default=UNSET):\n    value = _base_get_item(obj, key, default=UNSET)\n    if value is UNSET:\n        if isinstance(key, str) and key.startswith('_'):\n            raise KeyError(f'Invalid attribute key: {key}')\n        value = default\n        try:\n            value = getattr(obj, key)\n        except Exception:\n            pass\n    return value",
  "fuzzy_match": true,
  "skip_validation": false
}
2026-01-16 21:22:16,387 - src.tools.edit_code - INFO - EditCodeTool: Writing 8642 chars to src/pydash/helpers.py (match_type=exact)
2026-01-16 21:22:16,528 - src.agents.base - INFO - Tool EditCode: ✓
2026-01-16 21:22:20,400 - src.agents.base - INFO - PatchAgent executing tool: EditCode
2026-01-16 21:22:20,400 - src.agents.base - INFO - Tool arguments:
{
  "file_path": "src/pydash/helpers.py",
  "old_code": "def base_set(obj, key, value, allow_override=True):\n    \"\"\"\n    Set an object's `key` to `value`. If `obj` is a ``list`` and the `key` is the next available\n    index position, append to list; otherwise, pad the list of ``None`` and then append to the list.\n\n    Args:\n        obj (list|dict): Object to assign value to.\n        key (mixed): Key or index to assign to.\n        value (mixed): Value to assign.\n        allow_override (bool): Whether to allow overriding a previously set key.\n    \"\"\"\n    if isinstance(obj, dict):\n        if allow_override or key not in obj:\n            obj[key] = value\n    elif isinstance(obj, list):\n        key = int(key)\n\n        if key < len(obj):\n            if allow_override:\n                obj[key] = value\n        else:\n            if key > len(obj):\n                # Pad list object with None values up to the index key so we can append the value\n                # into the key index.\n                obj[:] = (obj + [None] * key)[:key]\n            obj.append(value)",
  "new_code": "def base_set(obj, key, value, allow_override=True):\n    \"\"\"\n    Set an object's `key` to `value`. If `obj` is a ``list`` and the `key` is the next available\n    index position, append to list; otherwise, pad the list of ``None`` and then append to the list.\n\n    Args:\n        obj (list|dict): Object to assign value to.\n        key (mixed): Key or index to assign to.\n        value (mixed): Value to assign.\n        allow_override (bool): Whether to allow overriding a previously set key.\n    \"\"\"\n    if isinstance(key, str) and key.startswith('_'):\n        raise KeyError(f'Invalid attribute key: {key}')\n    if isinstance(obj, dict):\n        if allow_override or key not in obj:\n            obj[key] = value\n    elif isinstance(obj, list):\n        key = int(key)\n\n        if key < len(obj):\n            if allow_override:\n                obj[key] = value\n        else:\n            if key > len(obj):\n                # Pad list object with None values up to the index key so we can append the value\n                # into the key index.\n                obj[:] = (obj + [None] * key)[:key]\n            obj.append(value)",
  "fuzzy_match": true,
  "skip_validation": false
}
2026-01-16 21:22:20,551 - src.tools.edit_code - INFO - EditCodeTool: Writing 8751 chars to src/pydash/helpers.py (match_type=exact)
2026-01-16 21:22:20,686 - src.agents.base - INFO - Tool EditCode: ✓
2026-01-16 21:22:22,174 - src.agents.base - INFO - PatchAgent - LLM response (369 chars):
{
  "patch_applied": true,
  "change_description": "Updated _base_get_object to raise KeyError if key is a string starting with '_', blocking access to private/dunder attributes. Updated base_set to raise KeyError if key is a string starting with '_', blocking setting of private/dunder attributes. This ensures both get and set operations are protected as required."
}
2026-01-16 21:22:22,174 - src.agents.base - INFO - Tool AskAgent: ✓
2026-01-16 21:22:23,507 - src.agents.base - INFO - CoordinatorAgent executing tool: AskAgent
2026-01-16 21:22:23,507 - src.agents.base - INFO - Tool arguments:
{
  "agent_name": "VerificationAgent",
  "message": "Run the PoC and regression tests to verify that the new patch in src/pydash/helpers.py (raising KeyError for underscore-prefixed keys in both get and set operations) fixes the vulnerability and does not break existing functionality."
}
2026-01-16 21:22:23,508 - src.agents.base - INFO - VerificationAgent - LLM call prompt (1068 chars):
## Message
Run the PoC and regression tests to verify that the new patch in src/pydash/helpers.py (raising KeyError for underscore-prefixed keys in both get and set operations) fixes the vulnerability and does not break existing functionality.

## Context
```json
{
  "sample_id": "CVE-2023-26145",
  "file_path": "src/pydash/helpers.py",
  "vulnerable_code": "def _base_get_object(obj, key, default=UNSET):\n    value = _base_get_item(obj, key, default=UNSET)\n    if value is UNSET:\n        value = default\n        try:\n            value = getattr(obj, key)\n        except Exception:\n            pass\n    return value",
  "problem_statement": "",
  "programming_language": "Python",
  "cve_id": "CVE-2023-26145",
  "cwe_id": [
    "CWE-94",
    "CWE-77",
    "CWE-78"
  ],
  "vulnerability_locations": [
    {
      "file_path": "src/pydash/helpers.py",
      "start_line": 178,
      "end_line": 186
    },
    {
      "file_path": "src/pydash/helpers.py",
      "start_line": 189,
      "end_line": 218
    }
  ],
  "test_paths": [],
  "poc_test": null
}
```
2026-01-16 21:22:23,538 - src.agents.base - DEBUG - VerificationAgent starting agent run (max_turns=1000000)
2026-01-16 21:22:23,538 - src.agents.base - DEBUG - VerificationAgent - System prompt (3831 chars):
You are a Security Verification Engineer responsible for validating vulnerability patches.

**IMPORTANT**: When invoked via AskAgent, focus on your task and provide clear test results and feedback.

## Role

After a patch is applied, you verify it using PatchEval's validation scripts:
1. Run the PoC (Proof of Concept) test to verify the vulnerability is fixed
2. Run the unit test suite (if present) to verify no regressions were introduced
3. Produce structured feedback for the Planner if the patch fails

## Tools

### RunTest
Runs PatchEval validation scripts in sequence:
1. **prepare.sh** - Resets the repository to a clean state
2. **fix-run.sh** - Executes the PoC to verify the vulnerability is patched
3. **unit_test.sh** - (if present) Runs unit tests for functional correctness

Parameters:
- `run_prepare`: Whether to run prepare.sh first (default: true)
- `timeout`: Timeout in seconds for each script (default: 120)
 - `include_paths`: Optional list of file paths to limit the diff used to build /workspace/fix.patch. Pass the files you edited (e.g., from EditCode).

The tool automatically:
- Extracts the git diff from your applied changes
- Writes it to /workspace/fix.patch
- Runs the validation scripts
- Returns the raw stdout/stderr output

## Test Output Rules

**YOU must read the stdout/stderr output to determine if tests pass or fail.**

The RunTest tool returns raw output - it does NOT tell you if tests passed. You must analyze:

### For PoC (fix-run.sh):
- **PASS indicators**: "test passed", "vulnerability fixed", "OK", exit code 0 with no errors
- **FAIL indicators**: tracebacks, exceptions, "FAILED", "AssertionError", "vulnerability still present"

### For Unit Tests (unit_test.sh):
- **PASS indicators**: "OK", "passed", "0 failures", all tests green
- **FAIL indicators**: "FAILED", "ERROR", assertion failures, exceptions, non-zero failure count

### Exit Codes:
- Exit code 0 usually means success, but ALWAYS verify by reading the actual output
- Exit code non-zero usually means failure, but check the output for details

## Workflow

1. **Call RunTest**: Simply call the RunTest tool - it handles setup automatically
2. **READ THE OUTPUT CAREFULLY**: The tool returns raw stdout/stderr - analyze it to determine:
   - Did the PoC test pass? (vulnerability fixed?)
   - Did unit tests pass? (no regressions?)
3. **Provide Feedback**: Based on YOUR analysis of the output, provide actionable feedback
 4. When calling RunTest, if `edited_files` are provided in context, pass them via `include_paths` to restrict the patch to only those files.

## Output Format

After running the test and READING THE OUTPUT, provide your analysis:

```json
{
    "poc_result": {
        "passed": true/false, true if and only if the test conclusively shows the vulnerability is fixed
        "vulnerability_fixed": true/false,
        "analysis": "What you observed in the fix-run.sh output that led to this conclusion"
    },
    "regression_result": {
        "passed": true/false, true if and only if all unit tests passed
        "tests_present": true/false,
        "analysis": "What you observed in the unit_test.sh output (if present)"
    },
    "overall_verdict": "PASS" | "FAIL_POC" | "FAIL_REGRESSION",
    "feedback_for_planner": {
        "issues": ["List of specific issues from the test output"],
        "suggestions": ["Concrete suggestions for fixing the issues"],
        "suspected_cause": "Analysis of the root cause of failures",
        "output_excerpt": "Relevant portion of test output showing the failure"
    }
}
```

Be thorough in your analysis. Quote specific lines from the output to support your conclusions. If a test fails, you must mark it as such, there is no room for interpretation in that case. If either poc or unit tests are missing, you may mark them as passed
2026-01-16 21:22:24,837 - src.agents.base - INFO - VerificationAgent executing tool: RunTest
2026-01-16 21:22:24,837 - src.agents.base - INFO - Tool arguments:
{
  "run_prepare": true,
  "timeout": 120,
  "include_paths": [
    "src/pydash/helpers.py"
  ],
  "run_unittest": true
}
2026-01-16 21:22:25,158 - src.tools.run_test - INFO - Extracted 1 file paths from /workspace/test.patch: ['hand_test.py']
2026-01-16 21:22:25,159 - src.tools.run_test - INFO - Generating git diff for fix.patch
2026-01-16 21:22:25,159 - src.tools.run_test - INFO -   include_paths: ['src/pydash/helpers.py']
2026-01-16 21:22:25,159 - src.tools.run_test - INFO -   exclude_paths (from test.patch): ['hand_test.py']
2026-01-16 21:22:25,159 - src.tools.run_test - INFO -   git diff command: git diff HEAD -- 'src/pydash/helpers.py' ':(exclude)hand_test.py'
2026-01-16 21:22:25,298 - src.tools.run_test - INFO -   Generated patch: 954 bytes, 22 lines
2026-01-16 21:22:25,298 - src.tools.run_test - INFO -   Patch content:
diff --git a/src/pydash/helpers.py b/src/pydash/helpers.py
index 0467c9c..cc3f53c 100644
--- a/src/pydash/helpers.py
+++ b/src/pydash/helpers.py
@@ -178,6 +178,8 @@ def _base_get_item(obj, key, default=UNSET):
 def _base_get_object(obj, key, default=UNSET):
     value = _base_get_item(obj, key, default=UNSET)
     if value is UNSET:
+        if isinstance(key, str) and key.startswith('_'):
+            raise KeyError(f'Invalid attribute key: {key}')
         value = default
         try:
             value = getattr(obj, key)
@@ -197,6 +199,8 @@ def base_set(obj, key, value, allow_override=True):
         value (mixed): Value to assign.
         allow_override (bool): Whether to allow overriding a previously set key.
     """
+    if isinstance(key, str) and key.startswith('_'):
+        raise KeyError(f'Invalid attribute key: {key}')
     if isinstance(obj, dict):
         if allow_override or key not in obj:
             obj[key] = value

2026-01-16 21:22:25,388 - src.tools.run_test - INFO - Running prepare.sh to reset repository...
2026-01-16 21:22:25,848 - src.tools.run_test - INFO - Running fix-run.sh for PoC validation...
2026-01-16 21:22:25,942 - src.tools.run_test - INFO - Patch being tested:
diff --git a/src/pydash/helpers.py b/src/pydash/helpers.py
index 0467c9c..cc3f53c 100644
--- a/src/pydash/helpers.py
+++ b/src/pydash/helpers.py
@@ -178,6 +178,8 @@ def _base_get_item(obj, key, default=UNSET):
 def _base_get_object(obj, key, default=UNSET):
     value = _base_get_item(obj, key, default=UNSET)
     if value is UNSET:
+        if isinstance(key, str) and key.startswith('_'):
+            raise KeyError(f'Invalid attribute key: {key}')
         value = default
         try:
             value = getattr(obj, key)
@@ -197,6 +199,8 @@ def base_set(obj, key, value, allow_override=True):
         value (mixed): Value to assign.
         allow_override (bool): Whether to allow overriding a previously set key.
     """
+    if isinstance(key, str) and key.startswith('_'):
+        raise KeyError(f'Invalid attribute key: {key}')
     if isinstance(obj, dict):
         if allow_override or key not in obj:
             obj[key] = value


2026-01-16 21:22:26,250 - src.tools.run_test - INFO - fix-run.sh completed with exit code 0
2026-01-16 21:22:26,251 - src.tools.run_test - INFO - fix-run.sh output:
Successfully imported pydash.

==================================================
Starting CVE-2023-26145 security test for pydash
This test will PASS (exit 0) if the code is PATCHED.
This test will FAIL (exit 1) if the code is VULNERABLE.
==================================================

--- TEST RESULTS ---
[PASSED] Test 'get': PATCHED: pydash.get() correctly raised KeyError.
[PASSED] Test 'set': PATCHED: pydash.set_() correctly raised KeyError.

==================================================
✅ FINAL CONCLUSION: ALL TESTS PASSED. The code is secure (patched).
==================================================

2026-01-16 21:22:26,335 - src.tools.run_test - INFO - Running prepare.sh to reset repository...
2026-01-16 21:22:26,931 - src.tools.run_test - INFO - Running unit_test.sh for regression testing...
2026-01-16 21:22:27,643 - src.tools.run_test - INFO - unit_test.sh completed with exit code 0
2026-01-16 21:22:27,644 - src.tools.run_test - INFO - unit_test.sh output:
============================= test session starts ==============================
platform linux -- Python 3.8.20, pytest-4.6.0, py-1.11.0, pluggy-0.13.1 -- /workspace/PoC_env/CVE-2023-26145/bin/python
cachedir: .pytest_cache
rootdir: /workspace/pydash, inifile: setup.cfg
plugins: cov-5.0.0
collecting ... collected 256 items

tests/test_objects.py::test_assign[case0-expected0] PASSED               [  0%]
tests/test_objects.py::test_assign[case1-expected1] PASSED               [  0%]
tests/test_objects.py::test_assign_with[case0-expected0] PASSED          [  1%]
tests/test_objects.py::test_callables[case0-expected0] PASSED            [  1%]
tests/test_objects.py::test_callables[case1-expected1] PASSED            [  1%]
tests/test_objects.py::test_clone[case0] PASSED                          [  2%]
tests/test_objects.py::test_clone[case1] PASSED                          [  2%]
tests/test_objects.py::test_clone_with[case0-<lambda>-expected0] PASSED  [  3%]
tests/test_objects.py::test_clone_with[case1-<lambda>-expected1] PASSED  [  3%]
tests/test_objects.py::test_clone_deep[case0] PASSED                     [  3%]
tests/test_objects.py::test_clone_deep[case1] PASSED                     [  4%]
tests/test_objects.py::test_clone_deep[case2] PASSED                     [  4%]
tests/test_objects.py::test_clone_deep_with[case0-<lambda>-expected0] PASSED [  5%]
tests/test_objects.py::test_clone_deep_with[case1-<lambda>-expected1] PASSED [  5%]
tests/test_objects.py::test_clone_deep_with[case2-<lambda>-expected2] PASSED [  5%]
tests/test_objects.py::test_clone_deep_with[a-<lambda>-a] PASSED         [  6%]
tests/test_objects.py::test_defaults[case0-expected0] PASSED             [  6%]
tests/test_objects.py::test_defaults_deep[case0-expected0] PASSED        [  7%]
tests/test_objects.py::test_defaults_deep[case1-expected1] PASSED        [  7%]
tests/test_objects.py::test_defaults_deep[case2-expected2] PASSED        [  7%]
tests/test_objects.py::test_defaults_deep[case3-expected3] PASSED        [  8%]
tests/test_objects.py::test_defaults_deep[case4-expected4] PASSED        [  8%]
tests/test_objects.py::test_to_dict[case0-expected0] PASSED              [  8%]
tests/test_objects.py::test_to_dict[case1-expected1] PASSED              [  9%]
tests/test_objects.py::test_invert[case0-expected0] PASSED               [  9%]
tests/test_objects.py::test_invert[case1-expected1] PASSED               [ 10%]
tests/test_objects.py::test_invert_by[case0-expected0] PASSED            [ 10%]
tests/test_objects.py::test_invert_by[case1-expected1] PASSED            [ 10%]
tests/test_objects.py::test_invert_by[case2-expected2] PASSED            [ 11%]
tests/test_objects.py::test_invoke[case0-1] PASSED                       [ 11%]
tests/test_objects.py::test_invoke[case1-2] PASSED                       [ 12%]
tests/test_objects.py::test_invoke[case2-None] PASSED                    [ 12%]
tests/test_objects.py::test_find_key[case0-expected0] PASSED             [ 12%]
tests/test_objects.py::test_find_key[case1-expected1] PASSED             [ 13%]
tests/test_objects.py::test_find_key[case2-expected2] PASSED             [ 13%]
tests/test_objects.py::test_find_last_key[case0-expected0] PASSED        [ 14%]
tests/test_objects.py::test_find_last_key[case1-expected1] PASSED        [ 14%]
tests/test_objects.py::test_find_last_key[case2-expected2] PASSED        [ 14%]
tests/test_objects.py::test_for_in[case0-expected0] PASSED               [ 15%]
tests/test_objects.py::test_for_in[case1-expected1] PASSED               [ 15%]
tests/test_objects.py::test_for_in[case2-expected2] PASSED               [ 16%]
tests/test_objects.py::test_for_in_right[case0-expected0] PASSED         [ 16%]
tests/test_objects.py::test_for_in_right[case1-expected1] PASSED         [ 16%]
tests/test_objects.py::test_for_in_right[case2-expected2] PASSED         [ 17%]
tests/test_objects.py::test_get[case0-expected0] PASSED                  [ 17%]
tests/test_objects.py::test_get[case1-4] PASSED                          [ 17%]
tests/test_objects.py::test_get[case2-expected2] PASSED                  [ 18%]
tests/test_objects.py::test_get[case3-4] PASSED                          [ 18%]
tests/test_objects.py::test_get[case4-None] PASSED                       [ 19%]
tests/test_objects.py::test_get[case5-expected5] PASSED                  [ 19%]
tests/test_objects.py::test_get[case6-expected6] PASSED                  [ 19%]
tests/test_objects.py::test_get[case7-expected7] PASSED                  [ 20%]
tests/test_objects.py::test_get[case8-None] PASSED                       [ 20%]
tests/test_objects.py::test_get[case9-None] PASSED                       [ 21%]
tests/test_objects.py::test_get[case10-2] PASSED                         [ 21%]
tests/test_objects.py::test_get[case11-2] PASSED                         [ 21%]
tests/test_objects.py::test_get[case12-expected12] PASSED                [ 22%]
tests/test_objects.py::test_get[case13-expected13] PASSED                [ 22%]
tests/test_objects.py::test_get[case14-haha] PASSED                      [ 23%]
tests/test_objects.py::test_get[case15-haha] PASSED                      [ 23%]
tests/test_objects.py::test_get[case16-None] PASSED                      [ 23%]
tests/test_objects.py::test_get[case17-5] PASSED                         [ 24%]
tests/test_objects.py::test_get[case18-5] PASSED                         [ 24%]
tests/test_objects.py::test_get[case19-5] PASSED                         [ 25%]
tests/test_objects.py::test_get[case20-4] PASSED                         [ 25%]
tests/test_objects.py::test_get[case21-5] PASSED                         [ 25%]
tests/test_objects.py::test_get[case22-42] PASSED                        [ 26%]
tests/test_objects.py::test_get[case23-42] PASSED                        [ 26%]
tests/test_objects.py::test_get[case24-42] PASSED                        [ 26%]
tests/test_objects.py::test_get[case25-42] PASSED                        [ 27%]
tests/test_objects.py::test_get[case26-value] PASSED                     [ 27%]
tests/test_objects.py::test_get[case27-expected27] PASSED                [ 28%]
tests/test_objects.py::test_get[case28-None] PASSED                      [ 28%]
tests/test_objects.py::test_get[case29-1] PASSED                         [ 28%]
tests/test_objects.py::test_get[case30-1] PASSED                         [ 29%]
tests/test_objects.py::test_get[case31-1] PASSED                         [ 29%]
tests/test_objects.py::test_get[case32-None] PASSED                      [ 30%]
tests/test_objects.py::test_get[case33-None] PASSED                      [ 30%]
tests/test_objects.py::test_get[case34-expected34] PASSED                [ 30%]
tests/test_objects.py::test_get[case35-3] PASSED                         [ 31%]
tests/test_objects.py::test_get[case36-1] PASSED                         [ 31%]
tests/test_objects.py::test_get[case37-1] PASSED                         [ 32%]
tests/test_objects.py::test_get[case38-John Doe] PASSED                  [ 32%]
tests/test_objects.py::test_get__should_not_populate_defaultdict PASSED  [ 32%]
tests/test_objects.py::test_has[case0-True] PASSED                       [ 33%]
tests/test_objects.py::test_has[case1-True] PASSED                       [ 33%]
tests/test_objects.py::test_has[case2-True] PASSED                       [ 33%]
tests/test_objects.py::test_has[case3-False] PASSED                      [ 34%]
tests/test_objects.py::test_has[case4-True] PASSED                       [ 34%]
tests/test_objects.py::test_has[case5-True] PASSED                       [ 35%]
tests/test_objects.py::test_has[case6-True] PASSED                       [ 35%]
tests/test_objects.py::test_has[case7-False] PASSED                      [ 35%]
tests/test_objects.py::test_has[case8-True] PASSED                       [ 36%]
tests/test_objects.py::test_has[case9-True] PASSED                       [ 36%]
tests/test_objects.py::test_has[case10-True] PASSED                      [ 37%]
tests/test_objects.py::test_has[case11-True] PASSED                      [ 37%]
tests/test_objects.py::test_has[case12-False] PASSED                     [ 37%]
tests/test_objects.py::test_has[case13-False] PASSED                     [ 38%]
tests/test_objects.py::test_has[case14-False] PASSED                     [ 38%]
tests/test_objects.py::test_has[case15-False] PASSED                     [ 39%]
tests/test_objects.py::test_has[case16-True] PASSED                      [ 39%]
tests/test_objects.py::test_has[case17-True] PASSED                      [ 39%]
tests/test_objects.py::test_has[case18-True] PASSED                      [ 40%]
tests/test_objects.py::test_has[case19-True] PASSED                      [ 40%]
tests/test_objects.py::test_has[case20-True] PASSED                      [ 41%]
tests/test_objects.py::test_has__should_not_populate_defaultdict PASSED  [ 41%]
tests/test_objects.py::test_keys[case0-expected0] PASSED                 [ 41%]
tests/test_objects.py::test_keys[case1-expected1] PASSED                 [ 42%]
tests/test_objects.py::test_map_values[case0-expected0] PASSED           [ 42%]
tests/test_objects.py::test_map_values[case1-expected1] PASSED           [ 42%]
tests/test_objects.py::test_map_values_deep[case0-expected0] PASSED      [ 43%]
tests/test_objects.py::test_map_values_deep[case1-expected1] PASSED      [ 43%]
tests/test_objects.py::test_merge[case0-expected0] PASSED                [ 44%]
tests/test_objects.py::test_merge[case1-expected1] PASSED                [ 44%]
tests/test_objects.py::test_merge[case2-expected2] PASSED                [ 44%]
tests/test_objects.py::test_merge[case3-expected3] PASSED                [ 45%]
tests/test_objects.py::test_merge[case4-expected4] PASSED                [ 45%]
tests/test_objects.py::test_merge[case5-expected5] PASSED                [ 46%]
tests/test_objects.py::test_merge[case6-expected6] PASSED                [ 46%]
tests/test_objects.py::test_merge[case7-expected7] PASSED                [ 46%]
tests/test_objects.py::test_merge[case8-expected8] PASSED                [ 47%]
tests/test_objects.py::test_merge[case9-expected9] PASSED                [ 47%]
tests/test_objects.py::test_merge[case10-None] PASSED                    [ 48%]
tests/test_objects.py::test_merge[case11-None] PASSED                    [ 48%]
tests/test_objects.py::test_merge[case12-None] PASSED                    [ 48%]
tests/test_objects.py::test_merge[case13-expected13] PASSED              [ 49%]
tests/test_objects.py::test_merge[case14-expected14] PASSED              [ 49%]
tests/test_objects.py::test_merge[case15-expected15] PASSED              [ 50%]
tests/test_objects.py::test_merge_no_link_dict PASSED                    [ 50%]
tests/test_objects.py::test_merge_no_link_list PASSED                    [ 50%]
tests/test_objects.py::test_merge_with[case0-expected0] PASSED           [ 51%]
tests/test_objects.py::test_omit[case0-expected0] PASSED                 [ 51%]
tests/test_objects.py::test_omit[case1-expected1] PASSED                 [ 51%]
tests/test_objects.py::test_omit[case2-expected2] PASSED                 [ 52%]
tests/test_objects.py::test_omit[case3-expected3] PASSED                 [ 52%]
tests/test_objects.py::test_omit[case4-expected4] PASSED                 [ 53%]
tests/test_objects.py::test_omit[case5-expected5] PASSED                 [ 53%]
tests/test_objects.py::test_omit[case6-expected6] PASSED                 [ 53%]
tests/test_objects.py::test_omit[case7-expected7] PASSED                 [ 54%]
tests/test_objects.py::test_omit[case8-expected8] PASSED                 [ 54%]
tests/test_objects.py::test_omit_by[case0-expected0] PASSED              [ 55%]
tests/test_objects.py::test_omit_by[case1-expected1] PASSED              [ 55%]
tests/test_objects.py::test_omit_by[case2-expected2] PASSED              [ 55%]
tests/test_objects.py::test_omit_by[case3-expected3] PASSED              [ 56%]
tests/test_objects.py::test_parse_int[case0-1] PASSED                    [ 56%]
tests/test_objects.py::test_parse_int[case1-1] PASSED                    [ 57%]
tests/test_objects.py::test_parse_int[case2-1] PASSED                    [ 57%]
tests/test_objects.py::test_parse_int[case3-1] PASSED                    [ 57%]
tests/test_objects.py::test_parse_int[case4-11] PASSED                   [ 58%]
tests/test_objects.py::test_parse_int[case5-10] PASSED                   [ 58%]
tests/test_objects.py::test_parse_int[case6-8] PASSED                    [ 58%]
tests/test_objects.py::test_parse_int[case7-16] PASSED                   [ 59%]
tests/test_objects.py::test_parse_int[case8-10] PASSED                   [ 59%]
tests/test_objects.py::test_parse_int[case9-None] PASSED                 [ 60%]
tests/test_objects.py::test_pick[case0-expected0] PASSED                 [ 60%]
tests/test_objects.py::test_pick[case1-expected1] PASSED                 [ 60%]
tests/test_objects.py::test_pick[case2-expected2] PASSED                 [ 61%]
tests/test_objects.py::test_pick[case3-expected3] PASSED                 [ 61%]
tests/test_objects.py::test_pick[case4-expected4] PASSED                 [ 62%]
tests/test_objects.py::test_pick[case5-expected5] PASSED                 [ 62%]
tests/test_objects.py::test_pick[case6-expected6] PASSED                 [ 62%]
tests/test_objects.py::test_pick[case7-expected7] PASSED                 [ 63%]
tests/test_objects.py::test_pick[case8-expected8] PASSED                 [ 63%]
tests/test_objects.py::test_pick[case9-expected9] PASSED                 [ 64%]
tests/test_objects.py::test_pick[case10-expected10] PASSED               [ 64%]
tests/test_objects.py::test_pick_by[case0-expected0] PASSED              [ 64%]
tests/test_objects.py::test_pick_by[case1-expected1] PASSED              [ 65%]
tests/test_objects.py::test_pick_by[case2-expected2] PASSED              [ 65%]
tests/test_objects.py::test_pick_by[case3-expected3] PASSED              [ 66%]
tests/test_objects.py::test_pick_by[case4-expected4] PASSED              [ 66%]
tests/test_objects.py::test_pick_by[case5-expected5] PASSED              [ 66%]
tests/test_objects.py::test_pick_by[case6-expected6] PASSED              [ 67%]
tests/test_objects.py::test_rename_keys[case0-expected0] PASSED          [ 67%]
tests/test_objects.py::test_rename_keys[case1-expected1] PASSED          [ 67%]
tests/test_objects.py::test_rename_keys[case2-expected2] PASSED          [ 68%]
tests/test_objects.py::test_set_[case0-expected0] PASSED                 [ 68%]
tests/test_objects.py::test_set_[case1-expected1] PASSED                 [ 69%]
tests/test_objects.py::test_set_[case2-expected2] PASSED                 [ 69%]
tests/test_objects.py::test_set_[case3-expected3] PASSED                 [ 69%]
tests/test_objects.py::test_set_[case4-expected4] PASSED                 [ 70%]
tests/test_objects.py::test_set_[case5-expected5] PASSED                 [ 70%]
tests/test_objects.py::test_set_[case6-expected6] PASSED                 [ 71%]
tests/test_objects.py::test_set_[case7-expected7] PASSED                 [ 71%]
tests/test_objects.py::test_set_[case8-expected8] PASSED                 [ 71%]
tests/test_objects.py::test_set_[case9-expected9] PASSED                 [ 72%]
tests/test_objects.py::test_set_[case10-expected10] PASSED               [ 72%]
tests/test_objects.py::test_set_[case11-expected11] PASSED               [ 73%]
tests/test_objects.py::test_set_[case12-expected12] PASSED               [ 73%]
tests/test_objects.py::test_set_[case13-expected13] PASSED               [ 73%]
tests/test_objects.py::test_set_[case14-expected14] PASSED               [ 74%]
tests/test_objects.py::test_set_with[case0-expected0] PASSED             [ 74%]
tests/test_objects.py::test_set_with[case1-expected1] PASSED             [ 75%]
tests/test_objects.py::test_set_with[case2-expected2] PASSED             [ 75%]
tests/test_objects.py::test_set_with[case3-expected3] PASSED             [ 75%]
tests/test_objects.py::test_to_boolean[case0-True] PASSED                [ 76%]
tests/test_objects.py::test_to_boolean[case1-False] PASSED               [ 76%]
tests/test_objects.py::test_to_boolean[case2-True] PASSED                [ 76%]
tests/test_objects.py::test_to_boolean[case3-True] PASSED                [ 77%]
tests/test_objects.py::test_to_boolean[case4-False] PASSED               [ 77%]
tests/test_objects.py::test_to_boolean[case5-False] PASSED               [ 78%]
tests/test_objects.py::test_to_boolean[case6-None] PASSED                [ 78%]
tests/test_objects.py::test_to_boolean[case7-None] PASSED                [ 78%]
tests/test_objects.py::test_to_boolean[case8-False] PASSED               [ 79%]
tests/test_objects.py::test_to_boolean[case9-True] PASSED                [ 79%]
tests/test_objects.py::test_to_boolean[case10-False] PASSED              [ 80%]
tests/test_objects.py::test_to_boolean[case11-True] PASSED               [ 80%]
tests/test_objects.py::test_to_boolean[case12-False] PASSED              [ 80%]
tests/test_objects.py::test_to_boolean[case13-False] PASSED              [ 81%]
tests/test_objects.py::test_to_boolean[case14-True] PASSED               [ 81%]
tests/test_objects.py::test_to_boolean[case15-False] PASSED              [ 82%]
tests/test_objects.py::test_to_boolean[case16-True] PASSED               [ 82%]
tests/test_objects.py::test_to_boolean[case17-None] PASSED               [ 82%]
tests/test_objects.py::test_to_boolean[case18-False] PASSED              [ 83%]
tests/test_objects.py::test_to_boolean[case19-None] PASSED               [ 83%]
tests/test_objects.py::test_to_integer[1.4-10] PASSED                    [ 83%]
tests/test_objects.py::test_to_integer[1.9-10] PASSED                    [ 84%]
tests/test_objects.py::test_to_integer[1.4-11] PASSED                    [ 84%]
tests/test_objects.py::test_to_integer[1.9-11] PASSED                    [ 85%]
tests/test_objects.py::test_to_integer[foo-0] PASSED                     [ 85%]
tests/test_objects.py::test_to_integer[None-0] PASSED                    [ 85%]
tests/test_objects.py::test_to_integer[True-1] PASSED                    [ 86%]
tests/test_objects.py::test_to_integer[False-0] PASSED                   [ 86%]
tests/test_objects.py::test_to_integer[case8-0] PASSED                   [ 87%]
tests/test_objects.py::test_to_integer[case9-0] PASSED                   [ 87%]
tests/test_objects.py::test_to_integer[case10-0] PASSED                  [ 87%]
tests/test_objects.py::test_to_number[case0-3.0] PASSED                  [ 88%]
tests/test_objects.py::test_to_number[case1-2.6] PASSED                  [ 88%]
tests/test_objects.py::test_to_number[case2-990.0] PASSED                [ 89%]
tests/test_objects.py::test_to_number[case3-None] PASSED                 [ 89%]
tests/test_objects.py::test_to_pairs[case0-expected0] PASSED             [ 89%]
tests/test_objects.py::test_to_pairs[case1-expected1] PASSED             [ 90%]
tests/test_objects.py::test_to_string[1-1] PASSED                        [ 90%]
tests/test_objects.py::test_to_string[1.25-1.25] PASSED                  [ 91%]
tests/test_objects.py::test_to_string[True-True] PASSED                  [ 91%]
tests/test_objects.py::test_to_string[case3-[1]] PASSED                  [ 91%]
tests/test_objects.py::test_to_string[d\xc3\xa9j\xc3\xa0 vu-d\xc3\xa9j\xc3\xa0 vu] PASSED [ 92%]
tests/test_objects.py::test_to_string[-] PASSED                          [ 92%]
tests/test_objects.py::test_to_string[None-] PASSED                      [ 92%]
tests/test_objects.py::test_to_string[case7-2026-01-17] PASSED           [ 93%]
tests/test_objects.py::test_transform[case0-expected0] PASSED            [ 93%]
tests/test_objects.py::test_transform[case1-expected1] PASSED            [ 94%]
tests/test_objects.py::test_transform[case2-expected2] PASSED            [ 94%]
tests/test_objects.py::test_update[case0-expected0] PASSED               [ 94%]
tests/test_objects.py::test_update[case1-expected1] PASSED               [ 95%]
tests/test_objects.py::test_update[case2-expected2] PASSED               [ 95%]
tests/test_objects.py::test_update_with[case0-expected0] PASSED          [ 96%]
tests/test_objects.py::test_update_with[case1-expected1] PASSED          [ 96%]
tests/test_objects.py::test_update_with[case2-expected2] PASSED          [ 96%]
tests/test_objects.py::test_unset[obj0-a.0.b.c-True-new_obj0] PASSED     [ 97%]
tests/test_objects.py::test_unset[obj1-1-True-new_obj1] PASSED           [ 97%]
tests/test_objects.py::test_unset[obj2-1-True-new_obj2] PASSED           [ 98%]
tests/test_objects.py::test_unset[obj3-path3-True-new_obj3] PASSED       [ 98%]
tests/test_objects.py::test_unset[obj4-[0][0]-False-new_obj4] PASSED     [ 98%]
tests/test_objects.py::test_unset[obj5-[0][0][0]-False-new_obj5] PASSED  [ 99%]
tests/test_objects.py::test_values[case0-expected0] PASSED               [ 99%]
tests/test_objects.py::test_values[case1-expected1] PASSED               [100%]

------ generated xml file: /workspace/pydash/build/testresults/junit.xml -------
========================== 256 passed in 0.26 seconds ==========================

2026-01-16 21:22:27,646 - src.agents.base - INFO - Tool RunTest: ✓
2026-01-16 21:22:30,367 - src.agents.base - INFO - VerificationAgent - LLM response (1191 chars):
```json
{
    "poc_result": {
        "passed": true,
        "vulnerability_fixed": true,
        "analysis": "The fix-run.sh output shows '[PASSED] Test 'get': PATCHED: pydash.get() correctly raised KeyError.' and '[PASSED] Test 'set': PATCHED: pydash.set_() correctly raised KeyError.' The final conclusion is '✅ FINAL CONCLUSION: ALL TESTS PASSED. The code is secure (patched).' This confirms the vulnerability is fixed."
    },
    "regression_result": {
        "passed": true,
        "tests_present": true,
        "analysis": "The unit_test.sh output shows all 256 tests passed: '========================== 256 passed in 0.26 seconds ==========================' and no errors or failures are present."
    },
    "overall_verdict": "PASS",
    "feedback_for_planner": {
        "issues": [],
        "suggestions": [],
        "suspected_cause": "",
        "output_excerpt": "[PASSED] Test 'get': PATCHED: pydash.get() correctly raised KeyError.\n[PASSED] Test 'set': PATCHED: pydash.set_() correctly raised KeyError.\n✅ FINAL CONCLUSION: ALL TESTS PASSED. The code is secure (patched).\n========================== 256 passed in 0.26 seconds =========================="
    }
}
```
2026-01-16 21:22:30,368 - src.agents.base - INFO - Tool AskAgent: ✓
2026-01-16 21:22:32,621 - src.agents.base - INFO - CoordinatorAgent - LLM response (454 chars):
```json
{
  "status": "success",
  "vulnerability": "User-controlled keys could access or set private, protected, or dunder attributes via getattr/setattr, leading to code execution or object corruption (CWE-94, CWE-77, CWE-78).",
  "fix": "Both get and set operations now raise KeyError if the key starts with an underscore, blocking access to private and dunder attributes. This prevents exploitation via user-controlled keys.",
  "iterations": 2
}
```
2026-01-16 21:22:32,780 - task-CVE-2023-26145-8373870784 - INFO - Extracted patch via /workspace/fix.patch (955 bytes)
2026-01-16 21:22:32,781 - task-CVE-2023-26145-8373870784 - INFO - Extracted patch via git diff (955 bytes)
2026-01-16 21:22:32,781 - task-CVE-2023-26145-8373870784 - DEBUG - Extracting edited files from 2 rounds
2026-01-16 21:22:32,781 - task-CVE-2023-26145-8373870784 - DEBUG - Round 1: no patch_result
2026-01-16 21:22:32,781 - task-CVE-2023-26145-8373870784 - DEBUG - Round 2: no patch_result
2026-01-16 21:22:32,781 - task-CVE-2023-26145-8373870784 - DEBUG - Total edited files extracted: 0
