2026-01-17 00:09:16,147 - orchestrator - INFO - Starting single-agent patching run for CVE-2021-39163
2026-01-17 00:09:16,147 - orchestrator - INFO - Starting single-agent patching run for CVE-2021-39163
2026-01-17 00:09:16,148 - orchestrator - INFO - Using container: single_agent_cve-2021-39163_d7012882, work_dir: /workspace/synapse
2026-01-17 00:09:16,148 - orchestrator - INFO - Using container: single_agent_cve-2021-39163_d7012882, work_dir: /workspace/synapse
2026-01-17 00:09:16,148 - src.agents.base - INFO - SingleAgent - LLM call prompt (2732 chars):
## Your Mission

Fix the security vulnerability in this codebase.

## Vulnerability Details

**CVE:** CVE-2021-39163
**CWE:** ['CWE-863']
**Affected File:** synapse/groups/groups_server.py

**Vulnerable Locations:**
Not provided

### Description
No description provided. You'll need to investigate.

### Vulnerable Code Snippet (may be stale vs line numbers)
```Python
    async def get_rooms_in_group(
        self, group_id: str, requester_user_id: str
    ) -> JsonDict:
        """Get the rooms in group as seen by requester_user_id

        This returns rooms in order of decreasing number of joined users
        """

        await self.check_group_is_ours(group_id, requester_user_id, and_exists=True)

        is_user_in_group = await self.store.is_user_in_group(
            requester_user_id, group_id
        )

        room_results = await self.store.get_rooms_in_group(
            group_id, include_private=is_user_in_group
        )

        chunk = []
        for room_result in room_results:
            room_id = room_result["room_id"]

            joined_users = await self.store.get_users_in_room(room_id)
            entry = await self.room_list_handler.generate_room_entry(
                room_id, len(joined_users), with_alias=False, allow_private=True
            )

            if not entry:
                continue

            entry["is_public"] = bool(room_result["is_public"])

            chunk.append(entry)

        chunk.sort(key=lambda e: -e["num_joined_members"])

        return {"chunk": chunk, "total_room_count_estimate": len(room_results)}
```

## Your Task

Execute the complete patching workflow autonomously:

1. **ANALYZE**: Read and understand the vulnerable code
   - Use ReadFile to examine the full file
   - Use FindClass to understand dependencies
   - Identify the root cause based on CWE/CVE information
   - Account for **all** listed vulnerable locations (multiple hunks/files may be affected)

2. **PLAN**: Formulate your fix strategy
   - Decide what needs to change and why
   - Consider security completeness and edge cases
   - Keep changes minimal and focused

3. **IMPLEMENT**: Apply the patch
   - Use EditCode to modify the vulnerable code
   - Ensure complete, valid, syntactically correct code
   - Preserve existing style and conventions

4. **VERIFY**: Run tests to validate
   - Use RunTest to execute PoC and unit tests
   - Read test output carefully to determine pass/fail
   - Verify both security fix and no regressions

5. **ITERATE**: If tests fail, adjust and retry
   - Analyze what went wrong
   - Try a different approach
   - Don't repeat the same mistake

You have all the tools and knowledge you need. Work autonomously and systematically.

Begin!

2026-01-17 00:09:16,148 - src.agents.base - INFO - SingleAgent - LLM call prompt (2732 chars):
## Your Mission

Fix the security vulnerability in this codebase.

## Vulnerability Details

**CVE:** CVE-2021-39163
**CWE:** ['CWE-863']
**Affected File:** synapse/groups/groups_server.py

**Vulnerable Locations:**
Not provided

### Description
No description provided. You'll need to investigate.

### Vulnerable Code Snippet (may be stale vs line numbers)
```Python
    async def get_rooms_in_group(
        self, group_id: str, requester_user_id: str
    ) -> JsonDict:
        """Get the rooms in group as seen by requester_user_id

        This returns rooms in order of decreasing number of joined users
        """

        await self.check_group_is_ours(group_id, requester_user_id, and_exists=True)

        is_user_in_group = await self.store.is_user_in_group(
            requester_user_id, group_id
        )

        room_results = await self.store.get_rooms_in_group(
            group_id, include_private=is_user_in_group
        )

        chunk = []
        for room_result in room_results:
            room_id = room_result["room_id"]

            joined_users = await self.store.get_users_in_room(room_id)
            entry = await self.room_list_handler.generate_room_entry(
                room_id, len(joined_users), with_alias=False, allow_private=True
            )

            if not entry:
                continue

            entry["is_public"] = bool(room_result["is_public"])

            chunk.append(entry)

        chunk.sort(key=lambda e: -e["num_joined_members"])

        return {"chunk": chunk, "total_room_count_estimate": len(room_results)}
```

## Your Task

Execute the complete patching workflow autonomously:

1. **ANALYZE**: Read and understand the vulnerable code
   - Use ReadFile to examine the full file
   - Use FindClass to understand dependencies
   - Identify the root cause based on CWE/CVE information
   - Account for **all** listed vulnerable locations (multiple hunks/files may be affected)

2. **PLAN**: Formulate your fix strategy
   - Decide what needs to change and why
   - Consider security completeness and edge cases
   - Keep changes minimal and focused

3. **IMPLEMENT**: Apply the patch
   - Use EditCode to modify the vulnerable code
   - Ensure complete, valid, syntactically correct code
   - Preserve existing style and conventions

4. **VERIFY**: Run tests to validate
   - Use RunTest to execute PoC and unit tests
   - Read test output carefully to determine pass/fail
   - Verify both security fix and no regressions

5. **ITERATE**: If tests fail, adjust and retry
   - Analyze what went wrong
   - Try a different approach
   - Don't repeat the same mistake

You have all the tools and knowledge you need. Work autonomously and systematically.

Begin!

2026-01-17 00:09:17,093 - src.agents.base - INFO - SingleAgent executing tool: ReadFile
2026-01-17 00:09:17,093 - src.agents.base - INFO - SingleAgent executing tool: ReadFile
2026-01-17 00:09:17,093 - src.agents.base - INFO - Tool arguments:
{
  "file_path": "synapse/groups/groups_server.py",
  "start_line": 1,
  "end_line": 60
}
2026-01-17 00:09:17,093 - src.agents.base - INFO - Tool arguments:
{
  "file_path": "synapse/groups/groups_server.py",
  "start_line": 1,
  "end_line": 60
}
2026-01-17 00:09:17,317 - src.agents.base - INFO - Tool ReadFile: ✓
2026-01-17 00:09:17,317 - src.agents.base - INFO - Tool ReadFile: ✓
2026-01-17 00:09:18,146 - src.agents.base - INFO - SingleAgent executing tool: ReadFile
2026-01-17 00:09:18,146 - src.agents.base - INFO - SingleAgent executing tool: ReadFile
2026-01-17 00:09:18,146 - src.agents.base - INFO - Tool arguments:
{
  "file_path": "synapse/groups/groups_server.py",
  "start_line": 61,
  "end_line": 120
}
2026-01-17 00:09:18,146 - src.agents.base - INFO - Tool arguments:
{
  "file_path": "synapse/groups/groups_server.py",
  "start_line": 61,
  "end_line": 120
}
2026-01-17 00:09:18,277 - src.agents.base - INFO - Tool ReadFile: ✓
2026-01-17 00:09:18,277 - src.agents.base - INFO - Tool ReadFile: ✓
2026-01-17 00:09:19,080 - src.agents.base - INFO - SingleAgent executing tool: ReadFile
2026-01-17 00:09:19,080 - src.agents.base - INFO - SingleAgent executing tool: ReadFile
2026-01-17 00:09:19,080 - src.agents.base - INFO - Tool arguments:
{
  "file_path": "synapse/groups/groups_server.py",
  "start_line": 121,
  "end_line": 180
}
2026-01-17 00:09:19,080 - src.agents.base - INFO - Tool arguments:
{
  "file_path": "synapse/groups/groups_server.py",
  "start_line": 121,
  "end_line": 180
}
2026-01-17 00:09:19,232 - src.agents.base - INFO - Tool ReadFile: ✓
2026-01-17 00:09:19,232 - src.agents.base - INFO - Tool ReadFile: ✓
2026-01-17 00:09:19,987 - src.agents.base - INFO - SingleAgent executing tool: ReadFile
2026-01-17 00:09:19,987 - src.agents.base - INFO - SingleAgent executing tool: ReadFile
2026-01-17 00:09:19,987 - src.agents.base - INFO - Tool arguments:
{
  "file_path": "synapse/groups/groups_server.py",
  "start_line": 181,
  "end_line": 240
}
2026-01-17 00:09:19,987 - src.agents.base - INFO - Tool arguments:
{
  "file_path": "synapse/groups/groups_server.py",
  "start_line": 181,
  "end_line": 240
}
2026-01-17 00:09:20,133 - src.agents.base - INFO - Tool ReadFile: ✓
2026-01-17 00:09:20,133 - src.agents.base - INFO - Tool ReadFile: ✓
2026-01-17 00:09:21,130 - src.agents.base - INFO - SingleAgent executing tool: ReadFile
2026-01-17 00:09:21,130 - src.agents.base - INFO - SingleAgent executing tool: ReadFile
2026-01-17 00:09:21,131 - src.agents.base - INFO - Tool arguments:
{
  "file_path": "synapse/groups/groups_server.py",
  "start_line": 241,
  "end_line": 300
}
2026-01-17 00:09:21,131 - src.agents.base - INFO - Tool arguments:
{
  "file_path": "synapse/groups/groups_server.py",
  "start_line": 241,
  "end_line": 300
}
2026-01-17 00:09:21,281 - src.agents.base - INFO - Tool ReadFile: ✓
2026-01-17 00:09:21,281 - src.agents.base - INFO - Tool ReadFile: ✓
2026-01-17 00:09:22,038 - src.agents.base - INFO - SingleAgent executing tool: ReadFile
2026-01-17 00:09:22,038 - src.agents.base - INFO - SingleAgent executing tool: ReadFile
2026-01-17 00:09:22,038 - src.agents.base - INFO - Tool arguments:
{
  "file_path": "synapse/groups/groups_server.py",
  "start_line": 301,
  "end_line": 360
}
2026-01-17 00:09:22,038 - src.agents.base - INFO - Tool arguments:
{
  "file_path": "synapse/groups/groups_server.py",
  "start_line": 301,
  "end_line": 360
}
2026-01-17 00:09:22,177 - src.agents.base - INFO - Tool ReadFile: ✓
2026-01-17 00:09:22,177 - src.agents.base - INFO - Tool ReadFile: ✓
2026-01-17 00:09:23,062 - src.agents.base - INFO - SingleAgent executing tool: FindClass
2026-01-17 00:09:23,062 - src.agents.base - INFO - SingleAgent executing tool: FindClass
2026-01-17 00:09:23,062 - src.agents.base - INFO - Tool arguments:
{
  "symbol_name": "get_rooms_in_group",
  "search_type": "usage",
  "file_pattern": "*.py"
}
2026-01-17 00:09:23,062 - src.agents.base - INFO - Tool arguments:
{
  "symbol_name": "get_rooms_in_group",
  "search_type": "usage",
  "file_pattern": "*.py"
}
2026-01-17 00:09:23,248 - src.agents.base - INFO - Tool FindClass: ✓
2026-01-17 00:09:23,248 - src.agents.base - INFO - Tool FindClass: ✓
2026-01-17 00:09:24,188 - src.agents.base - INFO - SingleAgent executing tool: FindClass
2026-01-17 00:09:24,188 - src.agents.base - INFO - SingleAgent executing tool: FindClass
2026-01-17 00:09:24,188 - src.agents.base - INFO - Tool arguments:
{
  "symbol_name": "get_rooms_in_group",
  "search_type": "usage",
  "file_pattern": "synapse/rest/client/groups.py"
}
2026-01-17 00:09:24,188 - src.agents.base - INFO - Tool arguments:
{
  "symbol_name": "get_rooms_in_group",
  "search_type": "usage",
  "file_pattern": "synapse/rest/client/groups.py"
}
2026-01-17 00:09:24,338 - src.agents.base - INFO - Tool FindClass: ✓
2026-01-17 00:09:24,338 - src.agents.base - INFO - Tool FindClass: ✓
2026-01-17 00:09:25,317 - src.agents.base - INFO - SingleAgent executing tool: ReadFile
2026-01-17 00:09:25,317 - src.agents.base - INFO - SingleAgent executing tool: ReadFile
2026-01-17 00:09:25,318 - src.agents.base - INFO - Tool arguments:
{
  "file_path": "synapse/rest/client/groups.py",
  "start_line": 470,
  "end_line": 500
}
2026-01-17 00:09:25,318 - src.agents.base - INFO - Tool arguments:
{
  "file_path": "synapse/rest/client/groups.py",
  "start_line": 470,
  "end_line": 500
}
2026-01-17 00:09:25,452 - src.agents.base - INFO - Tool ReadFile: ✓
2026-01-17 00:09:25,452 - src.agents.base - INFO - Tool ReadFile: ✓
2026-01-17 00:09:26,170 - src.agents.base - INFO - SingleAgent executing tool: ReadFile
2026-01-17 00:09:26,170 - src.agents.base - INFO - SingleAgent executing tool: ReadFile
2026-01-17 00:09:26,171 - src.agents.base - INFO - Tool arguments:
{
  "file_path": "synapse/handlers/groups_local.py",
  "start_line": 1,
  "end_line": 100
}
2026-01-17 00:09:26,171 - src.agents.base - INFO - Tool arguments:
{
  "file_path": "synapse/handlers/groups_local.py",
  "start_line": 1,
  "end_line": 100
}
2026-01-17 00:09:26,311 - src.agents.base - INFO - Tool ReadFile: ✓
2026-01-17 00:09:26,311 - src.agents.base - INFO - Tool ReadFile: ✓
2026-01-17 00:09:27,158 - src.agents.base - INFO - SingleAgent executing tool: ReadFile
2026-01-17 00:09:27,158 - src.agents.base - INFO - SingleAgent executing tool: ReadFile
2026-01-17 00:09:27,158 - src.agents.base - INFO - Tool arguments:
{
  "file_path": "synapse/storage/databases/main/group_server.py",
  "start_line": 80,
  "end_line": 140
}
2026-01-17 00:09:27,158 - src.agents.base - INFO - Tool arguments:
{
  "file_path": "synapse/storage/databases/main/group_server.py",
  "start_line": 80,
  "end_line": 140
}
2026-01-17 00:09:27,288 - src.agents.base - INFO - Tool ReadFile: ✓
2026-01-17 00:09:27,288 - src.agents.base - INFO - Tool ReadFile: ✓
2026-01-17 00:09:28,180 - src.agents.base - INFO - SingleAgent executing tool: ReadFile
2026-01-17 00:09:28,180 - src.agents.base - INFO - SingleAgent executing tool: ReadFile
2026-01-17 00:09:28,181 - src.agents.base - INFO - Tool arguments:
{
  "file_path": "synapse/groups/groups_server.py",
  "start_line": 1,
  "end_line": 400
}
2026-01-17 00:09:28,181 - src.agents.base - INFO - Tool arguments:
{
  "file_path": "synapse/groups/groups_server.py",
  "start_line": 1,
  "end_line": 400
}
2026-01-17 00:09:28,328 - src.agents.base - INFO - Tool ReadFile: ✓
2026-01-17 00:09:28,328 - src.agents.base - INFO - Tool ReadFile: ✓
2026-01-17 00:09:29,208 - src.agents.base - INFO - SingleAgent executing tool: ReadFile
2026-01-17 00:09:29,208 - src.agents.base - INFO - SingleAgent executing tool: ReadFile
2026-01-17 00:09:29,209 - src.agents.base - INFO - Tool arguments:
{
  "file_path": "synapse/groups/groups_server.py",
  "start_line": 1,
  "end_line": 60
}
2026-01-17 00:09:29,209 - src.agents.base - INFO - Tool arguments:
{
  "file_path": "synapse/groups/groups_server.py",
  "start_line": 1,
  "end_line": 60
}
2026-01-17 00:09:29,355 - src.agents.base - INFO - Tool ReadFile: ✓
2026-01-17 00:09:29,355 - src.agents.base - INFO - Tool ReadFile: ✓
2026-01-17 00:09:37,275 - src.agents.base - INFO - SingleAgent executing tool: ReadFile
2026-01-17 00:09:37,275 - src.agents.base - INFO - SingleAgent executing tool: ReadFile
2026-01-17 00:09:37,275 - src.agents.base - INFO - Tool arguments:
{
  "file_path": "synapse/groups/groups_server.py",
  "start_line": 321,
  "end_line": 358
}
2026-01-17 00:09:37,275 - src.agents.base - INFO - Tool arguments:
{
  "file_path": "synapse/groups/groups_server.py",
  "start_line": 321,
  "end_line": 358
}
2026-01-17 00:09:37,420 - src.agents.base - INFO - Tool ReadFile: ✓
2026-01-17 00:09:37,420 - src.agents.base - INFO - Tool ReadFile: ✓
2026-01-17 00:09:41,597 - src.agents.base - INFO - SingleAgent executing tool: EditCode
2026-01-17 00:09:41,597 - src.agents.base - INFO - SingleAgent executing tool: EditCode
2026-01-17 00:09:41,597 - src.agents.base - INFO - Tool arguments:
{
  "file_path": "synapse/groups/groups_server.py",
  "old_code": "    async def get_rooms_in_group(\n        self, group_id: str, requester_user_id: str\n    ) -> JsonDict:\n        \"\"\"Get the rooms in group as seen by requester_user_id\n\n        This returns rooms in order of decreasing number of joined users\n        \"\"\"\n\n        await self.check_group_is_ours(group_id, requester_user_id, and_exists=True)\n\n        is_user_in_group = await self.store.is_user_in_group(\n            requester_user_id, group_id\n        )\n\n        room_results = await self.store.get_rooms_in_group(\n            group_id, include_private=is_user_in_group\n        )\n\n        chunk = []\n        for room_result in room_results:\n            room_id = room_result[\"room_id\"]\n\n            joined_users = await self.store.get_users_in_room(room_id)\n            entry = await self.room_list_handler.generate_room_entry(\n                room_id, len(joined_users), with_alias=False, allow_private=True\n            )\n\n            if not entry:\n                continue\n\n            entry[\"is_public\"] = bool(room_result[\"is_public\"])\n\n            chunk.append(entry)\n\n        chunk.sort(key=lambda e: -e[\"num_joined_members\"])\n\n        return {\"chunk\": chunk, \"total_room_count_estimate\": len(room_results)}",
  "new_code": "    async def get_rooms_in_group(\n        self, group_id: str, requester_user_id: str\n    ) -> JsonDict:\n        \"\"\"Get the rooms in group as seen by requester_user_id\n\n        This returns rooms in order of decreasing number of joined users\n        \"\"\"\n\n        group = await self.check_group_is_ours(group_id, requester_user_id, and_exists=True)\n\n        is_user_in_group = await self.store.is_user_in_group(\n            requester_user_id, group_id\n        )\n\n        # If the group is not public and the user is not a member, forbid access\n        if group and not group.get(\"is_public\", False) and not is_user_in_group:\n            raise SynapseError(403, \"You are not a member of this group\")\n\n        room_results = await self.store.get_rooms_in_group(\n            group_id, include_private=is_user_in_group\n        )\n\n        chunk = []\n        for room_result in room_results:\n            room_id = room_result[\"room_id\"]\n\n            joined_users = await self.store.get_users_in_room(room_id)\n            entry = await self.room_list_handler.generate_room_entry(\n                room_id, len(joined_users), with_alias=False, allow_private=True\n            )\n\n            if not entry:\n                continue\n\n            entry[\"is_public\"] = bool(room_result[\"is_public\"])\n\n            chunk.append(entry)\n\n        chunk.sort(key=lambda e: -e[\"num_joined_members\"])\n\n        return {\"chunk\": chunk, \"total_room_count_estimate\": len(room_results)}",
  "fuzzy_match": true,
  "skip_validation": false
}
2026-01-17 00:09:41,597 - src.agents.base - INFO - Tool arguments:
{
  "file_path": "synapse/groups/groups_server.py",
  "old_code": "    async def get_rooms_in_group(\n        self, group_id: str, requester_user_id: str\n    ) -> JsonDict:\n        \"\"\"Get the rooms in group as seen by requester_user_id\n\n        This returns rooms in order of decreasing number of joined users\n        \"\"\"\n\n        await self.check_group_is_ours(group_id, requester_user_id, and_exists=True)\n\n        is_user_in_group = await self.store.is_user_in_group(\n            requester_user_id, group_id\n        )\n\n        room_results = await self.store.get_rooms_in_group(\n            group_id, include_private=is_user_in_group\n        )\n\n        chunk = []\n        for room_result in room_results:\n            room_id = room_result[\"room_id\"]\n\n            joined_users = await self.store.get_users_in_room(room_id)\n            entry = await self.room_list_handler.generate_room_entry(\n                room_id, len(joined_users), with_alias=False, allow_private=True\n            )\n\n            if not entry:\n                continue\n\n            entry[\"is_public\"] = bool(room_result[\"is_public\"])\n\n            chunk.append(entry)\n\n        chunk.sort(key=lambda e: -e[\"num_joined_members\"])\n\n        return {\"chunk\": chunk, \"total_room_count_estimate\": len(room_results)}",
  "new_code": "    async def get_rooms_in_group(\n        self, group_id: str, requester_user_id: str\n    ) -> JsonDict:\n        \"\"\"Get the rooms in group as seen by requester_user_id\n\n        This returns rooms in order of decreasing number of joined users\n        \"\"\"\n\n        group = await self.check_group_is_ours(group_id, requester_user_id, and_exists=True)\n\n        is_user_in_group = await self.store.is_user_in_group(\n            requester_user_id, group_id\n        )\n\n        # If the group is not public and the user is not a member, forbid access\n        if group and not group.get(\"is_public\", False) and not is_user_in_group:\n            raise SynapseError(403, \"You are not a member of this group\")\n\n        room_results = await self.store.get_rooms_in_group(\n            group_id, include_private=is_user_in_group\n        )\n\n        chunk = []\n        for room_result in room_results:\n            room_id = room_result[\"room_id\"]\n\n            joined_users = await self.store.get_users_in_room(room_id)\n            entry = await self.room_list_handler.generate_room_entry(\n                room_id, len(joined_users), with_alias=False, allow_private=True\n            )\n\n            if not entry:\n                continue\n\n            entry[\"is_public\"] = bool(room_result[\"is_public\"])\n\n            chunk.append(entry)\n\n        chunk.sort(key=lambda e: -e[\"num_joined_members\"])\n\n        return {\"chunk\": chunk, \"total_room_count_estimate\": len(room_results)}",
  "fuzzy_match": true,
  "skip_validation": false
}
2026-01-17 00:09:41,748 - src.tools.edit_code - INFO - EditCodeTool: Writing 35313 chars to synapse/groups/groups_server.py (match_type=exact)
2026-01-17 00:09:41,748 - src.tools.edit_code - INFO - EditCodeTool: Writing 35313 chars to synapse/groups/groups_server.py (match_type=exact)
2026-01-17 00:09:41,873 - src.agents.base - INFO - Tool EditCode: ✓
2026-01-17 00:09:41,873 - src.agents.base - INFO - Tool EditCode: ✓
2026-01-17 00:09:42,725 - src.agents.base - INFO - SingleAgent executing tool: RunTest
2026-01-17 00:09:42,725 - src.agents.base - INFO - SingleAgent executing tool: RunTest
2026-01-17 00:09:42,725 - src.agents.base - INFO - Tool arguments:
{
  "run_prepare": true,
  "timeout": 120,
  "include_paths": [
    "synapse/groups/groups_server.py"
  ],
  "run_unittest": true
}
2026-01-17 00:09:42,725 - src.agents.base - INFO - Tool arguments:
{
  "run_prepare": true,
  "timeout": 120,
  "include_paths": [
    "synapse/groups/groups_server.py"
  ],
  "run_unittest": true
}
2026-01-17 00:09:43,045 - src.tools.run_test - INFO - Extracted 1 file paths from /workspace/test.patch: ['tests/rest/client/v2_alphtest_groups.py']
2026-01-17 00:09:43,045 - src.tools.run_test - INFO - Extracted 1 file paths from /workspace/test.patch: ['tests/rest/client/v2_alphtest_groups.py']
2026-01-17 00:09:43,046 - src.tools.run_test - INFO - Generating git diff for fix.patch
2026-01-17 00:09:43,046 - src.tools.run_test - INFO - Generating git diff for fix.patch
2026-01-17 00:09:43,046 - src.tools.run_test - INFO -   include_paths: ['synapse/groups/groups_server.py']
2026-01-17 00:09:43,046 - src.tools.run_test - INFO -   include_paths: ['synapse/groups/groups_server.py']
2026-01-17 00:09:43,046 - src.tools.run_test - INFO -   exclude_paths (from test.patch): ['tests/rest/client/v2_alphtest_groups.py']
2026-01-17 00:09:43,046 - src.tools.run_test - INFO -   exclude_paths (from test.patch): ['tests/rest/client/v2_alphtest_groups.py']
2026-01-17 00:09:43,046 - src.tools.run_test - INFO -   git diff command: git diff HEAD -- 'synapse/groups/groups_server.py' ':(exclude)tests/rest/client/v2_alphtest_groups.py'
2026-01-17 00:09:43,046 - src.tools.run_test - INFO -   git diff command: git diff HEAD -- 'synapse/groups/groups_server.py' ':(exclude)tests/rest/client/v2_alphtest_groups.py'
2026-01-17 00:09:43,190 - src.tools.run_test - INFO -   Generated patch: 1001 bytes, 22 lines
2026-01-17 00:09:43,190 - src.tools.run_test - INFO -   Generated patch: 1001 bytes, 22 lines
2026-01-17 00:09:43,191 - src.tools.run_test - INFO -   Patch content:
diff --git a/synapse/groups/groups_server.py b/synapse/groups/groups_server.py
index 3dc55ab86..2c690e4f1 100644
--- a/synapse/groups/groups_server.py
+++ b/synapse/groups/groups_server.py
@@ -326,12 +326,16 @@ class GroupsServerWorkerHandler:
         This returns rooms in order of decreasing number of joined users
         """
 
-        await self.check_group_is_ours(group_id, requester_user_id, and_exists=True)
+        group = await self.check_group_is_ours(group_id, requester_user_id, and_exists=True)
 
         is_user_in_group = await self.store.is_user_in_group(
             requester_user_id, group_id
         )
 
+        # If the group is not public and the user is not a member, forbid access
+        if group and not group.get("is_public", False) and not is_user_in_group:
+            raise SynapseError(403, "You are not a member of this group")
+
         room_results = await self.store.get_rooms_in_group(
             group_id, include_private=is_user_in_group
         )

2026-01-17 00:09:43,191 - src.tools.run_test - INFO -   Patch content:
diff --git a/synapse/groups/groups_server.py b/synapse/groups/groups_server.py
index 3dc55ab86..2c690e4f1 100644
--- a/synapse/groups/groups_server.py
+++ b/synapse/groups/groups_server.py
@@ -326,12 +326,16 @@ class GroupsServerWorkerHandler:
         This returns rooms in order of decreasing number of joined users
         """
 
-        await self.check_group_is_ours(group_id, requester_user_id, and_exists=True)
+        group = await self.check_group_is_ours(group_id, requester_user_id, and_exists=True)
 
         is_user_in_group = await self.store.is_user_in_group(
             requester_user_id, group_id
         )
 
+        # If the group is not public and the user is not a member, forbid access
+        if group and not group.get("is_public", False) and not is_user_in_group:
+            raise SynapseError(403, "You are not a member of this group")
+
         room_results = await self.store.get_rooms_in_group(
             group_id, include_private=is_user_in_group
         )

2026-01-17 00:09:43,283 - src.tools.run_test - INFO - Running prepare.sh to reset repository...
2026-01-17 00:09:43,283 - src.tools.run_test - INFO - Running prepare.sh to reset repository...
2026-01-17 00:09:44,211 - src.tools.run_test - INFO - Running fix-run.sh for PoC validation...
2026-01-17 00:09:44,211 - src.tools.run_test - INFO - Running fix-run.sh for PoC validation...
2026-01-17 00:09:44,317 - src.tools.run_test - INFO - Patch being tested:
diff --git a/synapse/groups/groups_server.py b/synapse/groups/groups_server.py
index 3dc55ab86..2c690e4f1 100644
--- a/synapse/groups/groups_server.py
+++ b/synapse/groups/groups_server.py
@@ -326,12 +326,16 @@ class GroupsServerWorkerHandler:
         This returns rooms in order of decreasing number of joined users
         """
 
-        await self.check_group_is_ours(group_id, requester_user_id, and_exists=True)
+        group = await self.check_group_is_ours(group_id, requester_user_id, and_exists=True)
 
         is_user_in_group = await self.store.is_user_in_group(
             requester_user_id, group_id
         )
 
+        # If the group is not public and the user is not a member, forbid access
+        if group and not group.get("is_public", False) and not is_user_in_group:
+            raise SynapseError(403, "You are not a member of this group")
+
         room_results = await self.store.get_rooms_in_group(
             group_id, include_private=is_user_in_group
         )


2026-01-17 00:09:44,317 - src.tools.run_test - INFO - Patch being tested:
diff --git a/synapse/groups/groups_server.py b/synapse/groups/groups_server.py
index 3dc55ab86..2c690e4f1 100644
--- a/synapse/groups/groups_server.py
+++ b/synapse/groups/groups_server.py
@@ -326,12 +326,16 @@ class GroupsServerWorkerHandler:
         This returns rooms in order of decreasing number of joined users
         """
 
-        await self.check_group_is_ours(group_id, requester_user_id, and_exists=True)
+        group = await self.check_group_is_ours(group_id, requester_user_id, and_exists=True)
 
         is_user_in_group = await self.store.is_user_in_group(
             requester_user_id, group_id
         )
 
+        # If the group is not public and the user is not a member, forbid access
+        if group and not group.get("is_public", False) and not is_user_in_group:
+            raise SynapseError(403, "You are not a member of this group")
+
         room_results = await self.store.get_rooms_in_group(
             group_id, include_private=is_user_in_group
         )


2026-01-17 00:09:46,756 - src.tools.run_test - INFO - fix-run.sh completed with exit code 1
2026-01-17 00:09:46,756 - src.tools.run_test - INFO - fix-run.sh completed with exit code 1
2026-01-17 00:09:46,756 - src.tools.run_test - INFO - fix-run.sh output:
============================= test session starts ==============================
platform linux -- Python 3.8.20, pytest-8.3.5, pluggy-1.5.0
rootdir: /workspace/synapse
configfile: pyproject.toml
collected 1 item

tests/rest/client/v2_alpha/test_groups.py F                              [100%]

=================================== FAILURES ===================================
_______________ GroupsTestCase.test_rooms_limited_by_visibility ________________

self = <tests.rest.client.v2_alpha.test_groups.GroupsTestCase testMethod=test_rooms_limited_by_visibility>

    @override_config({"enable_group_creation": True})
    def test_rooms_limited_by_visibility(self):
        group_id = "+spqr:test"
    
        # Alice creates a group
        channel = self.make_request("POST", "/create_group", {"localpart": "spqr"})
        self.assertEquals(channel.code, 200, msg=channel.text_body)
        self.assertEquals(channel.json_body, {"group_id": group_id})
    
        # Bob creates a private room
        room_id = self.helper.create_room_as(self.room_creator_user_id, is_public=False)
        self.helper.auth_user_id = self.room_creator_user_id
        self.helper.send_state(
            room_id, "m.room.name", {"name": "bob's secret room"}, tok=None
        )
        self.helper.auth_user_id = self.user_id
    
        # Alice adds the room to her group.
        channel = self.make_request(
            "PUT", f"/groups/{group_id}/admin/rooms/{room_id}", {}
        )
        self.assertEquals(channel.code, 200, msg=channel.text_body)
        self.assertEquals(channel.json_body, {})
    
        # Alice now tries to retrieve the room list of the space.
        channel = self.make_request("GET", f"/groups/{group_id}/rooms")
        self.assertEquals(channel.code, 200, msg=channel.text_body)
>       self.assertEquals(
            channel.json_body, {"chunk": [], "total_room_count_estimate": 0}
        )

tests/rest/client/v2_alpha/test_groups.py:41: 
_ _ _ _ _ _ _ _ _ _ _ _ _ _ _ _ _ _ _ _ _ _ _ _ _ _ _ _ _ _ _ _ _ _ _ _ _ _ _ _ 
../PoC_env/CVE-2021-39163/lib/python3.8/site-packages/twisted/trial/_synctest.py:444: in assertEqual
    super().assertEqual(first, second, msg)
_ _ _ _ _ _ _ _ _ _ _ _ _ _ _ _ _ _ _ _ _ _ _ _ _ _ _ _ _ _ _ _ _ _ _ _ _ _ _ _ 

self = <tests.rest.client.v2_alpha.test_groups.GroupsTestCase testMethod=test_rooms_limited_by_visibility>
msg = "{'chunk': [{'guest_can_join': True, 'is_public': Tru[169 chars]': 1} != {'chunk': [], 'total_room_count_estimate': 0}...                ^\n\n+ {'chunk': [], 'total_room_count_estimate': 0}\n? +++++++++++++                              ^\n"

    def fail(self, msg: Optional[object] = None) -> NoReturn:
        """
        Absolutely fail the test.  Do not pass go, do not collect $200.
    
        @param msg: the message that will be displayed as the reason for the
        failure
        """
>       raise self.failureException(msg)
E       twisted.trial.unittest.FailTest: {'chunk': [{'guest_can_join': True, 'is_public': Tru[169 chars]': 1} != {'chunk': [], 'total_room_count_estimate': 0}
E       - {'chunk': [{'guest_can_join': True,
E       -             'is_public': True,
E       -             'm.federate': True,
E       -             'name': "bob's secret room",
E       -             'num_joined_members': 1,
E       -             'room_id': '!fGsIcgBAWiqnCmfmCM:test',
E       -             'world_readable': False}],
E       -  'total_room_count_estimate': 1}
E       ?                               ^
E       
E       + {'chunk': [], 'total_room_count_estimate': 0}
E       ? +++++++++++++                              ^

../PoC_env/CVE-2021-39163/lib/python3.8/site-packages/twisted/trial/_synctest.py:381: FailTest
=========================== short test summary info ============================
FAILED tests/rest/client/v2_alpha/test_groups.py::GroupsTestCase::test_rooms_limited_by_visibility
======================== 1 failed, 30 warnings in 1.93s ========================

2026-01-17 00:09:46,756 - src.tools.run_test - INFO - fix-run.sh output:
============================= test session starts ==============================
platform linux -- Python 3.8.20, pytest-8.3.5, pluggy-1.5.0
rootdir: /workspace/synapse
configfile: pyproject.toml
collected 1 item

tests/rest/client/v2_alpha/test_groups.py F                              [100%]

=================================== FAILURES ===================================
_______________ GroupsTestCase.test_rooms_limited_by_visibility ________________

self = <tests.rest.client.v2_alpha.test_groups.GroupsTestCase testMethod=test_rooms_limited_by_visibility>

    @override_config({"enable_group_creation": True})
    def test_rooms_limited_by_visibility(self):
        group_id = "+spqr:test"
    
        # Alice creates a group
        channel = self.make_request("POST", "/create_group", {"localpart": "spqr"})
        self.assertEquals(channel.code, 200, msg=channel.text_body)
        self.assertEquals(channel.json_body, {"group_id": group_id})
    
        # Bob creates a private room
        room_id = self.helper.create_room_as(self.room_creator_user_id, is_public=False)
        self.helper.auth_user_id = self.room_creator_user_id
        self.helper.send_state(
            room_id, "m.room.name", {"name": "bob's secret room"}, tok=None
        )
        self.helper.auth_user_id = self.user_id
    
        # Alice adds the room to her group.
        channel = self.make_request(
            "PUT", f"/groups/{group_id}/admin/rooms/{room_id}", {}
        )
        self.assertEquals(channel.code, 200, msg=channel.text_body)
        self.assertEquals(channel.json_body, {})
    
        # Alice now tries to retrieve the room list of the space.
        channel = self.make_request("GET", f"/groups/{group_id}/rooms")
        self.assertEquals(channel.code, 200, msg=channel.text_body)
>       self.assertEquals(
            channel.json_body, {"chunk": [], "total_room_count_estimate": 0}
        )

tests/rest/client/v2_alpha/test_groups.py:41: 
_ _ _ _ _ _ _ _ _ _ _ _ _ _ _ _ _ _ _ _ _ _ _ _ _ _ _ _ _ _ _ _ _ _ _ _ _ _ _ _ 
../PoC_env/CVE-2021-39163/lib/python3.8/site-packages/twisted/trial/_synctest.py:444: in assertEqual
    super().assertEqual(first, second, msg)
_ _ _ _ _ _ _ _ _ _ _ _ _ _ _ _ _ _ _ _ _ _ _ _ _ _ _ _ _ _ _ _ _ _ _ _ _ _ _ _ 

self = <tests.rest.client.v2_alpha.test_groups.GroupsTestCase testMethod=test_rooms_limited_by_visibility>
msg = "{'chunk': [{'guest_can_join': True, 'is_public': Tru[169 chars]': 1} != {'chunk': [], 'total_room_count_estimate': 0}...                ^\n\n+ {'chunk': [], 'total_room_count_estimate': 0}\n? +++++++++++++                              ^\n"

    def fail(self, msg: Optional[object] = None) -> NoReturn:
        """
        Absolutely fail the test.  Do not pass go, do not collect $200.
    
        @param msg: the message that will be displayed as the reason for the
        failure
        """
>       raise self.failureException(msg)
E       twisted.trial.unittest.FailTest: {'chunk': [{'guest_can_join': True, 'is_public': Tru[169 chars]': 1} != {'chunk': [], 'total_room_count_estimate': 0}
E       - {'chunk': [{'guest_can_join': True,
E       -             'is_public': True,
E       -             'm.federate': True,
E       -             'name': "bob's secret room",
E       -             'num_joined_members': 1,
E       -             'room_id': '!fGsIcgBAWiqnCmfmCM:test',
E       -             'world_readable': False}],
E       -  'total_room_count_estimate': 1}
E       ?                               ^
E       
E       + {'chunk': [], 'total_room_count_estimate': 0}
E       ? +++++++++++++                              ^

../PoC_env/CVE-2021-39163/lib/python3.8/site-packages/twisted/trial/_synctest.py:381: FailTest
=========================== short test summary info ============================
FAILED tests/rest/client/v2_alpha/test_groups.py::GroupsTestCase::test_rooms_limited_by_visibility
======================== 1 failed, 30 warnings in 1.93s ========================

2026-01-17 00:09:46,848 - src.tools.run_test - INFO - Running prepare.sh to reset repository...
2026-01-17 00:09:46,848 - src.tools.run_test - INFO - Running prepare.sh to reset repository...
2026-01-17 00:09:47,480 - src.tools.run_test - INFO - Running unit_test.sh for regression testing...
2026-01-17 00:09:47,480 - src.tools.run_test - INFO - Running unit_test.sh for regression testing...
2026-01-17 00:10:20,432 - src.tools.run_test - INFO - unit_test.sh completed with exit code 0
2026-01-17 00:10:20,432 - src.tools.run_test - INFO - unit_test.sh completed with exit code 0
2026-01-17 00:10:20,434 - src.tools.run_test - INFO - unit_test.sh output:
============================= test session starts ==============================
platform linux -- Python 3.8.20, pytest-8.3.5, pluggy-1.5.0
rootdir: /workspace/synapse
configfile: pyproject.toml
collected 99 items

tests/rest/client/v2_alpha/test_account.py ............................. [ 29%]
..                                                                       [ 31%]
tests/rest/client/v2_alpha/test_auth.py .....s..s.ss.....                [ 48%]
tests/rest/client/v2_alpha/test_capabilities.py .......                  [ 55%]
tests/rest/client/v2_alpha/test_filter.py .......                        [ 62%]
tests/rest/client/v2_alpha/test_password_policy.py ........              [ 70%]
tests/rest/client/v2_alpha/test_report_event.py .......                  [ 77%]
tests/rest/client/v2_alpha/test_sendtodevice.py ...                      [ 80%]
tests/rest/client/v2_alpha/test_shared_rooms.py ....                     [ 84%]
tests/rest/client/v2_alpha/test_sync.py ..........                       [ 94%]
tests/rest/client/v2_alpha/test_upgrade_room.py .....                    [100%]

=============================== warnings summary ===============================
tests/rest/client/v2_alpha/test_account.py:22
  /workspace/synapse/tests/rest/client/v2_alpha/test_account.py:22: DeprecationWarning: pkg_resources is deprecated as an API. See https://setuptools.pypa.io/en/latest/pkg_resources.html
    import pkg_resources

../PoC_env/CVE-2021-39163/lib/python3.8/site-packages/pkg_resources/__init__.py:3154
  /workspace/PoC_env/CVE-2021-39163/lib/python3.8/site-packages/pkg_resources/__init__.py:3154: DeprecationWarning: Deprecated call to `pkg_resources.declare_namespace('zope')`.
  Implementing implicit namespace packages (as specified in PEP 420) is preferred to `pkg_resources.declare_namespace`. See https://setuptools.pypa.io/en/latest/references/keywords.html#keyword-namespace-packages
    declare_namespace(pkg)

../PoC_env/CVE-2021-39163/lib/python3.8/site-packages/twisted/web/static.py:35
  /workspace/PoC_env/CVE-2021-39163/lib/python3.8/site-packages/twisted/web/static.py:35: DeprecationWarning: twisted.web.resource._UnsafeNoResource.__init__ was deprecated in Twisted 22.10.0; please use Use twisted.web.pages.notFound instead, which properly escapes HTML. instead
    dangerousPathError = resource._UnsafeNoResource("Invalid request URL.")

../PoC_env/CVE-2021-39163/lib/python3.8/site-packages/twisted/web/static.py:264
  /workspace/PoC_env/CVE-2021-39163/lib/python3.8/site-packages/twisted/web/static.py:264: DeprecationWarning: twisted.web.resource._UnsafeNoResource.__init__ was deprecated in Twisted 22.10.0; please use Use twisted.web.pages.notFound instead, which properly escapes HTML. instead
    childNotFound = resource._UnsafeNoResource("File not found.")

../PoC_env/CVE-2021-39163/lib/python3.8/site-packages/twisted/web/static.py:265
  /workspace/PoC_env/CVE-2021-39163/lib/python3.8/site-packages/twisted/web/static.py:265: DeprecationWarning: twisted.web.resource._UnsafeForbiddenResource.__init__ was deprecated in Twisted 22.10.0; please use Use twisted.web.pages.forbidden instead, which properly escapes HTML. instead
    forbidden = resource._UnsafeForbiddenResource()

synapse/api/filtering.py:122
  /workspace/synapse/synapse/api/filtering.py:122: DeprecationWarning: FormatChecker.cls_checks is deprecated. Call FormatChecker.checks on a specific FormatChecker instance instead.
    @FormatChecker.cls_checks("matrix_room_id")

synapse/api/filtering.py:127
  /workspace/synapse/synapse/api/filtering.py:127: DeprecationWarning: FormatChecker.cls_checks is deprecated. Call FormatChecker.checks on a specific FormatChecker instance instead.
    @FormatChecker.cls_checks("matrix_user_id")

synapse/http/connectproxyclient.py:220
  /workspace/synapse/synapse/http/connectproxyclient.py:220: DeprecationWarning: twisted.web.http.HTTPClient was deprecated in Twisted 24.7.0: Use twisted.web.client.Agent instead.
    class HTTPConnectSetupClient(http.HTTPClient):

tests/server.py:26
  /workspace/synapse/tests/server.py:26: DeprecationWarning: twisted.test.proto_helpers.AccumulatingProtocol was deprecated in Twisted 19.7.0: Please use twisted.internet.testing.AccumulatingProtocol instead.
    from twisted.test.proto_helpers import AccumulatingProtocol, MemoryReactorClock

tests/server.py:26
  /workspace/synapse/tests/server.py:26: DeprecationWarning: twisted.test.proto_helpers.MemoryReactorClock was deprecated in Twisted 19.7.0: Please use twisted.internet.testing.MemoryReactorClock instead.
    from twisted.test.proto_helpers import AccumulatingProtocol, MemoryReactorClock

tests/rest/client/v2_alpha/test_account.py: 31 warnings
tests/rest/client/v2_alpha/test_auth.py: 13 warnings
tests/rest/client/v2_alpha/test_capabilities.py: 7 warnings
tests/rest/client/v2_alpha/test_filter.py: 7 warnings
tests/rest/client/v2_alpha/test_password_policy.py: 8 warnings
tests/rest/client/v2_alpha/test_report_event.py: 7 warnings
tests/rest/client/v2_alpha/test_sendtodevice.py: 3 warnings
tests/rest/client/v2_alpha/test_shared_rooms.py: 4 warnings
tests/rest/client/v2_alpha/test_sync.py: 10 warnings
tests/rest/client/v2_alpha/test_upgrade_room.py: 5 warnings
  /workspace/synapse/synapse/crypto/context_factory.py:175: DeprecationWarning: Attempting to mutate a Context after a Connection was created. In the future, this will raise an exception
    self._ssl_context.set_info_callback(_context_info_cb)

tests/rest/client/v2_alpha/test_account.py: 31 warnings
tests/rest/client/v2_alpha/test_auth.py: 13 warnings
tests/rest/client/v2_alpha/test_capabilities.py: 7 warnings
tests/rest/client/v2_alpha/test_filter.py: 7 warnings
tests/rest/client/v2_alpha/test_password_policy.py: 8 warnings
tests/rest/client/v2_alpha/test_report_event.py: 7 warnings
tests/rest/client/v2_alpha/test_sendtodevice.py: 3 warnings
tests/rest/client/v2_alpha/test_shared_rooms.py: 4 warnings
tests/rest/client/v2_alpha/test_sync.py: 10 warnings
tests/rest/client/v2_alpha/test_upgrade_room.py: 5 warnings
  /workspace/synapse/synapse/crypto/context_factory.py:122: DeprecationWarning: Attempting to mutate a Context after a Connection was created. In the future, this will raise an exception
    self._verify_ssl_context.set_info_callback(_context_info_cb)

tests/rest/client/v2_alpha/test_account.py: 31 warnings
tests/rest/client/v2_alpha/test_auth.py: 13 warnings
tests/rest/client/v2_alpha/test_capabilities.py: 7 warnings
tests/rest/client/v2_alpha/test_filter.py: 7 warnings
tests/rest/client/v2_alpha/test_password_policy.py: 8 warnings
tests/rest/client/v2_alpha/test_report_event.py: 7 warnings
tests/rest/client/v2_alpha/test_sendtodevice.py: 3 warnings
tests/rest/client/v2_alpha/test_shared_rooms.py: 4 warnings
tests/rest/client/v2_alpha/test_sync.py: 10 warnings
tests/rest/client/v2_alpha/test_upgrade_room.py: 5 warnings
  /workspace/synapse/synapse/crypto/context_factory.py:126: DeprecationWarning: Attempting to mutate a Context after a Connection was created. In the future, this will raise an exception
    self._no_verify_ssl_context.set_info_callback(_context_info_cb)

tests/rest/client/v2_alpha/test_account.py: 62 warnings
tests/rest/client/v2_alpha/test_auth.py: 32 warnings
tests/rest/client/v2_alpha/test_capabilities.py: 14 warnings
tests/rest/client/v2_alpha/test_filter.py: 14 warnings
tests/rest/client/v2_alpha/test_password_policy.py: 16 warnings
tests/rest/client/v2_alpha/test_report_event.py: 14 warnings
tests/rest/client/v2_alpha/test_sendtodevice.py: 6 warnings
tests/rest/client/v2_alpha/test_shared_rooms.py: 8 warnings
tests/rest/client/v2_alpha/test_sync.py: 20 warnings
tests/rest/client/v2_alpha/test_upgrade_room.py: 10 warnings
  /workspace/synapse/synapse/util/httpresourcetree.py:51: DeprecationWarning: twisted.web.resource._UnsafeNoResource.__init__ was deprecated in Twisted 22.10.0; please use Use twisted.web.pages.notFound instead, which properly escapes HTML. instead
    child_resource = NoResource()

tests/rest/client/v2_alpha/test_account.py: 200 warnings
tests/rest/client/v2_alpha/test_auth.py: 70 warnings
tests/rest/client/v2_alpha/test_capabilities.py: 21 warnings
tests/rest/client/v2_alpha/test_filter.py: 7 warnings
tests/rest/client/v2_alpha/test_password_policy.py: 11 warnings
tests/rest/client/v2_alpha/test_report_event.py: 70 warnings
tests/rest/client/v2_alpha/test_sendtodevice.py: 27 warnings
tests/rest/client/v2_alpha/test_shared_rooms.py: 55 warnings
tests/rest/client/v2_alpha/test_sync.py: 122 warnings
tests/rest/client/v2_alpha/test_upgrade_room.py: 58 warnings
  /workspace/synapse/synapse/http/site.py:218: DeprecationWarning: twisted.web.http.Request.getClientIP was deprecated in Twisted 18.4.0; please use getClientAddress instead
    ip_address=self.getClientIP(),

tests/rest/client/v2_alpha/test_account.py: 200 warnings
tests/rest/client/v2_alpha/test_auth.py: 70 warnings
tests/rest/client/v2_alpha/test_capabilities.py: 21 warnings
tests/rest/client/v2_alpha/test_filter.py: 7 warnings
tests/rest/client/v2_alpha/test_password_policy.py: 11 warnings
tests/rest/client/v2_alpha/test_report_event.py: 70 warnings
tests/rest/client/v2_alpha/test_sendtodevice.py: 27 warnings
tests/rest/client/v2_alpha/test_shared_rooms.py: 55 warnings
tests/rest/client/v2_alpha/test_sync.py: 122 warnings
tests/rest/client/v2_alpha/test_upgrade_room.py: 58 warnings
  /workspace/synapse/synapse/http/site.py:351: DeprecationWarning: twisted.web.http.Request.getClientIP was deprecated in Twisted 18.4.0; please use getClientAddress instead
    self.getClientIP(),

tests/rest/client/v2_alpha/test_account.py: 200 warnings
tests/rest/client/v2_alpha/test_auth.py: 70 warnings
tests/rest/client/v2_alpha/test_capabilities.py: 21 warnings
tests/rest/client/v2_alpha/test_filter.py: 7 warnings
tests/rest/client/v2_alpha/test_password_policy.py: 11 warnings
tests/rest/client/v2_alpha/test_report_event.py: 70 warnings
tests/rest/client/v2_alpha/test_sendtodevice.py: 27 warnings
tests/rest/client/v2_alpha/test_shared_rooms.py: 55 warnings
tests/rest/client/v2_alpha/test_sync.py: 121 warnings
tests/rest/client/v2_alpha/test_upgrade_room.py: 58 warnings
  /workspace/synapse/synapse/http/site.py:394: DeprecationWarning: twisted.web.http.Request.getClientIP was deprecated in Twisted 18.4.0; please use getClientAddress instead
    self.getClientIP(),

tests/rest/client/v2_alpha/test_account.py: 39 warnings
tests/rest/client/v2_alpha/test_auth.py: 15 warnings
tests/rest/client/v2_alpha/test_capabilities.py: 2 warnings
tests/rest/client/v2_alpha/test_password_policy.py: 1 warning
tests/rest/client/v2_alpha/test_report_event.py: 14 warnings
tests/rest/client/v2_alpha/test_sendtodevice.py: 5 warnings
tests/rest/client/v2_alpha/test_shared_rooms.py: 8 warnings
tests/rest/client/v2_alpha/test_sync.py: 14 warnings
tests/rest/client/v2_alpha/test_upgrade_room.py: 11 warnings
  /workspace/synapse/synapse/rest/client/login.py:196: DeprecationWarning: twisted.web.http.Request.getClientIP was deprecated in Twisted 18.4.0; please use getClientAddress instead
    await self._address_ratelimiter.ratelimit(None, request.getClientIP())

tests/rest/client/v2_alpha/test_account.py: 31 warnings
  /workspace/synapse/synapse/handlers/identity.py:96: DeprecationWarning: twisted.web.http.Request.getClientIP was deprecated in Twisted 18.4.0; please use getClientAddress instead
    None, (medium, request.getClientIP())

tests/rest/client/v2_alpha/test_account.py: 21 warnings
tests/rest/client/v2_alpha/test_auth.py: 16 warnings
tests/rest/client/v2_alpha/test_password_policy.py: 1 warning
  /workspace/synapse/synapse/handlers/auth.py:579: DeprecationWarning: twisted.web.http.Request.getClientIP was deprecated in Twisted 18.4.0; please use getClientAddress instead
    clientip = request.getClientIP()

tests/rest/client/v2_alpha/test_account.py: 35 warnings
tests/rest/client/v2_alpha/test_auth.py: 16 warnings
tests/rest/client/v2_alpha/test_capabilities.py: 7 warnings
tests/rest/client/v2_alpha/test_report_event.py: 28 warnings
tests/rest/client/v2_alpha/test_sendtodevice.py: 12 warnings
tests/rest/client/v2_alpha/test_shared_rooms.py: 31 warnings
tests/rest/client/v2_alpha/test_sync.py: 79 warnings
tests/rest/client/v2_alpha/test_upgrade_room.py: 25 warnings
  /workspace/synapse/synapse/api/auth.py:153: DeprecationWarning: twisted.web.http.Request.getClientIP was deprecated in Twisted 18.4.0; please use getClientAddress instead
    ip_addr = request.getClientIP()

tests/rest/client/v2_alpha/test_auth.py: 6 warnings
tests/rest/client/v2_alpha/test_password_policy.py: 6 warnings
  /workspace/synapse/synapse/rest/client/register.py:414: DeprecationWarning: twisted.web.http.Request.getClientIP was deprecated in Twisted 18.4.0; please use getClientAddress instead
    client_addr = request.getClientIP()

tests/rest/client/v2_alpha/test_auth.py::FallbackAuthTests::test_complete_operation_unknown_session
tests/rest/client/v2_alpha/test_auth.py::FallbackAuthTests::test_fallback_captcha
  /workspace/synapse/synapse/rest/client/auth.py:99: DeprecationWarning: twisted.web.http.Request.getClientIP was deprecated in Twisted 18.4.0; please use getClientAddress instead
    LoginType.RECAPTCHA, authdict, request.getClientIP()

-- Docs: https://docs.pytest.org/en/stable/how-to/capture-warnings.html
================ 95 passed, 4 skipped, 2838 warnings in 32.48s =================

2026-01-17 00:10:20,434 - src.tools.run_test - INFO - unit_test.sh output:
============================= test session starts ==============================
platform linux -- Python 3.8.20, pytest-8.3.5, pluggy-1.5.0
rootdir: /workspace/synapse
configfile: pyproject.toml
collected 99 items

tests/rest/client/v2_alpha/test_account.py ............................. [ 29%]
..                                                                       [ 31%]
tests/rest/client/v2_alpha/test_auth.py .....s..s.ss.....                [ 48%]
tests/rest/client/v2_alpha/test_capabilities.py .......                  [ 55%]
tests/rest/client/v2_alpha/test_filter.py .......                        [ 62%]
tests/rest/client/v2_alpha/test_password_policy.py ........              [ 70%]
tests/rest/client/v2_alpha/test_report_event.py .......                  [ 77%]
tests/rest/client/v2_alpha/test_sendtodevice.py ...                      [ 80%]
tests/rest/client/v2_alpha/test_shared_rooms.py ....                     [ 84%]
tests/rest/client/v2_alpha/test_sync.py ..........                       [ 94%]
tests/rest/client/v2_alpha/test_upgrade_room.py .....                    [100%]

=============================== warnings summary ===============================
tests/rest/client/v2_alpha/test_account.py:22
  /workspace/synapse/tests/rest/client/v2_alpha/test_account.py:22: DeprecationWarning: pkg_resources is deprecated as an API. See https://setuptools.pypa.io/en/latest/pkg_resources.html
    import pkg_resources

../PoC_env/CVE-2021-39163/lib/python3.8/site-packages/pkg_resources/__init__.py:3154
  /workspace/PoC_env/CVE-2021-39163/lib/python3.8/site-packages/pkg_resources/__init__.py:3154: DeprecationWarning: Deprecated call to `pkg_resources.declare_namespace('zope')`.
  Implementing implicit namespace packages (as specified in PEP 420) is preferred to `pkg_resources.declare_namespace`. See https://setuptools.pypa.io/en/latest/references/keywords.html#keyword-namespace-packages
    declare_namespace(pkg)

../PoC_env/CVE-2021-39163/lib/python3.8/site-packages/twisted/web/static.py:35
  /workspace/PoC_env/CVE-2021-39163/lib/python3.8/site-packages/twisted/web/static.py:35: DeprecationWarning: twisted.web.resource._UnsafeNoResource.__init__ was deprecated in Twisted 22.10.0; please use Use twisted.web.pages.notFound instead, which properly escapes HTML. instead
    dangerousPathError = resource._UnsafeNoResource("Invalid request URL.")

../PoC_env/CVE-2021-39163/lib/python3.8/site-packages/twisted/web/static.py:264
  /workspace/PoC_env/CVE-2021-39163/lib/python3.8/site-packages/twisted/web/static.py:264: DeprecationWarning: twisted.web.resource._UnsafeNoResource.__init__ was deprecated in Twisted 22.10.0; please use Use twisted.web.pages.notFound instead, which properly escapes HTML. instead
    childNotFound = resource._UnsafeNoResource("File not found.")

../PoC_env/CVE-2021-39163/lib/python3.8/site-packages/twisted/web/static.py:265
  /workspace/PoC_env/CVE-2021-39163/lib/python3.8/site-packages/twisted/web/static.py:265: DeprecationWarning: twisted.web.resource._UnsafeForbiddenResource.__init__ was deprecated in Twisted 22.10.0; please use Use twisted.web.pages.forbidden instead, which properly escapes HTML. instead
    forbidden = resource._UnsafeForbiddenResource()

synapse/api/filtering.py:122
  /workspace/synapse/synapse/api/filtering.py:122: DeprecationWarning: FormatChecker.cls_checks is deprecated. Call FormatChecker.checks on a specific FormatChecker instance instead.
    @FormatChecker.cls_checks("matrix_room_id")

synapse/api/filtering.py:127
  /workspace/synapse/synapse/api/filtering.py:127: DeprecationWarning: FormatChecker.cls_checks is deprecated. Call FormatChecker.checks on a specific FormatChecker instance instead.
    @FormatChecker.cls_checks("matrix_user_id")

synapse/http/connectproxyclient.py:220
  /workspace/synapse/synapse/http/connectproxyclient.py:220: DeprecationWarning: twisted.web.http.HTTPClient was deprecated in Twisted 24.7.0: Use twisted.web.client.Agent instead.
    class HTTPConnectSetupClient(http.HTTPClient):

tests/server.py:26
  /workspace/synapse/tests/server.py:26: DeprecationWarning: twisted.test.proto_helpers.AccumulatingProtocol was deprecated in Twisted 19.7.0: Please use twisted.internet.testing.AccumulatingProtocol instead.
    from twisted.test.proto_helpers import AccumulatingProtocol, MemoryReactorClock

tests/server.py:26
  /workspace/synapse/tests/server.py:26: DeprecationWarning: twisted.test.proto_helpers.MemoryReactorClock was deprecated in Twisted 19.7.0: Please use twisted.internet.testing.MemoryReactorClock instead.
    from twisted.test.proto_helpers import AccumulatingProtocol, MemoryReactorClock

tests/rest/client/v2_alpha/test_account.py: 31 warnings
tests/rest/client/v2_alpha/test_auth.py: 13 warnings
tests/rest/client/v2_alpha/test_capabilities.py: 7 warnings
tests/rest/client/v2_alpha/test_filter.py: 7 warnings
tests/rest/client/v2_alpha/test_password_policy.py: 8 warnings
tests/rest/client/v2_alpha/test_report_event.py: 7 warnings
tests/rest/client/v2_alpha/test_sendtodevice.py: 3 warnings
tests/rest/client/v2_alpha/test_shared_rooms.py: 4 warnings
tests/rest/client/v2_alpha/test_sync.py: 10 warnings
tests/rest/client/v2_alpha/test_upgrade_room.py: 5 warnings
  /workspace/synapse/synapse/crypto/context_factory.py:175: DeprecationWarning: Attempting to mutate a Context after a Connection was created. In the future, this will raise an exception
    self._ssl_context.set_info_callback(_context_info_cb)

tests/rest/client/v2_alpha/test_account.py: 31 warnings
tests/rest/client/v2_alpha/test_auth.py: 13 warnings
tests/rest/client/v2_alpha/test_capabilities.py: 7 warnings
tests/rest/client/v2_alpha/test_filter.py: 7 warnings
tests/rest/client/v2_alpha/test_password_policy.py: 8 warnings
tests/rest/client/v2_alpha/test_report_event.py: 7 warnings
tests/rest/client/v2_alpha/test_sendtodevice.py: 3 warnings
tests/rest/client/v2_alpha/test_shared_rooms.py: 4 warnings
tests/rest/client/v2_alpha/test_sync.py: 10 warnings
tests/rest/client/v2_alpha/test_upgrade_room.py: 5 warnings
  /workspace/synapse/synapse/crypto/context_factory.py:122: DeprecationWarning: Attempting to mutate a Context after a Connection was created. In the future, this will raise an exception
    self._verify_ssl_context.set_info_callback(_context_info_cb)

tests/rest/client/v2_alpha/test_account.py: 31 warnings
tests/rest/client/v2_alpha/test_auth.py: 13 warnings
tests/rest/client/v2_alpha/test_capabilities.py: 7 warnings
tests/rest/client/v2_alpha/test_filter.py: 7 warnings
tests/rest/client/v2_alpha/test_password_policy.py: 8 warnings
tests/rest/client/v2_alpha/test_report_event.py: 7 warnings
tests/rest/client/v2_alpha/test_sendtodevice.py: 3 warnings
tests/rest/client/v2_alpha/test_shared_rooms.py: 4 warnings
tests/rest/client/v2_alpha/test_sync.py: 10 warnings
tests/rest/client/v2_alpha/test_upgrade_room.py: 5 warnings
  /workspace/synapse/synapse/crypto/context_factory.py:126: DeprecationWarning: Attempting to mutate a Context after a Connection was created. In the future, this will raise an exception
    self._no_verify_ssl_context.set_info_callback(_context_info_cb)

tests/rest/client/v2_alpha/test_account.py: 62 warnings
tests/rest/client/v2_alpha/test_auth.py: 32 warnings
tests/rest/client/v2_alpha/test_capabilities.py: 14 warnings
tests/rest/client/v2_alpha/test_filter.py: 14 warnings
tests/rest/client/v2_alpha/test_password_policy.py: 16 warnings
tests/rest/client/v2_alpha/test_report_event.py: 14 warnings
tests/rest/client/v2_alpha/test_sendtodevice.py: 6 warnings
tests/rest/client/v2_alpha/test_shared_rooms.py: 8 warnings
tests/rest/client/v2_alpha/test_sync.py: 20 warnings
tests/rest/client/v2_alpha/test_upgrade_room.py: 10 warnings
  /workspace/synapse/synapse/util/httpresourcetree.py:51: DeprecationWarning: twisted.web.resource._UnsafeNoResource.__init__ was deprecated in Twisted 22.10.0; please use Use twisted.web.pages.notFound instead, which properly escapes HTML. instead
    child_resource = NoResource()

tests/rest/client/v2_alpha/test_account.py: 200 warnings
tests/rest/client/v2_alpha/test_auth.py: 70 warnings
tests/rest/client/v2_alpha/test_capabilities.py: 21 warnings
tests/rest/client/v2_alpha/test_filter.py: 7 warnings
tests/rest/client/v2_alpha/test_password_policy.py: 11 warnings
tests/rest/client/v2_alpha/test_report_event.py: 70 warnings
tests/rest/client/v2_alpha/test_sendtodevice.py: 27 warnings
tests/rest/client/v2_alpha/test_shared_rooms.py: 55 warnings
tests/rest/client/v2_alpha/test_sync.py: 122 warnings
tests/rest/client/v2_alpha/test_upgrade_room.py: 58 warnings
  /workspace/synapse/synapse/http/site.py:218: DeprecationWarning: twisted.web.http.Request.getClientIP was deprecated in Twisted 18.4.0; please use getClientAddress instead
    ip_address=self.getClientIP(),

tests/rest/client/v2_alpha/test_account.py: 200 warnings
tests/rest/client/v2_alpha/test_auth.py: 70 warnings
tests/rest/client/v2_alpha/test_capabilities.py: 21 warnings
tests/rest/client/v2_alpha/test_filter.py: 7 warnings
tests/rest/client/v2_alpha/test_password_policy.py: 11 warnings
tests/rest/client/v2_alpha/test_report_event.py: 70 warnings
tests/rest/client/v2_alpha/test_sendtodevice.py: 27 warnings
tests/rest/client/v2_alpha/test_shared_rooms.py: 55 warnings
tests/rest/client/v2_alpha/test_sync.py: 122 warnings
tests/rest/client/v2_alpha/test_upgrade_room.py: 58 warnings
  /workspace/synapse/synapse/http/site.py:351: DeprecationWarning: twisted.web.http.Request.getClientIP was deprecated in Twisted 18.4.0; please use getClientAddress instead
    self.getClientIP(),

tests/rest/client/v2_alpha/test_account.py: 200 warnings
tests/rest/client/v2_alpha/test_auth.py: 70 warnings
tests/rest/client/v2_alpha/test_capabilities.py: 21 warnings
tests/rest/client/v2_alpha/test_filter.py: 7 warnings
tests/rest/client/v2_alpha/test_password_policy.py: 11 warnings
tests/rest/client/v2_alpha/test_report_event.py: 70 warnings
tests/rest/client/v2_alpha/test_sendtodevice.py: 27 warnings
tests/rest/client/v2_alpha/test_shared_rooms.py: 55 warnings
tests/rest/client/v2_alpha/test_sync.py: 121 warnings
tests/rest/client/v2_alpha/test_upgrade_room.py: 58 warnings
  /workspace/synapse/synapse/http/site.py:394: DeprecationWarning: twisted.web.http.Request.getClientIP was deprecated in Twisted 18.4.0; please use getClientAddress instead
    self.getClientIP(),

tests/rest/client/v2_alpha/test_account.py: 39 warnings
tests/rest/client/v2_alpha/test_auth.py: 15 warnings
tests/rest/client/v2_alpha/test_capabilities.py: 2 warnings
tests/rest/client/v2_alpha/test_password_policy.py: 1 warning
tests/rest/client/v2_alpha/test_report_event.py: 14 warnings
tests/rest/client/v2_alpha/test_sendtodevice.py: 5 warnings
tests/rest/client/v2_alpha/test_shared_rooms.py: 8 warnings
tests/rest/client/v2_alpha/test_sync.py: 14 warnings
tests/rest/client/v2_alpha/test_upgrade_room.py: 11 warnings
  /workspace/synapse/synapse/rest/client/login.py:196: DeprecationWarning: twisted.web.http.Request.getClientIP was deprecated in Twisted 18.4.0; please use getClientAddress instead
    await self._address_ratelimiter.ratelimit(None, request.getClientIP())

tests/rest/client/v2_alpha/test_account.py: 31 warnings
  /workspace/synapse/synapse/handlers/identity.py:96: DeprecationWarning: twisted.web.http.Request.getClientIP was deprecated in Twisted 18.4.0; please use getClientAddress instead
    None, (medium, request.getClientIP())

tests/rest/client/v2_alpha/test_account.py: 21 warnings
tests/rest/client/v2_alpha/test_auth.py: 16 warnings
tests/rest/client/v2_alpha/test_password_policy.py: 1 warning
  /workspace/synapse/synapse/handlers/auth.py:579: DeprecationWarning: twisted.web.http.Request.getClientIP was deprecated in Twisted 18.4.0; please use getClientAddress instead
    clientip = request.getClientIP()

tests/rest/client/v2_alpha/test_account.py: 35 warnings
tests/rest/client/v2_alpha/test_auth.py: 16 warnings
tests/rest/client/v2_alpha/test_capabilities.py: 7 warnings
tests/rest/client/v2_alpha/test_report_event.py: 28 warnings
tests/rest/client/v2_alpha/test_sendtodevice.py: 12 warnings
tests/rest/client/v2_alpha/test_shared_rooms.py: 31 warnings
tests/rest/client/v2_alpha/test_sync.py: 79 warnings
tests/rest/client/v2_alpha/test_upgrade_room.py: 25 warnings
  /workspace/synapse/synapse/api/auth.py:153: DeprecationWarning: twisted.web.http.Request.getClientIP was deprecated in Twisted 18.4.0; please use getClientAddress instead
    ip_addr = request.getClientIP()

tests/rest/client/v2_alpha/test_auth.py: 6 warnings
tests/rest/client/v2_alpha/test_password_policy.py: 6 warnings
  /workspace/synapse/synapse/rest/client/register.py:414: DeprecationWarning: twisted.web.http.Request.getClientIP was deprecated in Twisted 18.4.0; please use getClientAddress instead
    client_addr = request.getClientIP()

tests/rest/client/v2_alpha/test_auth.py::FallbackAuthTests::test_complete_operation_unknown_session
tests/rest/client/v2_alpha/test_auth.py::FallbackAuthTests::test_fallback_captcha
  /workspace/synapse/synapse/rest/client/auth.py:99: DeprecationWarning: twisted.web.http.Request.getClientIP was deprecated in Twisted 18.4.0; please use getClientAddress instead
    LoginType.RECAPTCHA, authdict, request.getClientIP()

-- Docs: https://docs.pytest.org/en/stable/how-to/capture-warnings.html
================ 95 passed, 4 skipped, 2838 warnings in 32.48s =================

2026-01-17 00:10:20,435 - src.agents.base - INFO - Tool RunTest: ✓
2026-01-17 00:10:20,435 - src.agents.base - INFO - Tool RunTest: ✓
2026-01-17 00:10:26,694 - src.agents.base - INFO - SingleAgent executing tool: ReadFile
2026-01-17 00:10:26,694 - src.agents.base - INFO - SingleAgent executing tool: ReadFile
2026-01-17 00:10:26,695 - src.agents.base - INFO - Tool arguments:
{
  "file_path": "synapse/groups/groups_server.py",
  "start_line": 321,
  "end_line": 358
}
2026-01-17 00:10:26,695 - src.agents.base - INFO - Tool arguments:
{
  "file_path": "synapse/groups/groups_server.py",
  "start_line": 321,
  "end_line": 358
}
2026-01-17 00:10:26,844 - src.agents.base - INFO - Tool ReadFile: ✓
2026-01-17 00:10:26,844 - src.agents.base - INFO - Tool ReadFile: ✓
2026-01-17 00:10:30,602 - src.agents.base - INFO - SingleAgent executing tool: EditCode
2026-01-17 00:10:30,602 - src.agents.base - INFO - SingleAgent executing tool: EditCode
2026-01-17 00:10:30,602 - src.agents.base - INFO - Tool arguments:
{
  "file_path": "synapse/groups/groups_server.py",
  "old_code": "        group = await self.check_group_is_ours(group_id, requester_user_id, and_exists=True)\n\n        is_user_in_group = await self.store.is_user_in_group(\n            requester_user_id, group_id\n        )\n\n        # If the group is not public and the user is not a member, forbid access\n        if group and not group.get(\"is_public\", False) and not is_user_in_group:\n            raise SynapseError(403, \"You are not a member of this group\")\n\n        room_results = await self.store.get_rooms_in_group(\n            group_id, include_private=is_user_in_group\n        )",
  "new_code": "        # Fetch the group object directly\n        group = await self.store.get_group(group_id)\n        if not group:\n            raise SynapseError(404, \"Unknown group\")\n\n        is_user_in_group = await self.store.is_user_in_group(\n            requester_user_id, group_id\n        )\n\n        # If the group is not public and the user is not a member, forbid access\n        if not group.get(\"is_public\", False) and not is_user_in_group:\n            raise SynapseError(403, \"You are not a member of this group\")\n\n        room_results = await self.store.get_rooms_in_group(\n            group_id, include_private=is_user_in_group\n        )",
  "fuzzy_match": true,
  "skip_validation": false
}
2026-01-17 00:10:30,602 - src.agents.base - INFO - Tool arguments:
{
  "file_path": "synapse/groups/groups_server.py",
  "old_code": "        group = await self.check_group_is_ours(group_id, requester_user_id, and_exists=True)\n\n        is_user_in_group = await self.store.is_user_in_group(\n            requester_user_id, group_id\n        )\n\n        # If the group is not public and the user is not a member, forbid access\n        if group and not group.get(\"is_public\", False) and not is_user_in_group:\n            raise SynapseError(403, \"You are not a member of this group\")\n\n        room_results = await self.store.get_rooms_in_group(\n            group_id, include_private=is_user_in_group\n        )",
  "new_code": "        # Fetch the group object directly\n        group = await self.store.get_group(group_id)\n        if not group:\n            raise SynapseError(404, \"Unknown group\")\n\n        is_user_in_group = await self.store.is_user_in_group(\n            requester_user_id, group_id\n        )\n\n        # If the group is not public and the user is not a member, forbid access\n        if not group.get(\"is_public\", False) and not is_user_in_group:\n            raise SynapseError(403, \"You are not a member of this group\")\n\n        room_results = await self.store.get_rooms_in_group(\n            group_id, include_private=is_user_in_group\n        )",
  "fuzzy_match": true,
  "skip_validation": false
}
2026-01-17 00:10:30,763 - src.tools.edit_code - INFO - EditCodeTool: Writing 35380 chars to synapse/groups/groups_server.py (match_type=exact)
2026-01-17 00:10:30,763 - src.tools.edit_code - INFO - EditCodeTool: Writing 35380 chars to synapse/groups/groups_server.py (match_type=exact)
2026-01-17 00:10:30,906 - src.agents.base - INFO - Tool EditCode: ✓
2026-01-17 00:10:30,906 - src.agents.base - INFO - Tool EditCode: ✓
2026-01-17 00:10:33,310 - src.agents.base - INFO - SingleAgent executing tool: RunTest
2026-01-17 00:10:33,310 - src.agents.base - INFO - SingleAgent executing tool: RunTest
2026-01-17 00:10:33,311 - src.agents.base - INFO - Tool arguments:
{
  "run_prepare": true,
  "timeout": 120,
  "include_paths": [
    "synapse/groups/groups_server.py"
  ],
  "run_unittest": true
}
2026-01-17 00:10:33,311 - src.agents.base - INFO - Tool arguments:
{
  "run_prepare": true,
  "timeout": 120,
  "include_paths": [
    "synapse/groups/groups_server.py"
  ],
  "run_unittest": true
}
2026-01-17 00:10:33,619 - src.tools.run_test - INFO - Extracted 1 file paths from /workspace/test.patch: ['tests/rest/client/v2_alphtest_groups.py']
2026-01-17 00:10:33,619 - src.tools.run_test - INFO - Extracted 1 file paths from /workspace/test.patch: ['tests/rest/client/v2_alphtest_groups.py']
2026-01-17 00:10:33,619 - src.tools.run_test - INFO - Generating git diff for fix.patch
2026-01-17 00:10:33,619 - src.tools.run_test - INFO - Generating git diff for fix.patch
2026-01-17 00:10:33,619 - src.tools.run_test - INFO -   include_paths: ['synapse/groups/groups_server.py']
2026-01-17 00:10:33,619 - src.tools.run_test - INFO -   include_paths: ['synapse/groups/groups_server.py']
2026-01-17 00:10:33,619 - src.tools.run_test - INFO -   exclude_paths (from test.patch): ['tests/rest/client/v2_alphtest_groups.py']
2026-01-17 00:10:33,619 - src.tools.run_test - INFO -   exclude_paths (from test.patch): ['tests/rest/client/v2_alphtest_groups.py']
2026-01-17 00:10:33,619 - src.tools.run_test - INFO -   git diff command: git diff HEAD -- 'synapse/groups/groups_server.py' ':(exclude)tests/rest/client/v2_alphtest_groups.py'
2026-01-17 00:10:33,619 - src.tools.run_test - INFO -   git diff command: git diff HEAD -- 'synapse/groups/groups_server.py' ':(exclude)tests/rest/client/v2_alphtest_groups.py'
2026-01-17 00:10:33,766 - src.tools.run_test - INFO -   Generated patch: 1071 bytes, 25 lines
2026-01-17 00:10:33,766 - src.tools.run_test - INFO -   Generated patch: 1071 bytes, 25 lines
2026-01-17 00:10:33,767 - src.tools.run_test - INFO -   Patch content:
diff --git a/synapse/groups/groups_server.py b/synapse/groups/groups_server.py
index 3dc55ab86..ff202056d 100644
--- a/synapse/groups/groups_server.py
+++ b/synapse/groups/groups_server.py
@@ -326,12 +326,19 @@ class GroupsServerWorkerHandler:
         This returns rooms in order of decreasing number of joined users
         """
 
-        await self.check_group_is_ours(group_id, requester_user_id, and_exists=True)
+        # Fetch the group object directly
+        group = await self.store.get_group(group_id)
+        if not group:
+            raise SynapseError(404, "Unknown group")
 
         is_user_in_group = await self.store.is_user_in_group(
             requester_user_id, group_id
         )
 
+        # If the group is not public and the user is not a member, forbid access
+        if not group.get("is_public", False) and not is_user_in_group:
+            raise SynapseError(403, "You are not a member of this group")
+
         room_results = await self.store.get_rooms_in_group(
             group_id, include_private=is_user_in_group
         )

2026-01-17 00:10:33,767 - src.tools.run_test - INFO -   Patch content:
diff --git a/synapse/groups/groups_server.py b/synapse/groups/groups_server.py
index 3dc55ab86..ff202056d 100644
--- a/synapse/groups/groups_server.py
+++ b/synapse/groups/groups_server.py
@@ -326,12 +326,19 @@ class GroupsServerWorkerHandler:
         This returns rooms in order of decreasing number of joined users
         """
 
-        await self.check_group_is_ours(group_id, requester_user_id, and_exists=True)
+        # Fetch the group object directly
+        group = await self.store.get_group(group_id)
+        if not group:
+            raise SynapseError(404, "Unknown group")
 
         is_user_in_group = await self.store.is_user_in_group(
             requester_user_id, group_id
         )
 
+        # If the group is not public and the user is not a member, forbid access
+        if not group.get("is_public", False) and not is_user_in_group:
+            raise SynapseError(403, "You are not a member of this group")
+
         room_results = await self.store.get_rooms_in_group(
             group_id, include_private=is_user_in_group
         )

2026-01-17 00:10:33,853 - src.tools.run_test - INFO - Running prepare.sh to reset repository...
2026-01-17 00:10:33,853 - src.tools.run_test - INFO - Running prepare.sh to reset repository...
2026-01-17 00:10:34,358 - src.tools.run_test - INFO - Running fix-run.sh for PoC validation...
2026-01-17 00:10:34,358 - src.tools.run_test - INFO - Running fix-run.sh for PoC validation...
2026-01-17 00:10:34,462 - src.tools.run_test - INFO - Patch being tested:
diff --git a/synapse/groups/groups_server.py b/synapse/groups/groups_server.py
index 3dc55ab86..ff202056d 100644
--- a/synapse/groups/groups_server.py
+++ b/synapse/groups/groups_server.py
@@ -326,12 +326,19 @@ class GroupsServerWorkerHandler:
         This returns rooms in order of decreasing number of joined users
         """
 
-        await self.check_group_is_ours(group_id, requester_user_id, and_exists=True)
+        # Fetch the group object directly
+        group = await self.store.get_group(group_id)
+        if not group:
+            raise SynapseError(404, "Unknown group")
 
         is_user_in_group = await self.store.is_user_in_group(
             requester_user_id, group_id
         )
 
+        # If the group is not public and the user is not a member, forbid access
+        if not group.get("is_public", False) and not is_user_in_group:
+            raise SynapseError(403, "You are not a member of this group")
+
         room_results = await self.store.get_rooms_in_group(
             group_id, include_private=is_user_in_group
         )


2026-01-17 00:10:34,462 - src.tools.run_test - INFO - Patch being tested:
diff --git a/synapse/groups/groups_server.py b/synapse/groups/groups_server.py
index 3dc55ab86..ff202056d 100644
--- a/synapse/groups/groups_server.py
+++ b/synapse/groups/groups_server.py
@@ -326,12 +326,19 @@ class GroupsServerWorkerHandler:
         This returns rooms in order of decreasing number of joined users
         """
 
-        await self.check_group_is_ours(group_id, requester_user_id, and_exists=True)
+        # Fetch the group object directly
+        group = await self.store.get_group(group_id)
+        if not group:
+            raise SynapseError(404, "Unknown group")
 
         is_user_in_group = await self.store.is_user_in_group(
             requester_user_id, group_id
         )
 
+        # If the group is not public and the user is not a member, forbid access
+        if not group.get("is_public", False) and not is_user_in_group:
+            raise SynapseError(403, "You are not a member of this group")
+
         room_results = await self.store.get_rooms_in_group(
             group_id, include_private=is_user_in_group
         )


2026-01-17 00:10:36,287 - src.tools.run_test - INFO - fix-run.sh completed with exit code 1
2026-01-17 00:10:36,287 - src.tools.run_test - INFO - fix-run.sh completed with exit code 1
2026-01-17 00:10:36,288 - src.tools.run_test - INFO - fix-run.sh output:
============================= test session starts ==============================
platform linux -- Python 3.8.20, pytest-8.3.5, pluggy-1.5.0
rootdir: /workspace/synapse
configfile: pyproject.toml
collected 1 item

tests/rest/client/v2_alpha/test_groups.py F                              [100%]

=================================== FAILURES ===================================
_______________ GroupsTestCase.test_rooms_limited_by_visibility ________________

self = <tests.rest.client.v2_alpha.test_groups.GroupsTestCase testMethod=test_rooms_limited_by_visibility>

    @override_config({"enable_group_creation": True})
    def test_rooms_limited_by_visibility(self):
        group_id = "+spqr:test"
    
        # Alice creates a group
        channel = self.make_request("POST", "/create_group", {"localpart": "spqr"})
        self.assertEquals(channel.code, 200, msg=channel.text_body)
        self.assertEquals(channel.json_body, {"group_id": group_id})
    
        # Bob creates a private room
        room_id = self.helper.create_room_as(self.room_creator_user_id, is_public=False)
        self.helper.auth_user_id = self.room_creator_user_id
        self.helper.send_state(
            room_id, "m.room.name", {"name": "bob's secret room"}, tok=None
        )
        self.helper.auth_user_id = self.user_id
    
        # Alice adds the room to her group.
        channel = self.make_request(
            "PUT", f"/groups/{group_id}/admin/rooms/{room_id}", {}
        )
        self.assertEquals(channel.code, 200, msg=channel.text_body)
        self.assertEquals(channel.json_body, {})
    
        # Alice now tries to retrieve the room list of the space.
        channel = self.make_request("GET", f"/groups/{group_id}/rooms")
        self.assertEquals(channel.code, 200, msg=channel.text_body)
>       self.assertEquals(
            channel.json_body, {"chunk": [], "total_room_count_estimate": 0}
        )

tests/rest/client/v2_alpha/test_groups.py:41: 
_ _ _ _ _ _ _ _ _ _ _ _ _ _ _ _ _ _ _ _ _ _ _ _ _ _ _ _ _ _ _ _ _ _ _ _ _ _ _ _ 
../PoC_env/CVE-2021-39163/lib/python3.8/site-packages/twisted/trial/_synctest.py:444: in assertEqual
    super().assertEqual(first, second, msg)
_ _ _ _ _ _ _ _ _ _ _ _ _ _ _ _ _ _ _ _ _ _ _ _ _ _ _ _ _ _ _ _ _ _ _ _ _ _ _ _ 

self = <tests.rest.client.v2_alpha.test_groups.GroupsTestCase testMethod=test_rooms_limited_by_visibility>
msg = "{'chunk': [{'guest_can_join': True, 'is_public': Tru[169 chars]': 1} != {'chunk': [], 'total_room_count_estimate': 0}...                ^\n\n+ {'chunk': [], 'total_room_count_estimate': 0}\n? +++++++++++++                              ^\n"

    def fail(self, msg: Optional[object] = None) -> NoReturn:
        """
        Absolutely fail the test.  Do not pass go, do not collect $200.
    
        @param msg: the message that will be displayed as the reason for the
        failure
        """
>       raise self.failureException(msg)
E       twisted.trial.unittest.FailTest: {'chunk': [{'guest_can_join': True, 'is_public': Tru[169 chars]': 1} != {'chunk': [], 'total_room_count_estimate': 0}
E       - {'chunk': [{'guest_can_join': True,
E       -             'is_public': True,
E       -             'm.federate': True,
E       -             'name': "bob's secret room",
E       -             'num_joined_members': 1,
E       -             'room_id': '!sfREdaZnnjrYjmjDim:test',
E       -             'world_readable': False}],
E       -  'total_room_count_estimate': 1}
E       ?                               ^
E       
E       + {'chunk': [], 'total_room_count_estimate': 0}
E       ? +++++++++++++                              ^

../PoC_env/CVE-2021-39163/lib/python3.8/site-packages/twisted/trial/_synctest.py:381: FailTest
=========================== short test summary info ============================
FAILED tests/rest/client/v2_alpha/test_groups.py::GroupsTestCase::test_rooms_limited_by_visibility
======================== 1 failed, 30 warnings in 1.36s ========================

2026-01-17 00:10:36,288 - src.tools.run_test - INFO - fix-run.sh output:
============================= test session starts ==============================
platform linux -- Python 3.8.20, pytest-8.3.5, pluggy-1.5.0
rootdir: /workspace/synapse
configfile: pyproject.toml
collected 1 item

tests/rest/client/v2_alpha/test_groups.py F                              [100%]

=================================== FAILURES ===================================
_______________ GroupsTestCase.test_rooms_limited_by_visibility ________________

self = <tests.rest.client.v2_alpha.test_groups.GroupsTestCase testMethod=test_rooms_limited_by_visibility>

    @override_config({"enable_group_creation": True})
    def test_rooms_limited_by_visibility(self):
        group_id = "+spqr:test"
    
        # Alice creates a group
        channel = self.make_request("POST", "/create_group", {"localpart": "spqr"})
        self.assertEquals(channel.code, 200, msg=channel.text_body)
        self.assertEquals(channel.json_body, {"group_id": group_id})
    
        # Bob creates a private room
        room_id = self.helper.create_room_as(self.room_creator_user_id, is_public=False)
        self.helper.auth_user_id = self.room_creator_user_id
        self.helper.send_state(
            room_id, "m.room.name", {"name": "bob's secret room"}, tok=None
        )
        self.helper.auth_user_id = self.user_id
    
        # Alice adds the room to her group.
        channel = self.make_request(
            "PUT", f"/groups/{group_id}/admin/rooms/{room_id}", {}
        )
        self.assertEquals(channel.code, 200, msg=channel.text_body)
        self.assertEquals(channel.json_body, {})
    
        # Alice now tries to retrieve the room list of the space.
        channel = self.make_request("GET", f"/groups/{group_id}/rooms")
        self.assertEquals(channel.code, 200, msg=channel.text_body)
>       self.assertEquals(
            channel.json_body, {"chunk": [], "total_room_count_estimate": 0}
        )

tests/rest/client/v2_alpha/test_groups.py:41: 
_ _ _ _ _ _ _ _ _ _ _ _ _ _ _ _ _ _ _ _ _ _ _ _ _ _ _ _ _ _ _ _ _ _ _ _ _ _ _ _ 
../PoC_env/CVE-2021-39163/lib/python3.8/site-packages/twisted/trial/_synctest.py:444: in assertEqual
    super().assertEqual(first, second, msg)
_ _ _ _ _ _ _ _ _ _ _ _ _ _ _ _ _ _ _ _ _ _ _ _ _ _ _ _ _ _ _ _ _ _ _ _ _ _ _ _ 

self = <tests.rest.client.v2_alpha.test_groups.GroupsTestCase testMethod=test_rooms_limited_by_visibility>
msg = "{'chunk': [{'guest_can_join': True, 'is_public': Tru[169 chars]': 1} != {'chunk': [], 'total_room_count_estimate': 0}...                ^\n\n+ {'chunk': [], 'total_room_count_estimate': 0}\n? +++++++++++++                              ^\n"

    def fail(self, msg: Optional[object] = None) -> NoReturn:
        """
        Absolutely fail the test.  Do not pass go, do not collect $200.
    
        @param msg: the message that will be displayed as the reason for the
        failure
        """
>       raise self.failureException(msg)
E       twisted.trial.unittest.FailTest: {'chunk': [{'guest_can_join': True, 'is_public': Tru[169 chars]': 1} != {'chunk': [], 'total_room_count_estimate': 0}
E       - {'chunk': [{'guest_can_join': True,
E       -             'is_public': True,
E       -             'm.federate': True,
E       -             'name': "bob's secret room",
E       -             'num_joined_members': 1,
E       -             'room_id': '!sfREdaZnnjrYjmjDim:test',
E       -             'world_readable': False}],
E       -  'total_room_count_estimate': 1}
E       ?                               ^
E       
E       + {'chunk': [], 'total_room_count_estimate': 0}
E       ? +++++++++++++                              ^

../PoC_env/CVE-2021-39163/lib/python3.8/site-packages/twisted/trial/_synctest.py:381: FailTest
=========================== short test summary info ============================
FAILED tests/rest/client/v2_alpha/test_groups.py::GroupsTestCase::test_rooms_limited_by_visibility
======================== 1 failed, 30 warnings in 1.36s ========================

2026-01-17 00:10:36,381 - src.tools.run_test - INFO - Running prepare.sh to reset repository...
2026-01-17 00:10:36,381 - src.tools.run_test - INFO - Running prepare.sh to reset repository...
2026-01-17 00:10:37,014 - src.tools.run_test - INFO - Running unit_test.sh for regression testing...
2026-01-17 00:10:37,014 - src.tools.run_test - INFO - Running unit_test.sh for regression testing...
2026-01-17 00:11:09,403 - src.tools.run_test - INFO - unit_test.sh completed with exit code 0
2026-01-17 00:11:09,403 - src.tools.run_test - INFO - unit_test.sh completed with exit code 0
2026-01-17 00:11:09,404 - src.tools.run_test - INFO - unit_test.sh output:
============================= test session starts ==============================
platform linux -- Python 3.8.20, pytest-8.3.5, pluggy-1.5.0
rootdir: /workspace/synapse
configfile: pyproject.toml
collected 99 items

tests/rest/client/v2_alpha/test_account.py ............................. [ 29%]
..                                                                       [ 31%]
tests/rest/client/v2_alpha/test_auth.py .....s..s.ss.....                [ 48%]
tests/rest/client/v2_alpha/test_capabilities.py .......                  [ 55%]
tests/rest/client/v2_alpha/test_filter.py .......                        [ 62%]
tests/rest/client/v2_alpha/test_password_policy.py ........              [ 70%]
tests/rest/client/v2_alpha/test_report_event.py .......                  [ 77%]
tests/rest/client/v2_alpha/test_sendtodevice.py ...                      [ 80%]
tests/rest/client/v2_alpha/test_shared_rooms.py ....                     [ 84%]
tests/rest/client/v2_alpha/test_sync.py ..........                       [ 94%]
tests/rest/client/v2_alpha/test_upgrade_room.py .....                    [100%]

=============================== warnings summary ===============================
tests/rest/client/v2_alpha/test_account.py:22
  /workspace/synapse/tests/rest/client/v2_alpha/test_account.py:22: DeprecationWarning: pkg_resources is deprecated as an API. See https://setuptools.pypa.io/en/latest/pkg_resources.html
    import pkg_resources

../PoC_env/CVE-2021-39163/lib/python3.8/site-packages/pkg_resources/__init__.py:3154
  /workspace/PoC_env/CVE-2021-39163/lib/python3.8/site-packages/pkg_resources/__init__.py:3154: DeprecationWarning: Deprecated call to `pkg_resources.declare_namespace('zope')`.
  Implementing implicit namespace packages (as specified in PEP 420) is preferred to `pkg_resources.declare_namespace`. See https://setuptools.pypa.io/en/latest/references/keywords.html#keyword-namespace-packages
    declare_namespace(pkg)

../PoC_env/CVE-2021-39163/lib/python3.8/site-packages/twisted/web/static.py:35
  /workspace/PoC_env/CVE-2021-39163/lib/python3.8/site-packages/twisted/web/static.py:35: DeprecationWarning: twisted.web.resource._UnsafeNoResource.__init__ was deprecated in Twisted 22.10.0; please use Use twisted.web.pages.notFound instead, which properly escapes HTML. instead
    dangerousPathError = resource._UnsafeNoResource("Invalid request URL.")

../PoC_env/CVE-2021-39163/lib/python3.8/site-packages/twisted/web/static.py:264
  /workspace/PoC_env/CVE-2021-39163/lib/python3.8/site-packages/twisted/web/static.py:264: DeprecationWarning: twisted.web.resource._UnsafeNoResource.__init__ was deprecated in Twisted 22.10.0; please use Use twisted.web.pages.notFound instead, which properly escapes HTML. instead
    childNotFound = resource._UnsafeNoResource("File not found.")

../PoC_env/CVE-2021-39163/lib/python3.8/site-packages/twisted/web/static.py:265
  /workspace/PoC_env/CVE-2021-39163/lib/python3.8/site-packages/twisted/web/static.py:265: DeprecationWarning: twisted.web.resource._UnsafeForbiddenResource.__init__ was deprecated in Twisted 22.10.0; please use Use twisted.web.pages.forbidden instead, which properly escapes HTML. instead
    forbidden = resource._UnsafeForbiddenResource()

synapse/api/filtering.py:122
  /workspace/synapse/synapse/api/filtering.py:122: DeprecationWarning: FormatChecker.cls_checks is deprecated. Call FormatChecker.checks on a specific FormatChecker instance instead.
    @FormatChecker.cls_checks("matrix_room_id")

synapse/api/filtering.py:127
  /workspace/synapse/synapse/api/filtering.py:127: DeprecationWarning: FormatChecker.cls_checks is deprecated. Call FormatChecker.checks on a specific FormatChecker instance instead.
    @FormatChecker.cls_checks("matrix_user_id")

synapse/http/connectproxyclient.py:220
  /workspace/synapse/synapse/http/connectproxyclient.py:220: DeprecationWarning: twisted.web.http.HTTPClient was deprecated in Twisted 24.7.0: Use twisted.web.client.Agent instead.
    class HTTPConnectSetupClient(http.HTTPClient):

tests/server.py:26
  /workspace/synapse/tests/server.py:26: DeprecationWarning: twisted.test.proto_helpers.AccumulatingProtocol was deprecated in Twisted 19.7.0: Please use twisted.internet.testing.AccumulatingProtocol instead.
    from twisted.test.proto_helpers import AccumulatingProtocol, MemoryReactorClock

tests/server.py:26
  /workspace/synapse/tests/server.py:26: DeprecationWarning: twisted.test.proto_helpers.MemoryReactorClock was deprecated in Twisted 19.7.0: Please use twisted.internet.testing.MemoryReactorClock instead.
    from twisted.test.proto_helpers import AccumulatingProtocol, MemoryReactorClock

tests/rest/client/v2_alpha/test_account.py: 31 warnings
tests/rest/client/v2_alpha/test_auth.py: 13 warnings
tests/rest/client/v2_alpha/test_capabilities.py: 7 warnings
tests/rest/client/v2_alpha/test_filter.py: 7 warnings
tests/rest/client/v2_alpha/test_password_policy.py: 8 warnings
tests/rest/client/v2_alpha/test_report_event.py: 7 warnings
tests/rest/client/v2_alpha/test_sendtodevice.py: 3 warnings
tests/rest/client/v2_alpha/test_shared_rooms.py: 4 warnings
tests/rest/client/v2_alpha/test_sync.py: 10 warnings
tests/rest/client/v2_alpha/test_upgrade_room.py: 5 warnings
  /workspace/synapse/synapse/crypto/context_factory.py:175: DeprecationWarning: Attempting to mutate a Context after a Connection was created. In the future, this will raise an exception
    self._ssl_context.set_info_callback(_context_info_cb)

tests/rest/client/v2_alpha/test_account.py: 31 warnings
tests/rest/client/v2_alpha/test_auth.py: 13 warnings
tests/rest/client/v2_alpha/test_capabilities.py: 7 warnings
tests/rest/client/v2_alpha/test_filter.py: 7 warnings
tests/rest/client/v2_alpha/test_password_policy.py: 8 warnings
tests/rest/client/v2_alpha/test_report_event.py: 7 warnings
tests/rest/client/v2_alpha/test_sendtodevice.py: 3 warnings
tests/rest/client/v2_alpha/test_shared_rooms.py: 4 warnings
tests/rest/client/v2_alpha/test_sync.py: 10 warnings
tests/rest/client/v2_alpha/test_upgrade_room.py: 5 warnings
  /workspace/synapse/synapse/crypto/context_factory.py:122: DeprecationWarning: Attempting to mutate a Context after a Connection was created. In the future, this will raise an exception
    self._verify_ssl_context.set_info_callback(_context_info_cb)

tests/rest/client/v2_alpha/test_account.py: 31 warnings
tests/rest/client/v2_alpha/test_auth.py: 13 warnings
tests/rest/client/v2_alpha/test_capabilities.py: 7 warnings
tests/rest/client/v2_alpha/test_filter.py: 7 warnings
tests/rest/client/v2_alpha/test_password_policy.py: 8 warnings
tests/rest/client/v2_alpha/test_report_event.py: 7 warnings
tests/rest/client/v2_alpha/test_sendtodevice.py: 3 warnings
tests/rest/client/v2_alpha/test_shared_rooms.py: 4 warnings
tests/rest/client/v2_alpha/test_sync.py: 10 warnings
tests/rest/client/v2_alpha/test_upgrade_room.py: 5 warnings
  /workspace/synapse/synapse/crypto/context_factory.py:126: DeprecationWarning: Attempting to mutate a Context after a Connection was created. In the future, this will raise an exception
    self._no_verify_ssl_context.set_info_callback(_context_info_cb)

tests/rest/client/v2_alpha/test_account.py: 62 warnings
tests/rest/client/v2_alpha/test_auth.py: 32 warnings
tests/rest/client/v2_alpha/test_capabilities.py: 14 warnings
tests/rest/client/v2_alpha/test_filter.py: 14 warnings
tests/rest/client/v2_alpha/test_password_policy.py: 16 warnings
tests/rest/client/v2_alpha/test_report_event.py: 14 warnings
tests/rest/client/v2_alpha/test_sendtodevice.py: 6 warnings
tests/rest/client/v2_alpha/test_shared_rooms.py: 8 warnings
tests/rest/client/v2_alpha/test_sync.py: 20 warnings
tests/rest/client/v2_alpha/test_upgrade_room.py: 10 warnings
  /workspace/synapse/synapse/util/httpresourcetree.py:51: DeprecationWarning: twisted.web.resource._UnsafeNoResource.__init__ was deprecated in Twisted 22.10.0; please use Use twisted.web.pages.notFound instead, which properly escapes HTML. instead
    child_resource = NoResource()

tests/rest/client/v2_alpha/test_account.py: 200 warnings
tests/rest/client/v2_alpha/test_auth.py: 70 warnings
tests/rest/client/v2_alpha/test_capabilities.py: 21 warnings
tests/rest/client/v2_alpha/test_filter.py: 7 warnings
tests/rest/client/v2_alpha/test_password_policy.py: 11 warnings
tests/rest/client/v2_alpha/test_report_event.py: 70 warnings
tests/rest/client/v2_alpha/test_sendtodevice.py: 27 warnings
tests/rest/client/v2_alpha/test_shared_rooms.py: 55 warnings
tests/rest/client/v2_alpha/test_sync.py: 122 warnings
tests/rest/client/v2_alpha/test_upgrade_room.py: 58 warnings
  /workspace/synapse/synapse/http/site.py:218: DeprecationWarning: twisted.web.http.Request.getClientIP was deprecated in Twisted 18.4.0; please use getClientAddress instead
    ip_address=self.getClientIP(),

tests/rest/client/v2_alpha/test_account.py: 200 warnings
tests/rest/client/v2_alpha/test_auth.py: 70 warnings
tests/rest/client/v2_alpha/test_capabilities.py: 21 warnings
tests/rest/client/v2_alpha/test_filter.py: 7 warnings
tests/rest/client/v2_alpha/test_password_policy.py: 11 warnings
tests/rest/client/v2_alpha/test_report_event.py: 70 warnings
tests/rest/client/v2_alpha/test_sendtodevice.py: 27 warnings
tests/rest/client/v2_alpha/test_shared_rooms.py: 55 warnings
tests/rest/client/v2_alpha/test_sync.py: 122 warnings
tests/rest/client/v2_alpha/test_upgrade_room.py: 58 warnings
  /workspace/synapse/synapse/http/site.py:351: DeprecationWarning: twisted.web.http.Request.getClientIP was deprecated in Twisted 18.4.0; please use getClientAddress instead
    self.getClientIP(),

tests/rest/client/v2_alpha/test_account.py: 200 warnings
tests/rest/client/v2_alpha/test_auth.py: 70 warnings
tests/rest/client/v2_alpha/test_capabilities.py: 21 warnings
tests/rest/client/v2_alpha/test_filter.py: 7 warnings
tests/rest/client/v2_alpha/test_password_policy.py: 11 warnings
tests/rest/client/v2_alpha/test_report_event.py: 70 warnings
tests/rest/client/v2_alpha/test_sendtodevice.py: 27 warnings
tests/rest/client/v2_alpha/test_shared_rooms.py: 55 warnings
tests/rest/client/v2_alpha/test_sync.py: 121 warnings
tests/rest/client/v2_alpha/test_upgrade_room.py: 58 warnings
  /workspace/synapse/synapse/http/site.py:394: DeprecationWarning: twisted.web.http.Request.getClientIP was deprecated in Twisted 18.4.0; please use getClientAddress instead
    self.getClientIP(),

tests/rest/client/v2_alpha/test_account.py: 39 warnings
tests/rest/client/v2_alpha/test_auth.py: 15 warnings
tests/rest/client/v2_alpha/test_capabilities.py: 2 warnings
tests/rest/client/v2_alpha/test_password_policy.py: 1 warning
tests/rest/client/v2_alpha/test_report_event.py: 14 warnings
tests/rest/client/v2_alpha/test_sendtodevice.py: 5 warnings
tests/rest/client/v2_alpha/test_shared_rooms.py: 8 warnings
tests/rest/client/v2_alpha/test_sync.py: 14 warnings
tests/rest/client/v2_alpha/test_upgrade_room.py: 11 warnings
  /workspace/synapse/synapse/rest/client/login.py:196: DeprecationWarning: twisted.web.http.Request.getClientIP was deprecated in Twisted 18.4.0; please use getClientAddress instead
    await self._address_ratelimiter.ratelimit(None, request.getClientIP())

tests/rest/client/v2_alpha/test_account.py: 31 warnings
  /workspace/synapse/synapse/handlers/identity.py:96: DeprecationWarning: twisted.web.http.Request.getClientIP was deprecated in Twisted 18.4.0; please use getClientAddress instead
    None, (medium, request.getClientIP())

tests/rest/client/v2_alpha/test_account.py: 21 warnings
tests/rest/client/v2_alpha/test_auth.py: 16 warnings
tests/rest/client/v2_alpha/test_password_policy.py: 1 warning
  /workspace/synapse/synapse/handlers/auth.py:579: DeprecationWarning: twisted.web.http.Request.getClientIP was deprecated in Twisted 18.4.0; please use getClientAddress instead
    clientip = request.getClientIP()

tests/rest/client/v2_alpha/test_account.py: 35 warnings
tests/rest/client/v2_alpha/test_auth.py: 16 warnings
tests/rest/client/v2_alpha/test_capabilities.py: 7 warnings
tests/rest/client/v2_alpha/test_report_event.py: 28 warnings
tests/rest/client/v2_alpha/test_sendtodevice.py: 12 warnings
tests/rest/client/v2_alpha/test_shared_rooms.py: 31 warnings
tests/rest/client/v2_alpha/test_sync.py: 79 warnings
tests/rest/client/v2_alpha/test_upgrade_room.py: 25 warnings
  /workspace/synapse/synapse/api/auth.py:153: DeprecationWarning: twisted.web.http.Request.getClientIP was deprecated in Twisted 18.4.0; please use getClientAddress instead
    ip_addr = request.getClientIP()

tests/rest/client/v2_alpha/test_auth.py: 6 warnings
tests/rest/client/v2_alpha/test_password_policy.py: 6 warnings
  /workspace/synapse/synapse/rest/client/register.py:414: DeprecationWarning: twisted.web.http.Request.getClientIP was deprecated in Twisted 18.4.0; please use getClientAddress instead
    client_addr = request.getClientIP()

tests/rest/client/v2_alpha/test_auth.py::FallbackAuthTests::test_complete_operation_unknown_session
tests/rest/client/v2_alpha/test_auth.py::FallbackAuthTests::test_fallback_captcha
  /workspace/synapse/synapse/rest/client/auth.py:99: DeprecationWarning: twisted.web.http.Request.getClientIP was deprecated in Twisted 18.4.0; please use getClientAddress instead
    LoginType.RECAPTCHA, authdict, request.getClientIP()

-- Docs: https://docs.pytest.org/en/stable/how-to/capture-warnings.html
================ 95 passed, 4 skipped, 2838 warnings in 31.93s =================

2026-01-17 00:11:09,404 - src.tools.run_test - INFO - unit_test.sh output:
============================= test session starts ==============================
platform linux -- Python 3.8.20, pytest-8.3.5, pluggy-1.5.0
rootdir: /workspace/synapse
configfile: pyproject.toml
collected 99 items

tests/rest/client/v2_alpha/test_account.py ............................. [ 29%]
..                                                                       [ 31%]
tests/rest/client/v2_alpha/test_auth.py .....s..s.ss.....                [ 48%]
tests/rest/client/v2_alpha/test_capabilities.py .......                  [ 55%]
tests/rest/client/v2_alpha/test_filter.py .......                        [ 62%]
tests/rest/client/v2_alpha/test_password_policy.py ........              [ 70%]
tests/rest/client/v2_alpha/test_report_event.py .......                  [ 77%]
tests/rest/client/v2_alpha/test_sendtodevice.py ...                      [ 80%]
tests/rest/client/v2_alpha/test_shared_rooms.py ....                     [ 84%]
tests/rest/client/v2_alpha/test_sync.py ..........                       [ 94%]
tests/rest/client/v2_alpha/test_upgrade_room.py .....                    [100%]

=============================== warnings summary ===============================
tests/rest/client/v2_alpha/test_account.py:22
  /workspace/synapse/tests/rest/client/v2_alpha/test_account.py:22: DeprecationWarning: pkg_resources is deprecated as an API. See https://setuptools.pypa.io/en/latest/pkg_resources.html
    import pkg_resources

../PoC_env/CVE-2021-39163/lib/python3.8/site-packages/pkg_resources/__init__.py:3154
  /workspace/PoC_env/CVE-2021-39163/lib/python3.8/site-packages/pkg_resources/__init__.py:3154: DeprecationWarning: Deprecated call to `pkg_resources.declare_namespace('zope')`.
  Implementing implicit namespace packages (as specified in PEP 420) is preferred to `pkg_resources.declare_namespace`. See https://setuptools.pypa.io/en/latest/references/keywords.html#keyword-namespace-packages
    declare_namespace(pkg)

../PoC_env/CVE-2021-39163/lib/python3.8/site-packages/twisted/web/static.py:35
  /workspace/PoC_env/CVE-2021-39163/lib/python3.8/site-packages/twisted/web/static.py:35: DeprecationWarning: twisted.web.resource._UnsafeNoResource.__init__ was deprecated in Twisted 22.10.0; please use Use twisted.web.pages.notFound instead, which properly escapes HTML. instead
    dangerousPathError = resource._UnsafeNoResource("Invalid request URL.")

../PoC_env/CVE-2021-39163/lib/python3.8/site-packages/twisted/web/static.py:264
  /workspace/PoC_env/CVE-2021-39163/lib/python3.8/site-packages/twisted/web/static.py:264: DeprecationWarning: twisted.web.resource._UnsafeNoResource.__init__ was deprecated in Twisted 22.10.0; please use Use twisted.web.pages.notFound instead, which properly escapes HTML. instead
    childNotFound = resource._UnsafeNoResource("File not found.")

../PoC_env/CVE-2021-39163/lib/python3.8/site-packages/twisted/web/static.py:265
  /workspace/PoC_env/CVE-2021-39163/lib/python3.8/site-packages/twisted/web/static.py:265: DeprecationWarning: twisted.web.resource._UnsafeForbiddenResource.__init__ was deprecated in Twisted 22.10.0; please use Use twisted.web.pages.forbidden instead, which properly escapes HTML. instead
    forbidden = resource._UnsafeForbiddenResource()

synapse/api/filtering.py:122
  /workspace/synapse/synapse/api/filtering.py:122: DeprecationWarning: FormatChecker.cls_checks is deprecated. Call FormatChecker.checks on a specific FormatChecker instance instead.
    @FormatChecker.cls_checks("matrix_room_id")

synapse/api/filtering.py:127
  /workspace/synapse/synapse/api/filtering.py:127: DeprecationWarning: FormatChecker.cls_checks is deprecated. Call FormatChecker.checks on a specific FormatChecker instance instead.
    @FormatChecker.cls_checks("matrix_user_id")

synapse/http/connectproxyclient.py:220
  /workspace/synapse/synapse/http/connectproxyclient.py:220: DeprecationWarning: twisted.web.http.HTTPClient was deprecated in Twisted 24.7.0: Use twisted.web.client.Agent instead.
    class HTTPConnectSetupClient(http.HTTPClient):

tests/server.py:26
  /workspace/synapse/tests/server.py:26: DeprecationWarning: twisted.test.proto_helpers.AccumulatingProtocol was deprecated in Twisted 19.7.0: Please use twisted.internet.testing.AccumulatingProtocol instead.
    from twisted.test.proto_helpers import AccumulatingProtocol, MemoryReactorClock

tests/server.py:26
  /workspace/synapse/tests/server.py:26: DeprecationWarning: twisted.test.proto_helpers.MemoryReactorClock was deprecated in Twisted 19.7.0: Please use twisted.internet.testing.MemoryReactorClock instead.
    from twisted.test.proto_helpers import AccumulatingProtocol, MemoryReactorClock

tests/rest/client/v2_alpha/test_account.py: 31 warnings
tests/rest/client/v2_alpha/test_auth.py: 13 warnings
tests/rest/client/v2_alpha/test_capabilities.py: 7 warnings
tests/rest/client/v2_alpha/test_filter.py: 7 warnings
tests/rest/client/v2_alpha/test_password_policy.py: 8 warnings
tests/rest/client/v2_alpha/test_report_event.py: 7 warnings
tests/rest/client/v2_alpha/test_sendtodevice.py: 3 warnings
tests/rest/client/v2_alpha/test_shared_rooms.py: 4 warnings
tests/rest/client/v2_alpha/test_sync.py: 10 warnings
tests/rest/client/v2_alpha/test_upgrade_room.py: 5 warnings
  /workspace/synapse/synapse/crypto/context_factory.py:175: DeprecationWarning: Attempting to mutate a Context after a Connection was created. In the future, this will raise an exception
    self._ssl_context.set_info_callback(_context_info_cb)

tests/rest/client/v2_alpha/test_account.py: 31 warnings
tests/rest/client/v2_alpha/test_auth.py: 13 warnings
tests/rest/client/v2_alpha/test_capabilities.py: 7 warnings
tests/rest/client/v2_alpha/test_filter.py: 7 warnings
tests/rest/client/v2_alpha/test_password_policy.py: 8 warnings
tests/rest/client/v2_alpha/test_report_event.py: 7 warnings
tests/rest/client/v2_alpha/test_sendtodevice.py: 3 warnings
tests/rest/client/v2_alpha/test_shared_rooms.py: 4 warnings
tests/rest/client/v2_alpha/test_sync.py: 10 warnings
tests/rest/client/v2_alpha/test_upgrade_room.py: 5 warnings
  /workspace/synapse/synapse/crypto/context_factory.py:122: DeprecationWarning: Attempting to mutate a Context after a Connection was created. In the future, this will raise an exception
    self._verify_ssl_context.set_info_callback(_context_info_cb)

tests/rest/client/v2_alpha/test_account.py: 31 warnings
tests/rest/client/v2_alpha/test_auth.py: 13 warnings
tests/rest/client/v2_alpha/test_capabilities.py: 7 warnings
tests/rest/client/v2_alpha/test_filter.py: 7 warnings
tests/rest/client/v2_alpha/test_password_policy.py: 8 warnings
tests/rest/client/v2_alpha/test_report_event.py: 7 warnings
tests/rest/client/v2_alpha/test_sendtodevice.py: 3 warnings
tests/rest/client/v2_alpha/test_shared_rooms.py: 4 warnings
tests/rest/client/v2_alpha/test_sync.py: 10 warnings
tests/rest/client/v2_alpha/test_upgrade_room.py: 5 warnings
  /workspace/synapse/synapse/crypto/context_factory.py:126: DeprecationWarning: Attempting to mutate a Context after a Connection was created. In the future, this will raise an exception
    self._no_verify_ssl_context.set_info_callback(_context_info_cb)

tests/rest/client/v2_alpha/test_account.py: 62 warnings
tests/rest/client/v2_alpha/test_auth.py: 32 warnings
tests/rest/client/v2_alpha/test_capabilities.py: 14 warnings
tests/rest/client/v2_alpha/test_filter.py: 14 warnings
tests/rest/client/v2_alpha/test_password_policy.py: 16 warnings
tests/rest/client/v2_alpha/test_report_event.py: 14 warnings
tests/rest/client/v2_alpha/test_sendtodevice.py: 6 warnings
tests/rest/client/v2_alpha/test_shared_rooms.py: 8 warnings
tests/rest/client/v2_alpha/test_sync.py: 20 warnings
tests/rest/client/v2_alpha/test_upgrade_room.py: 10 warnings
  /workspace/synapse/synapse/util/httpresourcetree.py:51: DeprecationWarning: twisted.web.resource._UnsafeNoResource.__init__ was deprecated in Twisted 22.10.0; please use Use twisted.web.pages.notFound instead, which properly escapes HTML. instead
    child_resource = NoResource()

tests/rest/client/v2_alpha/test_account.py: 200 warnings
tests/rest/client/v2_alpha/test_auth.py: 70 warnings
tests/rest/client/v2_alpha/test_capabilities.py: 21 warnings
tests/rest/client/v2_alpha/test_filter.py: 7 warnings
tests/rest/client/v2_alpha/test_password_policy.py: 11 warnings
tests/rest/client/v2_alpha/test_report_event.py: 70 warnings
tests/rest/client/v2_alpha/test_sendtodevice.py: 27 warnings
tests/rest/client/v2_alpha/test_shared_rooms.py: 55 warnings
tests/rest/client/v2_alpha/test_sync.py: 122 warnings
tests/rest/client/v2_alpha/test_upgrade_room.py: 58 warnings
  /workspace/synapse/synapse/http/site.py:218: DeprecationWarning: twisted.web.http.Request.getClientIP was deprecated in Twisted 18.4.0; please use getClientAddress instead
    ip_address=self.getClientIP(),

tests/rest/client/v2_alpha/test_account.py: 200 warnings
tests/rest/client/v2_alpha/test_auth.py: 70 warnings
tests/rest/client/v2_alpha/test_capabilities.py: 21 warnings
tests/rest/client/v2_alpha/test_filter.py: 7 warnings
tests/rest/client/v2_alpha/test_password_policy.py: 11 warnings
tests/rest/client/v2_alpha/test_report_event.py: 70 warnings
tests/rest/client/v2_alpha/test_sendtodevice.py: 27 warnings
tests/rest/client/v2_alpha/test_shared_rooms.py: 55 warnings
tests/rest/client/v2_alpha/test_sync.py: 122 warnings
tests/rest/client/v2_alpha/test_upgrade_room.py: 58 warnings
  /workspace/synapse/synapse/http/site.py:351: DeprecationWarning: twisted.web.http.Request.getClientIP was deprecated in Twisted 18.4.0; please use getClientAddress instead
    self.getClientIP(),

tests/rest/client/v2_alpha/test_account.py: 200 warnings
tests/rest/client/v2_alpha/test_auth.py: 70 warnings
tests/rest/client/v2_alpha/test_capabilities.py: 21 warnings
tests/rest/client/v2_alpha/test_filter.py: 7 warnings
tests/rest/client/v2_alpha/test_password_policy.py: 11 warnings
tests/rest/client/v2_alpha/test_report_event.py: 70 warnings
tests/rest/client/v2_alpha/test_sendtodevice.py: 27 warnings
tests/rest/client/v2_alpha/test_shared_rooms.py: 55 warnings
tests/rest/client/v2_alpha/test_sync.py: 121 warnings
tests/rest/client/v2_alpha/test_upgrade_room.py: 58 warnings
  /workspace/synapse/synapse/http/site.py:394: DeprecationWarning: twisted.web.http.Request.getClientIP was deprecated in Twisted 18.4.0; please use getClientAddress instead
    self.getClientIP(),

tests/rest/client/v2_alpha/test_account.py: 39 warnings
tests/rest/client/v2_alpha/test_auth.py: 15 warnings
tests/rest/client/v2_alpha/test_capabilities.py: 2 warnings
tests/rest/client/v2_alpha/test_password_policy.py: 1 warning
tests/rest/client/v2_alpha/test_report_event.py: 14 warnings
tests/rest/client/v2_alpha/test_sendtodevice.py: 5 warnings
tests/rest/client/v2_alpha/test_shared_rooms.py: 8 warnings
tests/rest/client/v2_alpha/test_sync.py: 14 warnings
tests/rest/client/v2_alpha/test_upgrade_room.py: 11 warnings
  /workspace/synapse/synapse/rest/client/login.py:196: DeprecationWarning: twisted.web.http.Request.getClientIP was deprecated in Twisted 18.4.0; please use getClientAddress instead
    await self._address_ratelimiter.ratelimit(None, request.getClientIP())

tests/rest/client/v2_alpha/test_account.py: 31 warnings
  /workspace/synapse/synapse/handlers/identity.py:96: DeprecationWarning: twisted.web.http.Request.getClientIP was deprecated in Twisted 18.4.0; please use getClientAddress instead
    None, (medium, request.getClientIP())

tests/rest/client/v2_alpha/test_account.py: 21 warnings
tests/rest/client/v2_alpha/test_auth.py: 16 warnings
tests/rest/client/v2_alpha/test_password_policy.py: 1 warning
  /workspace/synapse/synapse/handlers/auth.py:579: DeprecationWarning: twisted.web.http.Request.getClientIP was deprecated in Twisted 18.4.0; please use getClientAddress instead
    clientip = request.getClientIP()

tests/rest/client/v2_alpha/test_account.py: 35 warnings
tests/rest/client/v2_alpha/test_auth.py: 16 warnings
tests/rest/client/v2_alpha/test_capabilities.py: 7 warnings
tests/rest/client/v2_alpha/test_report_event.py: 28 warnings
tests/rest/client/v2_alpha/test_sendtodevice.py: 12 warnings
tests/rest/client/v2_alpha/test_shared_rooms.py: 31 warnings
tests/rest/client/v2_alpha/test_sync.py: 79 warnings
tests/rest/client/v2_alpha/test_upgrade_room.py: 25 warnings
  /workspace/synapse/synapse/api/auth.py:153: DeprecationWarning: twisted.web.http.Request.getClientIP was deprecated in Twisted 18.4.0; please use getClientAddress instead
    ip_addr = request.getClientIP()

tests/rest/client/v2_alpha/test_auth.py: 6 warnings
tests/rest/client/v2_alpha/test_password_policy.py: 6 warnings
  /workspace/synapse/synapse/rest/client/register.py:414: DeprecationWarning: twisted.web.http.Request.getClientIP was deprecated in Twisted 18.4.0; please use getClientAddress instead
    client_addr = request.getClientIP()

tests/rest/client/v2_alpha/test_auth.py::FallbackAuthTests::test_complete_operation_unknown_session
tests/rest/client/v2_alpha/test_auth.py::FallbackAuthTests::test_fallback_captcha
  /workspace/synapse/synapse/rest/client/auth.py:99: DeprecationWarning: twisted.web.http.Request.getClientIP was deprecated in Twisted 18.4.0; please use getClientAddress instead
    LoginType.RECAPTCHA, authdict, request.getClientIP()

-- Docs: https://docs.pytest.org/en/stable/how-to/capture-warnings.html
================ 95 passed, 4 skipped, 2838 warnings in 31.93s =================

2026-01-17 00:11:09,405 - src.agents.base - INFO - Tool RunTest: ✓
2026-01-17 00:11:09,405 - src.agents.base - INFO - Tool RunTest: ✓
2026-01-17 00:11:15,395 - src.agents.base - INFO - SingleAgent executing tool: EditCode
2026-01-17 00:11:15,395 - src.agents.base - INFO - SingleAgent executing tool: EditCode
2026-01-17 00:11:15,395 - src.agents.base - INFO - Tool arguments:
{
  "file_path": "synapse/groups/groups_server.py",
  "old_code": "        # If the group is not public and the user is not a member, forbid access\n        if not group.get(\"is_public\", False) and not is_user_in_group:\n            raise SynapseError(403, \"You are not a member of this group\")\n\n        room_results = await self.store.get_rooms_in_group(\n            group_id, include_private=is_user_in_group\n        )",
  "new_code": "        # If the group is not public and the user is not a member, return empty list (per test expectation)\n        if not group.get(\"is_public\", False) and not is_user_in_group:\n            return {\"chunk\": [], \"total_room_count_estimate\": 0}\n\n        room_results = await self.store.get_rooms_in_group(\n            group_id, include_private=is_user_in_group\n        )",
  "fuzzy_match": true,
  "skip_validation": false
}
2026-01-17 00:11:15,395 - src.agents.base - INFO - Tool arguments:
{
  "file_path": "synapse/groups/groups_server.py",
  "old_code": "        # If the group is not public and the user is not a member, forbid access\n        if not group.get(\"is_public\", False) and not is_user_in_group:\n            raise SynapseError(403, \"You are not a member of this group\")\n\n        room_results = await self.store.get_rooms_in_group(\n            group_id, include_private=is_user_in_group\n        )",
  "new_code": "        # If the group is not public and the user is not a member, return empty list (per test expectation)\n        if not group.get(\"is_public\", False) and not is_user_in_group:\n            return {\"chunk\": [], \"total_room_count_estimate\": 0}\n\n        room_results = await self.store.get_rooms_in_group(\n            group_id, include_private=is_user_in_group\n        )",
  "fuzzy_match": true,
  "skip_validation": false
}
2026-01-17 00:11:15,529 - src.tools.edit_code - INFO - EditCodeTool: Writing 35398 chars to synapse/groups/groups_server.py (match_type=exact)
2026-01-17 00:11:15,529 - src.tools.edit_code - INFO - EditCodeTool: Writing 35398 chars to synapse/groups/groups_server.py (match_type=exact)
2026-01-17 00:11:15,655 - src.agents.base - INFO - Tool EditCode: ✓
2026-01-17 00:11:15,655 - src.agents.base - INFO - Tool EditCode: ✓
2026-01-17 00:11:16,761 - src.agents.base - INFO - SingleAgent executing tool: RunTest
2026-01-17 00:11:16,761 - src.agents.base - INFO - SingleAgent executing tool: RunTest
2026-01-17 00:11:16,762 - src.agents.base - INFO - Tool arguments:
{
  "run_prepare": true,
  "timeout": 120,
  "include_paths": [
    "synapse/groups/groups_server.py"
  ],
  "run_unittest": true
}
2026-01-17 00:11:16,762 - src.agents.base - INFO - Tool arguments:
{
  "run_prepare": true,
  "timeout": 120,
  "include_paths": [
    "synapse/groups/groups_server.py"
  ],
  "run_unittest": true
}
2026-01-17 00:11:17,063 - src.tools.run_test - INFO - Extracted 1 file paths from /workspace/test.patch: ['tests/rest/client/v2_alphtest_groups.py']
2026-01-17 00:11:17,063 - src.tools.run_test - INFO - Extracted 1 file paths from /workspace/test.patch: ['tests/rest/client/v2_alphtest_groups.py']
2026-01-17 00:11:17,064 - src.tools.run_test - INFO - Generating git diff for fix.patch
2026-01-17 00:11:17,064 - src.tools.run_test - INFO - Generating git diff for fix.patch
2026-01-17 00:11:17,064 - src.tools.run_test - INFO -   include_paths: ['synapse/groups/groups_server.py']
2026-01-17 00:11:17,064 - src.tools.run_test - INFO -   include_paths: ['synapse/groups/groups_server.py']
2026-01-17 00:11:17,064 - src.tools.run_test - INFO -   exclude_paths (from test.patch): ['tests/rest/client/v2_alphtest_groups.py']
2026-01-17 00:11:17,064 - src.tools.run_test - INFO -   exclude_paths (from test.patch): ['tests/rest/client/v2_alphtest_groups.py']
2026-01-17 00:11:17,064 - src.tools.run_test - INFO -   git diff command: git diff HEAD -- 'synapse/groups/groups_server.py' ':(exclude)tests/rest/client/v2_alphtest_groups.py'
2026-01-17 00:11:17,064 - src.tools.run_test - INFO -   git diff command: git diff HEAD -- 'synapse/groups/groups_server.py' ':(exclude)tests/rest/client/v2_alphtest_groups.py'
2026-01-17 00:11:17,203 - src.tools.run_test - INFO -   Generated patch: 1089 bytes, 25 lines
2026-01-17 00:11:17,203 - src.tools.run_test - INFO -   Generated patch: 1089 bytes, 25 lines
2026-01-17 00:11:17,203 - src.tools.run_test - INFO -   Patch content:
diff --git a/synapse/groups/groups_server.py b/synapse/groups/groups_server.py
index 3dc55ab86..6c15d2e5b 100644
--- a/synapse/groups/groups_server.py
+++ b/synapse/groups/groups_server.py
@@ -326,12 +326,19 @@ class GroupsServerWorkerHandler:
         This returns rooms in order of decreasing number of joined users
         """
 
-        await self.check_group_is_ours(group_id, requester_user_id, and_exists=True)
+        # Fetch the group object directly
+        group = await self.store.get_group(group_id)
+        if not group:
+            raise SynapseError(404, "Unknown group")
 
         is_user_in_group = await self.store.is_user_in_group(
             requester_user_id, group_id
         )
 
+        # If the group is not public and the user is not a member, return empty list (per test expectation)
+        if not group.get("is_public", False) and not is_user_in_group:
+            return {"chunk": [], "total_room_count_estimate": 0}
+
         room_results = await self.store.get_rooms_in_group(
             group_id, include_private=is_user_in_group
         )

2026-01-17 00:11:17,203 - src.tools.run_test - INFO -   Patch content:
diff --git a/synapse/groups/groups_server.py b/synapse/groups/groups_server.py
index 3dc55ab86..6c15d2e5b 100644
--- a/synapse/groups/groups_server.py
+++ b/synapse/groups/groups_server.py
@@ -326,12 +326,19 @@ class GroupsServerWorkerHandler:
         This returns rooms in order of decreasing number of joined users
         """
 
-        await self.check_group_is_ours(group_id, requester_user_id, and_exists=True)
+        # Fetch the group object directly
+        group = await self.store.get_group(group_id)
+        if not group:
+            raise SynapseError(404, "Unknown group")
 
         is_user_in_group = await self.store.is_user_in_group(
             requester_user_id, group_id
         )
 
+        # If the group is not public and the user is not a member, return empty list (per test expectation)
+        if not group.get("is_public", False) and not is_user_in_group:
+            return {"chunk": [], "total_room_count_estimate": 0}
+
         room_results = await self.store.get_rooms_in_group(
             group_id, include_private=is_user_in_group
         )

2026-01-17 00:11:17,304 - src.tools.run_test - INFO - Running prepare.sh to reset repository...
2026-01-17 00:11:17,304 - src.tools.run_test - INFO - Running prepare.sh to reset repository...
2026-01-17 00:11:17,788 - src.tools.run_test - INFO - Running fix-run.sh for PoC validation...
2026-01-17 00:11:17,788 - src.tools.run_test - INFO - Running fix-run.sh for PoC validation...
2026-01-17 00:11:17,878 - src.tools.run_test - INFO - Patch being tested:
diff --git a/synapse/groups/groups_server.py b/synapse/groups/groups_server.py
index 3dc55ab86..6c15d2e5b 100644
--- a/synapse/groups/groups_server.py
+++ b/synapse/groups/groups_server.py
@@ -326,12 +326,19 @@ class GroupsServerWorkerHandler:
         This returns rooms in order of decreasing number of joined users
         """
 
-        await self.check_group_is_ours(group_id, requester_user_id, and_exists=True)
+        # Fetch the group object directly
+        group = await self.store.get_group(group_id)
+        if not group:
+            raise SynapseError(404, "Unknown group")
 
         is_user_in_group = await self.store.is_user_in_group(
             requester_user_id, group_id
         )
 
+        # If the group is not public and the user is not a member, return empty list (per test expectation)
+        if not group.get("is_public", False) and not is_user_in_group:
+            return {"chunk": [], "total_room_count_estimate": 0}
+
         room_results = await self.store.get_rooms_in_group(
             group_id, include_private=is_user_in_group
         )


2026-01-17 00:11:17,878 - src.tools.run_test - INFO - Patch being tested:
diff --git a/synapse/groups/groups_server.py b/synapse/groups/groups_server.py
index 3dc55ab86..6c15d2e5b 100644
--- a/synapse/groups/groups_server.py
+++ b/synapse/groups/groups_server.py
@@ -326,12 +326,19 @@ class GroupsServerWorkerHandler:
         This returns rooms in order of decreasing number of joined users
         """
 
-        await self.check_group_is_ours(group_id, requester_user_id, and_exists=True)
+        # Fetch the group object directly
+        group = await self.store.get_group(group_id)
+        if not group:
+            raise SynapseError(404, "Unknown group")
 
         is_user_in_group = await self.store.is_user_in_group(
             requester_user_id, group_id
         )
 
+        # If the group is not public and the user is not a member, return empty list (per test expectation)
+        if not group.get("is_public", False) and not is_user_in_group:
+            return {"chunk": [], "total_room_count_estimate": 0}
+
         room_results = await self.store.get_rooms_in_group(
             group_id, include_private=is_user_in_group
         )


2026-01-17 00:11:19,687 - src.tools.run_test - INFO - fix-run.sh completed with exit code 1
2026-01-17 00:11:19,687 - src.tools.run_test - INFO - fix-run.sh completed with exit code 1
2026-01-17 00:11:19,687 - src.tools.run_test - INFO - fix-run.sh output:
============================= test session starts ==============================
platform linux -- Python 3.8.20, pytest-8.3.5, pluggy-1.5.0
rootdir: /workspace/synapse
configfile: pyproject.toml
collected 1 item

tests/rest/client/v2_alpha/test_groups.py F                              [100%]

=================================== FAILURES ===================================
_______________ GroupsTestCase.test_rooms_limited_by_visibility ________________

self = <tests.rest.client.v2_alpha.test_groups.GroupsTestCase testMethod=test_rooms_limited_by_visibility>

    @override_config({"enable_group_creation": True})
    def test_rooms_limited_by_visibility(self):
        group_id = "+spqr:test"
    
        # Alice creates a group
        channel = self.make_request("POST", "/create_group", {"localpart": "spqr"})
        self.assertEquals(channel.code, 200, msg=channel.text_body)
        self.assertEquals(channel.json_body, {"group_id": group_id})
    
        # Bob creates a private room
        room_id = self.helper.create_room_as(self.room_creator_user_id, is_public=False)
        self.helper.auth_user_id = self.room_creator_user_id
        self.helper.send_state(
            room_id, "m.room.name", {"name": "bob's secret room"}, tok=None
        )
        self.helper.auth_user_id = self.user_id
    
        # Alice adds the room to her group.
        channel = self.make_request(
            "PUT", f"/groups/{group_id}/admin/rooms/{room_id}", {}
        )
        self.assertEquals(channel.code, 200, msg=channel.text_body)
        self.assertEquals(channel.json_body, {})
    
        # Alice now tries to retrieve the room list of the space.
        channel = self.make_request("GET", f"/groups/{group_id}/rooms")
        self.assertEquals(channel.code, 200, msg=channel.text_body)
>       self.assertEquals(
            channel.json_body, {"chunk": [], "total_room_count_estimate": 0}
        )

tests/rest/client/v2_alpha/test_groups.py:41: 
_ _ _ _ _ _ _ _ _ _ _ _ _ _ _ _ _ _ _ _ _ _ _ _ _ _ _ _ _ _ _ _ _ _ _ _ _ _ _ _ 
../PoC_env/CVE-2021-39163/lib/python3.8/site-packages/twisted/trial/_synctest.py:444: in assertEqual
    super().assertEqual(first, second, msg)
_ _ _ _ _ _ _ _ _ _ _ _ _ _ _ _ _ _ _ _ _ _ _ _ _ _ _ _ _ _ _ _ _ _ _ _ _ _ _ _ 

self = <tests.rest.client.v2_alpha.test_groups.GroupsTestCase testMethod=test_rooms_limited_by_visibility>
msg = "{'chunk': [{'guest_can_join': True, 'is_public': Tru[169 chars]': 1} != {'chunk': [], 'total_room_count_estimate': 0}...                ^\n\n+ {'chunk': [], 'total_room_count_estimate': 0}\n? +++++++++++++                              ^\n"

    def fail(self, msg: Optional[object] = None) -> NoReturn:
        """
        Absolutely fail the test.  Do not pass go, do not collect $200.
    
        @param msg: the message that will be displayed as the reason for the
        failure
        """
>       raise self.failureException(msg)
E       twisted.trial.unittest.FailTest: {'chunk': [{'guest_can_join': True, 'is_public': Tru[169 chars]': 1} != {'chunk': [], 'total_room_count_estimate': 0}
E       - {'chunk': [{'guest_can_join': True,
E       -             'is_public': True,
E       -             'm.federate': True,
E       -             'name': "bob's secret room",
E       -             'num_joined_members': 1,
E       -             'room_id': '!lKdZHGNhflvVLDqKfp:test',
E       -             'world_readable': False}],
E       -  'total_room_count_estimate': 1}
E       ?                               ^
E       
E       + {'chunk': [], 'total_room_count_estimate': 0}
E       ? +++++++++++++                              ^

../PoC_env/CVE-2021-39163/lib/python3.8/site-packages/twisted/trial/_synctest.py:381: FailTest
=========================== short test summary info ============================
FAILED tests/rest/client/v2_alpha/test_groups.py::GroupsTestCase::test_rooms_limited_by_visibility
======================== 1 failed, 30 warnings in 1.34s ========================

2026-01-17 00:11:19,687 - src.tools.run_test - INFO - fix-run.sh output:
============================= test session starts ==============================
platform linux -- Python 3.8.20, pytest-8.3.5, pluggy-1.5.0
rootdir: /workspace/synapse
configfile: pyproject.toml
collected 1 item

tests/rest/client/v2_alpha/test_groups.py F                              [100%]

=================================== FAILURES ===================================
_______________ GroupsTestCase.test_rooms_limited_by_visibility ________________

self = <tests.rest.client.v2_alpha.test_groups.GroupsTestCase testMethod=test_rooms_limited_by_visibility>

    @override_config({"enable_group_creation": True})
    def test_rooms_limited_by_visibility(self):
        group_id = "+spqr:test"
    
        # Alice creates a group
        channel = self.make_request("POST", "/create_group", {"localpart": "spqr"})
        self.assertEquals(channel.code, 200, msg=channel.text_body)
        self.assertEquals(channel.json_body, {"group_id": group_id})
    
        # Bob creates a private room
        room_id = self.helper.create_room_as(self.room_creator_user_id, is_public=False)
        self.helper.auth_user_id = self.room_creator_user_id
        self.helper.send_state(
            room_id, "m.room.name", {"name": "bob's secret room"}, tok=None
        )
        self.helper.auth_user_id = self.user_id
    
        # Alice adds the room to her group.
        channel = self.make_request(
            "PUT", f"/groups/{group_id}/admin/rooms/{room_id}", {}
        )
        self.assertEquals(channel.code, 200, msg=channel.text_body)
        self.assertEquals(channel.json_body, {})
    
        # Alice now tries to retrieve the room list of the space.
        channel = self.make_request("GET", f"/groups/{group_id}/rooms")
        self.assertEquals(channel.code, 200, msg=channel.text_body)
>       self.assertEquals(
            channel.json_body, {"chunk": [], "total_room_count_estimate": 0}
        )

tests/rest/client/v2_alpha/test_groups.py:41: 
_ _ _ _ _ _ _ _ _ _ _ _ _ _ _ _ _ _ _ _ _ _ _ _ _ _ _ _ _ _ _ _ _ _ _ _ _ _ _ _ 
../PoC_env/CVE-2021-39163/lib/python3.8/site-packages/twisted/trial/_synctest.py:444: in assertEqual
    super().assertEqual(first, second, msg)
_ _ _ _ _ _ _ _ _ _ _ _ _ _ _ _ _ _ _ _ _ _ _ _ _ _ _ _ _ _ _ _ _ _ _ _ _ _ _ _ 

self = <tests.rest.client.v2_alpha.test_groups.GroupsTestCase testMethod=test_rooms_limited_by_visibility>
msg = "{'chunk': [{'guest_can_join': True, 'is_public': Tru[169 chars]': 1} != {'chunk': [], 'total_room_count_estimate': 0}...                ^\n\n+ {'chunk': [], 'total_room_count_estimate': 0}\n? +++++++++++++                              ^\n"

    def fail(self, msg: Optional[object] = None) -> NoReturn:
        """
        Absolutely fail the test.  Do not pass go, do not collect $200.
    
        @param msg: the message that will be displayed as the reason for the
        failure
        """
>       raise self.failureException(msg)
E       twisted.trial.unittest.FailTest: {'chunk': [{'guest_can_join': True, 'is_public': Tru[169 chars]': 1} != {'chunk': [], 'total_room_count_estimate': 0}
E       - {'chunk': [{'guest_can_join': True,
E       -             'is_public': True,
E       -             'm.federate': True,
E       -             'name': "bob's secret room",
E       -             'num_joined_members': 1,
E       -             'room_id': '!lKdZHGNhflvVLDqKfp:test',
E       -             'world_readable': False}],
E       -  'total_room_count_estimate': 1}
E       ?                               ^
E       
E       + {'chunk': [], 'total_room_count_estimate': 0}
E       ? +++++++++++++                              ^

../PoC_env/CVE-2021-39163/lib/python3.8/site-packages/twisted/trial/_synctest.py:381: FailTest
=========================== short test summary info ============================
FAILED tests/rest/client/v2_alpha/test_groups.py::GroupsTestCase::test_rooms_limited_by_visibility
======================== 1 failed, 30 warnings in 1.34s ========================

2026-01-17 00:11:19,772 - src.tools.run_test - INFO - Running prepare.sh to reset repository...
2026-01-17 00:11:19,772 - src.tools.run_test - INFO - Running prepare.sh to reset repository...
2026-01-17 00:11:20,397 - src.tools.run_test - INFO - Running unit_test.sh for regression testing...
2026-01-17 00:11:20,397 - src.tools.run_test - INFO - Running unit_test.sh for regression testing...
2026-01-17 00:11:52,724 - src.tools.run_test - INFO - unit_test.sh completed with exit code 0
2026-01-17 00:11:52,724 - src.tools.run_test - INFO - unit_test.sh completed with exit code 0
2026-01-17 00:11:52,725 - src.tools.run_test - INFO - unit_test.sh output:
============================= test session starts ==============================
platform linux -- Python 3.8.20, pytest-8.3.5, pluggy-1.5.0
rootdir: /workspace/synapse
configfile: pyproject.toml
collected 99 items

tests/rest/client/v2_alpha/test_account.py ............................. [ 29%]
..                                                                       [ 31%]
tests/rest/client/v2_alpha/test_auth.py .....s..s.ss.....                [ 48%]
tests/rest/client/v2_alpha/test_capabilities.py .......                  [ 55%]
tests/rest/client/v2_alpha/test_filter.py .......                        [ 62%]
tests/rest/client/v2_alpha/test_password_policy.py ........              [ 70%]
tests/rest/client/v2_alpha/test_report_event.py .......                  [ 77%]
tests/rest/client/v2_alpha/test_sendtodevice.py ...                      [ 80%]
tests/rest/client/v2_alpha/test_shared_rooms.py ....                     [ 84%]
tests/rest/client/v2_alpha/test_sync.py ..........                       [ 94%]
tests/rest/client/v2_alpha/test_upgrade_room.py .....                    [100%]

=============================== warnings summary ===============================
tests/rest/client/v2_alpha/test_account.py:22
  /workspace/synapse/tests/rest/client/v2_alpha/test_account.py:22: DeprecationWarning: pkg_resources is deprecated as an API. See https://setuptools.pypa.io/en/latest/pkg_resources.html
    import pkg_resources

../PoC_env/CVE-2021-39163/lib/python3.8/site-packages/pkg_resources/__init__.py:3154
  /workspace/PoC_env/CVE-2021-39163/lib/python3.8/site-packages/pkg_resources/__init__.py:3154: DeprecationWarning: Deprecated call to `pkg_resources.declare_namespace('zope')`.
  Implementing implicit namespace packages (as specified in PEP 420) is preferred to `pkg_resources.declare_namespace`. See https://setuptools.pypa.io/en/latest/references/keywords.html#keyword-namespace-packages
    declare_namespace(pkg)

../PoC_env/CVE-2021-39163/lib/python3.8/site-packages/twisted/web/static.py:35
  /workspace/PoC_env/CVE-2021-39163/lib/python3.8/site-packages/twisted/web/static.py:35: DeprecationWarning: twisted.web.resource._UnsafeNoResource.__init__ was deprecated in Twisted 22.10.0; please use Use twisted.web.pages.notFound instead, which properly escapes HTML. instead
    dangerousPathError = resource._UnsafeNoResource("Invalid request URL.")

../PoC_env/CVE-2021-39163/lib/python3.8/site-packages/twisted/web/static.py:264
  /workspace/PoC_env/CVE-2021-39163/lib/python3.8/site-packages/twisted/web/static.py:264: DeprecationWarning: twisted.web.resource._UnsafeNoResource.__init__ was deprecated in Twisted 22.10.0; please use Use twisted.web.pages.notFound instead, which properly escapes HTML. instead
    childNotFound = resource._UnsafeNoResource("File not found.")

../PoC_env/CVE-2021-39163/lib/python3.8/site-packages/twisted/web/static.py:265
  /workspace/PoC_env/CVE-2021-39163/lib/python3.8/site-packages/twisted/web/static.py:265: DeprecationWarning: twisted.web.resource._UnsafeForbiddenResource.__init__ was deprecated in Twisted 22.10.0; please use Use twisted.web.pages.forbidden instead, which properly escapes HTML. instead
    forbidden = resource._UnsafeForbiddenResource()

synapse/api/filtering.py:122
  /workspace/synapse/synapse/api/filtering.py:122: DeprecationWarning: FormatChecker.cls_checks is deprecated. Call FormatChecker.checks on a specific FormatChecker instance instead.
    @FormatChecker.cls_checks("matrix_room_id")

synapse/api/filtering.py:127
  /workspace/synapse/synapse/api/filtering.py:127: DeprecationWarning: FormatChecker.cls_checks is deprecated. Call FormatChecker.checks on a specific FormatChecker instance instead.
    @FormatChecker.cls_checks("matrix_user_id")

synapse/http/connectproxyclient.py:220
  /workspace/synapse/synapse/http/connectproxyclient.py:220: DeprecationWarning: twisted.web.http.HTTPClient was deprecated in Twisted 24.7.0: Use twisted.web.client.Agent instead.
    class HTTPConnectSetupClient(http.HTTPClient):

tests/server.py:26
  /workspace/synapse/tests/server.py:26: DeprecationWarning: twisted.test.proto_helpers.AccumulatingProtocol was deprecated in Twisted 19.7.0: Please use twisted.internet.testing.AccumulatingProtocol instead.
    from twisted.test.proto_helpers import AccumulatingProtocol, MemoryReactorClock

tests/server.py:26
  /workspace/synapse/tests/server.py:26: DeprecationWarning: twisted.test.proto_helpers.MemoryReactorClock was deprecated in Twisted 19.7.0: Please use twisted.internet.testing.MemoryReactorClock instead.
    from twisted.test.proto_helpers import AccumulatingProtocol, MemoryReactorClock

tests/rest/client/v2_alpha/test_account.py: 31 warnings
tests/rest/client/v2_alpha/test_auth.py: 13 warnings
tests/rest/client/v2_alpha/test_capabilities.py: 7 warnings
tests/rest/client/v2_alpha/test_filter.py: 7 warnings
tests/rest/client/v2_alpha/test_password_policy.py: 8 warnings
tests/rest/client/v2_alpha/test_report_event.py: 7 warnings
tests/rest/client/v2_alpha/test_sendtodevice.py: 3 warnings
tests/rest/client/v2_alpha/test_shared_rooms.py: 4 warnings
tests/rest/client/v2_alpha/test_sync.py: 10 warnings
tests/rest/client/v2_alpha/test_upgrade_room.py: 5 warnings
  /workspace/synapse/synapse/crypto/context_factory.py:175: DeprecationWarning: Attempting to mutate a Context after a Connection was created. In the future, this will raise an exception
    self._ssl_context.set_info_callback(_context_info_cb)

tests/rest/client/v2_alpha/test_account.py: 31 warnings
tests/rest/client/v2_alpha/test_auth.py: 13 warnings
tests/rest/client/v2_alpha/test_capabilities.py: 7 warnings
tests/rest/client/v2_alpha/test_filter.py: 7 warnings
tests/rest/client/v2_alpha/test_password_policy.py: 8 warnings
tests/rest/client/v2_alpha/test_report_event.py: 7 warnings
tests/rest/client/v2_alpha/test_sendtodevice.py: 3 warnings
tests/rest/client/v2_alpha/test_shared_rooms.py: 4 warnings
tests/rest/client/v2_alpha/test_sync.py: 10 warnings
tests/rest/client/v2_alpha/test_upgrade_room.py: 5 warnings
  /workspace/synapse/synapse/crypto/context_factory.py:122: DeprecationWarning: Attempting to mutate a Context after a Connection was created. In the future, this will raise an exception
    self._verify_ssl_context.set_info_callback(_context_info_cb)

tests/rest/client/v2_alpha/test_account.py: 31 warnings
tests/rest/client/v2_alpha/test_auth.py: 13 warnings
tests/rest/client/v2_alpha/test_capabilities.py: 7 warnings
tests/rest/client/v2_alpha/test_filter.py: 7 warnings
tests/rest/client/v2_alpha/test_password_policy.py: 8 warnings
tests/rest/client/v2_alpha/test_report_event.py: 7 warnings
tests/rest/client/v2_alpha/test_sendtodevice.py: 3 warnings
tests/rest/client/v2_alpha/test_shared_rooms.py: 4 warnings
tests/rest/client/v2_alpha/test_sync.py: 10 warnings
tests/rest/client/v2_alpha/test_upgrade_room.py: 5 warnings
  /workspace/synapse/synapse/crypto/context_factory.py:126: DeprecationWarning: Attempting to mutate a Context after a Connection was created. In the future, this will raise an exception
    self._no_verify_ssl_context.set_info_callback(_context_info_cb)

tests/rest/client/v2_alpha/test_account.py: 62 warnings
tests/rest/client/v2_alpha/test_auth.py: 32 warnings
tests/rest/client/v2_alpha/test_capabilities.py: 14 warnings
tests/rest/client/v2_alpha/test_filter.py: 14 warnings
tests/rest/client/v2_alpha/test_password_policy.py: 16 warnings
tests/rest/client/v2_alpha/test_report_event.py: 14 warnings
tests/rest/client/v2_alpha/test_sendtodevice.py: 6 warnings
tests/rest/client/v2_alpha/test_shared_rooms.py: 8 warnings
tests/rest/client/v2_alpha/test_sync.py: 20 warnings
tests/rest/client/v2_alpha/test_upgrade_room.py: 10 warnings
  /workspace/synapse/synapse/util/httpresourcetree.py:51: DeprecationWarning: twisted.web.resource._UnsafeNoResource.__init__ was deprecated in Twisted 22.10.0; please use Use twisted.web.pages.notFound instead, which properly escapes HTML. instead
    child_resource = NoResource()

tests/rest/client/v2_alpha/test_account.py: 200 warnings
tests/rest/client/v2_alpha/test_auth.py: 70 warnings
tests/rest/client/v2_alpha/test_capabilities.py: 21 warnings
tests/rest/client/v2_alpha/test_filter.py: 7 warnings
tests/rest/client/v2_alpha/test_password_policy.py: 11 warnings
tests/rest/client/v2_alpha/test_report_event.py: 70 warnings
tests/rest/client/v2_alpha/test_sendtodevice.py: 27 warnings
tests/rest/client/v2_alpha/test_shared_rooms.py: 55 warnings
tests/rest/client/v2_alpha/test_sync.py: 122 warnings
tests/rest/client/v2_alpha/test_upgrade_room.py: 58 warnings
  /workspace/synapse/synapse/http/site.py:218: DeprecationWarning: twisted.web.http.Request.getClientIP was deprecated in Twisted 18.4.0; please use getClientAddress instead
    ip_address=self.getClientIP(),

tests/rest/client/v2_alpha/test_account.py: 200 warnings
tests/rest/client/v2_alpha/test_auth.py: 70 warnings
tests/rest/client/v2_alpha/test_capabilities.py: 21 warnings
tests/rest/client/v2_alpha/test_filter.py: 7 warnings
tests/rest/client/v2_alpha/test_password_policy.py: 11 warnings
tests/rest/client/v2_alpha/test_report_event.py: 70 warnings
tests/rest/client/v2_alpha/test_sendtodevice.py: 27 warnings
tests/rest/client/v2_alpha/test_shared_rooms.py: 55 warnings
tests/rest/client/v2_alpha/test_sync.py: 122 warnings
tests/rest/client/v2_alpha/test_upgrade_room.py: 58 warnings
  /workspace/synapse/synapse/http/site.py:351: DeprecationWarning: twisted.web.http.Request.getClientIP was deprecated in Twisted 18.4.0; please use getClientAddress instead
    self.getClientIP(),

tests/rest/client/v2_alpha/test_account.py: 200 warnings
tests/rest/client/v2_alpha/test_auth.py: 70 warnings
tests/rest/client/v2_alpha/test_capabilities.py: 21 warnings
tests/rest/client/v2_alpha/test_filter.py: 7 warnings
tests/rest/client/v2_alpha/test_password_policy.py: 11 warnings
tests/rest/client/v2_alpha/test_report_event.py: 70 warnings
tests/rest/client/v2_alpha/test_sendtodevice.py: 27 warnings
tests/rest/client/v2_alpha/test_shared_rooms.py: 55 warnings
tests/rest/client/v2_alpha/test_sync.py: 121 warnings
tests/rest/client/v2_alpha/test_upgrade_room.py: 58 warnings
  /workspace/synapse/synapse/http/site.py:394: DeprecationWarning: twisted.web.http.Request.getClientIP was deprecated in Twisted 18.4.0; please use getClientAddress instead
    self.getClientIP(),

tests/rest/client/v2_alpha/test_account.py: 39 warnings
tests/rest/client/v2_alpha/test_auth.py: 15 warnings
tests/rest/client/v2_alpha/test_capabilities.py: 2 warnings
tests/rest/client/v2_alpha/test_password_policy.py: 1 warning
tests/rest/client/v2_alpha/test_report_event.py: 14 warnings
tests/rest/client/v2_alpha/test_sendtodevice.py: 5 warnings
tests/rest/client/v2_alpha/test_shared_rooms.py: 8 warnings
tests/rest/client/v2_alpha/test_sync.py: 14 warnings
tests/rest/client/v2_alpha/test_upgrade_room.py: 11 warnings
  /workspace/synapse/synapse/rest/client/login.py:196: DeprecationWarning: twisted.web.http.Request.getClientIP was deprecated in Twisted 18.4.0; please use getClientAddress instead
    await self._address_ratelimiter.ratelimit(None, request.getClientIP())

tests/rest/client/v2_alpha/test_account.py: 31 warnings
  /workspace/synapse/synapse/handlers/identity.py:96: DeprecationWarning: twisted.web.http.Request.getClientIP was deprecated in Twisted 18.4.0; please use getClientAddress instead
    None, (medium, request.getClientIP())

tests/rest/client/v2_alpha/test_account.py: 21 warnings
tests/rest/client/v2_alpha/test_auth.py: 16 warnings
tests/rest/client/v2_alpha/test_password_policy.py: 1 warning
  /workspace/synapse/synapse/handlers/auth.py:579: DeprecationWarning: twisted.web.http.Request.getClientIP was deprecated in Twisted 18.4.0; please use getClientAddress instead
    clientip = request.getClientIP()

tests/rest/client/v2_alpha/test_account.py: 35 warnings
tests/rest/client/v2_alpha/test_auth.py: 16 warnings
tests/rest/client/v2_alpha/test_capabilities.py: 7 warnings
tests/rest/client/v2_alpha/test_report_event.py: 28 warnings
tests/rest/client/v2_alpha/test_sendtodevice.py: 12 warnings
tests/rest/client/v2_alpha/test_shared_rooms.py: 31 warnings
tests/rest/client/v2_alpha/test_sync.py: 79 warnings
tests/rest/client/v2_alpha/test_upgrade_room.py: 25 warnings
  /workspace/synapse/synapse/api/auth.py:153: DeprecationWarning: twisted.web.http.Request.getClientIP was deprecated in Twisted 18.4.0; please use getClientAddress instead
    ip_addr = request.getClientIP()

tests/rest/client/v2_alpha/test_auth.py: 6 warnings
tests/rest/client/v2_alpha/test_password_policy.py: 6 warnings
  /workspace/synapse/synapse/rest/client/register.py:414: DeprecationWarning: twisted.web.http.Request.getClientIP was deprecated in Twisted 18.4.0; please use getClientAddress instead
    client_addr = request.getClientIP()

tests/rest/client/v2_alpha/test_auth.py::FallbackAuthTests::test_complete_operation_unknown_session
tests/rest/client/v2_alpha/test_auth.py::FallbackAuthTests::test_fallback_captcha
  /workspace/synapse/synapse/rest/client/auth.py:99: DeprecationWarning: twisted.web.http.Request.getClientIP was deprecated in Twisted 18.4.0; please use getClientAddress instead
    LoginType.RECAPTCHA, authdict, request.getClientIP()

-- Docs: https://docs.pytest.org/en/stable/how-to/capture-warnings.html
================ 95 passed, 4 skipped, 2838 warnings in 31.86s =================

2026-01-17 00:11:52,725 - src.tools.run_test - INFO - unit_test.sh output:
============================= test session starts ==============================
platform linux -- Python 3.8.20, pytest-8.3.5, pluggy-1.5.0
rootdir: /workspace/synapse
configfile: pyproject.toml
collected 99 items

tests/rest/client/v2_alpha/test_account.py ............................. [ 29%]
..                                                                       [ 31%]
tests/rest/client/v2_alpha/test_auth.py .....s..s.ss.....                [ 48%]
tests/rest/client/v2_alpha/test_capabilities.py .......                  [ 55%]
tests/rest/client/v2_alpha/test_filter.py .......                        [ 62%]
tests/rest/client/v2_alpha/test_password_policy.py ........              [ 70%]
tests/rest/client/v2_alpha/test_report_event.py .......                  [ 77%]
tests/rest/client/v2_alpha/test_sendtodevice.py ...                      [ 80%]
tests/rest/client/v2_alpha/test_shared_rooms.py ....                     [ 84%]
tests/rest/client/v2_alpha/test_sync.py ..........                       [ 94%]
tests/rest/client/v2_alpha/test_upgrade_room.py .....                    [100%]

=============================== warnings summary ===============================
tests/rest/client/v2_alpha/test_account.py:22
  /workspace/synapse/tests/rest/client/v2_alpha/test_account.py:22: DeprecationWarning: pkg_resources is deprecated as an API. See https://setuptools.pypa.io/en/latest/pkg_resources.html
    import pkg_resources

../PoC_env/CVE-2021-39163/lib/python3.8/site-packages/pkg_resources/__init__.py:3154
  /workspace/PoC_env/CVE-2021-39163/lib/python3.8/site-packages/pkg_resources/__init__.py:3154: DeprecationWarning: Deprecated call to `pkg_resources.declare_namespace('zope')`.
  Implementing implicit namespace packages (as specified in PEP 420) is preferred to `pkg_resources.declare_namespace`. See https://setuptools.pypa.io/en/latest/references/keywords.html#keyword-namespace-packages
    declare_namespace(pkg)

../PoC_env/CVE-2021-39163/lib/python3.8/site-packages/twisted/web/static.py:35
  /workspace/PoC_env/CVE-2021-39163/lib/python3.8/site-packages/twisted/web/static.py:35: DeprecationWarning: twisted.web.resource._UnsafeNoResource.__init__ was deprecated in Twisted 22.10.0; please use Use twisted.web.pages.notFound instead, which properly escapes HTML. instead
    dangerousPathError = resource._UnsafeNoResource("Invalid request URL.")

../PoC_env/CVE-2021-39163/lib/python3.8/site-packages/twisted/web/static.py:264
  /workspace/PoC_env/CVE-2021-39163/lib/python3.8/site-packages/twisted/web/static.py:264: DeprecationWarning: twisted.web.resource._UnsafeNoResource.__init__ was deprecated in Twisted 22.10.0; please use Use twisted.web.pages.notFound instead, which properly escapes HTML. instead
    childNotFound = resource._UnsafeNoResource("File not found.")

../PoC_env/CVE-2021-39163/lib/python3.8/site-packages/twisted/web/static.py:265
  /workspace/PoC_env/CVE-2021-39163/lib/python3.8/site-packages/twisted/web/static.py:265: DeprecationWarning: twisted.web.resource._UnsafeForbiddenResource.__init__ was deprecated in Twisted 22.10.0; please use Use twisted.web.pages.forbidden instead, which properly escapes HTML. instead
    forbidden = resource._UnsafeForbiddenResource()

synapse/api/filtering.py:122
  /workspace/synapse/synapse/api/filtering.py:122: DeprecationWarning: FormatChecker.cls_checks is deprecated. Call FormatChecker.checks on a specific FormatChecker instance instead.
    @FormatChecker.cls_checks("matrix_room_id")

synapse/api/filtering.py:127
  /workspace/synapse/synapse/api/filtering.py:127: DeprecationWarning: FormatChecker.cls_checks is deprecated. Call FormatChecker.checks on a specific FormatChecker instance instead.
    @FormatChecker.cls_checks("matrix_user_id")

synapse/http/connectproxyclient.py:220
  /workspace/synapse/synapse/http/connectproxyclient.py:220: DeprecationWarning: twisted.web.http.HTTPClient was deprecated in Twisted 24.7.0: Use twisted.web.client.Agent instead.
    class HTTPConnectSetupClient(http.HTTPClient):

tests/server.py:26
  /workspace/synapse/tests/server.py:26: DeprecationWarning: twisted.test.proto_helpers.AccumulatingProtocol was deprecated in Twisted 19.7.0: Please use twisted.internet.testing.AccumulatingProtocol instead.
    from twisted.test.proto_helpers import AccumulatingProtocol, MemoryReactorClock

tests/server.py:26
  /workspace/synapse/tests/server.py:26: DeprecationWarning: twisted.test.proto_helpers.MemoryReactorClock was deprecated in Twisted 19.7.0: Please use twisted.internet.testing.MemoryReactorClock instead.
    from twisted.test.proto_helpers import AccumulatingProtocol, MemoryReactorClock

tests/rest/client/v2_alpha/test_account.py: 31 warnings
tests/rest/client/v2_alpha/test_auth.py: 13 warnings
tests/rest/client/v2_alpha/test_capabilities.py: 7 warnings
tests/rest/client/v2_alpha/test_filter.py: 7 warnings
tests/rest/client/v2_alpha/test_password_policy.py: 8 warnings
tests/rest/client/v2_alpha/test_report_event.py: 7 warnings
tests/rest/client/v2_alpha/test_sendtodevice.py: 3 warnings
tests/rest/client/v2_alpha/test_shared_rooms.py: 4 warnings
tests/rest/client/v2_alpha/test_sync.py: 10 warnings
tests/rest/client/v2_alpha/test_upgrade_room.py: 5 warnings
  /workspace/synapse/synapse/crypto/context_factory.py:175: DeprecationWarning: Attempting to mutate a Context after a Connection was created. In the future, this will raise an exception
    self._ssl_context.set_info_callback(_context_info_cb)

tests/rest/client/v2_alpha/test_account.py: 31 warnings
tests/rest/client/v2_alpha/test_auth.py: 13 warnings
tests/rest/client/v2_alpha/test_capabilities.py: 7 warnings
tests/rest/client/v2_alpha/test_filter.py: 7 warnings
tests/rest/client/v2_alpha/test_password_policy.py: 8 warnings
tests/rest/client/v2_alpha/test_report_event.py: 7 warnings
tests/rest/client/v2_alpha/test_sendtodevice.py: 3 warnings
tests/rest/client/v2_alpha/test_shared_rooms.py: 4 warnings
tests/rest/client/v2_alpha/test_sync.py: 10 warnings
tests/rest/client/v2_alpha/test_upgrade_room.py: 5 warnings
  /workspace/synapse/synapse/crypto/context_factory.py:122: DeprecationWarning: Attempting to mutate a Context after a Connection was created. In the future, this will raise an exception
    self._verify_ssl_context.set_info_callback(_context_info_cb)

tests/rest/client/v2_alpha/test_account.py: 31 warnings
tests/rest/client/v2_alpha/test_auth.py: 13 warnings
tests/rest/client/v2_alpha/test_capabilities.py: 7 warnings
tests/rest/client/v2_alpha/test_filter.py: 7 warnings
tests/rest/client/v2_alpha/test_password_policy.py: 8 warnings
tests/rest/client/v2_alpha/test_report_event.py: 7 warnings
tests/rest/client/v2_alpha/test_sendtodevice.py: 3 warnings
tests/rest/client/v2_alpha/test_shared_rooms.py: 4 warnings
tests/rest/client/v2_alpha/test_sync.py: 10 warnings
tests/rest/client/v2_alpha/test_upgrade_room.py: 5 warnings
  /workspace/synapse/synapse/crypto/context_factory.py:126: DeprecationWarning: Attempting to mutate a Context after a Connection was created. In the future, this will raise an exception
    self._no_verify_ssl_context.set_info_callback(_context_info_cb)

tests/rest/client/v2_alpha/test_account.py: 62 warnings
tests/rest/client/v2_alpha/test_auth.py: 32 warnings
tests/rest/client/v2_alpha/test_capabilities.py: 14 warnings
tests/rest/client/v2_alpha/test_filter.py: 14 warnings
tests/rest/client/v2_alpha/test_password_policy.py: 16 warnings
tests/rest/client/v2_alpha/test_report_event.py: 14 warnings
tests/rest/client/v2_alpha/test_sendtodevice.py: 6 warnings
tests/rest/client/v2_alpha/test_shared_rooms.py: 8 warnings
tests/rest/client/v2_alpha/test_sync.py: 20 warnings
tests/rest/client/v2_alpha/test_upgrade_room.py: 10 warnings
  /workspace/synapse/synapse/util/httpresourcetree.py:51: DeprecationWarning: twisted.web.resource._UnsafeNoResource.__init__ was deprecated in Twisted 22.10.0; please use Use twisted.web.pages.notFound instead, which properly escapes HTML. instead
    child_resource = NoResource()

tests/rest/client/v2_alpha/test_account.py: 200 warnings
tests/rest/client/v2_alpha/test_auth.py: 70 warnings
tests/rest/client/v2_alpha/test_capabilities.py: 21 warnings
tests/rest/client/v2_alpha/test_filter.py: 7 warnings
tests/rest/client/v2_alpha/test_password_policy.py: 11 warnings
tests/rest/client/v2_alpha/test_report_event.py: 70 warnings
tests/rest/client/v2_alpha/test_sendtodevice.py: 27 warnings
tests/rest/client/v2_alpha/test_shared_rooms.py: 55 warnings
tests/rest/client/v2_alpha/test_sync.py: 122 warnings
tests/rest/client/v2_alpha/test_upgrade_room.py: 58 warnings
  /workspace/synapse/synapse/http/site.py:218: DeprecationWarning: twisted.web.http.Request.getClientIP was deprecated in Twisted 18.4.0; please use getClientAddress instead
    ip_address=self.getClientIP(),

tests/rest/client/v2_alpha/test_account.py: 200 warnings
tests/rest/client/v2_alpha/test_auth.py: 70 warnings
tests/rest/client/v2_alpha/test_capabilities.py: 21 warnings
tests/rest/client/v2_alpha/test_filter.py: 7 warnings
tests/rest/client/v2_alpha/test_password_policy.py: 11 warnings
tests/rest/client/v2_alpha/test_report_event.py: 70 warnings
tests/rest/client/v2_alpha/test_sendtodevice.py: 27 warnings
tests/rest/client/v2_alpha/test_shared_rooms.py: 55 warnings
tests/rest/client/v2_alpha/test_sync.py: 122 warnings
tests/rest/client/v2_alpha/test_upgrade_room.py: 58 warnings
  /workspace/synapse/synapse/http/site.py:351: DeprecationWarning: twisted.web.http.Request.getClientIP was deprecated in Twisted 18.4.0; please use getClientAddress instead
    self.getClientIP(),

tests/rest/client/v2_alpha/test_account.py: 200 warnings
tests/rest/client/v2_alpha/test_auth.py: 70 warnings
tests/rest/client/v2_alpha/test_capabilities.py: 21 warnings
tests/rest/client/v2_alpha/test_filter.py: 7 warnings
tests/rest/client/v2_alpha/test_password_policy.py: 11 warnings
tests/rest/client/v2_alpha/test_report_event.py: 70 warnings
tests/rest/client/v2_alpha/test_sendtodevice.py: 27 warnings
tests/rest/client/v2_alpha/test_shared_rooms.py: 55 warnings
tests/rest/client/v2_alpha/test_sync.py: 121 warnings
tests/rest/client/v2_alpha/test_upgrade_room.py: 58 warnings
  /workspace/synapse/synapse/http/site.py:394: DeprecationWarning: twisted.web.http.Request.getClientIP was deprecated in Twisted 18.4.0; please use getClientAddress instead
    self.getClientIP(),

tests/rest/client/v2_alpha/test_account.py: 39 warnings
tests/rest/client/v2_alpha/test_auth.py: 15 warnings
tests/rest/client/v2_alpha/test_capabilities.py: 2 warnings
tests/rest/client/v2_alpha/test_password_policy.py: 1 warning
tests/rest/client/v2_alpha/test_report_event.py: 14 warnings
tests/rest/client/v2_alpha/test_sendtodevice.py: 5 warnings
tests/rest/client/v2_alpha/test_shared_rooms.py: 8 warnings
tests/rest/client/v2_alpha/test_sync.py: 14 warnings
tests/rest/client/v2_alpha/test_upgrade_room.py: 11 warnings
  /workspace/synapse/synapse/rest/client/login.py:196: DeprecationWarning: twisted.web.http.Request.getClientIP was deprecated in Twisted 18.4.0; please use getClientAddress instead
    await self._address_ratelimiter.ratelimit(None, request.getClientIP())

tests/rest/client/v2_alpha/test_account.py: 31 warnings
  /workspace/synapse/synapse/handlers/identity.py:96: DeprecationWarning: twisted.web.http.Request.getClientIP was deprecated in Twisted 18.4.0; please use getClientAddress instead
    None, (medium, request.getClientIP())

tests/rest/client/v2_alpha/test_account.py: 21 warnings
tests/rest/client/v2_alpha/test_auth.py: 16 warnings
tests/rest/client/v2_alpha/test_password_policy.py: 1 warning
  /workspace/synapse/synapse/handlers/auth.py:579: DeprecationWarning: twisted.web.http.Request.getClientIP was deprecated in Twisted 18.4.0; please use getClientAddress instead
    clientip = request.getClientIP()

tests/rest/client/v2_alpha/test_account.py: 35 warnings
tests/rest/client/v2_alpha/test_auth.py: 16 warnings
tests/rest/client/v2_alpha/test_capabilities.py: 7 warnings
tests/rest/client/v2_alpha/test_report_event.py: 28 warnings
tests/rest/client/v2_alpha/test_sendtodevice.py: 12 warnings
tests/rest/client/v2_alpha/test_shared_rooms.py: 31 warnings
tests/rest/client/v2_alpha/test_sync.py: 79 warnings
tests/rest/client/v2_alpha/test_upgrade_room.py: 25 warnings
  /workspace/synapse/synapse/api/auth.py:153: DeprecationWarning: twisted.web.http.Request.getClientIP was deprecated in Twisted 18.4.0; please use getClientAddress instead
    ip_addr = request.getClientIP()

tests/rest/client/v2_alpha/test_auth.py: 6 warnings
tests/rest/client/v2_alpha/test_password_policy.py: 6 warnings
  /workspace/synapse/synapse/rest/client/register.py:414: DeprecationWarning: twisted.web.http.Request.getClientIP was deprecated in Twisted 18.4.0; please use getClientAddress instead
    client_addr = request.getClientIP()

tests/rest/client/v2_alpha/test_auth.py::FallbackAuthTests::test_complete_operation_unknown_session
tests/rest/client/v2_alpha/test_auth.py::FallbackAuthTests::test_fallback_captcha
  /workspace/synapse/synapse/rest/client/auth.py:99: DeprecationWarning: twisted.web.http.Request.getClientIP was deprecated in Twisted 18.4.0; please use getClientAddress instead
    LoginType.RECAPTCHA, authdict, request.getClientIP()

-- Docs: https://docs.pytest.org/en/stable/how-to/capture-warnings.html
================ 95 passed, 4 skipped, 2838 warnings in 31.86s =================

2026-01-17 00:11:52,726 - src.agents.base - INFO - Tool RunTest: ✓
2026-01-17 00:11:52,726 - src.agents.base - INFO - Tool RunTest: ✓
2026-01-17 00:11:58,306 - src.agents.base - INFO - SingleAgent executing tool: ReadFile
2026-01-17 00:11:58,306 - src.agents.base - INFO - SingleAgent executing tool: ReadFile
2026-01-17 00:11:58,307 - src.agents.base - INFO - Tool arguments:
{
  "file_path": "synapse/handlers/groups_local.py",
  "start_line": 1,
  "end_line": 100
}
2026-01-17 00:11:58,307 - src.agents.base - INFO - Tool arguments:
{
  "file_path": "synapse/handlers/groups_local.py",
  "start_line": 1,
  "end_line": 100
}
2026-01-17 00:11:58,479 - src.agents.base - INFO - Tool ReadFile: ✓
2026-01-17 00:11:58,479 - src.agents.base - INFO - Tool ReadFile: ✓
2026-01-17 00:12:00,855 - src.agents.base - INFO - SingleAgent executing tool: ReadFile
2026-01-17 00:12:00,855 - src.agents.base - INFO - SingleAgent executing tool: ReadFile
2026-01-17 00:12:00,855 - src.agents.base - INFO - Tool arguments:
{
  "file_path": "synapse/rest/client/groups.py",
  "start_line": 470,
  "end_line": 490
}
2026-01-17 00:12:00,855 - src.agents.base - INFO - Tool arguments:
{
  "file_path": "synapse/rest/client/groups.py",
  "start_line": 470,
  "end_line": 490
}
2026-01-17 00:12:00,995 - src.agents.base - INFO - Tool ReadFile: ✓
2026-01-17 00:12:00,995 - src.agents.base - INFO - Tool ReadFile: ✓
2026-01-17 00:12:02,351 - src.agents.base - INFO - SingleAgent executing tool: ReadFile
2026-01-17 00:12:02,351 - src.agents.base - INFO - SingleAgent executing tool: ReadFile
2026-01-17 00:12:02,352 - src.agents.base - INFO - Tool arguments:
{
  "file_path": "synapse/groups/groups_server.py",
  "start_line": 45,
  "end_line": 60
}
2026-01-17 00:12:02,352 - src.agents.base - INFO - Tool arguments:
{
  "file_path": "synapse/groups/groups_server.py",
  "start_line": 45,
  "end_line": 60
}
2026-01-17 00:12:02,499 - src.agents.base - INFO - Tool ReadFile: ✓
2026-01-17 00:12:02,499 - src.agents.base - INFO - Tool ReadFile: ✓
2026-01-17 00:12:11,717 - src.agents.base - INFO - SingleAgent executing tool: EditCode
2026-01-17 00:12:11,717 - src.agents.base - INFO - SingleAgent executing tool: EditCode
2026-01-17 00:12:11,718 - src.agents.base - INFO - Tool arguments:
{
  "file_path": "synapse/groups/groups_server.py",
  "old_code": "    async def get_rooms_in_group(\n        self, group_id: str, requester_user_id: str\n    ) -> JsonDict:\n        \"\"\"Get the rooms in group as seen by requester_user_id\n\n        This returns rooms in order of decreasing number of joined users\n        \"\"\"\n\n        # Fetch the group object directly\n        group = await self.store.get_group(group_id)\n        if not group:\n            raise SynapseError(404, \"Unknown group\")\n\n        is_user_in_group = await self.store.is_user_in_group(\n            requester_user_id, group_id\n        )\n\n        # If the group is not public and the user is not a member, return empty list (per test expectation)\n        if not group.get(\"is_public\", False) and not is_user_in_group:\n            return {\"chunk\": [], \"total_room_count_estimate\": 0}\n\n        room_results = await self.store.get_rooms_in_group(\n            group_id, include_private=is_user_in_group\n        )",
  "new_code": "    async def get_rooms_in_group(\n        self, group_id: str, requester_user_id: str\n    ) -> JsonDict:\n        \"\"\"Get the rooms in group as seen by requester_user_id\n\n        This returns rooms in order of decreasing number of joined users\n        \"\"\"\n\n        # Fetch the group object directly and check privacy BEFORE any other logic\n        group = await self.store.get_group(group_id)\n        if not group:\n            raise SynapseError(404, \"Unknown group\")\n\n        is_user_in_group = await self.store.is_user_in_group(\n            requester_user_id, group_id\n        )\n\n        # If the group is not public and the user is not a member, return empty list (per test expectation)\n        if not group.get(\"is_public\", False) and not is_user_in_group:\n            return {\"chunk\": [], \"total_room_count_estimate\": 0}\n\n        # Only now call check_group_is_ours for other checks (e.g., group is ours)\n        await self.check_group_is_ours(group_id, requester_user_id, and_exists=True)\n\n        room_results = await self.store.get_rooms_in_group(\n            group_id, include_private=is_user_in_group\n        )",
  "fuzzy_match": true,
  "skip_validation": false
}
2026-01-17 00:12:11,718 - src.agents.base - INFO - Tool arguments:
{
  "file_path": "synapse/groups/groups_server.py",
  "old_code": "    async def get_rooms_in_group(\n        self, group_id: str, requester_user_id: str\n    ) -> JsonDict:\n        \"\"\"Get the rooms in group as seen by requester_user_id\n\n        This returns rooms in order of decreasing number of joined users\n        \"\"\"\n\n        # Fetch the group object directly\n        group = await self.store.get_group(group_id)\n        if not group:\n            raise SynapseError(404, \"Unknown group\")\n\n        is_user_in_group = await self.store.is_user_in_group(\n            requester_user_id, group_id\n        )\n\n        # If the group is not public and the user is not a member, return empty list (per test expectation)\n        if not group.get(\"is_public\", False) and not is_user_in_group:\n            return {\"chunk\": [], \"total_room_count_estimate\": 0}\n\n        room_results = await self.store.get_rooms_in_group(\n            group_id, include_private=is_user_in_group\n        )",
  "new_code": "    async def get_rooms_in_group(\n        self, group_id: str, requester_user_id: str\n    ) -> JsonDict:\n        \"\"\"Get the rooms in group as seen by requester_user_id\n\n        This returns rooms in order of decreasing number of joined users\n        \"\"\"\n\n        # Fetch the group object directly and check privacy BEFORE any other logic\n        group = await self.store.get_group(group_id)\n        if not group:\n            raise SynapseError(404, \"Unknown group\")\n\n        is_user_in_group = await self.store.is_user_in_group(\n            requester_user_id, group_id\n        )\n\n        # If the group is not public and the user is not a member, return empty list (per test expectation)\n        if not group.get(\"is_public\", False) and not is_user_in_group:\n            return {\"chunk\": [], \"total_room_count_estimate\": 0}\n\n        # Only now call check_group_is_ours for other checks (e.g., group is ours)\n        await self.check_group_is_ours(group_id, requester_user_id, and_exists=True)\n\n        room_results = await self.store.get_rooms_in_group(\n            group_id, include_private=is_user_in_group\n        )",
  "fuzzy_match": true,
  "skip_validation": false
}
2026-01-17 00:12:11,875 - src.tools.edit_code - INFO - EditCodeTool: Writing 35608 chars to synapse/groups/groups_server.py (match_type=exact)
2026-01-17 00:12:11,875 - src.tools.edit_code - INFO - EditCodeTool: Writing 35608 chars to synapse/groups/groups_server.py (match_type=exact)
2026-01-17 00:12:12,022 - src.agents.base - INFO - Tool EditCode: ✓
2026-01-17 00:12:12,022 - src.agents.base - INFO - Tool EditCode: ✓
2026-01-17 00:12:13,048 - src.agents.base - INFO - SingleAgent executing tool: RunTest
2026-01-17 00:12:13,048 - src.agents.base - INFO - SingleAgent executing tool: RunTest
2026-01-17 00:12:13,048 - src.agents.base - INFO - Tool arguments:
{
  "run_prepare": true,
  "timeout": 120,
  "include_paths": [
    "synapse/groups/groups_server.py"
  ],
  "run_unittest": true
}
2026-01-17 00:12:13,048 - src.agents.base - INFO - Tool arguments:
{
  "run_prepare": true,
  "timeout": 120,
  "include_paths": [
    "synapse/groups/groups_server.py"
  ],
  "run_unittest": true
}
2026-01-17 00:12:13,376 - src.tools.run_test - INFO - Extracted 1 file paths from /workspace/test.patch: ['tests/rest/client/v2_alphtest_groups.py']
2026-01-17 00:12:13,376 - src.tools.run_test - INFO - Extracted 1 file paths from /workspace/test.patch: ['tests/rest/client/v2_alphtest_groups.py']
2026-01-17 00:12:13,376 - src.tools.run_test - INFO - Generating git diff for fix.patch
2026-01-17 00:12:13,376 - src.tools.run_test - INFO - Generating git diff for fix.patch
2026-01-17 00:12:13,376 - src.tools.run_test - INFO -   include_paths: ['synapse/groups/groups_server.py']
2026-01-17 00:12:13,376 - src.tools.run_test - INFO -   include_paths: ['synapse/groups/groups_server.py']
2026-01-17 00:12:13,376 - src.tools.run_test - INFO -   exclude_paths (from test.patch): ['tests/rest/client/v2_alphtest_groups.py']
2026-01-17 00:12:13,376 - src.tools.run_test - INFO -   exclude_paths (from test.patch): ['tests/rest/client/v2_alphtest_groups.py']
2026-01-17 00:12:13,376 - src.tools.run_test - INFO -   git diff command: git diff HEAD -- 'synapse/groups/groups_server.py' ':(exclude)tests/rest/client/v2_alphtest_groups.py'
2026-01-17 00:12:13,376 - src.tools.run_test - INFO -   git diff command: git diff HEAD -- 'synapse/groups/groups_server.py' ':(exclude)tests/rest/client/v2_alphtest_groups.py'
2026-01-17 00:12:13,522 - src.tools.run_test - INFO -   Generated patch: 1302 bytes, 28 lines
2026-01-17 00:12:13,522 - src.tools.run_test - INFO -   Generated patch: 1302 bytes, 28 lines
2026-01-17 00:12:13,523 - src.tools.run_test - INFO -   Patch content:
diff --git a/synapse/groups/groups_server.py b/synapse/groups/groups_server.py
index 3dc55ab86..83a10557e 100644
--- a/synapse/groups/groups_server.py
+++ b/synapse/groups/groups_server.py
@@ -326,12 +326,22 @@ class GroupsServerWorkerHandler:
         This returns rooms in order of decreasing number of joined users
         """
 
-        await self.check_group_is_ours(group_id, requester_user_id, and_exists=True)
+        # Fetch the group object directly and check privacy BEFORE any other logic
+        group = await self.store.get_group(group_id)
+        if not group:
+            raise SynapseError(404, "Unknown group")
 
         is_user_in_group = await self.store.is_user_in_group(
             requester_user_id, group_id
         )
 
+        # If the group is not public and the user is not a member, return empty list (per test expectation)
+        if not group.get("is_public", False) and not is_user_in_group:
+            return {"chunk": [], "total_room_count_estimate": 0}
+
+        # Only now call check_group_is_ours for other checks (e.g., group is ours)
+        await self.check_group_is_ours(group_id, requester_user_id, and_exists=True)
+
         room_results = await self.store.get_rooms_in_group(
             group_id, include_private=is_user_in_group
         )

2026-01-17 00:12:13,523 - src.tools.run_test - INFO -   Patch content:
diff --git a/synapse/groups/groups_server.py b/synapse/groups/groups_server.py
index 3dc55ab86..83a10557e 100644
--- a/synapse/groups/groups_server.py
+++ b/synapse/groups/groups_server.py
@@ -326,12 +326,22 @@ class GroupsServerWorkerHandler:
         This returns rooms in order of decreasing number of joined users
         """
 
-        await self.check_group_is_ours(group_id, requester_user_id, and_exists=True)
+        # Fetch the group object directly and check privacy BEFORE any other logic
+        group = await self.store.get_group(group_id)
+        if not group:
+            raise SynapseError(404, "Unknown group")
 
         is_user_in_group = await self.store.is_user_in_group(
             requester_user_id, group_id
         )
 
+        # If the group is not public and the user is not a member, return empty list (per test expectation)
+        if not group.get("is_public", False) and not is_user_in_group:
+            return {"chunk": [], "total_room_count_estimate": 0}
+
+        # Only now call check_group_is_ours for other checks (e.g., group is ours)
+        await self.check_group_is_ours(group_id, requester_user_id, and_exists=True)
+
         room_results = await self.store.get_rooms_in_group(
             group_id, include_private=is_user_in_group
         )

2026-01-17 00:12:13,616 - src.tools.run_test - INFO - Running prepare.sh to reset repository...
2026-01-17 00:12:13,616 - src.tools.run_test - INFO - Running prepare.sh to reset repository...
2026-01-17 00:12:14,105 - src.tools.run_test - INFO - Running fix-run.sh for PoC validation...
2026-01-17 00:12:14,105 - src.tools.run_test - INFO - Running fix-run.sh for PoC validation...
2026-01-17 00:12:14,203 - src.tools.run_test - INFO - Patch being tested:
diff --git a/synapse/groups/groups_server.py b/synapse/groups/groups_server.py
index 3dc55ab86..83a10557e 100644
--- a/synapse/groups/groups_server.py
+++ b/synapse/groups/groups_server.py
@@ -326,12 +326,22 @@ class GroupsServerWorkerHandler:
         This returns rooms in order of decreasing number of joined users
         """
 
-        await self.check_group_is_ours(group_id, requester_user_id, and_exists=True)
+        # Fetch the group object directly and check privacy BEFORE any other logic
+        group = await self.store.get_group(group_id)
+        if not group:
+            raise SynapseError(404, "Unknown group")
 
         is_user_in_group = await self.store.is_user_in_group(
             requester_user_id, group_id
         )
 
+        # If the group is not public and the user is not a member, return empty list (per test expectation)
+        if not group.get("is_public", False) and not is_user_in_group:
+            return {"chunk": [], "total_room_count_estimate": 0}
+
+        # Only now call check_group_is_ours for other checks (e.g., group is ours)
+        await self.check_group_is_ours(group_id, requester_user_id, and_exists=True)
+
         room_results = await self.store.get_rooms_in_group(
             group_id, include_private=is_user_in_group
         )


2026-01-17 00:12:14,203 - src.tools.run_test - INFO - Patch being tested:
diff --git a/synapse/groups/groups_server.py b/synapse/groups/groups_server.py
index 3dc55ab86..83a10557e 100644
--- a/synapse/groups/groups_server.py
+++ b/synapse/groups/groups_server.py
@@ -326,12 +326,22 @@ class GroupsServerWorkerHandler:
         This returns rooms in order of decreasing number of joined users
         """
 
-        await self.check_group_is_ours(group_id, requester_user_id, and_exists=True)
+        # Fetch the group object directly and check privacy BEFORE any other logic
+        group = await self.store.get_group(group_id)
+        if not group:
+            raise SynapseError(404, "Unknown group")
 
         is_user_in_group = await self.store.is_user_in_group(
             requester_user_id, group_id
         )
 
+        # If the group is not public and the user is not a member, return empty list (per test expectation)
+        if not group.get("is_public", False) and not is_user_in_group:
+            return {"chunk": [], "total_room_count_estimate": 0}
+
+        # Only now call check_group_is_ours for other checks (e.g., group is ours)
+        await self.check_group_is_ours(group_id, requester_user_id, and_exists=True)
+
         room_results = await self.store.get_rooms_in_group(
             group_id, include_private=is_user_in_group
         )


2026-01-17 00:12:16,032 - src.tools.run_test - INFO - fix-run.sh completed with exit code 1
2026-01-17 00:12:16,032 - src.tools.run_test - INFO - fix-run.sh completed with exit code 1
2026-01-17 00:12:16,032 - src.tools.run_test - INFO - fix-run.sh output:
============================= test session starts ==============================
platform linux -- Python 3.8.20, pytest-8.3.5, pluggy-1.5.0
rootdir: /workspace/synapse
configfile: pyproject.toml
collected 1 item

tests/rest/client/v2_alpha/test_groups.py F                              [100%]

=================================== FAILURES ===================================
_______________ GroupsTestCase.test_rooms_limited_by_visibility ________________

self = <tests.rest.client.v2_alpha.test_groups.GroupsTestCase testMethod=test_rooms_limited_by_visibility>

    @override_config({"enable_group_creation": True})
    def test_rooms_limited_by_visibility(self):
        group_id = "+spqr:test"
    
        # Alice creates a group
        channel = self.make_request("POST", "/create_group", {"localpart": "spqr"})
        self.assertEquals(channel.code, 200, msg=channel.text_body)
        self.assertEquals(channel.json_body, {"group_id": group_id})
    
        # Bob creates a private room
        room_id = self.helper.create_room_as(self.room_creator_user_id, is_public=False)
        self.helper.auth_user_id = self.room_creator_user_id
        self.helper.send_state(
            room_id, "m.room.name", {"name": "bob's secret room"}, tok=None
        )
        self.helper.auth_user_id = self.user_id
    
        # Alice adds the room to her group.
        channel = self.make_request(
            "PUT", f"/groups/{group_id}/admin/rooms/{room_id}", {}
        )
        self.assertEquals(channel.code, 200, msg=channel.text_body)
        self.assertEquals(channel.json_body, {})
    
        # Alice now tries to retrieve the room list of the space.
        channel = self.make_request("GET", f"/groups/{group_id}/rooms")
        self.assertEquals(channel.code, 200, msg=channel.text_body)
>       self.assertEquals(
            channel.json_body, {"chunk": [], "total_room_count_estimate": 0}
        )

tests/rest/client/v2_alpha/test_groups.py:41: 
_ _ _ _ _ _ _ _ _ _ _ _ _ _ _ _ _ _ _ _ _ _ _ _ _ _ _ _ _ _ _ _ _ _ _ _ _ _ _ _ 
../PoC_env/CVE-2021-39163/lib/python3.8/site-packages/twisted/trial/_synctest.py:444: in assertEqual
    super().assertEqual(first, second, msg)
_ _ _ _ _ _ _ _ _ _ _ _ _ _ _ _ _ _ _ _ _ _ _ _ _ _ _ _ _ _ _ _ _ _ _ _ _ _ _ _ 

self = <tests.rest.client.v2_alpha.test_groups.GroupsTestCase testMethod=test_rooms_limited_by_visibility>
msg = "{'chunk': [{'guest_can_join': True, 'is_public': Tru[169 chars]': 1} != {'chunk': [], 'total_room_count_estimate': 0}...                ^\n\n+ {'chunk': [], 'total_room_count_estimate': 0}\n? +++++++++++++                              ^\n"

    def fail(self, msg: Optional[object] = None) -> NoReturn:
        """
        Absolutely fail the test.  Do not pass go, do not collect $200.
    
        @param msg: the message that will be displayed as the reason for the
        failure
        """
>       raise self.failureException(msg)
E       twisted.trial.unittest.FailTest: {'chunk': [{'guest_can_join': True, 'is_public': Tru[169 chars]': 1} != {'chunk': [], 'total_room_count_estimate': 0}
E       - {'chunk': [{'guest_can_join': True,
E       -             'is_public': True,
E       -             'm.federate': True,
E       -             'name': "bob's secret room",
E       -             'num_joined_members': 1,
E       -             'room_id': '!ZlRfezxhVdnbBmVkFU:test',
E       -             'world_readable': False}],
E       -  'total_room_count_estimate': 1}
E       ?                               ^
E       
E       + {'chunk': [], 'total_room_count_estimate': 0}
E       ? +++++++++++++                              ^

../PoC_env/CVE-2021-39163/lib/python3.8/site-packages/twisted/trial/_synctest.py:381: FailTest
=========================== short test summary info ============================
FAILED tests/rest/client/v2_alpha/test_groups.py::GroupsTestCase::test_rooms_limited_by_visibility
======================== 1 failed, 30 warnings in 1.37s ========================

2026-01-17 00:12:16,032 - src.tools.run_test - INFO - fix-run.sh output:
============================= test session starts ==============================
platform linux -- Python 3.8.20, pytest-8.3.5, pluggy-1.5.0
rootdir: /workspace/synapse
configfile: pyproject.toml
collected 1 item

tests/rest/client/v2_alpha/test_groups.py F                              [100%]

=================================== FAILURES ===================================
_______________ GroupsTestCase.test_rooms_limited_by_visibility ________________

self = <tests.rest.client.v2_alpha.test_groups.GroupsTestCase testMethod=test_rooms_limited_by_visibility>

    @override_config({"enable_group_creation": True})
    def test_rooms_limited_by_visibility(self):
        group_id = "+spqr:test"
    
        # Alice creates a group
        channel = self.make_request("POST", "/create_group", {"localpart": "spqr"})
        self.assertEquals(channel.code, 200, msg=channel.text_body)
        self.assertEquals(channel.json_body, {"group_id": group_id})
    
        # Bob creates a private room
        room_id = self.helper.create_room_as(self.room_creator_user_id, is_public=False)
        self.helper.auth_user_id = self.room_creator_user_id
        self.helper.send_state(
            room_id, "m.room.name", {"name": "bob's secret room"}, tok=None
        )
        self.helper.auth_user_id = self.user_id
    
        # Alice adds the room to her group.
        channel = self.make_request(
            "PUT", f"/groups/{group_id}/admin/rooms/{room_id}", {}
        )
        self.assertEquals(channel.code, 200, msg=channel.text_body)
        self.assertEquals(channel.json_body, {})
    
        # Alice now tries to retrieve the room list of the space.
        channel = self.make_request("GET", f"/groups/{group_id}/rooms")
        self.assertEquals(channel.code, 200, msg=channel.text_body)
>       self.assertEquals(
            channel.json_body, {"chunk": [], "total_room_count_estimate": 0}
        )

tests/rest/client/v2_alpha/test_groups.py:41: 
_ _ _ _ _ _ _ _ _ _ _ _ _ _ _ _ _ _ _ _ _ _ _ _ _ _ _ _ _ _ _ _ _ _ _ _ _ _ _ _ 
../PoC_env/CVE-2021-39163/lib/python3.8/site-packages/twisted/trial/_synctest.py:444: in assertEqual
    super().assertEqual(first, second, msg)
_ _ _ _ _ _ _ _ _ _ _ _ _ _ _ _ _ _ _ _ _ _ _ _ _ _ _ _ _ _ _ _ _ _ _ _ _ _ _ _ 

self = <tests.rest.client.v2_alpha.test_groups.GroupsTestCase testMethod=test_rooms_limited_by_visibility>
msg = "{'chunk': [{'guest_can_join': True, 'is_public': Tru[169 chars]': 1} != {'chunk': [], 'total_room_count_estimate': 0}...                ^\n\n+ {'chunk': [], 'total_room_count_estimate': 0}\n? +++++++++++++                              ^\n"

    def fail(self, msg: Optional[object] = None) -> NoReturn:
        """
        Absolutely fail the test.  Do not pass go, do not collect $200.
    
        @param msg: the message that will be displayed as the reason for the
        failure
        """
>       raise self.failureException(msg)
E       twisted.trial.unittest.FailTest: {'chunk': [{'guest_can_join': True, 'is_public': Tru[169 chars]': 1} != {'chunk': [], 'total_room_count_estimate': 0}
E       - {'chunk': [{'guest_can_join': True,
E       -             'is_public': True,
E       -             'm.federate': True,
E       -             'name': "bob's secret room",
E       -             'num_joined_members': 1,
E       -             'room_id': '!ZlRfezxhVdnbBmVkFU:test',
E       -             'world_readable': False}],
E       -  'total_room_count_estimate': 1}
E       ?                               ^
E       
E       + {'chunk': [], 'total_room_count_estimate': 0}
E       ? +++++++++++++                              ^

../PoC_env/CVE-2021-39163/lib/python3.8/site-packages/twisted/trial/_synctest.py:381: FailTest
=========================== short test summary info ============================
FAILED tests/rest/client/v2_alpha/test_groups.py::GroupsTestCase::test_rooms_limited_by_visibility
======================== 1 failed, 30 warnings in 1.37s ========================

2026-01-17 00:12:16,130 - src.tools.run_test - INFO - Running prepare.sh to reset repository...
2026-01-17 00:12:16,130 - src.tools.run_test - INFO - Running prepare.sh to reset repository...
2026-01-17 00:12:16,761 - src.tools.run_test - INFO - Running unit_test.sh for regression testing...
2026-01-17 00:12:16,761 - src.tools.run_test - INFO - Running unit_test.sh for regression testing...
2026-01-17 00:12:49,128 - src.tools.run_test - INFO - unit_test.sh completed with exit code 0
2026-01-17 00:12:49,128 - src.tools.run_test - INFO - unit_test.sh completed with exit code 0
2026-01-17 00:12:49,130 - src.tools.run_test - INFO - unit_test.sh output:
============================= test session starts ==============================
platform linux -- Python 3.8.20, pytest-8.3.5, pluggy-1.5.0
rootdir: /workspace/synapse
configfile: pyproject.toml
collected 99 items

tests/rest/client/v2_alpha/test_account.py ............................. [ 29%]
..                                                                       [ 31%]
tests/rest/client/v2_alpha/test_auth.py .....s..s.ss.....                [ 48%]
tests/rest/client/v2_alpha/test_capabilities.py .......                  [ 55%]
tests/rest/client/v2_alpha/test_filter.py .......                        [ 62%]
tests/rest/client/v2_alpha/test_password_policy.py ........              [ 70%]
tests/rest/client/v2_alpha/test_report_event.py .......                  [ 77%]
tests/rest/client/v2_alpha/test_sendtodevice.py ...                      [ 80%]
tests/rest/client/v2_alpha/test_shared_rooms.py ....                     [ 84%]
tests/rest/client/v2_alpha/test_sync.py ..........                       [ 94%]
tests/rest/client/v2_alpha/test_upgrade_room.py .....                    [100%]

=============================== warnings summary ===============================
tests/rest/client/v2_alpha/test_account.py:22
  /workspace/synapse/tests/rest/client/v2_alpha/test_account.py:22: DeprecationWarning: pkg_resources is deprecated as an API. See https://setuptools.pypa.io/en/latest/pkg_resources.html
    import pkg_resources

../PoC_env/CVE-2021-39163/lib/python3.8/site-packages/pkg_resources/__init__.py:3154
  /workspace/PoC_env/CVE-2021-39163/lib/python3.8/site-packages/pkg_resources/__init__.py:3154: DeprecationWarning: Deprecated call to `pkg_resources.declare_namespace('zope')`.
  Implementing implicit namespace packages (as specified in PEP 420) is preferred to `pkg_resources.declare_namespace`. See https://setuptools.pypa.io/en/latest/references/keywords.html#keyword-namespace-packages
    declare_namespace(pkg)

../PoC_env/CVE-2021-39163/lib/python3.8/site-packages/twisted/web/static.py:35
  /workspace/PoC_env/CVE-2021-39163/lib/python3.8/site-packages/twisted/web/static.py:35: DeprecationWarning: twisted.web.resource._UnsafeNoResource.__init__ was deprecated in Twisted 22.10.0; please use Use twisted.web.pages.notFound instead, which properly escapes HTML. instead
    dangerousPathError = resource._UnsafeNoResource("Invalid request URL.")

../PoC_env/CVE-2021-39163/lib/python3.8/site-packages/twisted/web/static.py:264
  /workspace/PoC_env/CVE-2021-39163/lib/python3.8/site-packages/twisted/web/static.py:264: DeprecationWarning: twisted.web.resource._UnsafeNoResource.__init__ was deprecated in Twisted 22.10.0; please use Use twisted.web.pages.notFound instead, which properly escapes HTML. instead
    childNotFound = resource._UnsafeNoResource("File not found.")

../PoC_env/CVE-2021-39163/lib/python3.8/site-packages/twisted/web/static.py:265
  /workspace/PoC_env/CVE-2021-39163/lib/python3.8/site-packages/twisted/web/static.py:265: DeprecationWarning: twisted.web.resource._UnsafeForbiddenResource.__init__ was deprecated in Twisted 22.10.0; please use Use twisted.web.pages.forbidden instead, which properly escapes HTML. instead
    forbidden = resource._UnsafeForbiddenResource()

synapse/api/filtering.py:122
  /workspace/synapse/synapse/api/filtering.py:122: DeprecationWarning: FormatChecker.cls_checks is deprecated. Call FormatChecker.checks on a specific FormatChecker instance instead.
    @FormatChecker.cls_checks("matrix_room_id")

synapse/api/filtering.py:127
  /workspace/synapse/synapse/api/filtering.py:127: DeprecationWarning: FormatChecker.cls_checks is deprecated. Call FormatChecker.checks on a specific FormatChecker instance instead.
    @FormatChecker.cls_checks("matrix_user_id")

synapse/http/connectproxyclient.py:220
  /workspace/synapse/synapse/http/connectproxyclient.py:220: DeprecationWarning: twisted.web.http.HTTPClient was deprecated in Twisted 24.7.0: Use twisted.web.client.Agent instead.
    class HTTPConnectSetupClient(http.HTTPClient):

tests/server.py:26
  /workspace/synapse/tests/server.py:26: DeprecationWarning: twisted.test.proto_helpers.AccumulatingProtocol was deprecated in Twisted 19.7.0: Please use twisted.internet.testing.AccumulatingProtocol instead.
    from twisted.test.proto_helpers import AccumulatingProtocol, MemoryReactorClock

tests/server.py:26
  /workspace/synapse/tests/server.py:26: DeprecationWarning: twisted.test.proto_helpers.MemoryReactorClock was deprecated in Twisted 19.7.0: Please use twisted.internet.testing.MemoryReactorClock instead.
    from twisted.test.proto_helpers import AccumulatingProtocol, MemoryReactorClock

tests/rest/client/v2_alpha/test_account.py: 31 warnings
tests/rest/client/v2_alpha/test_auth.py: 13 warnings
tests/rest/client/v2_alpha/test_capabilities.py: 7 warnings
tests/rest/client/v2_alpha/test_filter.py: 7 warnings
tests/rest/client/v2_alpha/test_password_policy.py: 8 warnings
tests/rest/client/v2_alpha/test_report_event.py: 7 warnings
tests/rest/client/v2_alpha/test_sendtodevice.py: 3 warnings
tests/rest/client/v2_alpha/test_shared_rooms.py: 4 warnings
tests/rest/client/v2_alpha/test_sync.py: 10 warnings
tests/rest/client/v2_alpha/test_upgrade_room.py: 5 warnings
  /workspace/synapse/synapse/crypto/context_factory.py:175: DeprecationWarning: Attempting to mutate a Context after a Connection was created. In the future, this will raise an exception
    self._ssl_context.set_info_callback(_context_info_cb)

tests/rest/client/v2_alpha/test_account.py: 31 warnings
tests/rest/client/v2_alpha/test_auth.py: 13 warnings
tests/rest/client/v2_alpha/test_capabilities.py: 7 warnings
tests/rest/client/v2_alpha/test_filter.py: 7 warnings
tests/rest/client/v2_alpha/test_password_policy.py: 8 warnings
tests/rest/client/v2_alpha/test_report_event.py: 7 warnings
tests/rest/client/v2_alpha/test_sendtodevice.py: 3 warnings
tests/rest/client/v2_alpha/test_shared_rooms.py: 4 warnings
tests/rest/client/v2_alpha/test_sync.py: 10 warnings
tests/rest/client/v2_alpha/test_upgrade_room.py: 5 warnings
  /workspace/synapse/synapse/crypto/context_factory.py:122: DeprecationWarning: Attempting to mutate a Context after a Connection was created. In the future, this will raise an exception
    self._verify_ssl_context.set_info_callback(_context_info_cb)

tests/rest/client/v2_alpha/test_account.py: 31 warnings
tests/rest/client/v2_alpha/test_auth.py: 13 warnings
tests/rest/client/v2_alpha/test_capabilities.py: 7 warnings
tests/rest/client/v2_alpha/test_filter.py: 7 warnings
tests/rest/client/v2_alpha/test_password_policy.py: 8 warnings
tests/rest/client/v2_alpha/test_report_event.py: 7 warnings
tests/rest/client/v2_alpha/test_sendtodevice.py: 3 warnings
tests/rest/client/v2_alpha/test_shared_rooms.py: 4 warnings
tests/rest/client/v2_alpha/test_sync.py: 10 warnings
tests/rest/client/v2_alpha/test_upgrade_room.py: 5 warnings
  /workspace/synapse/synapse/crypto/context_factory.py:126: DeprecationWarning: Attempting to mutate a Context after a Connection was created. In the future, this will raise an exception
    self._no_verify_ssl_context.set_info_callback(_context_info_cb)

tests/rest/client/v2_alpha/test_account.py: 62 warnings
tests/rest/client/v2_alpha/test_auth.py: 32 warnings
tests/rest/client/v2_alpha/test_capabilities.py: 14 warnings
tests/rest/client/v2_alpha/test_filter.py: 14 warnings
tests/rest/client/v2_alpha/test_password_policy.py: 16 warnings
tests/rest/client/v2_alpha/test_report_event.py: 14 warnings
tests/rest/client/v2_alpha/test_sendtodevice.py: 6 warnings
tests/rest/client/v2_alpha/test_shared_rooms.py: 8 warnings
tests/rest/client/v2_alpha/test_sync.py: 20 warnings
tests/rest/client/v2_alpha/test_upgrade_room.py: 10 warnings
  /workspace/synapse/synapse/util/httpresourcetree.py:51: DeprecationWarning: twisted.web.resource._UnsafeNoResource.__init__ was deprecated in Twisted 22.10.0; please use Use twisted.web.pages.notFound instead, which properly escapes HTML. instead
    child_resource = NoResource()

tests/rest/client/v2_alpha/test_account.py: 200 warnings
tests/rest/client/v2_alpha/test_auth.py: 70 warnings
tests/rest/client/v2_alpha/test_capabilities.py: 21 warnings
tests/rest/client/v2_alpha/test_filter.py: 7 warnings
tests/rest/client/v2_alpha/test_password_policy.py: 11 warnings
tests/rest/client/v2_alpha/test_report_event.py: 70 warnings
tests/rest/client/v2_alpha/test_sendtodevice.py: 27 warnings
tests/rest/client/v2_alpha/test_shared_rooms.py: 55 warnings
tests/rest/client/v2_alpha/test_sync.py: 122 warnings
tests/rest/client/v2_alpha/test_upgrade_room.py: 58 warnings
  /workspace/synapse/synapse/http/site.py:218: DeprecationWarning: twisted.web.http.Request.getClientIP was deprecated in Twisted 18.4.0; please use getClientAddress instead
    ip_address=self.getClientIP(),

tests/rest/client/v2_alpha/test_account.py: 200 warnings
tests/rest/client/v2_alpha/test_auth.py: 70 warnings
tests/rest/client/v2_alpha/test_capabilities.py: 21 warnings
tests/rest/client/v2_alpha/test_filter.py: 7 warnings
tests/rest/client/v2_alpha/test_password_policy.py: 11 warnings
tests/rest/client/v2_alpha/test_report_event.py: 70 warnings
tests/rest/client/v2_alpha/test_sendtodevice.py: 27 warnings
tests/rest/client/v2_alpha/test_shared_rooms.py: 55 warnings
tests/rest/client/v2_alpha/test_sync.py: 122 warnings
tests/rest/client/v2_alpha/test_upgrade_room.py: 58 warnings
  /workspace/synapse/synapse/http/site.py:351: DeprecationWarning: twisted.web.http.Request.getClientIP was deprecated in Twisted 18.4.0; please use getClientAddress instead
    self.getClientIP(),

tests/rest/client/v2_alpha/test_account.py: 200 warnings
tests/rest/client/v2_alpha/test_auth.py: 70 warnings
tests/rest/client/v2_alpha/test_capabilities.py: 21 warnings
tests/rest/client/v2_alpha/test_filter.py: 7 warnings
tests/rest/client/v2_alpha/test_password_policy.py: 11 warnings
tests/rest/client/v2_alpha/test_report_event.py: 70 warnings
tests/rest/client/v2_alpha/test_sendtodevice.py: 27 warnings
tests/rest/client/v2_alpha/test_shared_rooms.py: 55 warnings
tests/rest/client/v2_alpha/test_sync.py: 121 warnings
tests/rest/client/v2_alpha/test_upgrade_room.py: 58 warnings
  /workspace/synapse/synapse/http/site.py:394: DeprecationWarning: twisted.web.http.Request.getClientIP was deprecated in Twisted 18.4.0; please use getClientAddress instead
    self.getClientIP(),

tests/rest/client/v2_alpha/test_account.py: 39 warnings
tests/rest/client/v2_alpha/test_auth.py: 15 warnings
tests/rest/client/v2_alpha/test_capabilities.py: 2 warnings
tests/rest/client/v2_alpha/test_password_policy.py: 1 warning
tests/rest/client/v2_alpha/test_report_event.py: 14 warnings
tests/rest/client/v2_alpha/test_sendtodevice.py: 5 warnings
tests/rest/client/v2_alpha/test_shared_rooms.py: 8 warnings
tests/rest/client/v2_alpha/test_sync.py: 14 warnings
tests/rest/client/v2_alpha/test_upgrade_room.py: 11 warnings
  /workspace/synapse/synapse/rest/client/login.py:196: DeprecationWarning: twisted.web.http.Request.getClientIP was deprecated in Twisted 18.4.0; please use getClientAddress instead
    await self._address_ratelimiter.ratelimit(None, request.getClientIP())

tests/rest/client/v2_alpha/test_account.py: 31 warnings
  /workspace/synapse/synapse/handlers/identity.py:96: DeprecationWarning: twisted.web.http.Request.getClientIP was deprecated in Twisted 18.4.0; please use getClientAddress instead
    None, (medium, request.getClientIP())

tests/rest/client/v2_alpha/test_account.py: 21 warnings
tests/rest/client/v2_alpha/test_auth.py: 16 warnings
tests/rest/client/v2_alpha/test_password_policy.py: 1 warning
  /workspace/synapse/synapse/handlers/auth.py:579: DeprecationWarning: twisted.web.http.Request.getClientIP was deprecated in Twisted 18.4.0; please use getClientAddress instead
    clientip = request.getClientIP()

tests/rest/client/v2_alpha/test_account.py: 35 warnings
tests/rest/client/v2_alpha/test_auth.py: 16 warnings
tests/rest/client/v2_alpha/test_capabilities.py: 7 warnings
tests/rest/client/v2_alpha/test_report_event.py: 28 warnings
tests/rest/client/v2_alpha/test_sendtodevice.py: 12 warnings
tests/rest/client/v2_alpha/test_shared_rooms.py: 31 warnings
tests/rest/client/v2_alpha/test_sync.py: 79 warnings
tests/rest/client/v2_alpha/test_upgrade_room.py: 25 warnings
  /workspace/synapse/synapse/api/auth.py:153: DeprecationWarning: twisted.web.http.Request.getClientIP was deprecated in Twisted 18.4.0; please use getClientAddress instead
    ip_addr = request.getClientIP()

tests/rest/client/v2_alpha/test_auth.py: 6 warnings
tests/rest/client/v2_alpha/test_password_policy.py: 6 warnings
  /workspace/synapse/synapse/rest/client/register.py:414: DeprecationWarning: twisted.web.http.Request.getClientIP was deprecated in Twisted 18.4.0; please use getClientAddress instead
    client_addr = request.getClientIP()

tests/rest/client/v2_alpha/test_auth.py::FallbackAuthTests::test_complete_operation_unknown_session
tests/rest/client/v2_alpha/test_auth.py::FallbackAuthTests::test_fallback_captcha
  /workspace/synapse/synapse/rest/client/auth.py:99: DeprecationWarning: twisted.web.http.Request.getClientIP was deprecated in Twisted 18.4.0; please use getClientAddress instead
    LoginType.RECAPTCHA, authdict, request.getClientIP()

-- Docs: https://docs.pytest.org/en/stable/how-to/capture-warnings.html
================ 95 passed, 4 skipped, 2838 warnings in 31.91s =================

2026-01-17 00:12:49,130 - src.tools.run_test - INFO - unit_test.sh output:
============================= test session starts ==============================
platform linux -- Python 3.8.20, pytest-8.3.5, pluggy-1.5.0
rootdir: /workspace/synapse
configfile: pyproject.toml
collected 99 items

tests/rest/client/v2_alpha/test_account.py ............................. [ 29%]
..                                                                       [ 31%]
tests/rest/client/v2_alpha/test_auth.py .....s..s.ss.....                [ 48%]
tests/rest/client/v2_alpha/test_capabilities.py .......                  [ 55%]
tests/rest/client/v2_alpha/test_filter.py .......                        [ 62%]
tests/rest/client/v2_alpha/test_password_policy.py ........              [ 70%]
tests/rest/client/v2_alpha/test_report_event.py .......                  [ 77%]
tests/rest/client/v2_alpha/test_sendtodevice.py ...                      [ 80%]
tests/rest/client/v2_alpha/test_shared_rooms.py ....                     [ 84%]
tests/rest/client/v2_alpha/test_sync.py ..........                       [ 94%]
tests/rest/client/v2_alpha/test_upgrade_room.py .....                    [100%]

=============================== warnings summary ===============================
tests/rest/client/v2_alpha/test_account.py:22
  /workspace/synapse/tests/rest/client/v2_alpha/test_account.py:22: DeprecationWarning: pkg_resources is deprecated as an API. See https://setuptools.pypa.io/en/latest/pkg_resources.html
    import pkg_resources

../PoC_env/CVE-2021-39163/lib/python3.8/site-packages/pkg_resources/__init__.py:3154
  /workspace/PoC_env/CVE-2021-39163/lib/python3.8/site-packages/pkg_resources/__init__.py:3154: DeprecationWarning: Deprecated call to `pkg_resources.declare_namespace('zope')`.
  Implementing implicit namespace packages (as specified in PEP 420) is preferred to `pkg_resources.declare_namespace`. See https://setuptools.pypa.io/en/latest/references/keywords.html#keyword-namespace-packages
    declare_namespace(pkg)

../PoC_env/CVE-2021-39163/lib/python3.8/site-packages/twisted/web/static.py:35
  /workspace/PoC_env/CVE-2021-39163/lib/python3.8/site-packages/twisted/web/static.py:35: DeprecationWarning: twisted.web.resource._UnsafeNoResource.__init__ was deprecated in Twisted 22.10.0; please use Use twisted.web.pages.notFound instead, which properly escapes HTML. instead
    dangerousPathError = resource._UnsafeNoResource("Invalid request URL.")

../PoC_env/CVE-2021-39163/lib/python3.8/site-packages/twisted/web/static.py:264
  /workspace/PoC_env/CVE-2021-39163/lib/python3.8/site-packages/twisted/web/static.py:264: DeprecationWarning: twisted.web.resource._UnsafeNoResource.__init__ was deprecated in Twisted 22.10.0; please use Use twisted.web.pages.notFound instead, which properly escapes HTML. instead
    childNotFound = resource._UnsafeNoResource("File not found.")

../PoC_env/CVE-2021-39163/lib/python3.8/site-packages/twisted/web/static.py:265
  /workspace/PoC_env/CVE-2021-39163/lib/python3.8/site-packages/twisted/web/static.py:265: DeprecationWarning: twisted.web.resource._UnsafeForbiddenResource.__init__ was deprecated in Twisted 22.10.0; please use Use twisted.web.pages.forbidden instead, which properly escapes HTML. instead
    forbidden = resource._UnsafeForbiddenResource()

synapse/api/filtering.py:122
  /workspace/synapse/synapse/api/filtering.py:122: DeprecationWarning: FormatChecker.cls_checks is deprecated. Call FormatChecker.checks on a specific FormatChecker instance instead.
    @FormatChecker.cls_checks("matrix_room_id")

synapse/api/filtering.py:127
  /workspace/synapse/synapse/api/filtering.py:127: DeprecationWarning: FormatChecker.cls_checks is deprecated. Call FormatChecker.checks on a specific FormatChecker instance instead.
    @FormatChecker.cls_checks("matrix_user_id")

synapse/http/connectproxyclient.py:220
  /workspace/synapse/synapse/http/connectproxyclient.py:220: DeprecationWarning: twisted.web.http.HTTPClient was deprecated in Twisted 24.7.0: Use twisted.web.client.Agent instead.
    class HTTPConnectSetupClient(http.HTTPClient):

tests/server.py:26
  /workspace/synapse/tests/server.py:26: DeprecationWarning: twisted.test.proto_helpers.AccumulatingProtocol was deprecated in Twisted 19.7.0: Please use twisted.internet.testing.AccumulatingProtocol instead.
    from twisted.test.proto_helpers import AccumulatingProtocol, MemoryReactorClock

tests/server.py:26
  /workspace/synapse/tests/server.py:26: DeprecationWarning: twisted.test.proto_helpers.MemoryReactorClock was deprecated in Twisted 19.7.0: Please use twisted.internet.testing.MemoryReactorClock instead.
    from twisted.test.proto_helpers import AccumulatingProtocol, MemoryReactorClock

tests/rest/client/v2_alpha/test_account.py: 31 warnings
tests/rest/client/v2_alpha/test_auth.py: 13 warnings
tests/rest/client/v2_alpha/test_capabilities.py: 7 warnings
tests/rest/client/v2_alpha/test_filter.py: 7 warnings
tests/rest/client/v2_alpha/test_password_policy.py: 8 warnings
tests/rest/client/v2_alpha/test_report_event.py: 7 warnings
tests/rest/client/v2_alpha/test_sendtodevice.py: 3 warnings
tests/rest/client/v2_alpha/test_shared_rooms.py: 4 warnings
tests/rest/client/v2_alpha/test_sync.py: 10 warnings
tests/rest/client/v2_alpha/test_upgrade_room.py: 5 warnings
  /workspace/synapse/synapse/crypto/context_factory.py:175: DeprecationWarning: Attempting to mutate a Context after a Connection was created. In the future, this will raise an exception
    self._ssl_context.set_info_callback(_context_info_cb)

tests/rest/client/v2_alpha/test_account.py: 31 warnings
tests/rest/client/v2_alpha/test_auth.py: 13 warnings
tests/rest/client/v2_alpha/test_capabilities.py: 7 warnings
tests/rest/client/v2_alpha/test_filter.py: 7 warnings
tests/rest/client/v2_alpha/test_password_policy.py: 8 warnings
tests/rest/client/v2_alpha/test_report_event.py: 7 warnings
tests/rest/client/v2_alpha/test_sendtodevice.py: 3 warnings
tests/rest/client/v2_alpha/test_shared_rooms.py: 4 warnings
tests/rest/client/v2_alpha/test_sync.py: 10 warnings
tests/rest/client/v2_alpha/test_upgrade_room.py: 5 warnings
  /workspace/synapse/synapse/crypto/context_factory.py:122: DeprecationWarning: Attempting to mutate a Context after a Connection was created. In the future, this will raise an exception
    self._verify_ssl_context.set_info_callback(_context_info_cb)

tests/rest/client/v2_alpha/test_account.py: 31 warnings
tests/rest/client/v2_alpha/test_auth.py: 13 warnings
tests/rest/client/v2_alpha/test_capabilities.py: 7 warnings
tests/rest/client/v2_alpha/test_filter.py: 7 warnings
tests/rest/client/v2_alpha/test_password_policy.py: 8 warnings
tests/rest/client/v2_alpha/test_report_event.py: 7 warnings
tests/rest/client/v2_alpha/test_sendtodevice.py: 3 warnings
tests/rest/client/v2_alpha/test_shared_rooms.py: 4 warnings
tests/rest/client/v2_alpha/test_sync.py: 10 warnings
tests/rest/client/v2_alpha/test_upgrade_room.py: 5 warnings
  /workspace/synapse/synapse/crypto/context_factory.py:126: DeprecationWarning: Attempting to mutate a Context after a Connection was created. In the future, this will raise an exception
    self._no_verify_ssl_context.set_info_callback(_context_info_cb)

tests/rest/client/v2_alpha/test_account.py: 62 warnings
tests/rest/client/v2_alpha/test_auth.py: 32 warnings
tests/rest/client/v2_alpha/test_capabilities.py: 14 warnings
tests/rest/client/v2_alpha/test_filter.py: 14 warnings
tests/rest/client/v2_alpha/test_password_policy.py: 16 warnings
tests/rest/client/v2_alpha/test_report_event.py: 14 warnings
tests/rest/client/v2_alpha/test_sendtodevice.py: 6 warnings
tests/rest/client/v2_alpha/test_shared_rooms.py: 8 warnings
tests/rest/client/v2_alpha/test_sync.py: 20 warnings
tests/rest/client/v2_alpha/test_upgrade_room.py: 10 warnings
  /workspace/synapse/synapse/util/httpresourcetree.py:51: DeprecationWarning: twisted.web.resource._UnsafeNoResource.__init__ was deprecated in Twisted 22.10.0; please use Use twisted.web.pages.notFound instead, which properly escapes HTML. instead
    child_resource = NoResource()

tests/rest/client/v2_alpha/test_account.py: 200 warnings
tests/rest/client/v2_alpha/test_auth.py: 70 warnings
tests/rest/client/v2_alpha/test_capabilities.py: 21 warnings
tests/rest/client/v2_alpha/test_filter.py: 7 warnings
tests/rest/client/v2_alpha/test_password_policy.py: 11 warnings
tests/rest/client/v2_alpha/test_report_event.py: 70 warnings
tests/rest/client/v2_alpha/test_sendtodevice.py: 27 warnings
tests/rest/client/v2_alpha/test_shared_rooms.py: 55 warnings
tests/rest/client/v2_alpha/test_sync.py: 122 warnings
tests/rest/client/v2_alpha/test_upgrade_room.py: 58 warnings
  /workspace/synapse/synapse/http/site.py:218: DeprecationWarning: twisted.web.http.Request.getClientIP was deprecated in Twisted 18.4.0; please use getClientAddress instead
    ip_address=self.getClientIP(),

tests/rest/client/v2_alpha/test_account.py: 200 warnings
tests/rest/client/v2_alpha/test_auth.py: 70 warnings
tests/rest/client/v2_alpha/test_capabilities.py: 21 warnings
tests/rest/client/v2_alpha/test_filter.py: 7 warnings
tests/rest/client/v2_alpha/test_password_policy.py: 11 warnings
tests/rest/client/v2_alpha/test_report_event.py: 70 warnings
tests/rest/client/v2_alpha/test_sendtodevice.py: 27 warnings
tests/rest/client/v2_alpha/test_shared_rooms.py: 55 warnings
tests/rest/client/v2_alpha/test_sync.py: 122 warnings
tests/rest/client/v2_alpha/test_upgrade_room.py: 58 warnings
  /workspace/synapse/synapse/http/site.py:351: DeprecationWarning: twisted.web.http.Request.getClientIP was deprecated in Twisted 18.4.0; please use getClientAddress instead
    self.getClientIP(),

tests/rest/client/v2_alpha/test_account.py: 200 warnings
tests/rest/client/v2_alpha/test_auth.py: 70 warnings
tests/rest/client/v2_alpha/test_capabilities.py: 21 warnings
tests/rest/client/v2_alpha/test_filter.py: 7 warnings
tests/rest/client/v2_alpha/test_password_policy.py: 11 warnings
tests/rest/client/v2_alpha/test_report_event.py: 70 warnings
tests/rest/client/v2_alpha/test_sendtodevice.py: 27 warnings
tests/rest/client/v2_alpha/test_shared_rooms.py: 55 warnings
tests/rest/client/v2_alpha/test_sync.py: 121 warnings
tests/rest/client/v2_alpha/test_upgrade_room.py: 58 warnings
  /workspace/synapse/synapse/http/site.py:394: DeprecationWarning: twisted.web.http.Request.getClientIP was deprecated in Twisted 18.4.0; please use getClientAddress instead
    self.getClientIP(),

tests/rest/client/v2_alpha/test_account.py: 39 warnings
tests/rest/client/v2_alpha/test_auth.py: 15 warnings
tests/rest/client/v2_alpha/test_capabilities.py: 2 warnings
tests/rest/client/v2_alpha/test_password_policy.py: 1 warning
tests/rest/client/v2_alpha/test_report_event.py: 14 warnings
tests/rest/client/v2_alpha/test_sendtodevice.py: 5 warnings
tests/rest/client/v2_alpha/test_shared_rooms.py: 8 warnings
tests/rest/client/v2_alpha/test_sync.py: 14 warnings
tests/rest/client/v2_alpha/test_upgrade_room.py: 11 warnings
  /workspace/synapse/synapse/rest/client/login.py:196: DeprecationWarning: twisted.web.http.Request.getClientIP was deprecated in Twisted 18.4.0; please use getClientAddress instead
    await self._address_ratelimiter.ratelimit(None, request.getClientIP())

tests/rest/client/v2_alpha/test_account.py: 31 warnings
  /workspace/synapse/synapse/handlers/identity.py:96: DeprecationWarning: twisted.web.http.Request.getClientIP was deprecated in Twisted 18.4.0; please use getClientAddress instead
    None, (medium, request.getClientIP())

tests/rest/client/v2_alpha/test_account.py: 21 warnings
tests/rest/client/v2_alpha/test_auth.py: 16 warnings
tests/rest/client/v2_alpha/test_password_policy.py: 1 warning
  /workspace/synapse/synapse/handlers/auth.py:579: DeprecationWarning: twisted.web.http.Request.getClientIP was deprecated in Twisted 18.4.0; please use getClientAddress instead
    clientip = request.getClientIP()

tests/rest/client/v2_alpha/test_account.py: 35 warnings
tests/rest/client/v2_alpha/test_auth.py: 16 warnings
tests/rest/client/v2_alpha/test_capabilities.py: 7 warnings
tests/rest/client/v2_alpha/test_report_event.py: 28 warnings
tests/rest/client/v2_alpha/test_sendtodevice.py: 12 warnings
tests/rest/client/v2_alpha/test_shared_rooms.py: 31 warnings
tests/rest/client/v2_alpha/test_sync.py: 79 warnings
tests/rest/client/v2_alpha/test_upgrade_room.py: 25 warnings
  /workspace/synapse/synapse/api/auth.py:153: DeprecationWarning: twisted.web.http.Request.getClientIP was deprecated in Twisted 18.4.0; please use getClientAddress instead
    ip_addr = request.getClientIP()

tests/rest/client/v2_alpha/test_auth.py: 6 warnings
tests/rest/client/v2_alpha/test_password_policy.py: 6 warnings
  /workspace/synapse/synapse/rest/client/register.py:414: DeprecationWarning: twisted.web.http.Request.getClientIP was deprecated in Twisted 18.4.0; please use getClientAddress instead
    client_addr = request.getClientIP()

tests/rest/client/v2_alpha/test_auth.py::FallbackAuthTests::test_complete_operation_unknown_session
tests/rest/client/v2_alpha/test_auth.py::FallbackAuthTests::test_fallback_captcha
  /workspace/synapse/synapse/rest/client/auth.py:99: DeprecationWarning: twisted.web.http.Request.getClientIP was deprecated in Twisted 18.4.0; please use getClientAddress instead
    LoginType.RECAPTCHA, authdict, request.getClientIP()

-- Docs: https://docs.pytest.org/en/stable/how-to/capture-warnings.html
================ 95 passed, 4 skipped, 2838 warnings in 31.91s =================

2026-01-17 00:12:49,130 - src.agents.base - INFO - Tool RunTest: ✓
2026-01-17 00:12:49,130 - src.agents.base - INFO - Tool RunTest: ✓
2026-01-17 00:12:55,948 - src.agents.base - INFO - SingleAgent - LLM response (2379 chars):
{
  "poc_result": {
    "passed": false,
    "vulnerability_fixed": false,
    "analysis": "The PoC test 'test_rooms_limited_by_visibility' still fails. The test expects an empty room list for a non-member of a private group, but the API returns a public room in the group. This suggests that the handler's privacy check is not being triggered, possibly due to the rerouter in groups_local.py or another code path."
  },
  "regression_result": {
    "passed": true,
    "tests_present": true,
    "analysis": "All 99 unit tests passed, indicating no regressions were introduced."
  },
  "overall_verdict": "FAIL_POC"
}

**Attempts so far:**
- Attempt 1: Added privacy check after `check_group_is_ours` — failed.
- Attempt 2: Fetched group directly, checked privacy before fetching rooms — failed.
- Attempt 3: Returned empty list for non-members of private groups at the top of the handler — failed.
- Attempt 4: Moved privacy check before any logic, still failed.

**Blocker:**  
The handler's privacy check is not being triggered for the test case, likely because the rerouter in `groups_local.py` is calling the handler in a way that bypasses the privacy logic, or the wrong handler is being called for the test. The test may be using a different code path or handler, or the privacy check must be enforced at a different layer (possibly in the rerouter or in the data access layer).

**Next Steps:**  
- The fix cannot be completed without deeper architectural changes or more information about the rerouting and handler invocation.

{
  "status": "failed",
  "vulnerability": "Incorrect authorization in group room listing: non-members of private groups can see rooms.",
  "attempts": [
    "Attempt 1: Added privacy check after check_group_is_ours, failed because test still saw public rooms.",
    "Attempt 2: Fetched group directly and checked privacy before fetching rooms, failed for same reason.",
    "Attempt 3: Returned empty list for non-members of private groups at the top of the handler, failed.",
    "Attempt 4: Moved privacy check before any logic, still failed."
  ],
  "blocker": "The handler's privacy check is not being triggered for the test case, likely due to the rerouter in groups_local.py or another code path. The fix may require changes in the rerouter or data access layer, or more information about the handler invocation.",
  "iterations": 4
}
2026-01-17 00:12:55,948 - src.agents.base - INFO - SingleAgent - LLM response (2379 chars):
{
  "poc_result": {
    "passed": false,
    "vulnerability_fixed": false,
    "analysis": "The PoC test 'test_rooms_limited_by_visibility' still fails. The test expects an empty room list for a non-member of a private group, but the API returns a public room in the group. This suggests that the handler's privacy check is not being triggered, possibly due to the rerouter in groups_local.py or another code path."
  },
  "regression_result": {
    "passed": true,
    "tests_present": true,
    "analysis": "All 99 unit tests passed, indicating no regressions were introduced."
  },
  "overall_verdict": "FAIL_POC"
}

**Attempts so far:**
- Attempt 1: Added privacy check after `check_group_is_ours` — failed.
- Attempt 2: Fetched group directly, checked privacy before fetching rooms — failed.
- Attempt 3: Returned empty list for non-members of private groups at the top of the handler — failed.
- Attempt 4: Moved privacy check before any logic, still failed.

**Blocker:**  
The handler's privacy check is not being triggered for the test case, likely because the rerouter in `groups_local.py` is calling the handler in a way that bypasses the privacy logic, or the wrong handler is being called for the test. The test may be using a different code path or handler, or the privacy check must be enforced at a different layer (possibly in the rerouter or in the data access layer).

**Next Steps:**  
- The fix cannot be completed without deeper architectural changes or more information about the rerouting and handler invocation.

{
  "status": "failed",
  "vulnerability": "Incorrect authorization in group room listing: non-members of private groups can see rooms.",
  "attempts": [
    "Attempt 1: Added privacy check after check_group_is_ours, failed because test still saw public rooms.",
    "Attempt 2: Fetched group directly and checked privacy before fetching rooms, failed for same reason.",
    "Attempt 3: Returned empty list for non-members of private groups at the top of the handler, failed.",
    "Attempt 4: Moved privacy check before any logic, still failed."
  ],
  "blocker": "The handler's privacy check is not being triggered for the test case, likely due to the rerouter in groups_local.py or another code path. The fix may require changes in the rerouter or data access layer, or more information about the handler invocation.",
  "iterations": 4
}
2026-01-17 00:12:55,950 - orchestrator - INFO - Completed: Sample: CVE-2021-39163 | Status: success | Rounds: 4 | Duration: 219.8s
2026-01-17 00:12:55,950 - orchestrator - INFO - Completed: Sample: CVE-2021-39163 | Status: success | Rounds: 4 | Duration: 219.8s
2026-01-17 00:12:56,068 - __main__ - INFO - Extracted patch via /workspace/fix.patch (1303 bytes)
