2026-01-16 21:06:30,174 - orchestrator - INFO - Starting single-agent patching run for CVE-2023-26145
2026-01-16 21:06:30,174 - orchestrator - INFO - Starting single-agent patching run for CVE-2023-26145
2026-01-16 21:06:30,175 - orchestrator - INFO - Using container: single_agent_cve-2023-26145_1be1775f, work_dir: /workspace/pydash
2026-01-16 21:06:30,175 - orchestrator - INFO - Using container: single_agent_cve-2023-26145_1be1775f, work_dir: /workspace/pydash
2026-01-16 21:06:30,175 - src.agents.base - INFO - SingleAgent - LLM call prompt (1785 chars):
## Your Mission

Fix the security vulnerability in this codebase.

## Vulnerability Details

**CVE:** CVE-2023-26145
**CWE:** ['CWE-94', 'CWE-77', 'CWE-78']
**Affected File:** src/pydash/helpers.py

**Vulnerable Locations:**
Not provided

### Description
No description provided. You'll need to investigate.

### Vulnerable Code Snippet (may be stale vs line numbers)
```Python
def _base_get_object(obj, key, default=UNSET):
    value = _base_get_item(obj, key, default=UNSET)
    if value is UNSET:
        value = default
        try:
            value = getattr(obj, key)
        except Exception:
            pass
    return value
```

## Your Task

Execute the complete patching workflow autonomously:

1. **ANALYZE**: Read and understand the vulnerable code
   - Use ReadFile to examine the full file
   - Use FindClass to understand dependencies
   - Identify the root cause based on CWE/CVE information
   - Account for **all** listed vulnerable locations (multiple hunks/files may be affected)

2. **PLAN**: Formulate your fix strategy
   - Decide what needs to change and why
   - Consider security completeness and edge cases
   - Keep changes minimal and focused

3. **IMPLEMENT**: Apply the patch
   - Use EditCode to modify the vulnerable code
   - Ensure complete, valid, syntactically correct code
   - Preserve existing style and conventions

4. **VERIFY**: Run tests to validate
   - Use RunTest to execute PoC and unit tests
   - Read test output carefully to determine pass/fail
   - Verify both security fix and no regressions

5. **ITERATE**: If tests fail, adjust and retry
   - Analyze what went wrong
   - Try a different approach
   - Don't repeat the same mistake

You have all the tools and knowledge you need. Work autonomously and systematically.

Begin!

2026-01-16 21:06:30,175 - src.agents.base - INFO - SingleAgent - LLM call prompt (1785 chars):
## Your Mission

Fix the security vulnerability in this codebase.

## Vulnerability Details

**CVE:** CVE-2023-26145
**CWE:** ['CWE-94', 'CWE-77', 'CWE-78']
**Affected File:** src/pydash/helpers.py

**Vulnerable Locations:**
Not provided

### Description
No description provided. You'll need to investigate.

### Vulnerable Code Snippet (may be stale vs line numbers)
```Python
def _base_get_object(obj, key, default=UNSET):
    value = _base_get_item(obj, key, default=UNSET)
    if value is UNSET:
        value = default
        try:
            value = getattr(obj, key)
        except Exception:
            pass
    return value
```

## Your Task

Execute the complete patching workflow autonomously:

1. **ANALYZE**: Read and understand the vulnerable code
   - Use ReadFile to examine the full file
   - Use FindClass to understand dependencies
   - Identify the root cause based on CWE/CVE information
   - Account for **all** listed vulnerable locations (multiple hunks/files may be affected)

2. **PLAN**: Formulate your fix strategy
   - Decide what needs to change and why
   - Consider security completeness and edge cases
   - Keep changes minimal and focused

3. **IMPLEMENT**: Apply the patch
   - Use EditCode to modify the vulnerable code
   - Ensure complete, valid, syntactically correct code
   - Preserve existing style and conventions

4. **VERIFY**: Run tests to validate
   - Use RunTest to execute PoC and unit tests
   - Read test output carefully to determine pass/fail
   - Verify both security fix and no regressions

5. **ITERATE**: If tests fail, adjust and retry
   - Analyze what went wrong
   - Try a different approach
   - Don't repeat the same mistake

You have all the tools and knowledge you need. Work autonomously and systematically.

Begin!

2026-01-16 21:06:31,222 - src.agents.base - INFO - SingleAgent executing tool: ReadFile
2026-01-16 21:06:31,222 - src.agents.base - INFO - SingleAgent executing tool: ReadFile
2026-01-16 21:06:31,223 - src.agents.base - INFO - Tool arguments:
{
  "file_path": "src/pydash/helpers.py",
  "start_line": 1,
  "end_line": 60
}
2026-01-16 21:06:31,223 - src.agents.base - INFO - Tool arguments:
{
  "file_path": "src/pydash/helpers.py",
  "start_line": 1,
  "end_line": 60
}
2026-01-16 21:06:31,447 - src.agents.base - INFO - Tool ReadFile: ✓
2026-01-16 21:06:31,447 - src.agents.base - INFO - Tool ReadFile: ✓
2026-01-16 21:06:32,289 - src.agents.base - INFO - SingleAgent executing tool: ReadFile
2026-01-16 21:06:32,289 - src.agents.base - INFO - SingleAgent executing tool: ReadFile
2026-01-16 21:06:32,290 - src.agents.base - INFO - Tool arguments:
{
  "file_path": "src/pydash/helpers.py",
  "start_line": 61,
  "end_line": 120
}
2026-01-16 21:06:32,290 - src.agents.base - INFO - Tool arguments:
{
  "file_path": "src/pydash/helpers.py",
  "start_line": 61,
  "end_line": 120
}
2026-01-16 21:06:32,401 - src.agents.base - INFO - Tool ReadFile: ✓
2026-01-16 21:06:32,401 - src.agents.base - INFO - Tool ReadFile: ✓
2026-01-16 21:06:33,281 - src.agents.base - INFO - SingleAgent executing tool: ReadFile
2026-01-16 21:06:33,281 - src.agents.base - INFO - SingleAgent executing tool: ReadFile
2026-01-16 21:06:33,281 - src.agents.base - INFO - Tool arguments:
{
  "file_path": "src/pydash/helpers.py",
  "start_line": 121,
  "end_line": 180
}
2026-01-16 21:06:33,281 - src.agents.base - INFO - Tool arguments:
{
  "file_path": "src/pydash/helpers.py",
  "start_line": 121,
  "end_line": 180
}
2026-01-16 21:06:33,440 - src.agents.base - INFO - Tool ReadFile: ✓
2026-01-16 21:06:33,440 - src.agents.base - INFO - Tool ReadFile: ✓
2026-01-16 21:06:34,508 - src.agents.base - INFO - SingleAgent executing tool: ReadFile
2026-01-16 21:06:34,508 - src.agents.base - INFO - SingleAgent executing tool: ReadFile
2026-01-16 21:06:34,509 - src.agents.base - INFO - Tool arguments:
{
  "file_path": "src/pydash/helpers.py",
  "start_line": 181,
  "end_line": 200
}
2026-01-16 21:06:34,509 - src.agents.base - INFO - Tool arguments:
{
  "file_path": "src/pydash/helpers.py",
  "start_line": 181,
  "end_line": 200
}
2026-01-16 21:06:34,667 - src.agents.base - INFO - Tool ReadFile: ✓
2026-01-16 21:06:34,667 - src.agents.base - INFO - Tool ReadFile: ✓
2026-01-16 21:06:35,738 - src.agents.base - INFO - SingleAgent executing tool: FindClass
2026-01-16 21:06:35,738 - src.agents.base - INFO - SingleAgent executing tool: FindClass
2026-01-16 21:06:35,739 - src.agents.base - INFO - Tool arguments:
{
  "symbol_name": "_base_get_object",
  "search_type": "usage",
  "file_pattern": "src/pydash/*.py"
}
2026-01-16 21:06:35,739 - src.agents.base - INFO - Tool arguments:
{
  "symbol_name": "_base_get_object",
  "search_type": "usage",
  "file_pattern": "src/pydash/*.py"
}
2026-01-16 21:06:35,910 - src.agents.base - INFO - Tool FindClass: ✓
2026-01-16 21:06:35,910 - src.agents.base - INFO - Tool FindClass: ✓
2026-01-16 21:06:36,903 - src.agents.base - INFO - SingleAgent executing tool: FindClass
2026-01-16 21:06:36,903 - src.agents.base - INFO - SingleAgent executing tool: FindClass
2026-01-16 21:06:36,904 - src.agents.base - INFO - Tool arguments:
{
  "symbol_name": "getattr",
  "search_type": "usage",
  "file_pattern": "src/pydash/*.py"
}
2026-01-16 21:06:36,904 - src.agents.base - INFO - Tool arguments:
{
  "symbol_name": "getattr",
  "search_type": "usage",
  "file_pattern": "src/pydash/*.py"
}
2026-01-16 21:06:37,064 - src.agents.base - INFO - Tool FindClass: ✓
2026-01-16 21:06:37,064 - src.agents.base - INFO - Tool FindClass: ✓
2026-01-16 21:06:43,232 - src.agents.base - INFO - SingleAgent executing tool: FindClass
2026-01-16 21:06:43,232 - src.agents.base - INFO - SingleAgent executing tool: FindClass
2026-01-16 21:06:43,233 - src.agents.base - INFO - Tool arguments:
{
  "symbol_name": "_base_get_object",
  "search_type": "usage",
  "file_pattern": "*.py"
}
2026-01-16 21:06:43,233 - src.agents.base - INFO - Tool arguments:
{
  "symbol_name": "_base_get_object",
  "search_type": "usage",
  "file_pattern": "*.py"
}
2026-01-16 21:06:43,399 - src.agents.base - INFO - Tool FindClass: ✓
2026-01-16 21:06:43,399 - src.agents.base - INFO - Tool FindClass: ✓
2026-01-16 21:06:44,753 - src.agents.base - INFO - SingleAgent executing tool: FindClass
2026-01-16 21:06:44,753 - src.agents.base - INFO - SingleAgent executing tool: FindClass
2026-01-16 21:06:44,753 - src.agents.base - INFO - Tool arguments:
{
  "symbol_name": "base_get",
  "search_type": "usage",
  "file_pattern": "*.py"
}
2026-01-16 21:06:44,753 - src.agents.base - INFO - Tool arguments:
{
  "symbol_name": "base_get",
  "search_type": "usage",
  "file_pattern": "*.py"
}
2026-01-16 21:06:44,917 - src.agents.base - INFO - Tool FindClass: ✓
2026-01-16 21:06:44,917 - src.agents.base - INFO - Tool FindClass: ✓
2026-01-16 21:06:45,785 - src.agents.base - INFO - SingleAgent executing tool: FindClass
2026-01-16 21:06:45,785 - src.agents.base - INFO - SingleAgent executing tool: FindClass
2026-01-16 21:06:45,785 - src.agents.base - INFO - Tool arguments:
{
  "symbol_name": "base_get",
  "search_type": "usage",
  "file_pattern": "tests/*.py"
}
2026-01-16 21:06:45,785 - src.agents.base - INFO - Tool arguments:
{
  "symbol_name": "base_get",
  "search_type": "usage",
  "file_pattern": "tests/*.py"
}
2026-01-16 21:06:45,923 - src.agents.base - INFO - Tool FindClass: ✓
2026-01-16 21:06:45,923 - src.agents.base - INFO - Tool FindClass: ✓
2026-01-16 21:06:47,001 - src.agents.base - INFO - SingleAgent executing tool: ReadFile
2026-01-16 21:06:47,001 - src.agents.base - INFO - SingleAgent executing tool: ReadFile
2026-01-16 21:06:47,001 - src.agents.base - INFO - Tool arguments:
{
  "file_path": "src/pydash/helpers.py",
  "start_line": 1,
  "end_line": 200
}
2026-01-16 21:06:47,001 - src.agents.base - INFO - Tool arguments:
{
  "file_path": "src/pydash/helpers.py",
  "start_line": 1,
  "end_line": 200
}
2026-01-16 21:06:47,141 - src.agents.base - INFO - Tool ReadFile: ✓
2026-01-16 21:06:47,141 - src.agents.base - INFO - Tool ReadFile: ✓
2026-01-16 21:06:48,231 - src.agents.base - INFO - SingleAgent executing tool: ReadFile
2026-01-16 21:06:48,231 - src.agents.base - INFO - SingleAgent executing tool: ReadFile
2026-01-16 21:06:48,232 - src.agents.base - INFO - Tool arguments:
{
  "file_path": "src/pydash/objects.py",
  "start_line": 1,
  "end_line": 60
}
2026-01-16 21:06:48,232 - src.agents.base - INFO - Tool arguments:
{
  "file_path": "src/pydash/objects.py",
  "start_line": 1,
  "end_line": 60
}
2026-01-16 21:06:48,377 - src.agents.base - INFO - Tool ReadFile: ✓
2026-01-16 21:06:48,377 - src.agents.base - INFO - Tool ReadFile: ✓
2026-01-16 21:06:49,973 - src.agents.base - INFO - SingleAgent executing tool: ReadFile
2026-01-16 21:06:49,973 - src.agents.base - INFO - SingleAgent executing tool: ReadFile
2026-01-16 21:06:49,973 - src.agents.base - INFO - Tool arguments:
{
  "file_path": "src/pydash/objects.py",
  "start_line": 500,
  "end_line": 560
}
2026-01-16 21:06:49,973 - src.agents.base - INFO - Tool arguments:
{
  "file_path": "src/pydash/objects.py",
  "start_line": 500,
  "end_line": 560
}
2026-01-16 21:06:50,121 - src.agents.base - INFO - Tool ReadFile: ✓
2026-01-16 21:06:50,121 - src.agents.base - INFO - Tool ReadFile: ✓
2026-01-16 21:06:52,758 - src.agents.base - INFO - SingleAgent executing tool: ReadFile
2026-01-16 21:06:52,758 - src.agents.base - INFO - SingleAgent executing tool: ReadFile
2026-01-16 21:06:52,759 - src.agents.base - INFO - Tool arguments:
{
  "file_path": "src/pydash/objects.py",
  "start_line": 520,
  "end_line": 540
}
2026-01-16 21:06:52,759 - src.agents.base - INFO - Tool arguments:
{
  "file_path": "src/pydash/objects.py",
  "start_line": 520,
  "end_line": 540
}
2026-01-16 21:06:52,911 - src.agents.base - INFO - Tool ReadFile: ✓
2026-01-16 21:06:52,911 - src.agents.base - INFO - Tool ReadFile: ✓
2026-01-16 21:06:54,612 - src.agents.base - INFO - SingleAgent executing tool: ReadFile
2026-01-16 21:06:54,612 - src.agents.base - INFO - SingleAgent executing tool: ReadFile
2026-01-16 21:06:54,612 - src.agents.base - INFO - Tool arguments:
{
  "file_path": "src/pydash/objects.py",
  "start_line": 1,
  "end_line": 100
}
2026-01-16 21:06:54,612 - src.agents.base - INFO - Tool arguments:
{
  "file_path": "src/pydash/objects.py",
  "start_line": 1,
  "end_line": 100
}
2026-01-16 21:06:54,762 - src.agents.base - INFO - Tool ReadFile: ✓
2026-01-16 21:06:54,762 - src.agents.base - INFO - Tool ReadFile: ✓
2026-01-16 21:06:55,808 - src.agents.base - INFO - SingleAgent executing tool: ReadFile
2026-01-16 21:06:55,808 - src.agents.base - INFO - SingleAgent executing tool: ReadFile
2026-01-16 21:06:55,809 - src.agents.base - INFO - Tool arguments:
{
  "file_path": "src/pydash/objects.py",
  "start_line": 900,
  "end_line": 960
}
2026-01-16 21:06:55,809 - src.agents.base - INFO - Tool arguments:
{
  "file_path": "src/pydash/objects.py",
  "start_line": 900,
  "end_line": 960
}
2026-01-16 21:06:55,964 - src.agents.base - INFO - Tool ReadFile: ✓
2026-01-16 21:06:55,964 - src.agents.base - INFO - Tool ReadFile: ✓
2026-01-16 21:06:57,277 - src.agents.base - INFO - SingleAgent executing tool: ReadFile
2026-01-16 21:06:57,277 - src.agents.base - INFO - SingleAgent executing tool: ReadFile
2026-01-16 21:06:57,278 - src.agents.base - INFO - Tool arguments:
{
  "file_path": "src/pydash/arrays.py",
  "start_line": 600,
  "end_line": 660
}
2026-01-16 21:06:57,278 - src.agents.base - INFO - Tool arguments:
{
  "file_path": "src/pydash/arrays.py",
  "start_line": 600,
  "end_line": 660
}
2026-01-16 21:06:57,426 - src.agents.base - INFO - Tool ReadFile: ✓
2026-01-16 21:06:57,426 - src.agents.base - INFO - Tool ReadFile: ✓
2026-01-16 21:06:58,510 - src.agents.base - INFO - SingleAgent executing tool: ReadFile
2026-01-16 21:06:58,510 - src.agents.base - INFO - SingleAgent executing tool: ReadFile
2026-01-16 21:06:58,511 - src.agents.base - INFO - Tool arguments:
{
  "file_path": "src/pydash/arrays.py",
  "start_line": 860,
  "end_line": 880
}
2026-01-16 21:06:58,511 - src.agents.base - INFO - Tool arguments:
{
  "file_path": "src/pydash/arrays.py",
  "start_line": 860,
  "end_line": 880
}
2026-01-16 21:06:58,650 - src.agents.base - INFO - Tool ReadFile: ✓
2026-01-16 21:06:58,650 - src.agents.base - INFO - Tool ReadFile: ✓
2026-01-16 21:07:00,008 - src.agents.base - INFO - SingleAgent executing tool: ReadFile
2026-01-16 21:07:00,008 - src.agents.base - INFO - SingleAgent executing tool: ReadFile
2026-01-16 21:07:00,009 - src.agents.base - INFO - Tool arguments:
{
  "file_path": "src/pydash/utilities.py",
  "start_line": 900,
  "end_line": 960
}
2026-01-16 21:07:00,009 - src.agents.base - INFO - Tool arguments:
{
  "file_path": "src/pydash/utilities.py",
  "start_line": 900,
  "end_line": 960
}
2026-01-16 21:07:00,156 - src.agents.base - INFO - Tool ReadFile: ✓
2026-01-16 21:07:00,156 - src.agents.base - INFO - Tool ReadFile: ✓
2026-01-16 21:07:01,254 - src.agents.base - INFO - SingleAgent executing tool: ReadFile
2026-01-16 21:07:01,254 - src.agents.base - INFO - SingleAgent executing tool: ReadFile
2026-01-16 21:07:01,254 - src.agents.base - INFO - Tool arguments:
{
  "file_path": "src/pydash/predicates.py",
  "start_line": 900,
  "end_line": 960
}
2026-01-16 21:07:01,254 - src.agents.base - INFO - Tool arguments:
{
  "file_path": "src/pydash/predicates.py",
  "start_line": 900,
  "end_line": 960
}
2026-01-16 21:07:01,369 - src.agents.base - INFO - Tool ReadFile: ✓
2026-01-16 21:07:01,369 - src.agents.base - INFO - Tool ReadFile: ✓
2026-01-16 21:07:02,422 - src.agents.base - INFO - SingleAgent executing tool: ReadFile
2026-01-16 21:07:02,422 - src.agents.base - INFO - SingleAgent executing tool: ReadFile
2026-01-16 21:07:02,423 - src.agents.base - INFO - Tool arguments:
{
  "file_path": "src/pydash/helpers.py",
  "start_line": 1,
  "end_line": 220
}
2026-01-16 21:07:02,423 - src.agents.base - INFO - Tool arguments:
{
  "file_path": "src/pydash/helpers.py",
  "start_line": 1,
  "end_line": 220
}
2026-01-16 21:07:02,571 - src.agents.base - INFO - Tool ReadFile: ✓
2026-01-16 21:07:02,571 - src.agents.base - INFO - Tool ReadFile: ✓
2026-01-16 21:07:03,724 - src.agents.base - INFO - SingleAgent executing tool: ReadFile
2026-01-16 21:07:03,724 - src.agents.base - INFO - SingleAgent executing tool: ReadFile
2026-01-16 21:07:03,724 - src.agents.base - INFO - Tool arguments:
{
  "file_path": "src/pydash/helpers.py",
  "start_line": 201,
  "end_line": 260
}
2026-01-16 21:07:03,724 - src.agents.base - INFO - Tool arguments:
{
  "file_path": "src/pydash/helpers.py",
  "start_line": 201,
  "end_line": 260
}
2026-01-16 21:07:03,869 - src.agents.base - INFO - Tool ReadFile: ✓
2026-01-16 21:07:03,869 - src.agents.base - INFO - Tool ReadFile: ✓
2026-01-16 21:07:06,151 - src.agents.base - INFO - SingleAgent executing tool: ReadFile
2026-01-16 21:07:06,151 - src.agents.base - INFO - SingleAgent executing tool: ReadFile
2026-01-16 21:07:06,153 - src.agents.base - INFO - Tool arguments:
{
  "file_path": "src/pydash/helpers.py",
  "start_line": 1,
  "end_line": 300
}
2026-01-16 21:07:06,153 - src.agents.base - INFO - Tool arguments:
{
  "file_path": "src/pydash/helpers.py",
  "start_line": 1,
  "end_line": 300
}
2026-01-16 21:07:06,304 - src.agents.base - INFO - Tool ReadFile: ✓
2026-01-16 21:07:06,304 - src.agents.base - INFO - Tool ReadFile: ✓
2026-01-16 21:07:08,197 - src.agents.base - INFO - SingleAgent executing tool: ReadFile
2026-01-16 21:07:08,197 - src.agents.base - INFO - SingleAgent executing tool: ReadFile
2026-01-16 21:07:08,197 - src.agents.base - INFO - Tool arguments:
{
  "file_path": "src/pydash/helpers.py",
  "start_line": 301,
  "end_line": 360
}
2026-01-16 21:07:08,197 - src.agents.base - INFO - Tool arguments:
{
  "file_path": "src/pydash/helpers.py",
  "start_line": 301,
  "end_line": 360
}
2026-01-16 21:07:08,343 - src.agents.base - INFO - Tool ReadFile: ✓
2026-01-16 21:07:08,343 - src.agents.base - INFO - Tool ReadFile: ✓
2026-01-16 21:07:24,484 - src.agents.base - INFO - SingleAgent executing tool: EditCode
2026-01-16 21:07:24,484 - src.agents.base - INFO - SingleAgent executing tool: EditCode
2026-01-16 21:07:24,485 - src.agents.base - INFO - Tool arguments:
{
  "file_path": "src/pydash/helpers.py",
  "old_code": "def _base_get_object(obj, key, default=UNSET):\n    value = _base_get_item(obj, key, default=UNSET)\n    if value is UNSET:\n        value = default\n        try:\n            value = getattr(obj, key)\n        except Exception:\n            pass\n    return value",
  "new_code": "def _base_get_object(obj, key, default=UNSET):\n    value = _base_get_item(obj, key, default=UNSET)\n    if value is UNSET:\n        value = default\n        # Block access to dangerous attributes\n        if isinstance(key, str):\n            # Disallow dunder attributes and known dangerous names\n            dangerous = {\n                '__class__', '__dict__', '__bases__', '__globals__', '__code__', '__closure__',\n                '__func__', '__self__', '__module__', '__mro__', '__subclasses__', '__init__',\n                '__del__', '__getattribute__', '__setattr__', '__getattr__', '__new__', '__reduce__',\n                '__reduce_ex__', '__subclasshook__', '__init_subclass__', '__prepare__', '__dir__',\n                '__sizeof__', '__format__', '__repr__', '__str__', '__get__', '__set__', '__delete__',\n                '__slots__', '__weakref__'\n            }\n            if key.startswith('__') and key.endswith('__'):\n                return value\n            if key in dangerous:\n                return value\n        try:\n            value = getattr(obj, key)\n        except Exception:\n            pass\n    return value",
  "fuzzy_match": true,
  "skip_validation": false
}
2026-01-16 21:07:24,485 - src.agents.base - INFO - Tool arguments:
{
  "file_path": "src/pydash/helpers.py",
  "old_code": "def _base_get_object(obj, key, default=UNSET):\n    value = _base_get_item(obj, key, default=UNSET)\n    if value is UNSET:\n        value = default\n        try:\n            value = getattr(obj, key)\n        except Exception:\n            pass\n    return value",
  "new_code": "def _base_get_object(obj, key, default=UNSET):\n    value = _base_get_item(obj, key, default=UNSET)\n    if value is UNSET:\n        value = default\n        # Block access to dangerous attributes\n        if isinstance(key, str):\n            # Disallow dunder attributes and known dangerous names\n            dangerous = {\n                '__class__', '__dict__', '__bases__', '__globals__', '__code__', '__closure__',\n                '__func__', '__self__', '__module__', '__mro__', '__subclasses__', '__init__',\n                '__del__', '__getattribute__', '__setattr__', '__getattr__', '__new__', '__reduce__',\n                '__reduce_ex__', '__subclasshook__', '__init_subclass__', '__prepare__', '__dir__',\n                '__sizeof__', '__format__', '__repr__', '__str__', '__get__', '__set__', '__delete__',\n                '__slots__', '__weakref__'\n            }\n            if key.startswith('__') and key.endswith('__'):\n                return value\n            if key in dangerous:\n                return value\n        try:\n            value = getattr(obj, key)\n        except Exception:\n            pass\n    return value",
  "fuzzy_match": true,
  "skip_validation": false
}
2026-01-16 21:07:24,643 - src.tools.edit_code - INFO - EditCodeTool: Writing 9402 chars to src/pydash/helpers.py (match_type=exact)
2026-01-16 21:07:24,643 - src.tools.edit_code - INFO - EditCodeTool: Writing 9402 chars to src/pydash/helpers.py (match_type=exact)
2026-01-16 21:07:24,800 - src.agents.base - INFO - Tool EditCode: ✓
2026-01-16 21:07:24,800 - src.agents.base - INFO - Tool EditCode: ✓
2026-01-16 21:07:26,018 - src.agents.base - INFO - SingleAgent executing tool: RunTest
2026-01-16 21:07:26,018 - src.agents.base - INFO - SingleAgent executing tool: RunTest
2026-01-16 21:07:26,019 - src.agents.base - INFO - Tool arguments:
{
  "run_prepare": true,
  "timeout": 120,
  "include_paths": [
    "src/pydash/helpers.py"
  ],
  "run_unittest": true
}
2026-01-16 21:07:26,019 - src.agents.base - INFO - Tool arguments:
{
  "run_prepare": true,
  "timeout": 120,
  "include_paths": [
    "src/pydash/helpers.py"
  ],
  "run_unittest": true
}
2026-01-16 21:07:26,353 - src.tools.run_test - INFO - Extracted 1 file paths from /workspace/test.patch: ['hand_test.py']
2026-01-16 21:07:26,353 - src.tools.run_test - INFO - Extracted 1 file paths from /workspace/test.patch: ['hand_test.py']
2026-01-16 21:07:26,353 - src.tools.run_test - INFO - Generating git diff for fix.patch
2026-01-16 21:07:26,353 - src.tools.run_test - INFO - Generating git diff for fix.patch
2026-01-16 21:07:26,353 - src.tools.run_test - INFO -   include_paths: ['src/pydash/helpers.py']
2026-01-16 21:07:26,353 - src.tools.run_test - INFO -   include_paths: ['src/pydash/helpers.py']
2026-01-16 21:07:26,354 - src.tools.run_test - INFO -   exclude_paths (from test.patch): ['hand_test.py']
2026-01-16 21:07:26,354 - src.tools.run_test - INFO -   exclude_paths (from test.patch): ['hand_test.py']
2026-01-16 21:07:26,354 - src.tools.run_test - INFO -   git diff command: git diff HEAD -- 'src/pydash/helpers.py' ':(exclude)hand_test.py'
2026-01-16 21:07:26,354 - src.tools.run_test - INFO -   git diff command: git diff HEAD -- 'src/pydash/helpers.py' ':(exclude)hand_test.py'
2026-01-16 21:07:26,497 - src.tools.run_test - INFO -   Generated patch: 1287 bytes, 26 lines
2026-01-16 21:07:26,497 - src.tools.run_test - INFO -   Generated patch: 1287 bytes, 26 lines
2026-01-16 21:07:26,498 - src.tools.run_test - INFO -   Patch content:
diff --git a/src/pydash/helpers.py b/src/pydash/helpers.py
index 0467c9c..15ee713 100644
--- a/src/pydash/helpers.py
+++ b/src/pydash/helpers.py
@@ -179,6 +179,21 @@ def _base_get_object(obj, key, default=UNSET):
     value = _base_get_item(obj, key, default=UNSET)
     if value is UNSET:
         value = default
+        # Block access to dangerous attributes
+        if isinstance(key, str):
+            # Disallow dunder attributes and known dangerous names
+            dangerous = {
+                '__class__', '__dict__', '__bases__', '__globals__', '__code__', '__closure__',
+                '__func__', '__self__', '__module__', '__mro__', '__subclasses__', '__init__',
+                '__del__', '__getattribute__', '__setattr__', '__getattr__', '__new__', '__reduce__',
+                '__reduce_ex__', '__subclasshook__', '__init_subclass__', '__prepare__', '__dir__',
+                '__sizeof__', '__format__', '__repr__', '__str__', '__get__', '__set__', '__delete__',
+                '__slots__', '__weakref__'
+            }
+            if key.startswith('__') and key.endswith('__'):
+                return value
+            if key in dangerous:
+                return value
         try:
             value = getattr(obj, key)
         except Exception:

2026-01-16 21:07:26,498 - src.tools.run_test - INFO -   Patch content:
diff --git a/src/pydash/helpers.py b/src/pydash/helpers.py
index 0467c9c..15ee713 100644
--- a/src/pydash/helpers.py
+++ b/src/pydash/helpers.py
@@ -179,6 +179,21 @@ def _base_get_object(obj, key, default=UNSET):
     value = _base_get_item(obj, key, default=UNSET)
     if value is UNSET:
         value = default
+        # Block access to dangerous attributes
+        if isinstance(key, str):
+            # Disallow dunder attributes and known dangerous names
+            dangerous = {
+                '__class__', '__dict__', '__bases__', '__globals__', '__code__', '__closure__',
+                '__func__', '__self__', '__module__', '__mro__', '__subclasses__', '__init__',
+                '__del__', '__getattribute__', '__setattr__', '__getattr__', '__new__', '__reduce__',
+                '__reduce_ex__', '__subclasshook__', '__init_subclass__', '__prepare__', '__dir__',
+                '__sizeof__', '__format__', '__repr__', '__str__', '__get__', '__set__', '__delete__',
+                '__slots__', '__weakref__'
+            }
+            if key.startswith('__') and key.endswith('__'):
+                return value
+            if key in dangerous:
+                return value
         try:
             value = getattr(obj, key)
         except Exception:

2026-01-16 21:07:26,588 - src.tools.run_test - INFO - Running prepare.sh to reset repository...
2026-01-16 21:07:26,588 - src.tools.run_test - INFO - Running prepare.sh to reset repository...
2026-01-16 21:07:27,058 - src.tools.run_test - INFO - Running fix-run.sh for PoC validation...
2026-01-16 21:07:27,058 - src.tools.run_test - INFO - Running fix-run.sh for PoC validation...
2026-01-16 21:07:27,156 - src.tools.run_test - INFO - Patch being tested:
diff --git a/src/pydash/helpers.py b/src/pydash/helpers.py
index 0467c9c..15ee713 100644
--- a/src/pydash/helpers.py
+++ b/src/pydash/helpers.py
@@ -179,6 +179,21 @@ def _base_get_object(obj, key, default=UNSET):
     value = _base_get_item(obj, key, default=UNSET)
     if value is UNSET:
         value = default
+        # Block access to dangerous attributes
+        if isinstance(key, str):
+            # Disallow dunder attributes and known dangerous names
+            dangerous = {
+                '__class__', '__dict__', '__bases__', '__globals__', '__code__', '__closure__',
+                '__func__', '__self__', '__module__', '__mro__', '__subclasses__', '__init__',
+                '__del__', '__getattribute__', '__setattr__', '__getattr__', '__new__', '__reduce__',
+                '__reduce_ex__', '__subclasshook__', '__init_subclass__', '__prepare__', '__dir__',
+                '__sizeof__', '__format__', '__repr__', '__str__', '__get__', '__set__', '__delete__',
+                '__slots__', '__weakref__'
+            }
+            if key.startswith('__') and key.endswith('__'):
+                return value
+            if key in dangerous:
+                return value
         try:
             value = getattr(obj, key)
         except Exception:


2026-01-16 21:07:27,156 - src.tools.run_test - INFO - Patch being tested:
diff --git a/src/pydash/helpers.py b/src/pydash/helpers.py
index 0467c9c..15ee713 100644
--- a/src/pydash/helpers.py
+++ b/src/pydash/helpers.py
@@ -179,6 +179,21 @@ def _base_get_object(obj, key, default=UNSET):
     value = _base_get_item(obj, key, default=UNSET)
     if value is UNSET:
         value = default
+        # Block access to dangerous attributes
+        if isinstance(key, str):
+            # Disallow dunder attributes and known dangerous names
+            dangerous = {
+                '__class__', '__dict__', '__bases__', '__globals__', '__code__', '__closure__',
+                '__func__', '__self__', '__module__', '__mro__', '__subclasses__', '__init__',
+                '__del__', '__getattribute__', '__setattr__', '__getattr__', '__new__', '__reduce__',
+                '__reduce_ex__', '__subclasshook__', '__init_subclass__', '__prepare__', '__dir__',
+                '__sizeof__', '__format__', '__repr__', '__str__', '__get__', '__set__', '__delete__',
+                '__slots__', '__weakref__'
+            }
+            if key.startswith('__') and key.endswith('__'):
+                return value
+            if key in dangerous:
+                return value
         try:
             value = getattr(obj, key)
         except Exception:


2026-01-16 21:07:27,472 - src.tools.run_test - INFO - fix-run.sh completed with exit code 1
2026-01-16 21:07:27,472 - src.tools.run_test - INFO - fix-run.sh completed with exit code 1
2026-01-16 21:07:27,473 - src.tools.run_test - INFO - fix-run.sh output:
Successfully imported pydash.

==================================================
Starting CVE-2023-26145 security test for pydash
This test will PASS (exit 0) if the code is PATCHED.
This test will FAIL (exit 1) if the code is VULNERABLE.
==================================================

--- TEST RESULTS ---
[FAILED] Test 'get': VULNERABLE: pydash.get() did NOT raise KeyError for a restricted path.
[FAILED] Test 'set': VULNERABLE: pydash.set_() did NOT raise KeyError for a restricted path.

==================================================
❌ FINAL CONCLUSION: ONE OR MORE TESTS FAILED. The code is insecure (vulnerable).
==================================================

2026-01-16 21:07:27,473 - src.tools.run_test - INFO - fix-run.sh output:
Successfully imported pydash.

==================================================
Starting CVE-2023-26145 security test for pydash
This test will PASS (exit 0) if the code is PATCHED.
This test will FAIL (exit 1) if the code is VULNERABLE.
==================================================

--- TEST RESULTS ---
[FAILED] Test 'get': VULNERABLE: pydash.get() did NOT raise KeyError for a restricted path.
[FAILED] Test 'set': VULNERABLE: pydash.set_() did NOT raise KeyError for a restricted path.

==================================================
❌ FINAL CONCLUSION: ONE OR MORE TESTS FAILED. The code is insecure (vulnerable).
==================================================

2026-01-16 21:07:27,559 - src.tools.run_test - INFO - Running prepare.sh to reset repository...
2026-01-16 21:07:27,559 - src.tools.run_test - INFO - Running prepare.sh to reset repository...
2026-01-16 21:07:28,134 - src.tools.run_test - INFO - Running unit_test.sh for regression testing...
2026-01-16 21:07:28,134 - src.tools.run_test - INFO - Running unit_test.sh for regression testing...
2026-01-16 21:07:28,964 - src.tools.run_test - INFO - unit_test.sh completed with exit code 0
2026-01-16 21:07:28,964 - src.tools.run_test - INFO - unit_test.sh completed with exit code 0
2026-01-16 21:07:28,964 - src.tools.run_test - INFO - unit_test.sh output:
============================= test session starts ==============================
platform linux -- Python 3.8.20, pytest-4.6.0, py-1.11.0, pluggy-0.13.1 -- /workspace/PoC_env/CVE-2023-26145/bin/python
cachedir: .pytest_cache
rootdir: /workspace/pydash, inifile: setup.cfg
plugins: cov-5.0.0
collecting ... collected 256 items

tests/test_objects.py::test_assign[case0-expected0] PASSED               [  0%]
tests/test_objects.py::test_assign[case1-expected1] PASSED               [  0%]
tests/test_objects.py::test_assign_with[case0-expected0] PASSED          [  1%]
tests/test_objects.py::test_callables[case0-expected0] PASSED            [  1%]
tests/test_objects.py::test_callables[case1-expected1] PASSED            [  1%]
tests/test_objects.py::test_clone[case0] PASSED                          [  2%]
tests/test_objects.py::test_clone[case1] PASSED                          [  2%]
tests/test_objects.py::test_clone_with[case0-<lambda>-expected0] PASSED  [  3%]
tests/test_objects.py::test_clone_with[case1-<lambda>-expected1] PASSED  [  3%]
tests/test_objects.py::test_clone_deep[case0] PASSED                     [  3%]
tests/test_objects.py::test_clone_deep[case1] PASSED                     [  4%]
tests/test_objects.py::test_clone_deep[case2] PASSED                     [  4%]
tests/test_objects.py::test_clone_deep_with[case0-<lambda>-expected0] PASSED [  5%]
tests/test_objects.py::test_clone_deep_with[case1-<lambda>-expected1] PASSED [  5%]
tests/test_objects.py::test_clone_deep_with[case2-<lambda>-expected2] PASSED [  5%]
tests/test_objects.py::test_clone_deep_with[a-<lambda>-a] PASSED         [  6%]
tests/test_objects.py::test_defaults[case0-expected0] PASSED             [  6%]
tests/test_objects.py::test_defaults_deep[case0-expected0] PASSED        [  7%]
tests/test_objects.py::test_defaults_deep[case1-expected1] PASSED        [  7%]
tests/test_objects.py::test_defaults_deep[case2-expected2] PASSED        [  7%]
tests/test_objects.py::test_defaults_deep[case3-expected3] PASSED        [  8%]
tests/test_objects.py::test_defaults_deep[case4-expected4] PASSED        [  8%]
tests/test_objects.py::test_to_dict[case0-expected0] PASSED              [  8%]
tests/test_objects.py::test_to_dict[case1-expected1] PASSED              [  9%]
tests/test_objects.py::test_invert[case0-expected0] PASSED               [  9%]
tests/test_objects.py::test_invert[case1-expected1] PASSED               [ 10%]
tests/test_objects.py::test_invert_by[case0-expected0] PASSED            [ 10%]
tests/test_objects.py::test_invert_by[case1-expected1] PASSED            [ 10%]
tests/test_objects.py::test_invert_by[case2-expected2] PASSED            [ 11%]
tests/test_objects.py::test_invoke[case0-1] PASSED                       [ 11%]
tests/test_objects.py::test_invoke[case1-2] PASSED                       [ 12%]
tests/test_objects.py::test_invoke[case2-None] PASSED                    [ 12%]
tests/test_objects.py::test_find_key[case0-expected0] PASSED             [ 12%]
tests/test_objects.py::test_find_key[case1-expected1] PASSED             [ 13%]
tests/test_objects.py::test_find_key[case2-expected2] PASSED             [ 13%]
tests/test_objects.py::test_find_last_key[case0-expected0] PASSED        [ 14%]
tests/test_objects.py::test_find_last_key[case1-expected1] PASSED        [ 14%]
tests/test_objects.py::test_find_last_key[case2-expected2] PASSED        [ 14%]
tests/test_objects.py::test_for_in[case0-expected0] PASSED               [ 15%]
tests/test_objects.py::test_for_in[case1-expected1] PASSED               [ 15%]
tests/test_objects.py::test_for_in[case2-expected2] PASSED               [ 16%]
tests/test_objects.py::test_for_in_right[case0-expected0] PASSED         [ 16%]
tests/test_objects.py::test_for_in_right[case1-expected1] PASSED         [ 16%]
tests/test_objects.py::test_for_in_right[case2-expected2] PASSED         [ 17%]
tests/test_objects.py::test_get[case0-expected0] PASSED                  [ 17%]
tests/test_objects.py::test_get[case1-4] PASSED                          [ 17%]
tests/test_objects.py::test_get[case2-expected2] PASSED                  [ 18%]
tests/test_objects.py::test_get[case3-4] PASSED                          [ 18%]
tests/test_objects.py::test_get[case4-None] PASSED                       [ 19%]
tests/test_objects.py::test_get[case5-expected5] PASSED                  [ 19%]
tests/test_objects.py::test_get[case6-expected6] PASSED                  [ 19%]
tests/test_objects.py::test_get[case7-expected7] PASSED                  [ 20%]
tests/test_objects.py::test_get[case8-None] PASSED                       [ 20%]
tests/test_objects.py::test_get[case9-None] PASSED                       [ 21%]
tests/test_objects.py::test_get[case10-2] PASSED                         [ 21%]
tests/test_objects.py::test_get[case11-2] PASSED                         [ 21%]
tests/test_objects.py::test_get[case12-expected12] PASSED                [ 22%]
tests/test_objects.py::test_get[case13-expected13] PASSED                [ 22%]
tests/test_objects.py::test_get[case14-haha] PASSED                      [ 23%]
tests/test_objects.py::test_get[case15-haha] PASSED                      [ 23%]
tests/test_objects.py::test_get[case16-None] PASSED                      [ 23%]
tests/test_objects.py::test_get[case17-5] PASSED                         [ 24%]
tests/test_objects.py::test_get[case18-5] PASSED                         [ 24%]
tests/test_objects.py::test_get[case19-5] PASSED                         [ 25%]
tests/test_objects.py::test_get[case20-4] PASSED                         [ 25%]
tests/test_objects.py::test_get[case21-5] PASSED                         [ 25%]
tests/test_objects.py::test_get[case22-42] PASSED                        [ 26%]
tests/test_objects.py::test_get[case23-42] PASSED                        [ 26%]
tests/test_objects.py::test_get[case24-42] PASSED                        [ 26%]
tests/test_objects.py::test_get[case25-42] PASSED                        [ 27%]
tests/test_objects.py::test_get[case26-value] PASSED                     [ 27%]
tests/test_objects.py::test_get[case27-expected27] PASSED                [ 28%]
tests/test_objects.py::test_get[case28-None] PASSED                      [ 28%]
tests/test_objects.py::test_get[case29-1] PASSED                         [ 28%]
tests/test_objects.py::test_get[case30-1] PASSED                         [ 29%]
tests/test_objects.py::test_get[case31-1] PASSED                         [ 29%]
tests/test_objects.py::test_get[case32-None] PASSED                      [ 30%]
tests/test_objects.py::test_get[case33-None] PASSED                      [ 30%]
tests/test_objects.py::test_get[case34-expected34] PASSED                [ 30%]
tests/test_objects.py::test_get[case35-3] PASSED                         [ 31%]
tests/test_objects.py::test_get[case36-1] PASSED                         [ 31%]
tests/test_objects.py::test_get[case37-1] PASSED                         [ 32%]
tests/test_objects.py::test_get[case38-John Doe] PASSED                  [ 32%]
tests/test_objects.py::test_get__should_not_populate_defaultdict PASSED  [ 32%]
tests/test_objects.py::test_has[case0-True] PASSED                       [ 33%]
tests/test_objects.py::test_has[case1-True] PASSED                       [ 33%]
tests/test_objects.py::test_has[case2-True] PASSED                       [ 33%]
tests/test_objects.py::test_has[case3-False] PASSED                      [ 34%]
tests/test_objects.py::test_has[case4-True] PASSED                       [ 34%]
tests/test_objects.py::test_has[case5-True] PASSED                       [ 35%]
tests/test_objects.py::test_has[case6-True] PASSED                       [ 35%]
tests/test_objects.py::test_has[case7-False] PASSED                      [ 35%]
tests/test_objects.py::test_has[case8-True] PASSED                       [ 36%]
tests/test_objects.py::test_has[case9-True] PASSED                       [ 36%]
tests/test_objects.py::test_has[case10-True] PASSED                      [ 37%]
tests/test_objects.py::test_has[case11-True] PASSED                      [ 37%]
tests/test_objects.py::test_has[case12-False] PASSED                     [ 37%]
tests/test_objects.py::test_has[case13-False] PASSED                     [ 38%]
tests/test_objects.py::test_has[case14-False] PASSED                     [ 38%]
tests/test_objects.py::test_has[case15-False] PASSED                     [ 39%]
tests/test_objects.py::test_has[case16-True] PASSED                      [ 39%]
tests/test_objects.py::test_has[case17-True] PASSED                      [ 39%]
tests/test_objects.py::test_has[case18-True] PASSED                      [ 40%]
tests/test_objects.py::test_has[case19-True] PASSED                      [ 40%]
tests/test_objects.py::test_has[case20-True] PASSED                      [ 41%]
tests/test_objects.py::test_has__should_not_populate_defaultdict PASSED  [ 41%]
tests/test_objects.py::test_keys[case0-expected0] PASSED                 [ 41%]
tests/test_objects.py::test_keys[case1-expected1] PASSED                 [ 42%]
tests/test_objects.py::test_map_values[case0-expected0] PASSED           [ 42%]
tests/test_objects.py::test_map_values[case1-expected1] PASSED           [ 42%]
tests/test_objects.py::test_map_values_deep[case0-expected0] PASSED      [ 43%]
tests/test_objects.py::test_map_values_deep[case1-expected1] PASSED      [ 43%]
tests/test_objects.py::test_merge[case0-expected0] PASSED                [ 44%]
tests/test_objects.py::test_merge[case1-expected1] PASSED                [ 44%]
tests/test_objects.py::test_merge[case2-expected2] PASSED                [ 44%]
tests/test_objects.py::test_merge[case3-expected3] PASSED                [ 45%]
tests/test_objects.py::test_merge[case4-expected4] PASSED                [ 45%]
tests/test_objects.py::test_merge[case5-expected5] PASSED                [ 46%]
tests/test_objects.py::test_merge[case6-expected6] PASSED                [ 46%]
tests/test_objects.py::test_merge[case7-expected7] PASSED                [ 46%]
tests/test_objects.py::test_merge[case8-expected8] PASSED                [ 47%]
tests/test_objects.py::test_merge[case9-expected9] PASSED                [ 47%]
tests/test_objects.py::test_merge[case10-None] PASSED                    [ 48%]
tests/test_objects.py::test_merge[case11-None] PASSED                    [ 48%]
tests/test_objects.py::test_merge[case12-None] PASSED                    [ 48%]
tests/test_objects.py::test_merge[case13-expected13] PASSED              [ 49%]
tests/test_objects.py::test_merge[case14-expected14] PASSED              [ 49%]
tests/test_objects.py::test_merge[case15-expected15] PASSED              [ 50%]
tests/test_objects.py::test_merge_no_link_dict PASSED                    [ 50%]
tests/test_objects.py::test_merge_no_link_list PASSED                    [ 50%]
tests/test_objects.py::test_merge_with[case0-expected0] PASSED           [ 51%]
tests/test_objects.py::test_omit[case0-expected0] PASSED                 [ 51%]
tests/test_objects.py::test_omit[case1-expected1] PASSED                 [ 51%]
tests/test_objects.py::test_omit[case2-expected2] PASSED                 [ 52%]
tests/test_objects.py::test_omit[case3-expected3] PASSED                 [ 52%]
tests/test_objects.py::test_omit[case4-expected4] PASSED                 [ 53%]
tests/test_objects.py::test_omit[case5-expected5] PASSED                 [ 53%]
tests/test_objects.py::test_omit[case6-expected6] PASSED                 [ 53%]
tests/test_objects.py::test_omit[case7-expected7] PASSED                 [ 54%]
tests/test_objects.py::test_omit[case8-expected8] PASSED                 [ 54%]
tests/test_objects.py::test_omit_by[case0-expected0] PASSED              [ 55%]
tests/test_objects.py::test_omit_by[case1-expected1] PASSED              [ 55%]
tests/test_objects.py::test_omit_by[case2-expected2] PASSED              [ 55%]
tests/test_objects.py::test_omit_by[case3-expected3] PASSED              [ 56%]
tests/test_objects.py::test_parse_int[case0-1] PASSED                    [ 56%]
tests/test_objects.py::test_parse_int[case1-1] PASSED                    [ 57%]
tests/test_objects.py::test_parse_int[case2-1] PASSED                    [ 57%]
tests/test_objects.py::test_parse_int[case3-1] PASSED                    [ 57%]
tests/test_objects.py::test_parse_int[case4-11] PASSED                   [ 58%]
tests/test_objects.py::test_parse_int[case5-10] PASSED                   [ 58%]
tests/test_objects.py::test_parse_int[case6-8] PASSED                    [ 58%]
tests/test_objects.py::test_parse_int[case7-16] PASSED                   [ 59%]
tests/test_objects.py::test_parse_int[case8-10] PASSED                   [ 59%]
tests/test_objects.py::test_parse_int[case9-None] PASSED                 [ 60%]
tests/test_objects.py::test_pick[case0-expected0] PASSED                 [ 60%]
tests/test_objects.py::test_pick[case1-expected1] PASSED                 [ 60%]
tests/test_objects.py::test_pick[case2-expected2] PASSED                 [ 61%]
tests/test_objects.py::test_pick[case3-expected3] PASSED                 [ 61%]
tests/test_objects.py::test_pick[case4-expected4] PASSED                 [ 62%]
tests/test_objects.py::test_pick[case5-expected5] PASSED                 [ 62%]
tests/test_objects.py::test_pick[case6-expected6] PASSED                 [ 62%]
tests/test_objects.py::test_pick[case7-expected7] PASSED                 [ 63%]
tests/test_objects.py::test_pick[case8-expected8] PASSED                 [ 63%]
tests/test_objects.py::test_pick[case9-expected9] PASSED                 [ 64%]
tests/test_objects.py::test_pick[case10-expected10] PASSED               [ 64%]
tests/test_objects.py::test_pick_by[case0-expected0] PASSED              [ 64%]
tests/test_objects.py::test_pick_by[case1-expected1] PASSED              [ 65%]
tests/test_objects.py::test_pick_by[case2-expected2] PASSED              [ 65%]
tests/test_objects.py::test_pick_by[case3-expected3] PASSED              [ 66%]
tests/test_objects.py::test_pick_by[case4-expected4] PASSED              [ 66%]
tests/test_objects.py::test_pick_by[case5-expected5] PASSED              [ 66%]
tests/test_objects.py::test_pick_by[case6-expected6] PASSED              [ 67%]
tests/test_objects.py::test_rename_keys[case0-expected0] PASSED          [ 67%]
tests/test_objects.py::test_rename_keys[case1-expected1] PASSED          [ 67%]
tests/test_objects.py::test_rename_keys[case2-expected2] PASSED          [ 68%]
tests/test_objects.py::test_set_[case0-expected0] PASSED                 [ 68%]
tests/test_objects.py::test_set_[case1-expected1] PASSED                 [ 69%]
tests/test_objects.py::test_set_[case2-expected2] PASSED                 [ 69%]
tests/test_objects.py::test_set_[case3-expected3] PASSED                 [ 69%]
tests/test_objects.py::test_set_[case4-expected4] PASSED                 [ 70%]
tests/test_objects.py::test_set_[case5-expected5] PASSED                 [ 70%]
tests/test_objects.py::test_set_[case6-expected6] PASSED                 [ 71%]
tests/test_objects.py::test_set_[case7-expected7] PASSED                 [ 71%]
tests/test_objects.py::test_set_[case8-expected8] PASSED                 [ 71%]
tests/test_objects.py::test_set_[case9-expected9] PASSED                 [ 72%]
tests/test_objects.py::test_set_[case10-expected10] PASSED               [ 72%]
tests/test_objects.py::test_set_[case11-expected11] PASSED               [ 73%]
tests/test_objects.py::test_set_[case12-expected12] PASSED               [ 73%]
tests/test_objects.py::test_set_[case13-expected13] PASSED               [ 73%]
tests/test_objects.py::test_set_[case14-expected14] PASSED               [ 74%]
tests/test_objects.py::test_set_with[case0-expected0] PASSED             [ 74%]
tests/test_objects.py::test_set_with[case1-expected1] PASSED             [ 75%]
tests/test_objects.py::test_set_with[case2-expected2] PASSED             [ 75%]
tests/test_objects.py::test_set_with[case3-expected3] PASSED             [ 75%]
tests/test_objects.py::test_to_boolean[case0-True] PASSED                [ 76%]
tests/test_objects.py::test_to_boolean[case1-False] PASSED               [ 76%]
tests/test_objects.py::test_to_boolean[case2-True] PASSED                [ 76%]
tests/test_objects.py::test_to_boolean[case3-True] PASSED                [ 77%]
tests/test_objects.py::test_to_boolean[case4-False] PASSED               [ 77%]
tests/test_objects.py::test_to_boolean[case5-False] PASSED               [ 78%]
tests/test_objects.py::test_to_boolean[case6-None] PASSED                [ 78%]
tests/test_objects.py::test_to_boolean[case7-None] PASSED                [ 78%]
tests/test_objects.py::test_to_boolean[case8-False] PASSED               [ 79%]
tests/test_objects.py::test_to_boolean[case9-True] PASSED                [ 79%]
tests/test_objects.py::test_to_boolean[case10-False] PASSED              [ 80%]
tests/test_objects.py::test_to_boolean[case11-True] PASSED               [ 80%]
tests/test_objects.py::test_to_boolean[case12-False] PASSED              [ 80%]
tests/test_objects.py::test_to_boolean[case13-False] PASSED              [ 81%]
tests/test_objects.py::test_to_boolean[case14-True] PASSED               [ 81%]
tests/test_objects.py::test_to_boolean[case15-False] PASSED              [ 82%]
tests/test_objects.py::test_to_boolean[case16-True] PASSED               [ 82%]
tests/test_objects.py::test_to_boolean[case17-None] PASSED               [ 82%]
tests/test_objects.py::test_to_boolean[case18-False] PASSED              [ 83%]
tests/test_objects.py::test_to_boolean[case19-None] PASSED               [ 83%]
tests/test_objects.py::test_to_integer[1.4-10] PASSED                    [ 83%]
tests/test_objects.py::test_to_integer[1.9-10] PASSED                    [ 84%]
tests/test_objects.py::test_to_integer[1.4-11] PASSED                    [ 84%]
tests/test_objects.py::test_to_integer[1.9-11] PASSED                    [ 85%]
tests/test_objects.py::test_to_integer[foo-0] PASSED                     [ 85%]
tests/test_objects.py::test_to_integer[None-0] PASSED                    [ 85%]
tests/test_objects.py::test_to_integer[True-1] PASSED                    [ 86%]
tests/test_objects.py::test_to_integer[False-0] PASSED                   [ 86%]
tests/test_objects.py::test_to_integer[case8-0] PASSED                   [ 87%]
tests/test_objects.py::test_to_integer[case9-0] PASSED                   [ 87%]
tests/test_objects.py::test_to_integer[case10-0] PASSED                  [ 87%]
tests/test_objects.py::test_to_number[case0-3.0] PASSED                  [ 88%]
tests/test_objects.py::test_to_number[case1-2.6] PASSED                  [ 88%]
tests/test_objects.py::test_to_number[case2-990.0] PASSED                [ 89%]
tests/test_objects.py::test_to_number[case3-None] PASSED                 [ 89%]
tests/test_objects.py::test_to_pairs[case0-expected0] PASSED             [ 89%]
tests/test_objects.py::test_to_pairs[case1-expected1] PASSED             [ 90%]
tests/test_objects.py::test_to_string[1-1] PASSED                        [ 90%]
tests/test_objects.py::test_to_string[1.25-1.25] PASSED                  [ 91%]
tests/test_objects.py::test_to_string[True-True] PASSED                  [ 91%]
tests/test_objects.py::test_to_string[case3-[1]] PASSED                  [ 91%]
tests/test_objects.py::test_to_string[d\xc3\xa9j\xc3\xa0 vu-d\xc3\xa9j\xc3\xa0 vu] PASSED [ 92%]
tests/test_objects.py::test_to_string[-] PASSED                          [ 92%]
tests/test_objects.py::test_to_string[None-] PASSED                      [ 92%]
tests/test_objects.py::test_to_string[case7-2026-01-17] PASSED           [ 93%]
tests/test_objects.py::test_transform[case0-expected0] PASSED            [ 93%]
tests/test_objects.py::test_transform[case1-expected1] PASSED            [ 94%]
tests/test_objects.py::test_transform[case2-expected2] PASSED            [ 94%]
tests/test_objects.py::test_update[case0-expected0] PASSED               [ 94%]
tests/test_objects.py::test_update[case1-expected1] PASSED               [ 95%]
tests/test_objects.py::test_update[case2-expected2] PASSED               [ 95%]
tests/test_objects.py::test_update_with[case0-expected0] PASSED          [ 96%]
tests/test_objects.py::test_update_with[case1-expected1] PASSED          [ 96%]
tests/test_objects.py::test_update_with[case2-expected2] PASSED          [ 96%]
tests/test_objects.py::test_unset[obj0-a.0.b.c-True-new_obj0] PASSED     [ 97%]
tests/test_objects.py::test_unset[obj1-1-True-new_obj1] PASSED           [ 97%]
tests/test_objects.py::test_unset[obj2-1-True-new_obj2] PASSED           [ 98%]
tests/test_objects.py::test_unset[obj3-path3-True-new_obj3] PASSED       [ 98%]
tests/test_objects.py::test_unset[obj4-[0][0]-False-new_obj4] PASSED     [ 98%]
tests/test_objects.py::test_unset[obj5-[0][0][0]-False-new_obj5] PASSED  [ 99%]
tests/test_objects.py::test_values[case0-expected0] PASSED               [ 99%]
tests/test_objects.py::test_values[case1-expected1] PASSED               [100%]

------ generated xml file: /workspace/pydash/build/testresults/junit.xml -------
========================== 256 passed in 0.31 seconds ==========================

2026-01-16 21:07:28,964 - src.tools.run_test - INFO - unit_test.sh output:
============================= test session starts ==============================
platform linux -- Python 3.8.20, pytest-4.6.0, py-1.11.0, pluggy-0.13.1 -- /workspace/PoC_env/CVE-2023-26145/bin/python
cachedir: .pytest_cache
rootdir: /workspace/pydash, inifile: setup.cfg
plugins: cov-5.0.0
collecting ... collected 256 items

tests/test_objects.py::test_assign[case0-expected0] PASSED               [  0%]
tests/test_objects.py::test_assign[case1-expected1] PASSED               [  0%]
tests/test_objects.py::test_assign_with[case0-expected0] PASSED          [  1%]
tests/test_objects.py::test_callables[case0-expected0] PASSED            [  1%]
tests/test_objects.py::test_callables[case1-expected1] PASSED            [  1%]
tests/test_objects.py::test_clone[case0] PASSED                          [  2%]
tests/test_objects.py::test_clone[case1] PASSED                          [  2%]
tests/test_objects.py::test_clone_with[case0-<lambda>-expected0] PASSED  [  3%]
tests/test_objects.py::test_clone_with[case1-<lambda>-expected1] PASSED  [  3%]
tests/test_objects.py::test_clone_deep[case0] PASSED                     [  3%]
tests/test_objects.py::test_clone_deep[case1] PASSED                     [  4%]
tests/test_objects.py::test_clone_deep[case2] PASSED                     [  4%]
tests/test_objects.py::test_clone_deep_with[case0-<lambda>-expected0] PASSED [  5%]
tests/test_objects.py::test_clone_deep_with[case1-<lambda>-expected1] PASSED [  5%]
tests/test_objects.py::test_clone_deep_with[case2-<lambda>-expected2] PASSED [  5%]
tests/test_objects.py::test_clone_deep_with[a-<lambda>-a] PASSED         [  6%]
tests/test_objects.py::test_defaults[case0-expected0] PASSED             [  6%]
tests/test_objects.py::test_defaults_deep[case0-expected0] PASSED        [  7%]
tests/test_objects.py::test_defaults_deep[case1-expected1] PASSED        [  7%]
tests/test_objects.py::test_defaults_deep[case2-expected2] PASSED        [  7%]
tests/test_objects.py::test_defaults_deep[case3-expected3] PASSED        [  8%]
tests/test_objects.py::test_defaults_deep[case4-expected4] PASSED        [  8%]
tests/test_objects.py::test_to_dict[case0-expected0] PASSED              [  8%]
tests/test_objects.py::test_to_dict[case1-expected1] PASSED              [  9%]
tests/test_objects.py::test_invert[case0-expected0] PASSED               [  9%]
tests/test_objects.py::test_invert[case1-expected1] PASSED               [ 10%]
tests/test_objects.py::test_invert_by[case0-expected0] PASSED            [ 10%]
tests/test_objects.py::test_invert_by[case1-expected1] PASSED            [ 10%]
tests/test_objects.py::test_invert_by[case2-expected2] PASSED            [ 11%]
tests/test_objects.py::test_invoke[case0-1] PASSED                       [ 11%]
tests/test_objects.py::test_invoke[case1-2] PASSED                       [ 12%]
tests/test_objects.py::test_invoke[case2-None] PASSED                    [ 12%]
tests/test_objects.py::test_find_key[case0-expected0] PASSED             [ 12%]
tests/test_objects.py::test_find_key[case1-expected1] PASSED             [ 13%]
tests/test_objects.py::test_find_key[case2-expected2] PASSED             [ 13%]
tests/test_objects.py::test_find_last_key[case0-expected0] PASSED        [ 14%]
tests/test_objects.py::test_find_last_key[case1-expected1] PASSED        [ 14%]
tests/test_objects.py::test_find_last_key[case2-expected2] PASSED        [ 14%]
tests/test_objects.py::test_for_in[case0-expected0] PASSED               [ 15%]
tests/test_objects.py::test_for_in[case1-expected1] PASSED               [ 15%]
tests/test_objects.py::test_for_in[case2-expected2] PASSED               [ 16%]
tests/test_objects.py::test_for_in_right[case0-expected0] PASSED         [ 16%]
tests/test_objects.py::test_for_in_right[case1-expected1] PASSED         [ 16%]
tests/test_objects.py::test_for_in_right[case2-expected2] PASSED         [ 17%]
tests/test_objects.py::test_get[case0-expected0] PASSED                  [ 17%]
tests/test_objects.py::test_get[case1-4] PASSED                          [ 17%]
tests/test_objects.py::test_get[case2-expected2] PASSED                  [ 18%]
tests/test_objects.py::test_get[case3-4] PASSED                          [ 18%]
tests/test_objects.py::test_get[case4-None] PASSED                       [ 19%]
tests/test_objects.py::test_get[case5-expected5] PASSED                  [ 19%]
tests/test_objects.py::test_get[case6-expected6] PASSED                  [ 19%]
tests/test_objects.py::test_get[case7-expected7] PASSED                  [ 20%]
tests/test_objects.py::test_get[case8-None] PASSED                       [ 20%]
tests/test_objects.py::test_get[case9-None] PASSED                       [ 21%]
tests/test_objects.py::test_get[case10-2] PASSED                         [ 21%]
tests/test_objects.py::test_get[case11-2] PASSED                         [ 21%]
tests/test_objects.py::test_get[case12-expected12] PASSED                [ 22%]
tests/test_objects.py::test_get[case13-expected13] PASSED                [ 22%]
tests/test_objects.py::test_get[case14-haha] PASSED                      [ 23%]
tests/test_objects.py::test_get[case15-haha] PASSED                      [ 23%]
tests/test_objects.py::test_get[case16-None] PASSED                      [ 23%]
tests/test_objects.py::test_get[case17-5] PASSED                         [ 24%]
tests/test_objects.py::test_get[case18-5] PASSED                         [ 24%]
tests/test_objects.py::test_get[case19-5] PASSED                         [ 25%]
tests/test_objects.py::test_get[case20-4] PASSED                         [ 25%]
tests/test_objects.py::test_get[case21-5] PASSED                         [ 25%]
tests/test_objects.py::test_get[case22-42] PASSED                        [ 26%]
tests/test_objects.py::test_get[case23-42] PASSED                        [ 26%]
tests/test_objects.py::test_get[case24-42] PASSED                        [ 26%]
tests/test_objects.py::test_get[case25-42] PASSED                        [ 27%]
tests/test_objects.py::test_get[case26-value] PASSED                     [ 27%]
tests/test_objects.py::test_get[case27-expected27] PASSED                [ 28%]
tests/test_objects.py::test_get[case28-None] PASSED                      [ 28%]
tests/test_objects.py::test_get[case29-1] PASSED                         [ 28%]
tests/test_objects.py::test_get[case30-1] PASSED                         [ 29%]
tests/test_objects.py::test_get[case31-1] PASSED                         [ 29%]
tests/test_objects.py::test_get[case32-None] PASSED                      [ 30%]
tests/test_objects.py::test_get[case33-None] PASSED                      [ 30%]
tests/test_objects.py::test_get[case34-expected34] PASSED                [ 30%]
tests/test_objects.py::test_get[case35-3] PASSED                         [ 31%]
tests/test_objects.py::test_get[case36-1] PASSED                         [ 31%]
tests/test_objects.py::test_get[case37-1] PASSED                         [ 32%]
tests/test_objects.py::test_get[case38-John Doe] PASSED                  [ 32%]
tests/test_objects.py::test_get__should_not_populate_defaultdict PASSED  [ 32%]
tests/test_objects.py::test_has[case0-True] PASSED                       [ 33%]
tests/test_objects.py::test_has[case1-True] PASSED                       [ 33%]
tests/test_objects.py::test_has[case2-True] PASSED                       [ 33%]
tests/test_objects.py::test_has[case3-False] PASSED                      [ 34%]
tests/test_objects.py::test_has[case4-True] PASSED                       [ 34%]
tests/test_objects.py::test_has[case5-True] PASSED                       [ 35%]
tests/test_objects.py::test_has[case6-True] PASSED                       [ 35%]
tests/test_objects.py::test_has[case7-False] PASSED                      [ 35%]
tests/test_objects.py::test_has[case8-True] PASSED                       [ 36%]
tests/test_objects.py::test_has[case9-True] PASSED                       [ 36%]
tests/test_objects.py::test_has[case10-True] PASSED                      [ 37%]
tests/test_objects.py::test_has[case11-True] PASSED                      [ 37%]
tests/test_objects.py::test_has[case12-False] PASSED                     [ 37%]
tests/test_objects.py::test_has[case13-False] PASSED                     [ 38%]
tests/test_objects.py::test_has[case14-False] PASSED                     [ 38%]
tests/test_objects.py::test_has[case15-False] PASSED                     [ 39%]
tests/test_objects.py::test_has[case16-True] PASSED                      [ 39%]
tests/test_objects.py::test_has[case17-True] PASSED                      [ 39%]
tests/test_objects.py::test_has[case18-True] PASSED                      [ 40%]
tests/test_objects.py::test_has[case19-True] PASSED                      [ 40%]
tests/test_objects.py::test_has[case20-True] PASSED                      [ 41%]
tests/test_objects.py::test_has__should_not_populate_defaultdict PASSED  [ 41%]
tests/test_objects.py::test_keys[case0-expected0] PASSED                 [ 41%]
tests/test_objects.py::test_keys[case1-expected1] PASSED                 [ 42%]
tests/test_objects.py::test_map_values[case0-expected0] PASSED           [ 42%]
tests/test_objects.py::test_map_values[case1-expected1] PASSED           [ 42%]
tests/test_objects.py::test_map_values_deep[case0-expected0] PASSED      [ 43%]
tests/test_objects.py::test_map_values_deep[case1-expected1] PASSED      [ 43%]
tests/test_objects.py::test_merge[case0-expected0] PASSED                [ 44%]
tests/test_objects.py::test_merge[case1-expected1] PASSED                [ 44%]
tests/test_objects.py::test_merge[case2-expected2] PASSED                [ 44%]
tests/test_objects.py::test_merge[case3-expected3] PASSED                [ 45%]
tests/test_objects.py::test_merge[case4-expected4] PASSED                [ 45%]
tests/test_objects.py::test_merge[case5-expected5] PASSED                [ 46%]
tests/test_objects.py::test_merge[case6-expected6] PASSED                [ 46%]
tests/test_objects.py::test_merge[case7-expected7] PASSED                [ 46%]
tests/test_objects.py::test_merge[case8-expected8] PASSED                [ 47%]
tests/test_objects.py::test_merge[case9-expected9] PASSED                [ 47%]
tests/test_objects.py::test_merge[case10-None] PASSED                    [ 48%]
tests/test_objects.py::test_merge[case11-None] PASSED                    [ 48%]
tests/test_objects.py::test_merge[case12-None] PASSED                    [ 48%]
tests/test_objects.py::test_merge[case13-expected13] PASSED              [ 49%]
tests/test_objects.py::test_merge[case14-expected14] PASSED              [ 49%]
tests/test_objects.py::test_merge[case15-expected15] PASSED              [ 50%]
tests/test_objects.py::test_merge_no_link_dict PASSED                    [ 50%]
tests/test_objects.py::test_merge_no_link_list PASSED                    [ 50%]
tests/test_objects.py::test_merge_with[case0-expected0] PASSED           [ 51%]
tests/test_objects.py::test_omit[case0-expected0] PASSED                 [ 51%]
tests/test_objects.py::test_omit[case1-expected1] PASSED                 [ 51%]
tests/test_objects.py::test_omit[case2-expected2] PASSED                 [ 52%]
tests/test_objects.py::test_omit[case3-expected3] PASSED                 [ 52%]
tests/test_objects.py::test_omit[case4-expected4] PASSED                 [ 53%]
tests/test_objects.py::test_omit[case5-expected5] PASSED                 [ 53%]
tests/test_objects.py::test_omit[case6-expected6] PASSED                 [ 53%]
tests/test_objects.py::test_omit[case7-expected7] PASSED                 [ 54%]
tests/test_objects.py::test_omit[case8-expected8] PASSED                 [ 54%]
tests/test_objects.py::test_omit_by[case0-expected0] PASSED              [ 55%]
tests/test_objects.py::test_omit_by[case1-expected1] PASSED              [ 55%]
tests/test_objects.py::test_omit_by[case2-expected2] PASSED              [ 55%]
tests/test_objects.py::test_omit_by[case3-expected3] PASSED              [ 56%]
tests/test_objects.py::test_parse_int[case0-1] PASSED                    [ 56%]
tests/test_objects.py::test_parse_int[case1-1] PASSED                    [ 57%]
tests/test_objects.py::test_parse_int[case2-1] PASSED                    [ 57%]
tests/test_objects.py::test_parse_int[case3-1] PASSED                    [ 57%]
tests/test_objects.py::test_parse_int[case4-11] PASSED                   [ 58%]
tests/test_objects.py::test_parse_int[case5-10] PASSED                   [ 58%]
tests/test_objects.py::test_parse_int[case6-8] PASSED                    [ 58%]
tests/test_objects.py::test_parse_int[case7-16] PASSED                   [ 59%]
tests/test_objects.py::test_parse_int[case8-10] PASSED                   [ 59%]
tests/test_objects.py::test_parse_int[case9-None] PASSED                 [ 60%]
tests/test_objects.py::test_pick[case0-expected0] PASSED                 [ 60%]
tests/test_objects.py::test_pick[case1-expected1] PASSED                 [ 60%]
tests/test_objects.py::test_pick[case2-expected2] PASSED                 [ 61%]
tests/test_objects.py::test_pick[case3-expected3] PASSED                 [ 61%]
tests/test_objects.py::test_pick[case4-expected4] PASSED                 [ 62%]
tests/test_objects.py::test_pick[case5-expected5] PASSED                 [ 62%]
tests/test_objects.py::test_pick[case6-expected6] PASSED                 [ 62%]
tests/test_objects.py::test_pick[case7-expected7] PASSED                 [ 63%]
tests/test_objects.py::test_pick[case8-expected8] PASSED                 [ 63%]
tests/test_objects.py::test_pick[case9-expected9] PASSED                 [ 64%]
tests/test_objects.py::test_pick[case10-expected10] PASSED               [ 64%]
tests/test_objects.py::test_pick_by[case0-expected0] PASSED              [ 64%]
tests/test_objects.py::test_pick_by[case1-expected1] PASSED              [ 65%]
tests/test_objects.py::test_pick_by[case2-expected2] PASSED              [ 65%]
tests/test_objects.py::test_pick_by[case3-expected3] PASSED              [ 66%]
tests/test_objects.py::test_pick_by[case4-expected4] PASSED              [ 66%]
tests/test_objects.py::test_pick_by[case5-expected5] PASSED              [ 66%]
tests/test_objects.py::test_pick_by[case6-expected6] PASSED              [ 67%]
tests/test_objects.py::test_rename_keys[case0-expected0] PASSED          [ 67%]
tests/test_objects.py::test_rename_keys[case1-expected1] PASSED          [ 67%]
tests/test_objects.py::test_rename_keys[case2-expected2] PASSED          [ 68%]
tests/test_objects.py::test_set_[case0-expected0] PASSED                 [ 68%]
tests/test_objects.py::test_set_[case1-expected1] PASSED                 [ 69%]
tests/test_objects.py::test_set_[case2-expected2] PASSED                 [ 69%]
tests/test_objects.py::test_set_[case3-expected3] PASSED                 [ 69%]
tests/test_objects.py::test_set_[case4-expected4] PASSED                 [ 70%]
tests/test_objects.py::test_set_[case5-expected5] PASSED                 [ 70%]
tests/test_objects.py::test_set_[case6-expected6] PASSED                 [ 71%]
tests/test_objects.py::test_set_[case7-expected7] PASSED                 [ 71%]
tests/test_objects.py::test_set_[case8-expected8] PASSED                 [ 71%]
tests/test_objects.py::test_set_[case9-expected9] PASSED                 [ 72%]
tests/test_objects.py::test_set_[case10-expected10] PASSED               [ 72%]
tests/test_objects.py::test_set_[case11-expected11] PASSED               [ 73%]
tests/test_objects.py::test_set_[case12-expected12] PASSED               [ 73%]
tests/test_objects.py::test_set_[case13-expected13] PASSED               [ 73%]
tests/test_objects.py::test_set_[case14-expected14] PASSED               [ 74%]
tests/test_objects.py::test_set_with[case0-expected0] PASSED             [ 74%]
tests/test_objects.py::test_set_with[case1-expected1] PASSED             [ 75%]
tests/test_objects.py::test_set_with[case2-expected2] PASSED             [ 75%]
tests/test_objects.py::test_set_with[case3-expected3] PASSED             [ 75%]
tests/test_objects.py::test_to_boolean[case0-True] PASSED                [ 76%]
tests/test_objects.py::test_to_boolean[case1-False] PASSED               [ 76%]
tests/test_objects.py::test_to_boolean[case2-True] PASSED                [ 76%]
tests/test_objects.py::test_to_boolean[case3-True] PASSED                [ 77%]
tests/test_objects.py::test_to_boolean[case4-False] PASSED               [ 77%]
tests/test_objects.py::test_to_boolean[case5-False] PASSED               [ 78%]
tests/test_objects.py::test_to_boolean[case6-None] PASSED                [ 78%]
tests/test_objects.py::test_to_boolean[case7-None] PASSED                [ 78%]
tests/test_objects.py::test_to_boolean[case8-False] PASSED               [ 79%]
tests/test_objects.py::test_to_boolean[case9-True] PASSED                [ 79%]
tests/test_objects.py::test_to_boolean[case10-False] PASSED              [ 80%]
tests/test_objects.py::test_to_boolean[case11-True] PASSED               [ 80%]
tests/test_objects.py::test_to_boolean[case12-False] PASSED              [ 80%]
tests/test_objects.py::test_to_boolean[case13-False] PASSED              [ 81%]
tests/test_objects.py::test_to_boolean[case14-True] PASSED               [ 81%]
tests/test_objects.py::test_to_boolean[case15-False] PASSED              [ 82%]
tests/test_objects.py::test_to_boolean[case16-True] PASSED               [ 82%]
tests/test_objects.py::test_to_boolean[case17-None] PASSED               [ 82%]
tests/test_objects.py::test_to_boolean[case18-False] PASSED              [ 83%]
tests/test_objects.py::test_to_boolean[case19-None] PASSED               [ 83%]
tests/test_objects.py::test_to_integer[1.4-10] PASSED                    [ 83%]
tests/test_objects.py::test_to_integer[1.9-10] PASSED                    [ 84%]
tests/test_objects.py::test_to_integer[1.4-11] PASSED                    [ 84%]
tests/test_objects.py::test_to_integer[1.9-11] PASSED                    [ 85%]
tests/test_objects.py::test_to_integer[foo-0] PASSED                     [ 85%]
tests/test_objects.py::test_to_integer[None-0] PASSED                    [ 85%]
tests/test_objects.py::test_to_integer[True-1] PASSED                    [ 86%]
tests/test_objects.py::test_to_integer[False-0] PASSED                   [ 86%]
tests/test_objects.py::test_to_integer[case8-0] PASSED                   [ 87%]
tests/test_objects.py::test_to_integer[case9-0] PASSED                   [ 87%]
tests/test_objects.py::test_to_integer[case10-0] PASSED                  [ 87%]
tests/test_objects.py::test_to_number[case0-3.0] PASSED                  [ 88%]
tests/test_objects.py::test_to_number[case1-2.6] PASSED                  [ 88%]
tests/test_objects.py::test_to_number[case2-990.0] PASSED                [ 89%]
tests/test_objects.py::test_to_number[case3-None] PASSED                 [ 89%]
tests/test_objects.py::test_to_pairs[case0-expected0] PASSED             [ 89%]
tests/test_objects.py::test_to_pairs[case1-expected1] PASSED             [ 90%]
tests/test_objects.py::test_to_string[1-1] PASSED                        [ 90%]
tests/test_objects.py::test_to_string[1.25-1.25] PASSED                  [ 91%]
tests/test_objects.py::test_to_string[True-True] PASSED                  [ 91%]
tests/test_objects.py::test_to_string[case3-[1]] PASSED                  [ 91%]
tests/test_objects.py::test_to_string[d\xc3\xa9j\xc3\xa0 vu-d\xc3\xa9j\xc3\xa0 vu] PASSED [ 92%]
tests/test_objects.py::test_to_string[-] PASSED                          [ 92%]
tests/test_objects.py::test_to_string[None-] PASSED                      [ 92%]
tests/test_objects.py::test_to_string[case7-2026-01-17] PASSED           [ 93%]
tests/test_objects.py::test_transform[case0-expected0] PASSED            [ 93%]
tests/test_objects.py::test_transform[case1-expected1] PASSED            [ 94%]
tests/test_objects.py::test_transform[case2-expected2] PASSED            [ 94%]
tests/test_objects.py::test_update[case0-expected0] PASSED               [ 94%]
tests/test_objects.py::test_update[case1-expected1] PASSED               [ 95%]
tests/test_objects.py::test_update[case2-expected2] PASSED               [ 95%]
tests/test_objects.py::test_update_with[case0-expected0] PASSED          [ 96%]
tests/test_objects.py::test_update_with[case1-expected1] PASSED          [ 96%]
tests/test_objects.py::test_update_with[case2-expected2] PASSED          [ 96%]
tests/test_objects.py::test_unset[obj0-a.0.b.c-True-new_obj0] PASSED     [ 97%]
tests/test_objects.py::test_unset[obj1-1-True-new_obj1] PASSED           [ 97%]
tests/test_objects.py::test_unset[obj2-1-True-new_obj2] PASSED           [ 98%]
tests/test_objects.py::test_unset[obj3-path3-True-new_obj3] PASSED       [ 98%]
tests/test_objects.py::test_unset[obj4-[0][0]-False-new_obj4] PASSED     [ 98%]
tests/test_objects.py::test_unset[obj5-[0][0][0]-False-new_obj5] PASSED  [ 99%]
tests/test_objects.py::test_values[case0-expected0] PASSED               [ 99%]
tests/test_objects.py::test_values[case1-expected1] PASSED               [100%]

------ generated xml file: /workspace/pydash/build/testresults/junit.xml -------
========================== 256 passed in 0.31 seconds ==========================

2026-01-16 21:07:28,966 - src.agents.base - INFO - Tool RunTest: ✓
2026-01-16 21:07:28,966 - src.agents.base - INFO - Tool RunTest: ✓
2026-01-16 21:07:43,231 - src.agents.base - INFO - SingleAgent executing tool: EditCode
2026-01-16 21:07:43,231 - src.agents.base - INFO - SingleAgent executing tool: EditCode
2026-01-16 21:07:43,233 - src.agents.base - INFO - Tool arguments:
{
  "file_path": "src/pydash/helpers.py",
  "old_code": "def _base_get_object(obj, key, default=UNSET):\n    value = _base_get_item(obj, key, default=UNSET)\n    if value is UNSET:\n        value = default\n        # Block access to dangerous attributes\n        if isinstance(key, str):\n            # Disallow dunder attributes and known dangerous names\n            dangerous = {\n                '__class__', '__dict__', '__bases__', '__globals__', '__code__', '__closure__',\n                '__func__', '__self__', '__module__', '__mro__', '__subclasses__', '__init__',\n                '__del__', '__getattribute__', '__setattr__', '__getattr__', '__new__', '__reduce__',\n                '__reduce_ex__', '__subclasshook__', '__init_subclass__', '__prepare__', '__dir__',\n                '__sizeof__', '__format__', '__repr__', '__str__', '__get__', '__set__', '__delete__',\n                '__slots__', '__weakref__'\n            }\n            if key.startswith('__') and key.endswith('__'):\n                return value\n            if key in dangerous:\n                return value\n        try:\n            value = getattr(obj, key)\n        except Exception:\n            pass\n    return value",
  "new_code": "def _base_get_object(obj, key, default=UNSET):\n    value = _base_get_item(obj, key, default=UNSET)\n    if value is UNSET:\n        # Block access to dangerous attributes\n        if isinstance(key, str):\n            dangerous = {\n                '__class__', '__dict__', '__bases__', '__globals__', '__code__', '__closure__',\n                '__func__', '__self__', '__module__', '__mro__', '__subclasses__', '__init__',\n                '__del__', '__getattribute__', '__setattr__', '__getattr__', '__new__', '__reduce__',\n                '__reduce_ex__', '__subclasshook__', '__init_subclass__', '__prepare__', '__dir__',\n                '__sizeof__', '__format__', '__repr__', '__str__', '__get__', '__set__', '__delete__',\n                '__slots__', '__weakref__'\n            }\n            if key.startswith('__') and key.endswith('__'):\n                raise KeyError(f'Access to attribute \"{key}\" is not allowed')\n            if key in dangerous:\n                raise KeyError(f'Access to attribute \"{key}\" is not allowed')\n        value = default\n        try:\n            value = getattr(obj, key)\n        except Exception:\n            pass\n    return value\n",
  "fuzzy_match": true,
  "skip_validation": false
}
2026-01-16 21:07:43,233 - src.agents.base - INFO - Tool arguments:
{
  "file_path": "src/pydash/helpers.py",
  "old_code": "def _base_get_object(obj, key, default=UNSET):\n    value = _base_get_item(obj, key, default=UNSET)\n    if value is UNSET:\n        value = default\n        # Block access to dangerous attributes\n        if isinstance(key, str):\n            # Disallow dunder attributes and known dangerous names\n            dangerous = {\n                '__class__', '__dict__', '__bases__', '__globals__', '__code__', '__closure__',\n                '__func__', '__self__', '__module__', '__mro__', '__subclasses__', '__init__',\n                '__del__', '__getattribute__', '__setattr__', '__getattr__', '__new__', '__reduce__',\n                '__reduce_ex__', '__subclasshook__', '__init_subclass__', '__prepare__', '__dir__',\n                '__sizeof__', '__format__', '__repr__', '__str__', '__get__', '__set__', '__delete__',\n                '__slots__', '__weakref__'\n            }\n            if key.startswith('__') and key.endswith('__'):\n                return value\n            if key in dangerous:\n                return value\n        try:\n            value = getattr(obj, key)\n        except Exception:\n            pass\n    return value",
  "new_code": "def _base_get_object(obj, key, default=UNSET):\n    value = _base_get_item(obj, key, default=UNSET)\n    if value is UNSET:\n        # Block access to dangerous attributes\n        if isinstance(key, str):\n            dangerous = {\n                '__class__', '__dict__', '__bases__', '__globals__', '__code__', '__closure__',\n                '__func__', '__self__', '__module__', '__mro__', '__subclasses__', '__init__',\n                '__del__', '__getattribute__', '__setattr__', '__getattr__', '__new__', '__reduce__',\n                '__reduce_ex__', '__subclasshook__', '__init_subclass__', '__prepare__', '__dir__',\n                '__sizeof__', '__format__', '__repr__', '__str__', '__get__', '__set__', '__delete__',\n                '__slots__', '__weakref__'\n            }\n            if key.startswith('__') and key.endswith('__'):\n                raise KeyError(f'Access to attribute \"{key}\" is not allowed')\n            if key in dangerous:\n                raise KeyError(f'Access to attribute \"{key}\" is not allowed')\n        value = default\n        try:\n            value = getattr(obj, key)\n        except Exception:\n            pass\n    return value\n",
  "fuzzy_match": true,
  "skip_validation": false
}
2026-01-16 21:07:43,398 - src.tools.edit_code - INFO - EditCodeTool: Writing 9434 chars to src/pydash/helpers.py (match_type=exact)
2026-01-16 21:07:43,398 - src.tools.edit_code - INFO - EditCodeTool: Writing 9434 chars to src/pydash/helpers.py (match_type=exact)
2026-01-16 21:07:43,526 - src.agents.base - INFO - Tool EditCode: ✓
2026-01-16 21:07:43,526 - src.agents.base - INFO - Tool EditCode: ✓
2026-01-16 21:07:45,092 - src.agents.base - INFO - SingleAgent executing tool: RunTest
2026-01-16 21:07:45,092 - src.agents.base - INFO - SingleAgent executing tool: RunTest
2026-01-16 21:07:45,093 - src.agents.base - INFO - Tool arguments:
{
  "run_prepare": true,
  "timeout": 120,
  "include_paths": [
    "src/pydash/helpers.py"
  ],
  "run_unittest": true
}
2026-01-16 21:07:45,093 - src.agents.base - INFO - Tool arguments:
{
  "run_prepare": true,
  "timeout": 120,
  "include_paths": [
    "src/pydash/helpers.py"
  ],
  "run_unittest": true
}
2026-01-16 21:07:45,434 - src.tools.run_test - INFO - Extracted 1 file paths from /workspace/test.patch: ['hand_test.py']
2026-01-16 21:07:45,434 - src.tools.run_test - INFO - Extracted 1 file paths from /workspace/test.patch: ['hand_test.py']
2026-01-16 21:07:45,435 - src.tools.run_test - INFO - Generating git diff for fix.patch
2026-01-16 21:07:45,435 - src.tools.run_test - INFO - Generating git diff for fix.patch
2026-01-16 21:07:45,435 - src.tools.run_test - INFO -   include_paths: ['src/pydash/helpers.py']
2026-01-16 21:07:45,435 - src.tools.run_test - INFO -   include_paths: ['src/pydash/helpers.py']
2026-01-16 21:07:45,435 - src.tools.run_test - INFO -   exclude_paths (from test.patch): ['hand_test.py']
2026-01-16 21:07:45,435 - src.tools.run_test - INFO -   exclude_paths (from test.patch): ['hand_test.py']
2026-01-16 21:07:45,436 - src.tools.run_test - INFO -   git diff command: git diff HEAD -- 'src/pydash/helpers.py' ':(exclude)hand_test.py'
2026-01-16 21:07:45,436 - src.tools.run_test - INFO -   git diff command: git diff HEAD -- 'src/pydash/helpers.py' ':(exclude)hand_test.py'
2026-01-16 21:07:45,572 - src.tools.run_test - INFO -   Generated patch: 1587 bytes, 33 lines
2026-01-16 21:07:45,572 - src.tools.run_test - INFO -   Generated patch: 1587 bytes, 33 lines
2026-01-16 21:07:45,573 - src.tools.run_test - INFO -   Patch content:
diff --git a/src/pydash/helpers.py b/src/pydash/helpers.py
index 0467c9c..b2b8418 100644
--- a/src/pydash/helpers.py
+++ b/src/pydash/helpers.py
@@ -178,6 +178,20 @@ def _base_get_item(obj, key, default=UNSET):
 def _base_get_object(obj, key, default=UNSET):
     value = _base_get_item(obj, key, default=UNSET)
     if value is UNSET:
+        # Block access to dangerous attributes
+        if isinstance(key, str):
+            dangerous = {
+                '__class__', '__dict__', '__bases__', '__globals__', '__code__', '__closure__',
+                '__func__', '__self__', '__module__', '__mro__', '__subclasses__', '__init__',
+                '__del__', '__getattribute__', '__setattr__', '__getattr__', '__new__', '__reduce__',
+                '__reduce_ex__', '__subclasshook__', '__init_subclass__', '__prepare__', '__dir__',
+                '__sizeof__', '__format__', '__repr__', '__str__', '__get__', '__set__', '__delete__',
+                '__slots__', '__weakref__'
+            }
+            if key.startswith('__') and key.endswith('__'):
+                raise KeyError(f'Access to attribute "{key}" is not allowed')
+            if key in dangerous:
+                raise KeyError(f'Access to attribute "{key}" is not allowed')
         value = default
         try:
             value = getattr(obj, key)
@@ -186,6 +200,7 @@ def _base_get_object(obj, key, default=UNSET):
     return value
 
 
+
 def base_set(obj, key, value, allow_override=True):
     """
     Set an object's `key` to `value`. If `obj` is a ``list`` and the `key` is the next available

2026-01-16 21:07:45,573 - src.tools.run_test - INFO -   Patch content:
diff --git a/src/pydash/helpers.py b/src/pydash/helpers.py
index 0467c9c..b2b8418 100644
--- a/src/pydash/helpers.py
+++ b/src/pydash/helpers.py
@@ -178,6 +178,20 @@ def _base_get_item(obj, key, default=UNSET):
 def _base_get_object(obj, key, default=UNSET):
     value = _base_get_item(obj, key, default=UNSET)
     if value is UNSET:
+        # Block access to dangerous attributes
+        if isinstance(key, str):
+            dangerous = {
+                '__class__', '__dict__', '__bases__', '__globals__', '__code__', '__closure__',
+                '__func__', '__self__', '__module__', '__mro__', '__subclasses__', '__init__',
+                '__del__', '__getattribute__', '__setattr__', '__getattr__', '__new__', '__reduce__',
+                '__reduce_ex__', '__subclasshook__', '__init_subclass__', '__prepare__', '__dir__',
+                '__sizeof__', '__format__', '__repr__', '__str__', '__get__', '__set__', '__delete__',
+                '__slots__', '__weakref__'
+            }
+            if key.startswith('__') and key.endswith('__'):
+                raise KeyError(f'Access to attribute "{key}" is not allowed')
+            if key in dangerous:
+                raise KeyError(f'Access to attribute "{key}" is not allowed')
         value = default
         try:
             value = getattr(obj, key)
@@ -186,6 +200,7 @@ def _base_get_object(obj, key, default=UNSET):
     return value
 
 
+
 def base_set(obj, key, value, allow_override=True):
     """
     Set an object's `key` to `value`. If `obj` is a ``list`` and the `key` is the next available

2026-01-16 21:07:45,662 - src.tools.run_test - INFO - Running prepare.sh to reset repository...
2026-01-16 21:07:45,662 - src.tools.run_test - INFO - Running prepare.sh to reset repository...
2026-01-16 21:07:46,107 - src.tools.run_test - INFO - Running fix-run.sh for PoC validation...
2026-01-16 21:07:46,107 - src.tools.run_test - INFO - Running fix-run.sh for PoC validation...
2026-01-16 21:07:46,202 - src.tools.run_test - INFO - Patch being tested:
diff --git a/src/pydash/helpers.py b/src/pydash/helpers.py
index 0467c9c..b2b8418 100644
--- a/src/pydash/helpers.py
+++ b/src/pydash/helpers.py
@@ -178,6 +178,20 @@ def _base_get_item(obj, key, default=UNSET):
 def _base_get_object(obj, key, default=UNSET):
     value = _base_get_item(obj, key, default=UNSET)
     if value is UNSET:
+        # Block access to dangerous attributes
+        if isinstance(key, str):
+            dangerous = {
+                '__class__', '__dict__', '__bases__', '__globals__', '__code__', '__closure__',
+                '__func__', '__self__', '__module__', '__mro__', '__subclasses__', '__init__',
+                '__del__', '__getattribute__', '__setattr__', '__getattr__', '__new__', '__reduce__',
+                '__reduce_ex__', '__subclasshook__', '__init_subclass__', '__prepare__', '__dir__',
+                '__sizeof__', '__format__', '__repr__', '__str__', '__get__', '__set__', '__delete__',
+                '__slots__', '__weakref__'
+            }
+            if key.startswith('__') and key.endswith('__'):
+                raise KeyError(f'Access to attribute "{key}" is not allowed')
+            if key in dangerous:
+                raise KeyError(f'Access to attribute "{key}" is not allowed')
         value = default
         try:
             value = getattr(obj, key)
@@ -186,6 +200,7 @@ def _base_get_object(obj, key, default=UNSET):
     return value
 
 
+
 def base_set(obj, key, value, allow_override=True):
     """
     Set an object's `key` to `value`. If `obj` is a ``list`` and the `key` is the next available


2026-01-16 21:07:46,202 - src.tools.run_test - INFO - Patch being tested:
diff --git a/src/pydash/helpers.py b/src/pydash/helpers.py
index 0467c9c..b2b8418 100644
--- a/src/pydash/helpers.py
+++ b/src/pydash/helpers.py
@@ -178,6 +178,20 @@ def _base_get_item(obj, key, default=UNSET):
 def _base_get_object(obj, key, default=UNSET):
     value = _base_get_item(obj, key, default=UNSET)
     if value is UNSET:
+        # Block access to dangerous attributes
+        if isinstance(key, str):
+            dangerous = {
+                '__class__', '__dict__', '__bases__', '__globals__', '__code__', '__closure__',
+                '__func__', '__self__', '__module__', '__mro__', '__subclasses__', '__init__',
+                '__del__', '__getattribute__', '__setattr__', '__getattr__', '__new__', '__reduce__',
+                '__reduce_ex__', '__subclasshook__', '__init_subclass__', '__prepare__', '__dir__',
+                '__sizeof__', '__format__', '__repr__', '__str__', '__get__', '__set__', '__delete__',
+                '__slots__', '__weakref__'
+            }
+            if key.startswith('__') and key.endswith('__'):
+                raise KeyError(f'Access to attribute "{key}" is not allowed')
+            if key in dangerous:
+                raise KeyError(f'Access to attribute "{key}" is not allowed')
         value = default
         try:
             value = getattr(obj, key)
@@ -186,6 +200,7 @@ def _base_get_object(obj, key, default=UNSET):
     return value
 
 
+
 def base_set(obj, key, value, allow_override=True):
     """
     Set an object's `key` to `value`. If `obj` is a ``list`` and the `key` is the next available


2026-01-16 21:07:46,488 - src.tools.run_test - INFO - fix-run.sh completed with exit code 0
2026-01-16 21:07:46,488 - src.tools.run_test - INFO - fix-run.sh completed with exit code 0
2026-01-16 21:07:46,488 - src.tools.run_test - INFO - fix-run.sh output:
Successfully imported pydash.

==================================================
Starting CVE-2023-26145 security test for pydash
This test will PASS (exit 0) if the code is PATCHED.
This test will FAIL (exit 1) if the code is VULNERABLE.
==================================================

--- TEST RESULTS ---
[PASSED] Test 'get': PATCHED: pydash.get() correctly raised KeyError.
[PASSED] Test 'set': PATCHED: pydash.set_() correctly raised KeyError.

==================================================
✅ FINAL CONCLUSION: ALL TESTS PASSED. The code is secure (patched).
==================================================

2026-01-16 21:07:46,488 - src.tools.run_test - INFO - fix-run.sh output:
Successfully imported pydash.

==================================================
Starting CVE-2023-26145 security test for pydash
This test will PASS (exit 0) if the code is PATCHED.
This test will FAIL (exit 1) if the code is VULNERABLE.
==================================================

--- TEST RESULTS ---
[PASSED] Test 'get': PATCHED: pydash.get() correctly raised KeyError.
[PASSED] Test 'set': PATCHED: pydash.set_() correctly raised KeyError.

==================================================
✅ FINAL CONCLUSION: ALL TESTS PASSED. The code is secure (patched).
==================================================

2026-01-16 21:07:46,583 - src.tools.run_test - INFO - Running prepare.sh to reset repository...
2026-01-16 21:07:46,583 - src.tools.run_test - INFO - Running prepare.sh to reset repository...
2026-01-16 21:07:47,178 - src.tools.run_test - INFO - Running unit_test.sh for regression testing...
2026-01-16 21:07:47,178 - src.tools.run_test - INFO - Running unit_test.sh for regression testing...
2026-01-16 21:07:47,895 - src.tools.run_test - INFO - unit_test.sh completed with exit code 0
2026-01-16 21:07:47,895 - src.tools.run_test - INFO - unit_test.sh completed with exit code 0
2026-01-16 21:07:47,896 - src.tools.run_test - INFO - unit_test.sh output:
============================= test session starts ==============================
platform linux -- Python 3.8.20, pytest-4.6.0, py-1.11.0, pluggy-0.13.1 -- /workspace/PoC_env/CVE-2023-26145/bin/python
cachedir: .pytest_cache
rootdir: /workspace/pydash, inifile: setup.cfg
plugins: cov-5.0.0
collecting ... collected 256 items

tests/test_objects.py::test_assign[case0-expected0] PASSED               [  0%]
tests/test_objects.py::test_assign[case1-expected1] PASSED               [  0%]
tests/test_objects.py::test_assign_with[case0-expected0] PASSED          [  1%]
tests/test_objects.py::test_callables[case0-expected0] PASSED            [  1%]
tests/test_objects.py::test_callables[case1-expected1] PASSED            [  1%]
tests/test_objects.py::test_clone[case0] PASSED                          [  2%]
tests/test_objects.py::test_clone[case1] PASSED                          [  2%]
tests/test_objects.py::test_clone_with[case0-<lambda>-expected0] PASSED  [  3%]
tests/test_objects.py::test_clone_with[case1-<lambda>-expected1] PASSED  [  3%]
tests/test_objects.py::test_clone_deep[case0] PASSED                     [  3%]
tests/test_objects.py::test_clone_deep[case1] PASSED                     [  4%]
tests/test_objects.py::test_clone_deep[case2] PASSED                     [  4%]
tests/test_objects.py::test_clone_deep_with[case0-<lambda>-expected0] PASSED [  5%]
tests/test_objects.py::test_clone_deep_with[case1-<lambda>-expected1] PASSED [  5%]
tests/test_objects.py::test_clone_deep_with[case2-<lambda>-expected2] PASSED [  5%]
tests/test_objects.py::test_clone_deep_with[a-<lambda>-a] PASSED         [  6%]
tests/test_objects.py::test_defaults[case0-expected0] PASSED             [  6%]
tests/test_objects.py::test_defaults_deep[case0-expected0] PASSED        [  7%]
tests/test_objects.py::test_defaults_deep[case1-expected1] PASSED        [  7%]
tests/test_objects.py::test_defaults_deep[case2-expected2] PASSED        [  7%]
tests/test_objects.py::test_defaults_deep[case3-expected3] PASSED        [  8%]
tests/test_objects.py::test_defaults_deep[case4-expected4] PASSED        [  8%]
tests/test_objects.py::test_to_dict[case0-expected0] PASSED              [  8%]
tests/test_objects.py::test_to_dict[case1-expected1] PASSED              [  9%]
tests/test_objects.py::test_invert[case0-expected0] PASSED               [  9%]
tests/test_objects.py::test_invert[case1-expected1] PASSED               [ 10%]
tests/test_objects.py::test_invert_by[case0-expected0] PASSED            [ 10%]
tests/test_objects.py::test_invert_by[case1-expected1] PASSED            [ 10%]
tests/test_objects.py::test_invert_by[case2-expected2] PASSED            [ 11%]
tests/test_objects.py::test_invoke[case0-1] PASSED                       [ 11%]
tests/test_objects.py::test_invoke[case1-2] PASSED                       [ 12%]
tests/test_objects.py::test_invoke[case2-None] PASSED                    [ 12%]
tests/test_objects.py::test_find_key[case0-expected0] PASSED             [ 12%]
tests/test_objects.py::test_find_key[case1-expected1] PASSED             [ 13%]
tests/test_objects.py::test_find_key[case2-expected2] PASSED             [ 13%]
tests/test_objects.py::test_find_last_key[case0-expected0] PASSED        [ 14%]
tests/test_objects.py::test_find_last_key[case1-expected1] PASSED        [ 14%]
tests/test_objects.py::test_find_last_key[case2-expected2] PASSED        [ 14%]
tests/test_objects.py::test_for_in[case0-expected0] PASSED               [ 15%]
tests/test_objects.py::test_for_in[case1-expected1] PASSED               [ 15%]
tests/test_objects.py::test_for_in[case2-expected2] PASSED               [ 16%]
tests/test_objects.py::test_for_in_right[case0-expected0] PASSED         [ 16%]
tests/test_objects.py::test_for_in_right[case1-expected1] PASSED         [ 16%]
tests/test_objects.py::test_for_in_right[case2-expected2] PASSED         [ 17%]
tests/test_objects.py::test_get[case0-expected0] PASSED                  [ 17%]
tests/test_objects.py::test_get[case1-4] PASSED                          [ 17%]
tests/test_objects.py::test_get[case2-expected2] PASSED                  [ 18%]
tests/test_objects.py::test_get[case3-4] PASSED                          [ 18%]
tests/test_objects.py::test_get[case4-None] PASSED                       [ 19%]
tests/test_objects.py::test_get[case5-expected5] PASSED                  [ 19%]
tests/test_objects.py::test_get[case6-expected6] PASSED                  [ 19%]
tests/test_objects.py::test_get[case7-expected7] PASSED                  [ 20%]
tests/test_objects.py::test_get[case8-None] PASSED                       [ 20%]
tests/test_objects.py::test_get[case9-None] PASSED                       [ 21%]
tests/test_objects.py::test_get[case10-2] PASSED                         [ 21%]
tests/test_objects.py::test_get[case11-2] PASSED                         [ 21%]
tests/test_objects.py::test_get[case12-expected12] PASSED                [ 22%]
tests/test_objects.py::test_get[case13-expected13] PASSED                [ 22%]
tests/test_objects.py::test_get[case14-haha] PASSED                      [ 23%]
tests/test_objects.py::test_get[case15-haha] PASSED                      [ 23%]
tests/test_objects.py::test_get[case16-None] PASSED                      [ 23%]
tests/test_objects.py::test_get[case17-5] PASSED                         [ 24%]
tests/test_objects.py::test_get[case18-5] PASSED                         [ 24%]
tests/test_objects.py::test_get[case19-5] PASSED                         [ 25%]
tests/test_objects.py::test_get[case20-4] PASSED                         [ 25%]
tests/test_objects.py::test_get[case21-5] PASSED                         [ 25%]
tests/test_objects.py::test_get[case22-42] PASSED                        [ 26%]
tests/test_objects.py::test_get[case23-42] PASSED                        [ 26%]
tests/test_objects.py::test_get[case24-42] PASSED                        [ 26%]
tests/test_objects.py::test_get[case25-42] PASSED                        [ 27%]
tests/test_objects.py::test_get[case26-value] PASSED                     [ 27%]
tests/test_objects.py::test_get[case27-expected27] PASSED                [ 28%]
tests/test_objects.py::test_get[case28-None] PASSED                      [ 28%]
tests/test_objects.py::test_get[case29-1] PASSED                         [ 28%]
tests/test_objects.py::test_get[case30-1] PASSED                         [ 29%]
tests/test_objects.py::test_get[case31-1] PASSED                         [ 29%]
tests/test_objects.py::test_get[case32-None] PASSED                      [ 30%]
tests/test_objects.py::test_get[case33-None] PASSED                      [ 30%]
tests/test_objects.py::test_get[case34-expected34] PASSED                [ 30%]
tests/test_objects.py::test_get[case35-3] PASSED                         [ 31%]
tests/test_objects.py::test_get[case36-1] PASSED                         [ 31%]
tests/test_objects.py::test_get[case37-1] PASSED                         [ 32%]
tests/test_objects.py::test_get[case38-John Doe] PASSED                  [ 32%]
tests/test_objects.py::test_get__should_not_populate_defaultdict PASSED  [ 32%]
tests/test_objects.py::test_has[case0-True] PASSED                       [ 33%]
tests/test_objects.py::test_has[case1-True] PASSED                       [ 33%]
tests/test_objects.py::test_has[case2-True] PASSED                       [ 33%]
tests/test_objects.py::test_has[case3-False] PASSED                      [ 34%]
tests/test_objects.py::test_has[case4-True] PASSED                       [ 34%]
tests/test_objects.py::test_has[case5-True] PASSED                       [ 35%]
tests/test_objects.py::test_has[case6-True] PASSED                       [ 35%]
tests/test_objects.py::test_has[case7-False] PASSED                      [ 35%]
tests/test_objects.py::test_has[case8-True] PASSED                       [ 36%]
tests/test_objects.py::test_has[case9-True] PASSED                       [ 36%]
tests/test_objects.py::test_has[case10-True] PASSED                      [ 37%]
tests/test_objects.py::test_has[case11-True] PASSED                      [ 37%]
tests/test_objects.py::test_has[case12-False] PASSED                     [ 37%]
tests/test_objects.py::test_has[case13-False] PASSED                     [ 38%]
tests/test_objects.py::test_has[case14-False] PASSED                     [ 38%]
tests/test_objects.py::test_has[case15-False] PASSED                     [ 39%]
tests/test_objects.py::test_has[case16-True] PASSED                      [ 39%]
tests/test_objects.py::test_has[case17-True] PASSED                      [ 39%]
tests/test_objects.py::test_has[case18-True] PASSED                      [ 40%]
tests/test_objects.py::test_has[case19-True] PASSED                      [ 40%]
tests/test_objects.py::test_has[case20-True] PASSED                      [ 41%]
tests/test_objects.py::test_has__should_not_populate_defaultdict PASSED  [ 41%]
tests/test_objects.py::test_keys[case0-expected0] PASSED                 [ 41%]
tests/test_objects.py::test_keys[case1-expected1] PASSED                 [ 42%]
tests/test_objects.py::test_map_values[case0-expected0] PASSED           [ 42%]
tests/test_objects.py::test_map_values[case1-expected1] PASSED           [ 42%]
tests/test_objects.py::test_map_values_deep[case0-expected0] PASSED      [ 43%]
tests/test_objects.py::test_map_values_deep[case1-expected1] PASSED      [ 43%]
tests/test_objects.py::test_merge[case0-expected0] PASSED                [ 44%]
tests/test_objects.py::test_merge[case1-expected1] PASSED                [ 44%]
tests/test_objects.py::test_merge[case2-expected2] PASSED                [ 44%]
tests/test_objects.py::test_merge[case3-expected3] PASSED                [ 45%]
tests/test_objects.py::test_merge[case4-expected4] PASSED                [ 45%]
tests/test_objects.py::test_merge[case5-expected5] PASSED                [ 46%]
tests/test_objects.py::test_merge[case6-expected6] PASSED                [ 46%]
tests/test_objects.py::test_merge[case7-expected7] PASSED                [ 46%]
tests/test_objects.py::test_merge[case8-expected8] PASSED                [ 47%]
tests/test_objects.py::test_merge[case9-expected9] PASSED                [ 47%]
tests/test_objects.py::test_merge[case10-None] PASSED                    [ 48%]
tests/test_objects.py::test_merge[case11-None] PASSED                    [ 48%]
tests/test_objects.py::test_merge[case12-None] PASSED                    [ 48%]
tests/test_objects.py::test_merge[case13-expected13] PASSED              [ 49%]
tests/test_objects.py::test_merge[case14-expected14] PASSED              [ 49%]
tests/test_objects.py::test_merge[case15-expected15] PASSED              [ 50%]
tests/test_objects.py::test_merge_no_link_dict PASSED                    [ 50%]
tests/test_objects.py::test_merge_no_link_list PASSED                    [ 50%]
tests/test_objects.py::test_merge_with[case0-expected0] PASSED           [ 51%]
tests/test_objects.py::test_omit[case0-expected0] PASSED                 [ 51%]
tests/test_objects.py::test_omit[case1-expected1] PASSED                 [ 51%]
tests/test_objects.py::test_omit[case2-expected2] PASSED                 [ 52%]
tests/test_objects.py::test_omit[case3-expected3] PASSED                 [ 52%]
tests/test_objects.py::test_omit[case4-expected4] PASSED                 [ 53%]
tests/test_objects.py::test_omit[case5-expected5] PASSED                 [ 53%]
tests/test_objects.py::test_omit[case6-expected6] PASSED                 [ 53%]
tests/test_objects.py::test_omit[case7-expected7] PASSED                 [ 54%]
tests/test_objects.py::test_omit[case8-expected8] PASSED                 [ 54%]
tests/test_objects.py::test_omit_by[case0-expected0] PASSED              [ 55%]
tests/test_objects.py::test_omit_by[case1-expected1] PASSED              [ 55%]
tests/test_objects.py::test_omit_by[case2-expected2] PASSED              [ 55%]
tests/test_objects.py::test_omit_by[case3-expected3] PASSED              [ 56%]
tests/test_objects.py::test_parse_int[case0-1] PASSED                    [ 56%]
tests/test_objects.py::test_parse_int[case1-1] PASSED                    [ 57%]
tests/test_objects.py::test_parse_int[case2-1] PASSED                    [ 57%]
tests/test_objects.py::test_parse_int[case3-1] PASSED                    [ 57%]
tests/test_objects.py::test_parse_int[case4-11] PASSED                   [ 58%]
tests/test_objects.py::test_parse_int[case5-10] PASSED                   [ 58%]
tests/test_objects.py::test_parse_int[case6-8] PASSED                    [ 58%]
tests/test_objects.py::test_parse_int[case7-16] PASSED                   [ 59%]
tests/test_objects.py::test_parse_int[case8-10] PASSED                   [ 59%]
tests/test_objects.py::test_parse_int[case9-None] PASSED                 [ 60%]
tests/test_objects.py::test_pick[case0-expected0] PASSED                 [ 60%]
tests/test_objects.py::test_pick[case1-expected1] PASSED                 [ 60%]
tests/test_objects.py::test_pick[case2-expected2] PASSED                 [ 61%]
tests/test_objects.py::test_pick[case3-expected3] PASSED                 [ 61%]
tests/test_objects.py::test_pick[case4-expected4] PASSED                 [ 62%]
tests/test_objects.py::test_pick[case5-expected5] PASSED                 [ 62%]
tests/test_objects.py::test_pick[case6-expected6] PASSED                 [ 62%]
tests/test_objects.py::test_pick[case7-expected7] PASSED                 [ 63%]
tests/test_objects.py::test_pick[case8-expected8] PASSED                 [ 63%]
tests/test_objects.py::test_pick[case9-expected9] PASSED                 [ 64%]
tests/test_objects.py::test_pick[case10-expected10] PASSED               [ 64%]
tests/test_objects.py::test_pick_by[case0-expected0] PASSED              [ 64%]
tests/test_objects.py::test_pick_by[case1-expected1] PASSED              [ 65%]
tests/test_objects.py::test_pick_by[case2-expected2] PASSED              [ 65%]
tests/test_objects.py::test_pick_by[case3-expected3] PASSED              [ 66%]
tests/test_objects.py::test_pick_by[case4-expected4] PASSED              [ 66%]
tests/test_objects.py::test_pick_by[case5-expected5] PASSED              [ 66%]
tests/test_objects.py::test_pick_by[case6-expected6] PASSED              [ 67%]
tests/test_objects.py::test_rename_keys[case0-expected0] PASSED          [ 67%]
tests/test_objects.py::test_rename_keys[case1-expected1] PASSED          [ 67%]
tests/test_objects.py::test_rename_keys[case2-expected2] PASSED          [ 68%]
tests/test_objects.py::test_set_[case0-expected0] PASSED                 [ 68%]
tests/test_objects.py::test_set_[case1-expected1] PASSED                 [ 69%]
tests/test_objects.py::test_set_[case2-expected2] PASSED                 [ 69%]
tests/test_objects.py::test_set_[case3-expected3] PASSED                 [ 69%]
tests/test_objects.py::test_set_[case4-expected4] PASSED                 [ 70%]
tests/test_objects.py::test_set_[case5-expected5] PASSED                 [ 70%]
tests/test_objects.py::test_set_[case6-expected6] PASSED                 [ 71%]
tests/test_objects.py::test_set_[case7-expected7] PASSED                 [ 71%]
tests/test_objects.py::test_set_[case8-expected8] PASSED                 [ 71%]
tests/test_objects.py::test_set_[case9-expected9] PASSED                 [ 72%]
tests/test_objects.py::test_set_[case10-expected10] PASSED               [ 72%]
tests/test_objects.py::test_set_[case11-expected11] PASSED               [ 73%]
tests/test_objects.py::test_set_[case12-expected12] PASSED               [ 73%]
tests/test_objects.py::test_set_[case13-expected13] PASSED               [ 73%]
tests/test_objects.py::test_set_[case14-expected14] PASSED               [ 74%]
tests/test_objects.py::test_set_with[case0-expected0] PASSED             [ 74%]
tests/test_objects.py::test_set_with[case1-expected1] PASSED             [ 75%]
tests/test_objects.py::test_set_with[case2-expected2] PASSED             [ 75%]
tests/test_objects.py::test_set_with[case3-expected3] PASSED             [ 75%]
tests/test_objects.py::test_to_boolean[case0-True] PASSED                [ 76%]
tests/test_objects.py::test_to_boolean[case1-False] PASSED               [ 76%]
tests/test_objects.py::test_to_boolean[case2-True] PASSED                [ 76%]
tests/test_objects.py::test_to_boolean[case3-True] PASSED                [ 77%]
tests/test_objects.py::test_to_boolean[case4-False] PASSED               [ 77%]
tests/test_objects.py::test_to_boolean[case5-False] PASSED               [ 78%]
tests/test_objects.py::test_to_boolean[case6-None] PASSED                [ 78%]
tests/test_objects.py::test_to_boolean[case7-None] PASSED                [ 78%]
tests/test_objects.py::test_to_boolean[case8-False] PASSED               [ 79%]
tests/test_objects.py::test_to_boolean[case9-True] PASSED                [ 79%]
tests/test_objects.py::test_to_boolean[case10-False] PASSED              [ 80%]
tests/test_objects.py::test_to_boolean[case11-True] PASSED               [ 80%]
tests/test_objects.py::test_to_boolean[case12-False] PASSED              [ 80%]
tests/test_objects.py::test_to_boolean[case13-False] PASSED              [ 81%]
tests/test_objects.py::test_to_boolean[case14-True] PASSED               [ 81%]
tests/test_objects.py::test_to_boolean[case15-False] PASSED              [ 82%]
tests/test_objects.py::test_to_boolean[case16-True] PASSED               [ 82%]
tests/test_objects.py::test_to_boolean[case17-None] PASSED               [ 82%]
tests/test_objects.py::test_to_boolean[case18-False] PASSED              [ 83%]
tests/test_objects.py::test_to_boolean[case19-None] PASSED               [ 83%]
tests/test_objects.py::test_to_integer[1.4-10] PASSED                    [ 83%]
tests/test_objects.py::test_to_integer[1.9-10] PASSED                    [ 84%]
tests/test_objects.py::test_to_integer[1.4-11] PASSED                    [ 84%]
tests/test_objects.py::test_to_integer[1.9-11] PASSED                    [ 85%]
tests/test_objects.py::test_to_integer[foo-0] PASSED                     [ 85%]
tests/test_objects.py::test_to_integer[None-0] PASSED                    [ 85%]
tests/test_objects.py::test_to_integer[True-1] PASSED                    [ 86%]
tests/test_objects.py::test_to_integer[False-0] PASSED                   [ 86%]
tests/test_objects.py::test_to_integer[case8-0] PASSED                   [ 87%]
tests/test_objects.py::test_to_integer[case9-0] PASSED                   [ 87%]
tests/test_objects.py::test_to_integer[case10-0] PASSED                  [ 87%]
tests/test_objects.py::test_to_number[case0-3.0] PASSED                  [ 88%]
tests/test_objects.py::test_to_number[case1-2.6] PASSED                  [ 88%]
tests/test_objects.py::test_to_number[case2-990.0] PASSED                [ 89%]
tests/test_objects.py::test_to_number[case3-None] PASSED                 [ 89%]
tests/test_objects.py::test_to_pairs[case0-expected0] PASSED             [ 89%]
tests/test_objects.py::test_to_pairs[case1-expected1] PASSED             [ 90%]
tests/test_objects.py::test_to_string[1-1] PASSED                        [ 90%]
tests/test_objects.py::test_to_string[1.25-1.25] PASSED                  [ 91%]
tests/test_objects.py::test_to_string[True-True] PASSED                  [ 91%]
tests/test_objects.py::test_to_string[case3-[1]] PASSED                  [ 91%]
tests/test_objects.py::test_to_string[d\xc3\xa9j\xc3\xa0 vu-d\xc3\xa9j\xc3\xa0 vu] PASSED [ 92%]
tests/test_objects.py::test_to_string[-] PASSED                          [ 92%]
tests/test_objects.py::test_to_string[None-] PASSED                      [ 92%]
tests/test_objects.py::test_to_string[case7-2026-01-17] PASSED           [ 93%]
tests/test_objects.py::test_transform[case0-expected0] PASSED            [ 93%]
tests/test_objects.py::test_transform[case1-expected1] PASSED            [ 94%]
tests/test_objects.py::test_transform[case2-expected2] PASSED            [ 94%]
tests/test_objects.py::test_update[case0-expected0] PASSED               [ 94%]
tests/test_objects.py::test_update[case1-expected1] PASSED               [ 95%]
tests/test_objects.py::test_update[case2-expected2] PASSED               [ 95%]
tests/test_objects.py::test_update_with[case0-expected0] PASSED          [ 96%]
tests/test_objects.py::test_update_with[case1-expected1] PASSED          [ 96%]
tests/test_objects.py::test_update_with[case2-expected2] PASSED          [ 96%]
tests/test_objects.py::test_unset[obj0-a.0.b.c-True-new_obj0] PASSED     [ 97%]
tests/test_objects.py::test_unset[obj1-1-True-new_obj1] PASSED           [ 97%]
tests/test_objects.py::test_unset[obj2-1-True-new_obj2] PASSED           [ 98%]
tests/test_objects.py::test_unset[obj3-path3-True-new_obj3] PASSED       [ 98%]
tests/test_objects.py::test_unset[obj4-[0][0]-False-new_obj4] PASSED     [ 98%]
tests/test_objects.py::test_unset[obj5-[0][0][0]-False-new_obj5] PASSED  [ 99%]
tests/test_objects.py::test_values[case0-expected0] PASSED               [ 99%]
tests/test_objects.py::test_values[case1-expected1] PASSED               [100%]

------ generated xml file: /workspace/pydash/build/testresults/junit.xml -------
========================== 256 passed in 0.26 seconds ==========================

2026-01-16 21:07:47,896 - src.tools.run_test - INFO - unit_test.sh output:
============================= test session starts ==============================
platform linux -- Python 3.8.20, pytest-4.6.0, py-1.11.0, pluggy-0.13.1 -- /workspace/PoC_env/CVE-2023-26145/bin/python
cachedir: .pytest_cache
rootdir: /workspace/pydash, inifile: setup.cfg
plugins: cov-5.0.0
collecting ... collected 256 items

tests/test_objects.py::test_assign[case0-expected0] PASSED               [  0%]
tests/test_objects.py::test_assign[case1-expected1] PASSED               [  0%]
tests/test_objects.py::test_assign_with[case0-expected0] PASSED          [  1%]
tests/test_objects.py::test_callables[case0-expected0] PASSED            [  1%]
tests/test_objects.py::test_callables[case1-expected1] PASSED            [  1%]
tests/test_objects.py::test_clone[case0] PASSED                          [  2%]
tests/test_objects.py::test_clone[case1] PASSED                          [  2%]
tests/test_objects.py::test_clone_with[case0-<lambda>-expected0] PASSED  [  3%]
tests/test_objects.py::test_clone_with[case1-<lambda>-expected1] PASSED  [  3%]
tests/test_objects.py::test_clone_deep[case0] PASSED                     [  3%]
tests/test_objects.py::test_clone_deep[case1] PASSED                     [  4%]
tests/test_objects.py::test_clone_deep[case2] PASSED                     [  4%]
tests/test_objects.py::test_clone_deep_with[case0-<lambda>-expected0] PASSED [  5%]
tests/test_objects.py::test_clone_deep_with[case1-<lambda>-expected1] PASSED [  5%]
tests/test_objects.py::test_clone_deep_with[case2-<lambda>-expected2] PASSED [  5%]
tests/test_objects.py::test_clone_deep_with[a-<lambda>-a] PASSED         [  6%]
tests/test_objects.py::test_defaults[case0-expected0] PASSED             [  6%]
tests/test_objects.py::test_defaults_deep[case0-expected0] PASSED        [  7%]
tests/test_objects.py::test_defaults_deep[case1-expected1] PASSED        [  7%]
tests/test_objects.py::test_defaults_deep[case2-expected2] PASSED        [  7%]
tests/test_objects.py::test_defaults_deep[case3-expected3] PASSED        [  8%]
tests/test_objects.py::test_defaults_deep[case4-expected4] PASSED        [  8%]
tests/test_objects.py::test_to_dict[case0-expected0] PASSED              [  8%]
tests/test_objects.py::test_to_dict[case1-expected1] PASSED              [  9%]
tests/test_objects.py::test_invert[case0-expected0] PASSED               [  9%]
tests/test_objects.py::test_invert[case1-expected1] PASSED               [ 10%]
tests/test_objects.py::test_invert_by[case0-expected0] PASSED            [ 10%]
tests/test_objects.py::test_invert_by[case1-expected1] PASSED            [ 10%]
tests/test_objects.py::test_invert_by[case2-expected2] PASSED            [ 11%]
tests/test_objects.py::test_invoke[case0-1] PASSED                       [ 11%]
tests/test_objects.py::test_invoke[case1-2] PASSED                       [ 12%]
tests/test_objects.py::test_invoke[case2-None] PASSED                    [ 12%]
tests/test_objects.py::test_find_key[case0-expected0] PASSED             [ 12%]
tests/test_objects.py::test_find_key[case1-expected1] PASSED             [ 13%]
tests/test_objects.py::test_find_key[case2-expected2] PASSED             [ 13%]
tests/test_objects.py::test_find_last_key[case0-expected0] PASSED        [ 14%]
tests/test_objects.py::test_find_last_key[case1-expected1] PASSED        [ 14%]
tests/test_objects.py::test_find_last_key[case2-expected2] PASSED        [ 14%]
tests/test_objects.py::test_for_in[case0-expected0] PASSED               [ 15%]
tests/test_objects.py::test_for_in[case1-expected1] PASSED               [ 15%]
tests/test_objects.py::test_for_in[case2-expected2] PASSED               [ 16%]
tests/test_objects.py::test_for_in_right[case0-expected0] PASSED         [ 16%]
tests/test_objects.py::test_for_in_right[case1-expected1] PASSED         [ 16%]
tests/test_objects.py::test_for_in_right[case2-expected2] PASSED         [ 17%]
tests/test_objects.py::test_get[case0-expected0] PASSED                  [ 17%]
tests/test_objects.py::test_get[case1-4] PASSED                          [ 17%]
tests/test_objects.py::test_get[case2-expected2] PASSED                  [ 18%]
tests/test_objects.py::test_get[case3-4] PASSED                          [ 18%]
tests/test_objects.py::test_get[case4-None] PASSED                       [ 19%]
tests/test_objects.py::test_get[case5-expected5] PASSED                  [ 19%]
tests/test_objects.py::test_get[case6-expected6] PASSED                  [ 19%]
tests/test_objects.py::test_get[case7-expected7] PASSED                  [ 20%]
tests/test_objects.py::test_get[case8-None] PASSED                       [ 20%]
tests/test_objects.py::test_get[case9-None] PASSED                       [ 21%]
tests/test_objects.py::test_get[case10-2] PASSED                         [ 21%]
tests/test_objects.py::test_get[case11-2] PASSED                         [ 21%]
tests/test_objects.py::test_get[case12-expected12] PASSED                [ 22%]
tests/test_objects.py::test_get[case13-expected13] PASSED                [ 22%]
tests/test_objects.py::test_get[case14-haha] PASSED                      [ 23%]
tests/test_objects.py::test_get[case15-haha] PASSED                      [ 23%]
tests/test_objects.py::test_get[case16-None] PASSED                      [ 23%]
tests/test_objects.py::test_get[case17-5] PASSED                         [ 24%]
tests/test_objects.py::test_get[case18-5] PASSED                         [ 24%]
tests/test_objects.py::test_get[case19-5] PASSED                         [ 25%]
tests/test_objects.py::test_get[case20-4] PASSED                         [ 25%]
tests/test_objects.py::test_get[case21-5] PASSED                         [ 25%]
tests/test_objects.py::test_get[case22-42] PASSED                        [ 26%]
tests/test_objects.py::test_get[case23-42] PASSED                        [ 26%]
tests/test_objects.py::test_get[case24-42] PASSED                        [ 26%]
tests/test_objects.py::test_get[case25-42] PASSED                        [ 27%]
tests/test_objects.py::test_get[case26-value] PASSED                     [ 27%]
tests/test_objects.py::test_get[case27-expected27] PASSED                [ 28%]
tests/test_objects.py::test_get[case28-None] PASSED                      [ 28%]
tests/test_objects.py::test_get[case29-1] PASSED                         [ 28%]
tests/test_objects.py::test_get[case30-1] PASSED                         [ 29%]
tests/test_objects.py::test_get[case31-1] PASSED                         [ 29%]
tests/test_objects.py::test_get[case32-None] PASSED                      [ 30%]
tests/test_objects.py::test_get[case33-None] PASSED                      [ 30%]
tests/test_objects.py::test_get[case34-expected34] PASSED                [ 30%]
tests/test_objects.py::test_get[case35-3] PASSED                         [ 31%]
tests/test_objects.py::test_get[case36-1] PASSED                         [ 31%]
tests/test_objects.py::test_get[case37-1] PASSED                         [ 32%]
tests/test_objects.py::test_get[case38-John Doe] PASSED                  [ 32%]
tests/test_objects.py::test_get__should_not_populate_defaultdict PASSED  [ 32%]
tests/test_objects.py::test_has[case0-True] PASSED                       [ 33%]
tests/test_objects.py::test_has[case1-True] PASSED                       [ 33%]
tests/test_objects.py::test_has[case2-True] PASSED                       [ 33%]
tests/test_objects.py::test_has[case3-False] PASSED                      [ 34%]
tests/test_objects.py::test_has[case4-True] PASSED                       [ 34%]
tests/test_objects.py::test_has[case5-True] PASSED                       [ 35%]
tests/test_objects.py::test_has[case6-True] PASSED                       [ 35%]
tests/test_objects.py::test_has[case7-False] PASSED                      [ 35%]
tests/test_objects.py::test_has[case8-True] PASSED                       [ 36%]
tests/test_objects.py::test_has[case9-True] PASSED                       [ 36%]
tests/test_objects.py::test_has[case10-True] PASSED                      [ 37%]
tests/test_objects.py::test_has[case11-True] PASSED                      [ 37%]
tests/test_objects.py::test_has[case12-False] PASSED                     [ 37%]
tests/test_objects.py::test_has[case13-False] PASSED                     [ 38%]
tests/test_objects.py::test_has[case14-False] PASSED                     [ 38%]
tests/test_objects.py::test_has[case15-False] PASSED                     [ 39%]
tests/test_objects.py::test_has[case16-True] PASSED                      [ 39%]
tests/test_objects.py::test_has[case17-True] PASSED                      [ 39%]
tests/test_objects.py::test_has[case18-True] PASSED                      [ 40%]
tests/test_objects.py::test_has[case19-True] PASSED                      [ 40%]
tests/test_objects.py::test_has[case20-True] PASSED                      [ 41%]
tests/test_objects.py::test_has__should_not_populate_defaultdict PASSED  [ 41%]
tests/test_objects.py::test_keys[case0-expected0] PASSED                 [ 41%]
tests/test_objects.py::test_keys[case1-expected1] PASSED                 [ 42%]
tests/test_objects.py::test_map_values[case0-expected0] PASSED           [ 42%]
tests/test_objects.py::test_map_values[case1-expected1] PASSED           [ 42%]
tests/test_objects.py::test_map_values_deep[case0-expected0] PASSED      [ 43%]
tests/test_objects.py::test_map_values_deep[case1-expected1] PASSED      [ 43%]
tests/test_objects.py::test_merge[case0-expected0] PASSED                [ 44%]
tests/test_objects.py::test_merge[case1-expected1] PASSED                [ 44%]
tests/test_objects.py::test_merge[case2-expected2] PASSED                [ 44%]
tests/test_objects.py::test_merge[case3-expected3] PASSED                [ 45%]
tests/test_objects.py::test_merge[case4-expected4] PASSED                [ 45%]
tests/test_objects.py::test_merge[case5-expected5] PASSED                [ 46%]
tests/test_objects.py::test_merge[case6-expected6] PASSED                [ 46%]
tests/test_objects.py::test_merge[case7-expected7] PASSED                [ 46%]
tests/test_objects.py::test_merge[case8-expected8] PASSED                [ 47%]
tests/test_objects.py::test_merge[case9-expected9] PASSED                [ 47%]
tests/test_objects.py::test_merge[case10-None] PASSED                    [ 48%]
tests/test_objects.py::test_merge[case11-None] PASSED                    [ 48%]
tests/test_objects.py::test_merge[case12-None] PASSED                    [ 48%]
tests/test_objects.py::test_merge[case13-expected13] PASSED              [ 49%]
tests/test_objects.py::test_merge[case14-expected14] PASSED              [ 49%]
tests/test_objects.py::test_merge[case15-expected15] PASSED              [ 50%]
tests/test_objects.py::test_merge_no_link_dict PASSED                    [ 50%]
tests/test_objects.py::test_merge_no_link_list PASSED                    [ 50%]
tests/test_objects.py::test_merge_with[case0-expected0] PASSED           [ 51%]
tests/test_objects.py::test_omit[case0-expected0] PASSED                 [ 51%]
tests/test_objects.py::test_omit[case1-expected1] PASSED                 [ 51%]
tests/test_objects.py::test_omit[case2-expected2] PASSED                 [ 52%]
tests/test_objects.py::test_omit[case3-expected3] PASSED                 [ 52%]
tests/test_objects.py::test_omit[case4-expected4] PASSED                 [ 53%]
tests/test_objects.py::test_omit[case5-expected5] PASSED                 [ 53%]
tests/test_objects.py::test_omit[case6-expected6] PASSED                 [ 53%]
tests/test_objects.py::test_omit[case7-expected7] PASSED                 [ 54%]
tests/test_objects.py::test_omit[case8-expected8] PASSED                 [ 54%]
tests/test_objects.py::test_omit_by[case0-expected0] PASSED              [ 55%]
tests/test_objects.py::test_omit_by[case1-expected1] PASSED              [ 55%]
tests/test_objects.py::test_omit_by[case2-expected2] PASSED              [ 55%]
tests/test_objects.py::test_omit_by[case3-expected3] PASSED              [ 56%]
tests/test_objects.py::test_parse_int[case0-1] PASSED                    [ 56%]
tests/test_objects.py::test_parse_int[case1-1] PASSED                    [ 57%]
tests/test_objects.py::test_parse_int[case2-1] PASSED                    [ 57%]
tests/test_objects.py::test_parse_int[case3-1] PASSED                    [ 57%]
tests/test_objects.py::test_parse_int[case4-11] PASSED                   [ 58%]
tests/test_objects.py::test_parse_int[case5-10] PASSED                   [ 58%]
tests/test_objects.py::test_parse_int[case6-8] PASSED                    [ 58%]
tests/test_objects.py::test_parse_int[case7-16] PASSED                   [ 59%]
tests/test_objects.py::test_parse_int[case8-10] PASSED                   [ 59%]
tests/test_objects.py::test_parse_int[case9-None] PASSED                 [ 60%]
tests/test_objects.py::test_pick[case0-expected0] PASSED                 [ 60%]
tests/test_objects.py::test_pick[case1-expected1] PASSED                 [ 60%]
tests/test_objects.py::test_pick[case2-expected2] PASSED                 [ 61%]
tests/test_objects.py::test_pick[case3-expected3] PASSED                 [ 61%]
tests/test_objects.py::test_pick[case4-expected4] PASSED                 [ 62%]
tests/test_objects.py::test_pick[case5-expected5] PASSED                 [ 62%]
tests/test_objects.py::test_pick[case6-expected6] PASSED                 [ 62%]
tests/test_objects.py::test_pick[case7-expected7] PASSED                 [ 63%]
tests/test_objects.py::test_pick[case8-expected8] PASSED                 [ 63%]
tests/test_objects.py::test_pick[case9-expected9] PASSED                 [ 64%]
tests/test_objects.py::test_pick[case10-expected10] PASSED               [ 64%]
tests/test_objects.py::test_pick_by[case0-expected0] PASSED              [ 64%]
tests/test_objects.py::test_pick_by[case1-expected1] PASSED              [ 65%]
tests/test_objects.py::test_pick_by[case2-expected2] PASSED              [ 65%]
tests/test_objects.py::test_pick_by[case3-expected3] PASSED              [ 66%]
tests/test_objects.py::test_pick_by[case4-expected4] PASSED              [ 66%]
tests/test_objects.py::test_pick_by[case5-expected5] PASSED              [ 66%]
tests/test_objects.py::test_pick_by[case6-expected6] PASSED              [ 67%]
tests/test_objects.py::test_rename_keys[case0-expected0] PASSED          [ 67%]
tests/test_objects.py::test_rename_keys[case1-expected1] PASSED          [ 67%]
tests/test_objects.py::test_rename_keys[case2-expected2] PASSED          [ 68%]
tests/test_objects.py::test_set_[case0-expected0] PASSED                 [ 68%]
tests/test_objects.py::test_set_[case1-expected1] PASSED                 [ 69%]
tests/test_objects.py::test_set_[case2-expected2] PASSED                 [ 69%]
tests/test_objects.py::test_set_[case3-expected3] PASSED                 [ 69%]
tests/test_objects.py::test_set_[case4-expected4] PASSED                 [ 70%]
tests/test_objects.py::test_set_[case5-expected5] PASSED                 [ 70%]
tests/test_objects.py::test_set_[case6-expected6] PASSED                 [ 71%]
tests/test_objects.py::test_set_[case7-expected7] PASSED                 [ 71%]
tests/test_objects.py::test_set_[case8-expected8] PASSED                 [ 71%]
tests/test_objects.py::test_set_[case9-expected9] PASSED                 [ 72%]
tests/test_objects.py::test_set_[case10-expected10] PASSED               [ 72%]
tests/test_objects.py::test_set_[case11-expected11] PASSED               [ 73%]
tests/test_objects.py::test_set_[case12-expected12] PASSED               [ 73%]
tests/test_objects.py::test_set_[case13-expected13] PASSED               [ 73%]
tests/test_objects.py::test_set_[case14-expected14] PASSED               [ 74%]
tests/test_objects.py::test_set_with[case0-expected0] PASSED             [ 74%]
tests/test_objects.py::test_set_with[case1-expected1] PASSED             [ 75%]
tests/test_objects.py::test_set_with[case2-expected2] PASSED             [ 75%]
tests/test_objects.py::test_set_with[case3-expected3] PASSED             [ 75%]
tests/test_objects.py::test_to_boolean[case0-True] PASSED                [ 76%]
tests/test_objects.py::test_to_boolean[case1-False] PASSED               [ 76%]
tests/test_objects.py::test_to_boolean[case2-True] PASSED                [ 76%]
tests/test_objects.py::test_to_boolean[case3-True] PASSED                [ 77%]
tests/test_objects.py::test_to_boolean[case4-False] PASSED               [ 77%]
tests/test_objects.py::test_to_boolean[case5-False] PASSED               [ 78%]
tests/test_objects.py::test_to_boolean[case6-None] PASSED                [ 78%]
tests/test_objects.py::test_to_boolean[case7-None] PASSED                [ 78%]
tests/test_objects.py::test_to_boolean[case8-False] PASSED               [ 79%]
tests/test_objects.py::test_to_boolean[case9-True] PASSED                [ 79%]
tests/test_objects.py::test_to_boolean[case10-False] PASSED              [ 80%]
tests/test_objects.py::test_to_boolean[case11-True] PASSED               [ 80%]
tests/test_objects.py::test_to_boolean[case12-False] PASSED              [ 80%]
tests/test_objects.py::test_to_boolean[case13-False] PASSED              [ 81%]
tests/test_objects.py::test_to_boolean[case14-True] PASSED               [ 81%]
tests/test_objects.py::test_to_boolean[case15-False] PASSED              [ 82%]
tests/test_objects.py::test_to_boolean[case16-True] PASSED               [ 82%]
tests/test_objects.py::test_to_boolean[case17-None] PASSED               [ 82%]
tests/test_objects.py::test_to_boolean[case18-False] PASSED              [ 83%]
tests/test_objects.py::test_to_boolean[case19-None] PASSED               [ 83%]
tests/test_objects.py::test_to_integer[1.4-10] PASSED                    [ 83%]
tests/test_objects.py::test_to_integer[1.9-10] PASSED                    [ 84%]
tests/test_objects.py::test_to_integer[1.4-11] PASSED                    [ 84%]
tests/test_objects.py::test_to_integer[1.9-11] PASSED                    [ 85%]
tests/test_objects.py::test_to_integer[foo-0] PASSED                     [ 85%]
tests/test_objects.py::test_to_integer[None-0] PASSED                    [ 85%]
tests/test_objects.py::test_to_integer[True-1] PASSED                    [ 86%]
tests/test_objects.py::test_to_integer[False-0] PASSED                   [ 86%]
tests/test_objects.py::test_to_integer[case8-0] PASSED                   [ 87%]
tests/test_objects.py::test_to_integer[case9-0] PASSED                   [ 87%]
tests/test_objects.py::test_to_integer[case10-0] PASSED                  [ 87%]
tests/test_objects.py::test_to_number[case0-3.0] PASSED                  [ 88%]
tests/test_objects.py::test_to_number[case1-2.6] PASSED                  [ 88%]
tests/test_objects.py::test_to_number[case2-990.0] PASSED                [ 89%]
tests/test_objects.py::test_to_number[case3-None] PASSED                 [ 89%]
tests/test_objects.py::test_to_pairs[case0-expected0] PASSED             [ 89%]
tests/test_objects.py::test_to_pairs[case1-expected1] PASSED             [ 90%]
tests/test_objects.py::test_to_string[1-1] PASSED                        [ 90%]
tests/test_objects.py::test_to_string[1.25-1.25] PASSED                  [ 91%]
tests/test_objects.py::test_to_string[True-True] PASSED                  [ 91%]
tests/test_objects.py::test_to_string[case3-[1]] PASSED                  [ 91%]
tests/test_objects.py::test_to_string[d\xc3\xa9j\xc3\xa0 vu-d\xc3\xa9j\xc3\xa0 vu] PASSED [ 92%]
tests/test_objects.py::test_to_string[-] PASSED                          [ 92%]
tests/test_objects.py::test_to_string[None-] PASSED                      [ 92%]
tests/test_objects.py::test_to_string[case7-2026-01-17] PASSED           [ 93%]
tests/test_objects.py::test_transform[case0-expected0] PASSED            [ 93%]
tests/test_objects.py::test_transform[case1-expected1] PASSED            [ 94%]
tests/test_objects.py::test_transform[case2-expected2] PASSED            [ 94%]
tests/test_objects.py::test_update[case0-expected0] PASSED               [ 94%]
tests/test_objects.py::test_update[case1-expected1] PASSED               [ 95%]
tests/test_objects.py::test_update[case2-expected2] PASSED               [ 95%]
tests/test_objects.py::test_update_with[case0-expected0] PASSED          [ 96%]
tests/test_objects.py::test_update_with[case1-expected1] PASSED          [ 96%]
tests/test_objects.py::test_update_with[case2-expected2] PASSED          [ 96%]
tests/test_objects.py::test_unset[obj0-a.0.b.c-True-new_obj0] PASSED     [ 97%]
tests/test_objects.py::test_unset[obj1-1-True-new_obj1] PASSED           [ 97%]
tests/test_objects.py::test_unset[obj2-1-True-new_obj2] PASSED           [ 98%]
tests/test_objects.py::test_unset[obj3-path3-True-new_obj3] PASSED       [ 98%]
tests/test_objects.py::test_unset[obj4-[0][0]-False-new_obj4] PASSED     [ 98%]
tests/test_objects.py::test_unset[obj5-[0][0][0]-False-new_obj5] PASSED  [ 99%]
tests/test_objects.py::test_values[case0-expected0] PASSED               [ 99%]
tests/test_objects.py::test_values[case1-expected1] PASSED               [100%]

------ generated xml file: /workspace/pydash/build/testresults/junit.xml -------
========================== 256 passed in 0.26 seconds ==========================

2026-01-16 21:07:47,897 - src.agents.base - INFO - Tool RunTest: ✓
2026-01-16 21:07:47,897 - src.agents.base - INFO - Tool RunTest: ✓
2026-01-16 21:07:50,895 - src.agents.base - INFO - SingleAgent - LLM response (556 chars):
```json
{
  "status": "success",
  "vulnerability": "Arbitrary attribute access allowed dangerous attributes (e.g., __class__, __dict__, etc.) to be read, leading to possible code execution or information disclosure (CWE-94, CWE-77, CWE-78).",
  "fix": "Restricted access to dangerous and dunder attributes in _base_get_object by raising KeyError if such attributes are requested, blocking exploitation.",
  "iterations": 2,
  "files_modified": ["src/pydash/helpers.py"],
  "verification": {
    "poc_passed": true,
    "regression_passed": true
  }
}
```

2026-01-16 21:07:50,895 - src.agents.base - INFO - SingleAgent - LLM response (556 chars):
```json
{
  "status": "success",
  "vulnerability": "Arbitrary attribute access allowed dangerous attributes (e.g., __class__, __dict__, etc.) to be read, leading to possible code execution or information disclosure (CWE-94, CWE-77, CWE-78).",
  "fix": "Restricted access to dangerous and dunder attributes in _base_get_object by raising KeyError if such attributes are requested, blocking exploitation.",
  "iterations": 2,
  "files_modified": ["src/pydash/helpers.py"],
  "verification": {
    "poc_passed": true,
    "regression_passed": true
  }
}
```

2026-01-16 21:07:50,896 - orchestrator - INFO - Completed: Sample: CVE-2023-26145 | Status: success | Rounds: 2 | Duration: 80.7s
2026-01-16 21:07:50,896 - orchestrator - INFO - Completed: Sample: CVE-2023-26145 | Status: success | Rounds: 2 | Duration: 80.7s
2026-01-16 21:07:51,040 - __main__ - INFO - Extracted patch via /workspace/fix.patch (1588 bytes)
