2026-01-16 18:20:48,408 - orchestrator - INFO - Starting single-agent patching run for CVE-2023-32303
2026-01-16 18:20:48,408 - orchestrator - INFO - Starting single-agent patching run for CVE-2023-32303
2026-01-16 18:20:48,423 - orchestrator - INFO - Using container: single_agent_cve-2023-32303_97df6f70, work_dir: /workspace/planet-client-python
2026-01-16 18:20:48,423 - orchestrator - INFO - Using container: single_agent_cve-2023-32303_97df6f70, work_dir: /workspace/planet-client-python
2026-01-16 18:20:48,425 - src.agents.base - INFO - SingleAgent - LLM call prompt (1557 chars):
## Your Mission

Fix the security vulnerability in this codebase.

## Vulnerability Details

**CVE:** CVE-2023-32303
**CWE:** ['CWE-732']
**Affected File:** planet/auth.py

**Vulnerable Locations:**
Not provided

### Description
No description provided. You'll need to investigate.

### Vulnerable Code Snippet (may be stale vs line numbers)
```Python
    def __init__(self, path):
        self.path = path
```

## Your Task

Execute the complete patching workflow autonomously:

1. **ANALYZE**: Read and understand the vulnerable code
   - Use ReadFile to examine the full file
   - Use FindClass to understand dependencies
   - Identify the root cause based on CWE/CVE information
   - Account for **all** listed vulnerable locations (multiple hunks/files may be affected)

2. **PLAN**: Formulate your fix strategy
   - Decide what needs to change and why
   - Consider security completeness and edge cases
   - Keep changes minimal and focused

3. **IMPLEMENT**: Apply the patch
   - Use EditCode to modify the vulnerable code
   - Ensure complete, valid, syntactically correct code
   - Preserve existing style and conventions

4. **VERIFY**: Run tests to validate
   - Use RunTest to execute PoC and unit tests
   - Read test output carefully to determine pass/fail
   - Verify both security fix and no regressions

5. **ITERATE**: If tests fail, adjust and retry
   - Analyze what went wrong
   - Try a different approach
   - Don't repeat the same mistake

You have all the tools and knowledge you need. Work autonomously and systematically.

Begin!

2026-01-16 18:20:48,425 - src.agents.base - INFO - SingleAgent - LLM call prompt (1557 chars):
## Your Mission

Fix the security vulnerability in this codebase.

## Vulnerability Details

**CVE:** CVE-2023-32303
**CWE:** ['CWE-732']
**Affected File:** planet/auth.py

**Vulnerable Locations:**
Not provided

### Description
No description provided. You'll need to investigate.

### Vulnerable Code Snippet (may be stale vs line numbers)
```Python
    def __init__(self, path):
        self.path = path
```

## Your Task

Execute the complete patching workflow autonomously:

1. **ANALYZE**: Read and understand the vulnerable code
   - Use ReadFile to examine the full file
   - Use FindClass to understand dependencies
   - Identify the root cause based on CWE/CVE information
   - Account for **all** listed vulnerable locations (multiple hunks/files may be affected)

2. **PLAN**: Formulate your fix strategy
   - Decide what needs to change and why
   - Consider security completeness and edge cases
   - Keep changes minimal and focused

3. **IMPLEMENT**: Apply the patch
   - Use EditCode to modify the vulnerable code
   - Ensure complete, valid, syntactically correct code
   - Preserve existing style and conventions

4. **VERIFY**: Run tests to validate
   - Use RunTest to execute PoC and unit tests
   - Read test output carefully to determine pass/fail
   - Verify both security fix and no regressions

5. **ITERATE**: If tests fail, adjust and retry
   - Analyze what went wrong
   - Try a different approach
   - Don't repeat the same mistake

You have all the tools and knowledge you need. Work autonomously and systematically.

Begin!

2026-01-16 18:20:50,035 - src.agents.base - INFO - SingleAgent executing tool: ReadFile
2026-01-16 18:20:50,035 - src.agents.base - INFO - SingleAgent executing tool: ReadFile
2026-01-16 18:20:50,035 - src.agents.base - INFO - Tool arguments:
{
  "file_path": "planet/auth.py",
  "start_line": 1,
  "end_line": 60
}
2026-01-16 18:20:50,035 - src.agents.base - INFO - Tool arguments:
{
  "file_path": "planet/auth.py",
  "start_line": 1,
  "end_line": 60
}
2026-01-16 18:20:50,342 - src.agents.base - INFO - Tool ReadFile: ✓
2026-01-16 18:20:50,342 - src.agents.base - INFO - Tool ReadFile: ✓
2026-01-16 18:20:52,176 - src.agents.base - INFO - SingleAgent executing tool: ReadFile
2026-01-16 18:20:52,176 - src.agents.base - INFO - SingleAgent executing tool: ReadFile
2026-01-16 18:20:52,176 - src.agents.base - INFO - Tool arguments:
{
  "file_path": "planet/auth.py",
  "start_line": 61,
  "end_line": 120
}
2026-01-16 18:20:52,176 - src.agents.base - INFO - Tool arguments:
{
  "file_path": "planet/auth.py",
  "start_line": 61,
  "end_line": 120
}
2026-01-16 18:20:52,334 - src.agents.base - INFO - Tool ReadFile: ✓
2026-01-16 18:20:52,334 - src.agents.base - INFO - Tool ReadFile: ✓
2026-01-16 18:20:53,556 - src.agents.base - INFO - SingleAgent executing tool: ReadFile
2026-01-16 18:20:53,556 - src.agents.base - INFO - SingleAgent executing tool: ReadFile
2026-01-16 18:20:53,556 - src.agents.base - INFO - Tool arguments:
{
  "file_path": "planet/auth.py",
  "start_line": 121,
  "end_line": 180
}
2026-01-16 18:20:53,556 - src.agents.base - INFO - Tool arguments:
{
  "file_path": "planet/auth.py",
  "start_line": 121,
  "end_line": 180
}
2026-01-16 18:20:53,714 - src.agents.base - INFO - Tool ReadFile: ✓
2026-01-16 18:20:53,714 - src.agents.base - INFO - Tool ReadFile: ✓
2026-01-16 18:20:54,880 - src.agents.base - INFO - SingleAgent executing tool: ReadFile
2026-01-16 18:20:54,880 - src.agents.base - INFO - SingleAgent executing tool: ReadFile
2026-01-16 18:20:54,880 - src.agents.base - INFO - Tool arguments:
{
  "file_path": "planet/auth.py",
  "start_line": 181,
  "end_line": 240
}
2026-01-16 18:20:54,880 - src.agents.base - INFO - Tool arguments:
{
  "file_path": "planet/auth.py",
  "start_line": 181,
  "end_line": 240
}
2026-01-16 18:20:55,055 - src.agents.base - INFO - Tool ReadFile: ✓
2026-01-16 18:20:55,055 - src.agents.base - INFO - Tool ReadFile: ✓
2026-01-16 18:20:55,894 - src.agents.base - INFO - SingleAgent executing tool: ReadFile
2026-01-16 18:20:55,894 - src.agents.base - INFO - SingleAgent executing tool: ReadFile
2026-01-16 18:20:55,895 - src.agents.base - INFO - Tool arguments:
{
  "file_path": "planet/auth.py",
  "start_line": 241,
  "end_line": 300
}
2026-01-16 18:20:55,895 - src.agents.base - INFO - Tool arguments:
{
  "file_path": "planet/auth.py",
  "start_line": 241,
  "end_line": 300
}
2026-01-16 18:20:56,050 - src.agents.base - INFO - Tool ReadFile: ✓
2026-01-16 18:20:56,050 - src.agents.base - INFO - Tool ReadFile: ✓
2026-01-16 18:20:57,015 - src.agents.base - INFO - SingleAgent executing tool: FindClass
2026-01-16 18:20:57,015 - src.agents.base - INFO - SingleAgent executing tool: FindClass
2026-01-16 18:20:57,015 - src.agents.base - INFO - Tool arguments:
{
  "symbol_name": "_SecretFile",
  "search_type": "usage",
  "file_pattern": "planet/auth.py"
}
2026-01-16 18:20:57,015 - src.agents.base - INFO - Tool arguments:
{
  "symbol_name": "_SecretFile",
  "search_type": "usage",
  "file_pattern": "planet/auth.py"
}
2026-01-16 18:20:57,192 - src.agents.base - INFO - Tool FindClass: ✓
2026-01-16 18:20:57,192 - src.agents.base - INFO - Tool FindClass: ✓
2026-01-16 18:20:58,167 - src.agents.base - INFO - SingleAgent executing tool: FindClass
2026-01-16 18:20:58,167 - src.agents.base - INFO - SingleAgent executing tool: FindClass
2026-01-16 18:20:58,167 - src.agents.base - INFO - Tool arguments:
{
  "symbol_name": "_SecretFile",
  "search_type": "usage",
  "file_pattern": "*.py"
}
2026-01-16 18:20:58,167 - src.agents.base - INFO - Tool arguments:
{
  "symbol_name": "_SecretFile",
  "search_type": "usage",
  "file_pattern": "*.py"
}
2026-01-16 18:20:58,339 - src.agents.base - INFO - Tool FindClass: ✓
2026-01-16 18:20:58,339 - src.agents.base - INFO - Tool FindClass: ✓
2026-01-16 18:20:59,374 - src.agents.base - INFO - SingleAgent executing tool: ReadFile
2026-01-16 18:20:59,374 - src.agents.base - INFO - SingleAgent executing tool: ReadFile
2026-01-16 18:20:59,374 - src.agents.base - INFO - Tool arguments:
{
  "file_path": "tests/integration/test_auth_cli.py",
  "start_line": 1,
  "end_line": 40
}
2026-01-16 18:20:59,374 - src.agents.base - INFO - Tool arguments:
{
  "file_path": "tests/integration/test_auth_cli.py",
  "start_line": 1,
  "end_line": 40
}
2026-01-16 18:20:59,513 - src.agents.base - INFO - Tool ReadFile: ✓
2026-01-16 18:20:59,513 - src.agents.base - INFO - Tool ReadFile: ✓
2026-01-16 18:21:00,441 - src.agents.base - INFO - SingleAgent executing tool: ReadFile
2026-01-16 18:21:00,441 - src.agents.base - INFO - SingleAgent executing tool: ReadFile
2026-01-16 18:21:00,442 - src.agents.base - INFO - Tool arguments:
{
  "file_path": "tests/unit/test_auth.py",
  "start_line": 1,
  "end_line": 40
}
2026-01-16 18:21:00,442 - src.agents.base - INFO - Tool arguments:
{
  "file_path": "tests/unit/test_auth.py",
  "start_line": 1,
  "end_line": 40
}
2026-01-16 18:21:00,588 - src.agents.base - INFO - Tool ReadFile: ✓
2026-01-16 18:21:00,588 - src.agents.base - INFO - Tool ReadFile: ✓
2026-01-16 18:21:01,516 - src.agents.base - INFO - SingleAgent executing tool: ReadFile
2026-01-16 18:21:01,516 - src.agents.base - INFO - SingleAgent executing tool: ReadFile
2026-01-16 18:21:01,517 - src.agents.base - INFO - Tool arguments:
{
  "file_path": "tests/unit/test_auth.py",
  "start_line": 41,
  "end_line": 100
}
2026-01-16 18:21:01,517 - src.agents.base - INFO - Tool arguments:
{
  "file_path": "tests/unit/test_auth.py",
  "start_line": 41,
  "end_line": 100
}
2026-01-16 18:21:01,671 - src.agents.base - INFO - Tool ReadFile: ✓
2026-01-16 18:21:01,671 - src.agents.base - INFO - Tool ReadFile: ✓
2026-01-16 18:21:03,391 - src.agents.base - INFO - SingleAgent executing tool: ReadFile
2026-01-16 18:21:03,391 - src.agents.base - INFO - SingleAgent executing tool: ReadFile
2026-01-16 18:21:03,391 - src.agents.base - INFO - Tool arguments:
{
  "file_path": "tests/unit/test_auth.py",
  "start_line": 101,
  "end_line": 160
}
2026-01-16 18:21:03,391 - src.agents.base - INFO - Tool arguments:
{
  "file_path": "tests/unit/test_auth.py",
  "start_line": 101,
  "end_line": 160
}
2026-01-16 18:21:03,530 - src.agents.base - INFO - Tool ReadFile: ✓
2026-01-16 18:21:03,530 - src.agents.base - INFO - Tool ReadFile: ✓
2026-01-16 18:21:04,513 - src.agents.base - INFO - SingleAgent executing tool: ReadFile
2026-01-16 18:21:04,513 - src.agents.base - INFO - SingleAgent executing tool: ReadFile
2026-01-16 18:21:04,513 - src.agents.base - INFO - Tool arguments:
{
  "file_path": "tests/unit/test_cli_session.py",
  "start_line": 1,
  "end_line": 40
}
2026-01-16 18:21:04,513 - src.agents.base - INFO - Tool arguments:
{
  "file_path": "tests/unit/test_cli_session.py",
  "start_line": 1,
  "end_line": 40
}
2026-01-16 18:21:04,651 - src.agents.base - INFO - Tool ReadFile: ✓
2026-01-16 18:21:04,651 - src.agents.base - INFO - Tool ReadFile: ✓
2026-01-16 18:21:06,157 - src.agents.base - INFO - SingleAgent executing tool: ReadFile
2026-01-16 18:21:06,157 - src.agents.base - INFO - SingleAgent executing tool: ReadFile
2026-01-16 18:21:06,157 - src.agents.base - INFO - Tool arguments:
{
  "file_path": "tests/conftest.py",
  "start_line": 1,
  "end_line": 40
}
2026-01-16 18:21:06,157 - src.agents.base - INFO - Tool arguments:
{
  "file_path": "tests/conftest.py",
  "start_line": 1,
  "end_line": 40
}
2026-01-16 18:21:06,328 - src.agents.base - INFO - Tool ReadFile: ✓
2026-01-16 18:21:06,328 - src.agents.base - INFO - Tool ReadFile: ✓
2026-01-16 18:21:07,644 - src.agents.base - INFO - SingleAgent executing tool: ReadFile
2026-01-16 18:21:07,644 - src.agents.base - INFO - SingleAgent executing tool: ReadFile
2026-01-16 18:21:07,645 - src.agents.base - INFO - Tool arguments:
{
  "file_path": "planet/auth.py",
  "start_line": 1,
  "end_line": 20
}
2026-01-16 18:21:07,645 - src.agents.base - INFO - Tool arguments:
{
  "file_path": "planet/auth.py",
  "start_line": 1,
  "end_line": 20
}
2026-01-16 18:21:07,795 - src.agents.base - INFO - Tool ReadFile: ✓
2026-01-16 18:21:07,795 - src.agents.base - INFO - Tool ReadFile: ✓
2026-01-16 18:21:08,696 - src.agents.base - INFO - SingleAgent executing tool: ReadFile
2026-01-16 18:21:08,696 - src.agents.base - INFO - SingleAgent executing tool: ReadFile
2026-01-16 18:21:08,697 - src.agents.base - INFO - Tool arguments:
{
  "file_path": "planet/auth.py",
  "start_line": 221,
  "end_line": 240
}
2026-01-16 18:21:08,697 - src.agents.base - INFO - Tool arguments:
{
  "file_path": "planet/auth.py",
  "start_line": 221,
  "end_line": 240
}
2026-01-16 18:21:08,837 - src.agents.base - INFO - Tool ReadFile: ✓
2026-01-16 18:21:08,837 - src.agents.base - INFO - Tool ReadFile: ✓
2026-01-16 18:21:09,799 - src.agents.base - INFO - SingleAgent executing tool: ReadFile
2026-01-16 18:21:09,799 - src.agents.base - INFO - SingleAgent executing tool: ReadFile
2026-01-16 18:21:09,800 - src.agents.base - INFO - Tool arguments:
{
  "file_path": "planet/auth.py",
  "start_line": 1,
  "end_line": 300
}
2026-01-16 18:21:09,800 - src.agents.base - INFO - Tool arguments:
{
  "file_path": "planet/auth.py",
  "start_line": 1,
  "end_line": 300
}
2026-01-16 18:21:09,934 - src.agents.base - INFO - Tool ReadFile: ✓
2026-01-16 18:21:09,934 - src.agents.base - INFO - Tool ReadFile: ✓
2026-01-16 18:21:11,085 - src.agents.base - INFO - SingleAgent executing tool: ReadFile
2026-01-16 18:21:11,085 - src.agents.base - INFO - SingleAgent executing tool: ReadFile
2026-01-16 18:21:11,086 - src.agents.base - INFO - Tool arguments:
{
  "file_path": "planet/auth.py",
  "start_line": 301,
  "end_line": 320
}
2026-01-16 18:21:11,086 - src.agents.base - INFO - Tool arguments:
{
  "file_path": "planet/auth.py",
  "start_line": 301,
  "end_line": 320
}
2026-01-16 18:21:11,215 - src.agents.base - INFO - Tool ReadFile: ✓
2026-01-16 18:21:11,215 - src.agents.base - INFO - Tool ReadFile: ✓
2026-01-16 18:21:24,170 - src.agents.base - INFO - SingleAgent executing tool: EditCode
2026-01-16 18:21:24,170 - src.agents.base - INFO - SingleAgent executing tool: EditCode
2026-01-16 18:21:24,172 - src.agents.base - INFO - Tool arguments:
{
  "file_path": "planet/auth.py",
  "old_code": "    def _write(self, contents: dict):\n        LOGGER.debug(f'Writing to {self.path}')\n        with open(self.path, 'w') as fp:\n            fp.write(json.dumps(contents))",
  "new_code": "    def _write(self, contents: dict):\n        LOGGER.debug(f'Writing to {self.path}')\n        import os\n        flags = os.O_WRONLY | os.O_CREAT | os.O_TRUNC\n        mode = 0o600  # Owner read/write only\n        fd = os.open(self.path, flags, mode)\n        try:\n            with os.fdopen(fd, 'w') as fp:\n                fp.write(json.dumps(contents))\n        finally:\n            try:\n                os.close(fd)\n            except OSError:\n                pass\n",
  "fuzzy_match": true,
  "skip_validation": false
}
2026-01-16 18:21:24,172 - src.agents.base - INFO - Tool arguments:
{
  "file_path": "planet/auth.py",
  "old_code": "    def _write(self, contents: dict):\n        LOGGER.debug(f'Writing to {self.path}')\n        with open(self.path, 'w') as fp:\n            fp.write(json.dumps(contents))",
  "new_code": "    def _write(self, contents: dict):\n        LOGGER.debug(f'Writing to {self.path}')\n        import os\n        flags = os.O_WRONLY | os.O_CREAT | os.O_TRUNC\n        mode = 0o600  # Owner read/write only\n        fd = os.open(self.path, flags, mode)\n        try:\n            with os.fdopen(fd, 'w') as fp:\n                fp.write(json.dumps(contents))\n        finally:\n            try:\n                os.close(fd)\n            except OSError:\n                pass\n",
  "fuzzy_match": true,
  "skip_validation": false
}
2026-01-16 18:21:24,342 - src.tools.edit_code - INFO - EditCodeTool: Writing 7784 chars to planet/auth.py (match_type=exact)
2026-01-16 18:21:24,342 - src.tools.edit_code - INFO - EditCodeTool: Writing 7784 chars to planet/auth.py (match_type=exact)
2026-01-16 18:21:24,487 - src.agents.base - INFO - Tool EditCode: ✓
2026-01-16 18:21:24,487 - src.agents.base - INFO - Tool EditCode: ✓
2026-01-16 18:21:25,564 - src.agents.base - INFO - SingleAgent executing tool: RunTest
2026-01-16 18:21:25,564 - src.agents.base - INFO - SingleAgent executing tool: RunTest
2026-01-16 18:21:25,565 - src.agents.base - INFO - Tool arguments:
{
  "run_prepare": true,
  "timeout": 120,
  "include_paths": [
    "planet/auth.py"
  ],
  "run_unittest": true
}
2026-01-16 18:21:25,565 - src.agents.base - INFO - Tool arguments:
{
  "run_prepare": true,
  "timeout": 120,
  "include_paths": [
    "planet/auth.py"
  ],
  "run_unittest": true
}
2026-01-16 18:21:25,888 - src.tools.run_test - INFO - Extracted 1 file paths from /workspace/test.patch: ['tests/unit/test_auth.py']
2026-01-16 18:21:25,888 - src.tools.run_test - INFO - Extracted 1 file paths from /workspace/test.patch: ['tests/unit/test_auth.py']
2026-01-16 18:21:25,888 - src.tools.run_test - INFO - Generating git diff for fix.patch
2026-01-16 18:21:25,888 - src.tools.run_test - INFO - Generating git diff for fix.patch
2026-01-16 18:21:25,888 - src.tools.run_test - INFO -   include_paths: ['planet/auth.py']
2026-01-16 18:21:25,888 - src.tools.run_test - INFO -   include_paths: ['planet/auth.py']
2026-01-16 18:21:25,889 - src.tools.run_test - INFO -   exclude_paths (from test.patch): ['tests/unit/test_auth.py']
2026-01-16 18:21:25,889 - src.tools.run_test - INFO -   exclude_paths (from test.patch): ['tests/unit/test_auth.py']
2026-01-16 18:21:25,889 - src.tools.run_test - INFO -   git diff command: git diff HEAD -- 'planet/auth.py' ':(exclude)tests/unit/test_auth.py'
2026-01-16 18:21:25,889 - src.tools.run_test - INFO -   git diff command: git diff HEAD -- 'planet/auth.py' ':(exclude)tests/unit/test_auth.py'
2026-01-16 18:21:26,026 - src.tools.run_test - INFO -   Generated patch: 807 bytes, 26 lines
2026-01-16 18:21:26,026 - src.tools.run_test - INFO -   Generated patch: 807 bytes, 26 lines
2026-01-16 18:21:26,026 - src.tools.run_test - INFO -   Patch content:
diff --git a/planet/auth.py b/planet/auth.py
index e50f1af..156e4e4 100644
--- a/planet/auth.py
+++ b/planet/auth.py
@@ -240,8 +240,19 @@ class _SecretFile:
 
     def _write(self, contents: dict):
         LOGGER.debug(f'Writing to {self.path}')
-        with open(self.path, 'w') as fp:
-            fp.write(json.dumps(contents))
+        import os
+        flags = os.O_WRONLY | os.O_CREAT | os.O_TRUNC
+        mode = 0o600  # Owner read/write only
+        fd = os.open(self.path, flags, mode)
+        try:
+            with os.fdopen(fd, 'w') as fp:
+                fp.write(json.dumps(contents))
+        finally:
+            try:
+                os.close(fd)
+            except OSError:
+                pass
+
 
     def read(self) -> dict:
         LOGGER.debug(f'Reading from {self.path}')

2026-01-16 18:21:26,026 - src.tools.run_test - INFO -   Patch content:
diff --git a/planet/auth.py b/planet/auth.py
index e50f1af..156e4e4 100644
--- a/planet/auth.py
+++ b/planet/auth.py
@@ -240,8 +240,19 @@ class _SecretFile:
 
     def _write(self, contents: dict):
         LOGGER.debug(f'Writing to {self.path}')
-        with open(self.path, 'w') as fp:
-            fp.write(json.dumps(contents))
+        import os
+        flags = os.O_WRONLY | os.O_CREAT | os.O_TRUNC
+        mode = 0o600  # Owner read/write only
+        fd = os.open(self.path, flags, mode)
+        try:
+            with os.fdopen(fd, 'w') as fp:
+                fp.write(json.dumps(contents))
+        finally:
+            try:
+                os.close(fd)
+            except OSError:
+                pass
+
 
     def read(self) -> dict:
         LOGGER.debug(f'Reading from {self.path}')

2026-01-16 18:21:26,123 - src.tools.run_test - INFO - Running prepare.sh to reset repository...
2026-01-16 18:21:26,123 - src.tools.run_test - INFO - Running prepare.sh to reset repository...
2026-01-16 18:21:26,703 - src.tools.run_test - INFO - Running fix-run.sh for PoC validation...
2026-01-16 18:21:26,703 - src.tools.run_test - INFO - Running fix-run.sh for PoC validation...
2026-01-16 18:21:26,856 - src.tools.run_test - INFO - Patch being tested:
diff --git a/planet/auth.py b/planet/auth.py
index e50f1af..156e4e4 100644
--- a/planet/auth.py
+++ b/planet/auth.py
@@ -240,8 +240,19 @@ class _SecretFile:
 
     def _write(self, contents: dict):
         LOGGER.debug(f'Writing to {self.path}')
-        with open(self.path, 'w') as fp:
-            fp.write(json.dumps(contents))
+        import os
+        flags = os.O_WRONLY | os.O_CREAT | os.O_TRUNC
+        mode = 0o600  # Owner read/write only
+        fd = os.open(self.path, flags, mode)
+        try:
+            with os.fdopen(fd, 'w') as fp:
+                fp.write(json.dumps(contents))
+        finally:
+            try:
+                os.close(fd)
+            except OSError:
+                pass
+
 
     def read(self) -> dict:
         LOGGER.debug(f'Reading from {self.path}')


2026-01-16 18:21:26,856 - src.tools.run_test - INFO - Patch being tested:
diff --git a/planet/auth.py b/planet/auth.py
index e50f1af..156e4e4 100644
--- a/planet/auth.py
+++ b/planet/auth.py
@@ -240,8 +240,19 @@ class _SecretFile:
 
     def _write(self, contents: dict):
         LOGGER.debug(f'Writing to {self.path}')
-        with open(self.path, 'w') as fp:
-            fp.write(json.dumps(contents))
+        import os
+        flags = os.O_WRONLY | os.O_CREAT | os.O_TRUNC
+        mode = 0o600  # Owner read/write only
+        fd = os.open(self.path, flags, mode)
+        try:
+            with os.fdopen(fd, 'w') as fp:
+                fp.write(json.dumps(contents))
+        finally:
+            try:
+                os.close(fd)
+            except OSError:
+                pass
+
 
     def read(self) -> dict:
         LOGGER.debug(f'Reading from {self.path}')


2026-01-16 18:21:27,659 - src.tools.run_test - INFO - fix-run.sh completed with exit code 1
2026-01-16 18:21:27,659 - src.tools.run_test - INFO - fix-run.sh completed with exit code 1
2026-01-16 18:21:27,660 - src.tools.run_test - INFO - fix-run.sh output:
============================= test session starts ==============================
platform linux -- Python 3.8.20, pytest-8.3.5, pluggy-1.5.0
rootdir: /workspace/planet-client-python/tests
configfile: pytest.ini
plugins: anyio-4.5.2
collected 2 items

tests/unit/test_auth.py::test__SecretFile_permissions_doesnotexist PASSED [ 50%]
tests/unit/test_auth.py::test__SecretFile_permissions_incorrect FAILED   [100%]

=================================== FAILURES ===================================
____________________ test__SecretFile_permissions_incorrect ____________________

secret_path = PosixPath('/tmp/pytest-of-root/pytest-2/test__SecretFile_permissions_i0/.test')

    def test__SecretFile_permissions_incorrect(secret_path):
        '''Incorrect permissions are fixed'''
        with open(secret_path, 'w') as fp:
            fp.write('{"existing": "exists"}')
    
        secret_path.chmod(0o666)
    
        auth._SecretFile(secret_path)
>       assert secret_path.stat().st_mode & 0o777 == 0o600
E       AssertionError: assert (33206 & 511) == 384
E        +  where 33206 = os.stat_result(st_mode=33206, st_ino=676594, st_dev=62, st_nlink=1, st_uid=0, st_gid=0, st_size=22, st_atime=1768605687, st_mtime=1768605687, st_ctime=1768605687).st_mode
E        +    where os.stat_result(st_mode=33206, st_ino=676594, st_dev=62, st_nlink=1, st_uid=0, st_gid=0, st_size=22, st_atime=1768605687, st_mtime=1768605687, st_ctime=1768605687) = stat()
E        +      where stat = PosixPath('/tmp/pytest-of-root/pytest-2/test__SecretFile_permissions_i0/.test').stat

tests/unit/test_auth.py:156: AssertionError
=========================== short test summary info ============================
FAILED tests/unit/test_auth.py::test__SecretFile_permissions_incorrect - Asse...
========================= 1 failed, 1 passed in 0.05s ==========================

2026-01-16 18:21:27,660 - src.tools.run_test - INFO - fix-run.sh output:
============================= test session starts ==============================
platform linux -- Python 3.8.20, pytest-8.3.5, pluggy-1.5.0
rootdir: /workspace/planet-client-python/tests
configfile: pytest.ini
plugins: anyio-4.5.2
collected 2 items

tests/unit/test_auth.py::test__SecretFile_permissions_doesnotexist PASSED [ 50%]
tests/unit/test_auth.py::test__SecretFile_permissions_incorrect FAILED   [100%]

=================================== FAILURES ===================================
____________________ test__SecretFile_permissions_incorrect ____________________

secret_path = PosixPath('/tmp/pytest-of-root/pytest-2/test__SecretFile_permissions_i0/.test')

    def test__SecretFile_permissions_incorrect(secret_path):
        '''Incorrect permissions are fixed'''
        with open(secret_path, 'w') as fp:
            fp.write('{"existing": "exists"}')
    
        secret_path.chmod(0o666)
    
        auth._SecretFile(secret_path)
>       assert secret_path.stat().st_mode & 0o777 == 0o600
E       AssertionError: assert (33206 & 511) == 384
E        +  where 33206 = os.stat_result(st_mode=33206, st_ino=676594, st_dev=62, st_nlink=1, st_uid=0, st_gid=0, st_size=22, st_atime=1768605687, st_mtime=1768605687, st_ctime=1768605687).st_mode
E        +    where os.stat_result(st_mode=33206, st_ino=676594, st_dev=62, st_nlink=1, st_uid=0, st_gid=0, st_size=22, st_atime=1768605687, st_mtime=1768605687, st_ctime=1768605687) = stat()
E        +      where stat = PosixPath('/tmp/pytest-of-root/pytest-2/test__SecretFile_permissions_i0/.test').stat

tests/unit/test_auth.py:156: AssertionError
=========================== short test summary info ============================
FAILED tests/unit/test_auth.py::test__SecretFile_permissions_incorrect - Asse...
========================= 1 failed, 1 passed in 0.05s ==========================

2026-01-16 18:21:27,754 - src.tools.run_test - INFO - Running prepare.sh to reset repository...
2026-01-16 18:21:27,754 - src.tools.run_test - INFO - Running prepare.sh to reset repository...
2026-01-16 18:21:28,372 - src.tools.run_test - INFO - Running unit_test.sh for regression testing...
2026-01-16 18:21:28,372 - src.tools.run_test - INFO - Running unit_test.sh for regression testing...
2026-01-16 18:21:28,992 - src.tools.run_test - INFO - unit_test.sh completed with exit code 0
2026-01-16 18:21:28,992 - src.tools.run_test - INFO - unit_test.sh completed with exit code 0
2026-01-16 18:21:28,992 - src.tools.run_test - INFO - unit_test.sh output:
============================= test session starts ==============================
platform linux -- Python 3.8.20, pytest-8.3.5, pluggy-1.5.0
rootdir: /workspace/planet-client-python/tests
configfile: pytest.ini
plugins: anyio-4.5.2
collected 13 items

tests/unit/test_auth.py::test_Auth_from_key PASSED                       [  7%]
tests/unit/test_auth.py::test_Auth_from_key_empty PASSED                 [ 15%]
tests/unit/test_auth.py::test_Auth_from_file PASSED                      [ 23%]
tests/unit/test_auth.py::test_Auth_from_file_doesnotexist PASSED         [ 30%]
tests/unit/test_auth.py::test_Auth_from_file_wrongformat PASSED          [ 38%]
tests/unit/test_auth.py::test_Auth_from_file_alternate PASSED            [ 46%]
tests/unit/test_auth.py::test_Auth_from_env PASSED                       [ 53%]
tests/unit/test_auth.py::test_Auth_from_env_failure PASSED               [ 61%]
tests/unit/test_auth.py::test_Auth_from_env_alternate_success PASSED     [ 69%]
tests/unit/test_auth.py::test_Auth_from_env_alternate_doesnotexist PASSED [ 76%]
tests/unit/test_auth.py::test_Auth_from_login PASSED                     [ 84%]
tests/unit/test_auth.py::test_Auth_store_doesnotexist PASSED             [ 92%]
tests/unit/test_auth.py::test_Auth_store_exists PASSED                   [100%]

============================== 13 passed in 0.03s ==============================

2026-01-16 18:21:28,992 - src.tools.run_test - INFO - unit_test.sh output:
============================= test session starts ==============================
platform linux -- Python 3.8.20, pytest-8.3.5, pluggy-1.5.0
rootdir: /workspace/planet-client-python/tests
configfile: pytest.ini
plugins: anyio-4.5.2
collected 13 items

tests/unit/test_auth.py::test_Auth_from_key PASSED                       [  7%]
tests/unit/test_auth.py::test_Auth_from_key_empty PASSED                 [ 15%]
tests/unit/test_auth.py::test_Auth_from_file PASSED                      [ 23%]
tests/unit/test_auth.py::test_Auth_from_file_doesnotexist PASSED         [ 30%]
tests/unit/test_auth.py::test_Auth_from_file_wrongformat PASSED          [ 38%]
tests/unit/test_auth.py::test_Auth_from_file_alternate PASSED            [ 46%]
tests/unit/test_auth.py::test_Auth_from_env PASSED                       [ 53%]
tests/unit/test_auth.py::test_Auth_from_env_failure PASSED               [ 61%]
tests/unit/test_auth.py::test_Auth_from_env_alternate_success PASSED     [ 69%]
tests/unit/test_auth.py::test_Auth_from_env_alternate_doesnotexist PASSED [ 76%]
tests/unit/test_auth.py::test_Auth_from_login PASSED                     [ 84%]
tests/unit/test_auth.py::test_Auth_store_doesnotexist PASSED             [ 92%]
tests/unit/test_auth.py::test_Auth_store_exists PASSED                   [100%]

============================== 13 passed in 0.03s ==============================

2026-01-16 18:21:28,993 - src.agents.base - INFO - Tool RunTest: ✓
2026-01-16 18:21:28,993 - src.agents.base - INFO - Tool RunTest: ✓
2026-01-16 18:21:38,164 - src.agents.base - INFO - SingleAgent executing tool: EditCode
2026-01-16 18:21:38,164 - src.agents.base - INFO - SingleAgent executing tool: EditCode
2026-01-16 18:21:38,165 - src.agents.base - INFO - Tool arguments:
{
  "file_path": "planet/auth.py",
  "old_code": "    def _write(self, contents: dict):\n        LOGGER.debug(f'Writing to {self.path}')\n        import os\n        flags = os.O_WRONLY | os.O_CREAT | os.O_TRUNC\n        mode = 0o600  # Owner read/write only\n        fd = os.open(self.path, flags, mode)\n        try:\n            with os.fdopen(fd, 'w') as fp:\n                fp.write(json.dumps(contents))\n        finally:\n            try:\n                os.close(fd)\n            except OSError:\n                pass\n",
  "new_code": "    def _write(self, contents: dict):\n        LOGGER.debug(f'Writing to {self.path}')\n        import os\n        flags = os.O_WRONLY | os.O_CREAT | os.O_TRUNC\n        mode = 0o600  # Owner read/write only\n        fd = os.open(self.path, flags, mode)\n        try:\n            with os.fdopen(fd, 'w') as fp:\n                fp.write(json.dumps(contents))\n            # Always enforce correct permissions after writing\n            os.chmod(self.path, 0o600)\n        finally:\n            try:\n                os.close(fd)\n            except OSError:\n                pass\n",
  "fuzzy_match": true,
  "skip_validation": false
}
2026-01-16 18:21:38,165 - src.agents.base - INFO - Tool arguments:
{
  "file_path": "planet/auth.py",
  "old_code": "    def _write(self, contents: dict):\n        LOGGER.debug(f'Writing to {self.path}')\n        import os\n        flags = os.O_WRONLY | os.O_CREAT | os.O_TRUNC\n        mode = 0o600  # Owner read/write only\n        fd = os.open(self.path, flags, mode)\n        try:\n            with os.fdopen(fd, 'w') as fp:\n                fp.write(json.dumps(contents))\n        finally:\n            try:\n                os.close(fd)\n            except OSError:\n                pass\n",
  "new_code": "    def _write(self, contents: dict):\n        LOGGER.debug(f'Writing to {self.path}')\n        import os\n        flags = os.O_WRONLY | os.O_CREAT | os.O_TRUNC\n        mode = 0o600  # Owner read/write only\n        fd = os.open(self.path, flags, mode)\n        try:\n            with os.fdopen(fd, 'w') as fp:\n                fp.write(json.dumps(contents))\n            # Always enforce correct permissions after writing\n            os.chmod(self.path, 0o600)\n        finally:\n            try:\n                os.close(fd)\n            except OSError:\n                pass\n",
  "fuzzy_match": true,
  "skip_validation": false
}
2026-01-16 18:21:38,356 - src.tools.edit_code - INFO - EditCodeTool: Writing 7886 chars to planet/auth.py (match_type=exact)
2026-01-16 18:21:38,356 - src.tools.edit_code - INFO - EditCodeTool: Writing 7886 chars to planet/auth.py (match_type=exact)
2026-01-16 18:21:38,508 - src.agents.base - INFO - Tool EditCode: ✓
2026-01-16 18:21:38,508 - src.agents.base - INFO - Tool EditCode: ✓
2026-01-16 18:21:39,442 - src.agents.base - INFO - SingleAgent executing tool: RunTest
2026-01-16 18:21:39,442 - src.agents.base - INFO - SingleAgent executing tool: RunTest
2026-01-16 18:21:39,443 - src.agents.base - INFO - Tool arguments:
{
  "run_prepare": true,
  "timeout": 120,
  "include_paths": [
    "planet/auth.py"
  ],
  "run_unittest": true
}
2026-01-16 18:21:39,443 - src.agents.base - INFO - Tool arguments:
{
  "run_prepare": true,
  "timeout": 120,
  "include_paths": [
    "planet/auth.py"
  ],
  "run_unittest": true
}
2026-01-16 18:21:39,783 - src.tools.run_test - INFO - Extracted 1 file paths from /workspace/test.patch: ['tests/unit/test_auth.py']
2026-01-16 18:21:39,783 - src.tools.run_test - INFO - Extracted 1 file paths from /workspace/test.patch: ['tests/unit/test_auth.py']
2026-01-16 18:21:39,783 - src.tools.run_test - INFO - Generating git diff for fix.patch
2026-01-16 18:21:39,783 - src.tools.run_test - INFO - Generating git diff for fix.patch
2026-01-16 18:21:39,784 - src.tools.run_test - INFO -   include_paths: ['planet/auth.py']
2026-01-16 18:21:39,784 - src.tools.run_test - INFO -   include_paths: ['planet/auth.py']
2026-01-16 18:21:39,784 - src.tools.run_test - INFO -   exclude_paths (from test.patch): ['tests/unit/test_auth.py']
2026-01-16 18:21:39,784 - src.tools.run_test - INFO -   exclude_paths (from test.patch): ['tests/unit/test_auth.py']
2026-01-16 18:21:39,784 - src.tools.run_test - INFO -   git diff command: git diff HEAD -- 'planet/auth.py' ':(exclude)tests/unit/test_auth.py'
2026-01-16 18:21:39,784 - src.tools.run_test - INFO -   git diff command: git diff HEAD -- 'planet/auth.py' ':(exclude)tests/unit/test_auth.py'
2026-01-16 18:21:39,926 - src.tools.run_test - INFO -   Generated patch: 911 bytes, 28 lines
2026-01-16 18:21:39,926 - src.tools.run_test - INFO -   Generated patch: 911 bytes, 28 lines
2026-01-16 18:21:39,927 - src.tools.run_test - INFO -   Patch content:
diff --git a/planet/auth.py b/planet/auth.py
index e50f1af..1096949 100644
--- a/planet/auth.py
+++ b/planet/auth.py
@@ -240,8 +240,21 @@ class _SecretFile:
 
     def _write(self, contents: dict):
         LOGGER.debug(f'Writing to {self.path}')
-        with open(self.path, 'w') as fp:
-            fp.write(json.dumps(contents))
+        import os
+        flags = os.O_WRONLY | os.O_CREAT | os.O_TRUNC
+        mode = 0o600  # Owner read/write only
+        fd = os.open(self.path, flags, mode)
+        try:
+            with os.fdopen(fd, 'w') as fp:
+                fp.write(json.dumps(contents))
+            # Always enforce correct permissions after writing
+            os.chmod(self.path, 0o600)
+        finally:
+            try:
+                os.close(fd)
+            except OSError:
+                pass
+
 
     def read(self) -> dict:
         LOGGER.debug(f'Reading from {self.path}')

2026-01-16 18:21:39,927 - src.tools.run_test - INFO -   Patch content:
diff --git a/planet/auth.py b/planet/auth.py
index e50f1af..1096949 100644
--- a/planet/auth.py
+++ b/planet/auth.py
@@ -240,8 +240,21 @@ class _SecretFile:
 
     def _write(self, contents: dict):
         LOGGER.debug(f'Writing to {self.path}')
-        with open(self.path, 'w') as fp:
-            fp.write(json.dumps(contents))
+        import os
+        flags = os.O_WRONLY | os.O_CREAT | os.O_TRUNC
+        mode = 0o600  # Owner read/write only
+        fd = os.open(self.path, flags, mode)
+        try:
+            with os.fdopen(fd, 'w') as fp:
+                fp.write(json.dumps(contents))
+            # Always enforce correct permissions after writing
+            os.chmod(self.path, 0o600)
+        finally:
+            try:
+                os.close(fd)
+            except OSError:
+                pass
+
 
     def read(self) -> dict:
         LOGGER.debug(f'Reading from {self.path}')

2026-01-16 18:21:40,021 - src.tools.run_test - INFO - Running prepare.sh to reset repository...
2026-01-16 18:21:40,021 - src.tools.run_test - INFO - Running prepare.sh to reset repository...
2026-01-16 18:21:40,489 - src.tools.run_test - INFO - Running fix-run.sh for PoC validation...
2026-01-16 18:21:40,489 - src.tools.run_test - INFO - Running fix-run.sh for PoC validation...
2026-01-16 18:21:40,597 - src.tools.run_test - INFO - Patch being tested:
diff --git a/planet/auth.py b/planet/auth.py
index e50f1af..1096949 100644
--- a/planet/auth.py
+++ b/planet/auth.py
@@ -240,8 +240,21 @@ class _SecretFile:
 
     def _write(self, contents: dict):
         LOGGER.debug(f'Writing to {self.path}')
-        with open(self.path, 'w') as fp:
-            fp.write(json.dumps(contents))
+        import os
+        flags = os.O_WRONLY | os.O_CREAT | os.O_TRUNC
+        mode = 0o600  # Owner read/write only
+        fd = os.open(self.path, flags, mode)
+        try:
+            with os.fdopen(fd, 'w') as fp:
+                fp.write(json.dumps(contents))
+            # Always enforce correct permissions after writing
+            os.chmod(self.path, 0o600)
+        finally:
+            try:
+                os.close(fd)
+            except OSError:
+                pass
+
 
     def read(self) -> dict:
         LOGGER.debug(f'Reading from {self.path}')


2026-01-16 18:21:40,597 - src.tools.run_test - INFO - Patch being tested:
diff --git a/planet/auth.py b/planet/auth.py
index e50f1af..1096949 100644
--- a/planet/auth.py
+++ b/planet/auth.py
@@ -240,8 +240,21 @@ class _SecretFile:
 
     def _write(self, contents: dict):
         LOGGER.debug(f'Writing to {self.path}')
-        with open(self.path, 'w') as fp:
-            fp.write(json.dumps(contents))
+        import os
+        flags = os.O_WRONLY | os.O_CREAT | os.O_TRUNC
+        mode = 0o600  # Owner read/write only
+        fd = os.open(self.path, flags, mode)
+        try:
+            with os.fdopen(fd, 'w') as fp:
+                fp.write(json.dumps(contents))
+            # Always enforce correct permissions after writing
+            os.chmod(self.path, 0o600)
+        finally:
+            try:
+                os.close(fd)
+            except OSError:
+                pass
+
 
     def read(self) -> dict:
         LOGGER.debug(f'Reading from {self.path}')


2026-01-16 18:21:41,254 - src.tools.run_test - INFO - fix-run.sh completed with exit code 1
2026-01-16 18:21:41,254 - src.tools.run_test - INFO - fix-run.sh completed with exit code 1
2026-01-16 18:21:41,254 - src.tools.run_test - INFO - fix-run.sh output:
============================= test session starts ==============================
platform linux -- Python 3.8.20, pytest-8.3.5, pluggy-1.5.0
rootdir: /workspace/planet-client-python/tests
configfile: pytest.ini
plugins: anyio-4.5.2
collected 2 items

tests/unit/test_auth.py::test__SecretFile_permissions_doesnotexist PASSED [ 50%]
tests/unit/test_auth.py::test__SecretFile_permissions_incorrect FAILED   [100%]

=================================== FAILURES ===================================
____________________ test__SecretFile_permissions_incorrect ____________________

secret_path = PosixPath('/tmp/pytest-of-root/pytest-4/test__SecretFile_permissions_i0/.test')

    def test__SecretFile_permissions_incorrect(secret_path):
        '''Incorrect permissions are fixed'''
        with open(secret_path, 'w') as fp:
            fp.write('{"existing": "exists"}')
    
        secret_path.chmod(0o666)
    
        auth._SecretFile(secret_path)
>       assert secret_path.stat().st_mode & 0o777 == 0o600
E       AssertionError: assert (33206 & 511) == 384
E        +  where 33206 = os.stat_result(st_mode=33206, st_ino=676625, st_dev=62, st_nlink=1, st_uid=0, st_gid=0, st_size=22, st_atime=1768605701, st_mtime=1768605701, st_ctime=1768605701).st_mode
E        +    where os.stat_result(st_mode=33206, st_ino=676625, st_dev=62, st_nlink=1, st_uid=0, st_gid=0, st_size=22, st_atime=1768605701, st_mtime=1768605701, st_ctime=1768605701) = stat()
E        +      where stat = PosixPath('/tmp/pytest-of-root/pytest-4/test__SecretFile_permissions_i0/.test').stat

tests/unit/test_auth.py:156: AssertionError
=========================== short test summary info ============================
FAILED tests/unit/test_auth.py::test__SecretFile_permissions_incorrect - Asse...
========================= 1 failed, 1 passed in 0.05s ==========================

2026-01-16 18:21:41,254 - src.tools.run_test - INFO - fix-run.sh output:
============================= test session starts ==============================
platform linux -- Python 3.8.20, pytest-8.3.5, pluggy-1.5.0
rootdir: /workspace/planet-client-python/tests
configfile: pytest.ini
plugins: anyio-4.5.2
collected 2 items

tests/unit/test_auth.py::test__SecretFile_permissions_doesnotexist PASSED [ 50%]
tests/unit/test_auth.py::test__SecretFile_permissions_incorrect FAILED   [100%]

=================================== FAILURES ===================================
____________________ test__SecretFile_permissions_incorrect ____________________

secret_path = PosixPath('/tmp/pytest-of-root/pytest-4/test__SecretFile_permissions_i0/.test')

    def test__SecretFile_permissions_incorrect(secret_path):
        '''Incorrect permissions are fixed'''
        with open(secret_path, 'w') as fp:
            fp.write('{"existing": "exists"}')
    
        secret_path.chmod(0o666)
    
        auth._SecretFile(secret_path)
>       assert secret_path.stat().st_mode & 0o777 == 0o600
E       AssertionError: assert (33206 & 511) == 384
E        +  where 33206 = os.stat_result(st_mode=33206, st_ino=676625, st_dev=62, st_nlink=1, st_uid=0, st_gid=0, st_size=22, st_atime=1768605701, st_mtime=1768605701, st_ctime=1768605701).st_mode
E        +    where os.stat_result(st_mode=33206, st_ino=676625, st_dev=62, st_nlink=1, st_uid=0, st_gid=0, st_size=22, st_atime=1768605701, st_mtime=1768605701, st_ctime=1768605701) = stat()
E        +      where stat = PosixPath('/tmp/pytest-of-root/pytest-4/test__SecretFile_permissions_i0/.test').stat

tests/unit/test_auth.py:156: AssertionError
=========================== short test summary info ============================
FAILED tests/unit/test_auth.py::test__SecretFile_permissions_incorrect - Asse...
========================= 1 failed, 1 passed in 0.05s ==========================

2026-01-16 18:21:41,342 - src.tools.run_test - INFO - Running prepare.sh to reset repository...
2026-01-16 18:21:41,342 - src.tools.run_test - INFO - Running prepare.sh to reset repository...
2026-01-16 18:21:41,870 - src.tools.run_test - INFO - Running unit_test.sh for regression testing...
2026-01-16 18:21:41,870 - src.tools.run_test - INFO - Running unit_test.sh for regression testing...
2026-01-16 18:21:42,438 - src.tools.run_test - INFO - unit_test.sh completed with exit code 0
2026-01-16 18:21:42,438 - src.tools.run_test - INFO - unit_test.sh completed with exit code 0
2026-01-16 18:21:42,439 - src.tools.run_test - INFO - unit_test.sh output:
============================= test session starts ==============================
platform linux -- Python 3.8.20, pytest-8.3.5, pluggy-1.5.0
rootdir: /workspace/planet-client-python/tests
configfile: pytest.ini
plugins: anyio-4.5.2
collected 13 items

tests/unit/test_auth.py::test_Auth_from_key PASSED                       [  7%]
tests/unit/test_auth.py::test_Auth_from_key_empty PASSED                 [ 15%]
tests/unit/test_auth.py::test_Auth_from_file PASSED                      [ 23%]
tests/unit/test_auth.py::test_Auth_from_file_doesnotexist PASSED         [ 30%]
tests/unit/test_auth.py::test_Auth_from_file_wrongformat PASSED          [ 38%]
tests/unit/test_auth.py::test_Auth_from_file_alternate PASSED            [ 46%]
tests/unit/test_auth.py::test_Auth_from_env PASSED                       [ 53%]
tests/unit/test_auth.py::test_Auth_from_env_failure PASSED               [ 61%]
tests/unit/test_auth.py::test_Auth_from_env_alternate_success PASSED     [ 69%]
tests/unit/test_auth.py::test_Auth_from_env_alternate_doesnotexist PASSED [ 76%]
tests/unit/test_auth.py::test_Auth_from_login PASSED                     [ 84%]
tests/unit/test_auth.py::test_Auth_store_doesnotexist PASSED             [ 92%]
tests/unit/test_auth.py::test_Auth_store_exists PASSED                   [100%]

============================== 13 passed in 0.03s ==============================

2026-01-16 18:21:42,439 - src.tools.run_test - INFO - unit_test.sh output:
============================= test session starts ==============================
platform linux -- Python 3.8.20, pytest-8.3.5, pluggy-1.5.0
rootdir: /workspace/planet-client-python/tests
configfile: pytest.ini
plugins: anyio-4.5.2
collected 13 items

tests/unit/test_auth.py::test_Auth_from_key PASSED                       [  7%]
tests/unit/test_auth.py::test_Auth_from_key_empty PASSED                 [ 15%]
tests/unit/test_auth.py::test_Auth_from_file PASSED                      [ 23%]
tests/unit/test_auth.py::test_Auth_from_file_doesnotexist PASSED         [ 30%]
tests/unit/test_auth.py::test_Auth_from_file_wrongformat PASSED          [ 38%]
tests/unit/test_auth.py::test_Auth_from_file_alternate PASSED            [ 46%]
tests/unit/test_auth.py::test_Auth_from_env PASSED                       [ 53%]
tests/unit/test_auth.py::test_Auth_from_env_failure PASSED               [ 61%]
tests/unit/test_auth.py::test_Auth_from_env_alternate_success PASSED     [ 69%]
tests/unit/test_auth.py::test_Auth_from_env_alternate_doesnotexist PASSED [ 76%]
tests/unit/test_auth.py::test_Auth_from_login PASSED                     [ 84%]
tests/unit/test_auth.py::test_Auth_store_doesnotexist PASSED             [ 92%]
tests/unit/test_auth.py::test_Auth_store_exists PASSED                   [100%]

============================== 13 passed in 0.03s ==============================

2026-01-16 18:21:42,441 - src.agents.base - INFO - Tool RunTest: ✓
2026-01-16 18:21:42,441 - src.agents.base - INFO - Tool RunTest: ✓
2026-01-16 18:21:49,159 - src.agents.base - INFO - SingleAgent executing tool: EditCode
2026-01-16 18:21:49,159 - src.agents.base - INFO - SingleAgent executing tool: EditCode
2026-01-16 18:21:49,160 - src.agents.base - INFO - Tool arguments:
{
  "file_path": "planet/auth.py",
  "old_code": "    def __init__(self, path):\n        self.path = path\n",
  "new_code": "    def __init__(self, path):\n        self.path = path\n        import os\n        try:\n            if os.path.exists(self.path):\n                os.chmod(self.path, 0o600)\n        except Exception:\n            pass  # Don't fail if we can't change permissions, but try\n",
  "fuzzy_match": true,
  "skip_validation": false
}
2026-01-16 18:21:49,160 - src.agents.base - INFO - Tool arguments:
{
  "file_path": "planet/auth.py",
  "old_code": "    def __init__(self, path):\n        self.path = path\n",
  "new_code": "    def __init__(self, path):\n        self.path = path\n        import os\n        try:\n            if os.path.exists(self.path):\n                os.chmod(self.path, 0o600)\n        except Exception:\n            pass  # Don't fail if we can't change permissions, but try\n",
  "fuzzy_match": true,
  "skip_validation": false
}
2026-01-16 18:21:49,324 - src.tools.edit_code - INFO - EditCodeTool: Writing 8099 chars to planet/auth.py (match_type=exact)
2026-01-16 18:21:49,324 - src.tools.edit_code - INFO - EditCodeTool: Writing 8099 chars to planet/auth.py (match_type=exact)
2026-01-16 18:21:49,448 - src.agents.base - INFO - Tool EditCode: ✓
2026-01-16 18:21:49,448 - src.agents.base - INFO - Tool EditCode: ✓
2026-01-16 18:21:58,149 - src.agents.base - INFO - SingleAgent executing tool: RunTest
2026-01-16 18:21:58,149 - src.agents.base - INFO - SingleAgent executing tool: RunTest
2026-01-16 18:21:58,150 - src.agents.base - INFO - Tool arguments:
{
  "run_prepare": true,
  "timeout": 120,
  "include_paths": [
    "planet/auth.py"
  ],
  "run_unittest": true
}
2026-01-16 18:21:58,150 - src.agents.base - INFO - Tool arguments:
{
  "run_prepare": true,
  "timeout": 120,
  "include_paths": [
    "planet/auth.py"
  ],
  "run_unittest": true
}
2026-01-16 18:21:58,779 - src.tools.run_test - INFO - Extracted 1 file paths from /workspace/test.patch: ['tests/unit/test_auth.py']
2026-01-16 18:21:58,779 - src.tools.run_test - INFO - Extracted 1 file paths from /workspace/test.patch: ['tests/unit/test_auth.py']
2026-01-16 18:21:58,780 - src.tools.run_test - INFO - Generating git diff for fix.patch
2026-01-16 18:21:58,780 - src.tools.run_test - INFO - Generating git diff for fix.patch
2026-01-16 18:21:58,780 - src.tools.run_test - INFO -   include_paths: ['planet/auth.py']
2026-01-16 18:21:58,780 - src.tools.run_test - INFO -   include_paths: ['planet/auth.py']
2026-01-16 18:21:58,780 - src.tools.run_test - INFO -   exclude_paths (from test.patch): ['tests/unit/test_auth.py']
2026-01-16 18:21:58,780 - src.tools.run_test - INFO -   exclude_paths (from test.patch): ['tests/unit/test_auth.py']
2026-01-16 18:21:58,780 - src.tools.run_test - INFO -   git diff command: git diff HEAD -- 'planet/auth.py' ':(exclude)tests/unit/test_auth.py'
2026-01-16 18:21:58,780 - src.tools.run_test - INFO -   git diff command: git diff HEAD -- 'planet/auth.py' ':(exclude)tests/unit/test_auth.py'
2026-01-16 18:21:58,928 - src.tools.run_test - INFO -   Generated patch: 1283 bytes, 41 lines
2026-01-16 18:21:58,928 - src.tools.run_test - INFO -   Generated patch: 1283 bytes, 41 lines
2026-01-16 18:21:58,928 - src.tools.run_test - INFO -   Patch content:
diff --git a/planet/auth.py b/planet/auth.py
index e50f1af..dd2cdda 100644
--- a/planet/auth.py
+++ b/planet/auth.py
@@ -228,6 +228,12 @@ class _SecretFile:
 
     def __init__(self, path):
         self.path = path
+        import os
+        try:
+            if os.path.exists(self.path):
+                os.chmod(self.path, 0o600)
+        except Exception:
+            pass  # Don't fail if we can't change permissions, but try
 
     def write(self, contents: dict):
         try:
@@ -240,8 +246,21 @@ class _SecretFile:
 
     def _write(self, contents: dict):
         LOGGER.debug(f'Writing to {self.path}')
-        with open(self.path, 'w') as fp:
-            fp.write(json.dumps(contents))
+        import os
+        flags = os.O_WRONLY | os.O_CREAT | os.O_TRUNC
+        mode = 0o600  # Owner read/write only
+        fd = os.open(self.path, flags, mode)
+        try:
+            with os.fdopen(fd, 'w') as fp:
+                fp.write(json.dumps(contents))
+            # Always enforce correct permissions after writing
+            os.chmod(self.path, 0o600)
+        finally:
+            try:
+                os.close(fd)
+            except OSError:
+                pass
+
 
     def read(self) -> dict:
         LOGGER.debug(f'Reading from {self.path}')

2026-01-16 18:21:58,928 - src.tools.run_test - INFO -   Patch content:
diff --git a/planet/auth.py b/planet/auth.py
index e50f1af..dd2cdda 100644
--- a/planet/auth.py
+++ b/planet/auth.py
@@ -228,6 +228,12 @@ class _SecretFile:
 
     def __init__(self, path):
         self.path = path
+        import os
+        try:
+            if os.path.exists(self.path):
+                os.chmod(self.path, 0o600)
+        except Exception:
+            pass  # Don't fail if we can't change permissions, but try
 
     def write(self, contents: dict):
         try:
@@ -240,8 +246,21 @@ class _SecretFile:
 
     def _write(self, contents: dict):
         LOGGER.debug(f'Writing to {self.path}')
-        with open(self.path, 'w') as fp:
-            fp.write(json.dumps(contents))
+        import os
+        flags = os.O_WRONLY | os.O_CREAT | os.O_TRUNC
+        mode = 0o600  # Owner read/write only
+        fd = os.open(self.path, flags, mode)
+        try:
+            with os.fdopen(fd, 'w') as fp:
+                fp.write(json.dumps(contents))
+            # Always enforce correct permissions after writing
+            os.chmod(self.path, 0o600)
+        finally:
+            try:
+                os.close(fd)
+            except OSError:
+                pass
+
 
     def read(self) -> dict:
         LOGGER.debug(f'Reading from {self.path}')

2026-01-16 18:21:59,024 - src.tools.run_test - INFO - Running prepare.sh to reset repository...
2026-01-16 18:21:59,024 - src.tools.run_test - INFO - Running prepare.sh to reset repository...
2026-01-16 18:21:59,512 - src.tools.run_test - INFO - Running fix-run.sh for PoC validation...
2026-01-16 18:21:59,512 - src.tools.run_test - INFO - Running fix-run.sh for PoC validation...
2026-01-16 18:21:59,631 - src.tools.run_test - INFO - Patch being tested:
diff --git a/planet/auth.py b/planet/auth.py
index e50f1af..dd2cdda 100644
--- a/planet/auth.py
+++ b/planet/auth.py
@@ -228,6 +228,12 @@ class _SecretFile:
 
     def __init__(self, path):
         self.path = path
+        import os
+        try:
+            if os.path.exists(self.path):
+                os.chmod(self.path, 0o600)
+        except Exception:
+            pass  # Don't fail if we can't change permissions, but try
 
     def write(self, contents: dict):
         try:
@@ -240,8 +246,21 @@ class _SecretFile:
 
     def _write(self, contents: dict):
         LOGGER.debug(f'Writing to {self.path}')
-        with open(self.path, 'w') as fp:
-            fp.write(json.dumps(contents))
+        import os
+        flags = os.O_WRONLY | os.O_CREAT | os.O_TRUNC
+        mode = 0o600  # Owner read/write only
+        fd = os.open(self.path, flags, mode)
+        try:
+            with os.fdopen(fd, 'w') as fp:
+                fp.write(json.dumps(contents))
+            # Always enforce correct permissions after writing
+            os.chmod(self.path, 0o600)
+        finally:
+            try:
+                os.close(fd)
+            except OSError:
+                pass
+
 
     def read(self) -> dict:
         LOGGER.debug(f'Reading from {self.path}')


2026-01-16 18:21:59,631 - src.tools.run_test - INFO - Patch being tested:
diff --git a/planet/auth.py b/planet/auth.py
index e50f1af..dd2cdda 100644
--- a/planet/auth.py
+++ b/planet/auth.py
@@ -228,6 +228,12 @@ class _SecretFile:
 
     def __init__(self, path):
         self.path = path
+        import os
+        try:
+            if os.path.exists(self.path):
+                os.chmod(self.path, 0o600)
+        except Exception:
+            pass  # Don't fail if we can't change permissions, but try
 
     def write(self, contents: dict):
         try:
@@ -240,8 +246,21 @@ class _SecretFile:
 
     def _write(self, contents: dict):
         LOGGER.debug(f'Writing to {self.path}')
-        with open(self.path, 'w') as fp:
-            fp.write(json.dumps(contents))
+        import os
+        flags = os.O_WRONLY | os.O_CREAT | os.O_TRUNC
+        mode = 0o600  # Owner read/write only
+        fd = os.open(self.path, flags, mode)
+        try:
+            with os.fdopen(fd, 'w') as fp:
+                fp.write(json.dumps(contents))
+            # Always enforce correct permissions after writing
+            os.chmod(self.path, 0o600)
+        finally:
+            try:
+                os.close(fd)
+            except OSError:
+                pass
+
 
     def read(self) -> dict:
         LOGGER.debug(f'Reading from {self.path}')


2026-01-16 18:22:00,253 - src.tools.run_test - INFO - fix-run.sh completed with exit code 0
2026-01-16 18:22:00,253 - src.tools.run_test - INFO - fix-run.sh completed with exit code 0
2026-01-16 18:22:00,254 - src.tools.run_test - INFO - fix-run.sh output:
============================= test session starts ==============================
platform linux -- Python 3.8.20, pytest-8.3.5, pluggy-1.5.0
rootdir: /workspace/planet-client-python/tests
configfile: pytest.ini
plugins: anyio-4.5.2
collected 2 items

tests/unit/test_auth.py::test__SecretFile_permissions_doesnotexist PASSED [ 50%]
tests/unit/test_auth.py::test__SecretFile_permissions_incorrect PASSED   [100%]

============================== 2 passed in 0.03s ===============================

2026-01-16 18:22:00,254 - src.tools.run_test - INFO - fix-run.sh output:
============================= test session starts ==============================
platform linux -- Python 3.8.20, pytest-8.3.5, pluggy-1.5.0
rootdir: /workspace/planet-client-python/tests
configfile: pytest.ini
plugins: anyio-4.5.2
collected 2 items

tests/unit/test_auth.py::test__SecretFile_permissions_doesnotexist PASSED [ 50%]
tests/unit/test_auth.py::test__SecretFile_permissions_incorrect PASSED   [100%]

============================== 2 passed in 0.03s ===============================

2026-01-16 18:22:00,339 - src.tools.run_test - INFO - Running prepare.sh to reset repository...
2026-01-16 18:22:00,339 - src.tools.run_test - INFO - Running prepare.sh to reset repository...
2026-01-16 18:22:00,881 - src.tools.run_test - INFO - Running unit_test.sh for regression testing...
2026-01-16 18:22:00,881 - src.tools.run_test - INFO - Running unit_test.sh for regression testing...
2026-01-16 18:22:01,428 - src.tools.run_test - INFO - unit_test.sh completed with exit code 0
2026-01-16 18:22:01,428 - src.tools.run_test - INFO - unit_test.sh completed with exit code 0
2026-01-16 18:22:01,428 - src.tools.run_test - INFO - unit_test.sh output:
============================= test session starts ==============================
platform linux -- Python 3.8.20, pytest-8.3.5, pluggy-1.5.0
rootdir: /workspace/planet-client-python/tests
configfile: pytest.ini
plugins: anyio-4.5.2
collected 13 items

tests/unit/test_auth.py::test_Auth_from_key PASSED                       [  7%]
tests/unit/test_auth.py::test_Auth_from_key_empty PASSED                 [ 15%]
tests/unit/test_auth.py::test_Auth_from_file PASSED                      [ 23%]
tests/unit/test_auth.py::test_Auth_from_file_doesnotexist PASSED         [ 30%]
tests/unit/test_auth.py::test_Auth_from_file_wrongformat PASSED          [ 38%]
tests/unit/test_auth.py::test_Auth_from_file_alternate PASSED            [ 46%]
tests/unit/test_auth.py::test_Auth_from_env PASSED                       [ 53%]
tests/unit/test_auth.py::test_Auth_from_env_failure PASSED               [ 61%]
tests/unit/test_auth.py::test_Auth_from_env_alternate_success PASSED     [ 69%]
tests/unit/test_auth.py::test_Auth_from_env_alternate_doesnotexist PASSED [ 76%]
tests/unit/test_auth.py::test_Auth_from_login PASSED                     [ 84%]
tests/unit/test_auth.py::test_Auth_store_doesnotexist PASSED             [ 92%]
tests/unit/test_auth.py::test_Auth_store_exists PASSED                   [100%]

============================== 13 passed in 0.03s ==============================

2026-01-16 18:22:01,428 - src.tools.run_test - INFO - unit_test.sh output:
============================= test session starts ==============================
platform linux -- Python 3.8.20, pytest-8.3.5, pluggy-1.5.0
rootdir: /workspace/planet-client-python/tests
configfile: pytest.ini
plugins: anyio-4.5.2
collected 13 items

tests/unit/test_auth.py::test_Auth_from_key PASSED                       [  7%]
tests/unit/test_auth.py::test_Auth_from_key_empty PASSED                 [ 15%]
tests/unit/test_auth.py::test_Auth_from_file PASSED                      [ 23%]
tests/unit/test_auth.py::test_Auth_from_file_doesnotexist PASSED         [ 30%]
tests/unit/test_auth.py::test_Auth_from_file_wrongformat PASSED          [ 38%]
tests/unit/test_auth.py::test_Auth_from_file_alternate PASSED            [ 46%]
tests/unit/test_auth.py::test_Auth_from_env PASSED                       [ 53%]
tests/unit/test_auth.py::test_Auth_from_env_failure PASSED               [ 61%]
tests/unit/test_auth.py::test_Auth_from_env_alternate_success PASSED     [ 69%]
tests/unit/test_auth.py::test_Auth_from_env_alternate_doesnotexist PASSED [ 76%]
tests/unit/test_auth.py::test_Auth_from_login PASSED                     [ 84%]
tests/unit/test_auth.py::test_Auth_store_doesnotexist PASSED             [ 92%]
tests/unit/test_auth.py::test_Auth_store_exists PASSED                   [100%]

============================== 13 passed in 0.03s ==============================

2026-01-16 18:22:01,428 - src.agents.base - INFO - Tool RunTest: ✓
2026-01-16 18:22:01,428 - src.agents.base - INFO - Tool RunTest: ✓
2026-01-16 18:22:04,262 - src.agents.base - INFO - SingleAgent - LLM response (515 chars):
```json
{
  "status": "success",
  "vulnerability": "Secret file containing API keys was created or left with overly broad permissions (CWE-732), risking exposure of sensitive credentials.",
  "fix": "Enforced file permissions (0o600) both when creating/writing and when instantiating the _SecretFile class, ensuring secret files are always owner-only readable/writable.",
  "iterations": 3,
  "files_modified": ["planet/auth.py"],
  "verification": {
    "poc_passed": true,
    "regression_passed": true
  }
}
```
2026-01-16 18:22:04,262 - src.agents.base - INFO - SingleAgent - LLM response (515 chars):
```json
{
  "status": "success",
  "vulnerability": "Secret file containing API keys was created or left with overly broad permissions (CWE-732), risking exposure of sensitive credentials.",
  "fix": "Enforced file permissions (0o600) both when creating/writing and when instantiating the _SecretFile class, ensuring secret files are always owner-only readable/writable.",
  "iterations": 3,
  "files_modified": ["planet/auth.py"],
  "verification": {
    "poc_passed": true,
    "regression_passed": true
  }
}
```
2026-01-16 18:22:04,264 - orchestrator - INFO - Completed: Sample: CVE-2023-32303 | Status: success | Rounds: 3 | Duration: 75.8s
2026-01-16 18:22:04,264 - orchestrator - INFO - Completed: Sample: CVE-2023-32303 | Status: success | Rounds: 3 | Duration: 75.8s
2026-01-16 18:22:04,403 - __main__ - INFO - Extracted patch via /workspace/fix.patch (1284 bytes)
